# y   p_re    p_im    p_mod   u_re    u_im    u_mod    v_re    v_im    v_mod                     p_re_adj    p_im_adj    p_mod_adj   u_re_adj    u_im_adj    u_mod_adj    v_re_adj    v_im_adj    v_mod_adj
2.0000e+03 -6.0874e-05 1.6520e-05 6.3075e-05 0.0000e+00 0.0000e+00 0.0000e+00 0.0000e+00 0.0000e+00 0.0000e+00 3.5573e-01 -2.8795e-01 4.5766e-01 0.0000e+00 0.0000e+00 0.0000e+00 0.0000e+00 0.0000e+00 0.0000e+00
1.0000e+03 1.9381e-10 -5.2590e-11 2.0082e-10 -2.8901e-10 5.9289e-11 2.9503e-10 -2.3055e-08 -1.1236e-07 1.1470e-07 -3.0224e-07 2.4467e-07 3.8886e-07 4.5684e-07 -3.8126e-07 5.9503e-07 2.8827e-04 3.4542e-04 4.4990e-04
4.9993e+02 -2.3974e-09 6.5040e-10 2.4840e-09 3.5750e-09 -7.3321e-10 3.6494e-09 4.4736e-08 2.1798e-07 2.2252e-07 2.9975e-06 -2.4265e-06 3.8566e-06 -4.5307e-06 3.7812e-06 5.9013e-06 -2.7194e-04 -3.2585e-04 4.2442e-04
3.3321e+02 1.0209e-08 -2.7692e-09 1.0578e-08 -1.5224e-08 3.1215e-09 1.5541e-08 -6.3575e-08 -3.0965e-07 3.1611e-07 -9.3304e-06 7.5530e-06 1.2004e-05 1.4103e-05 -1.1770e-05 1.8369e-05 2.5904e-04 3.1040e-04 4.0429e-04
2.4983e+02 -2.8362e-08 7.6914e-09 2.9387e-08 4.2294e-08 -8.6695e-09 4.3173e-08 7.7955e-08 3.7946e-07 3.8738e-07 2.0076e-05 -1.6251e-05 2.5829e-05 -3.0344e-05 2.5325e-05 3.9523e-05 -2.3766e-04 -2.8480e-04 3.7094e-04
1.9978e+02 6.2436e-08 -1.6928e-08 6.4690e-08 -9.3104e-08 1.9079e-08 9.5039e-08 -8.6117e-08 -4.1876e-07 4.2752e-07 -3.6037e-05 2.9172e-05 4.6364e-05 5.4469e-05 -4.5459e-05 7.0946e-05 2.1000e-04 2.5166e-04 3.2777e-04
1.6640e+02 -1.1849e-07 3.2119e-08 1.2277e-07 1.7669e-07 -3.6199e-08 1.8036e-07 8.6219e-08 4.1854e-07 4.2733e-07 5.7620e-05 -4.6644e-05 7.4133e-05 -8.7092e-05 7.2685e-05 1.1344e-04 -1.7467e-04 -2.0934e-04 2.7264e-04
1.4255e+02 2.0250e-07 -5.4881e-08 2.0981e-07 -3.0197e-07 6.1849e-08 3.0824e-07 -7.6491e-08 -3.7010e-07 3.7792e-07 -8.5116e-05 6.8902e-05 1.0951e-04 1.2865e-04 -1.0737e-04 1.6757e-04 1.3206e-04 1.5829e-04 2.0614e-04
1.2465e+02 -3.1961e-07 8.6603e-08 3.3114e-07 4.7660e-07 -9.7592e-08 4.8649e-07 5.5442e-08 2.6612e-07 2.7183e-07 1.1824e-04 -9.5714e-05 1.5212e-04 -1.7871e-04 1.4915e-04 2.3278e-04 -8.2321e-05 -9.8710e-05 1.2853e-04
1.1071e+02 4.7318e-07 -1.2819e-07 4.9024e-07 -7.0560e-07 1.4445e-07 7.2023e-07 -2.2135e-08 -1.0197e-07 1.0435e-07 -1.5636e-04 1.2657e-04 2.0117e-04 2.3633e-04 -1.9724e-04 3.0783e-04 2.6537e-05 3.1883e-05 4.1482e-05
9.9555e+01 -6.6391e-07 1.7983e-07 6.8784e-07 9.9001e-07 -2.0263e-07 1.0105e-06 -2.3550e-08 -1.2297e-07 1.2520e-07 1.9817e-04 -1.6042e-04 2.5496e-04 -2.9953e-04 2.4998e-04 3.9014e-04 3.3719e-05 4.0303e-05 5.2548e-05
9.0419e+01 8.8920e-07 -2.4081e-07 9.2123e-07 -1.3260e-06 2.7133e-07 1.3534e-06 8.0723e-08 4.0439e-07 4.1237e-07 -2.4203e-04 1.9592e-04 3.1139e-04 3.6582e-04 -3.0531e-04 4.7648e-04 -9.6246e-05 -1.1521e-04 1.5012e-04
8.2798e+01 -1.1430e-06 3.0950e-07 1.1842e-06 1.7044e-06 -3.4870e-07 1.7397e-06 -1.4745e-07 -7.3289e-07 7.4757e-07 2.8583e-04 -2.3138e-04 3.6774e-04 -4.3203e-04 3.6056e-04 5.6271e-04 1.5844e-04 1.8972e-04 2.4718e-04
7.6342e+01 1.4163e-06 -3.8345e-07 1.4673e-06 -2.1120e-06 4.3200e-07 2.1557e-06 2.2091e-07 1.0947e-06 1.1167e-06 -3.2752e-04 2.6512e-04 4.2138e-04 4.9504e-04 -4.1314e-04 6.4479e-04 -2.1765e-04 -2.6066e-04 3.3958e-04
7.0803e+01 -1.6984e-06 4.5976e-07 1.7595e-06 2.5326e-06 -5.1794e-07 2.5850e-06 -2.9774e-07 -1.4733e-06 1.5031e-06 3.6514e-04 -2.9557e-04 4.6978e-04 -5.5191e-04 4.6060e-04 7.1885e-04 2.7145e-04 3.2510e-04 4.2353e-04
6.5996e+01 1.9781e-06 -5.3541e-07 2.0493e-06 -2.9497e-06 6.0315e-07 3.0107e-06 3.7449e-07 1.8519e-06 1.8894e-06 -3.9728e-04 3.2158e-04 5.1112e-04 6.0048e-04 -5.0113e-04 7.8212e-04 -3.1802e-04 -3.8090e-04 4.9620e-04
6.1784e+01 -2.2456e-06 6.0773e-07 2.3264e-06 3.3485e-06 -6.8458e-07 3.4178e-06 -4.4807e-07 -2.2154e-06 2.2603e-06 4.2304e-04 -3.4243e-04 5.4426e-04 -6.3941e-04 5.3361e-04 8.3282e-04 3.5626e-04 4.2671e-04 5.5588e-04
5.8062e+01 2.4931e-06 -6.7463e-07 2.5828e-06 -3.7176e-06 7.5992e-07 3.7945e-06 5.1609e-07 2.5521e-06 2.6038e-06 -4.4221e-04 3.5794e-04 5.6892e-04 6.6839e-04 -5.5778e-04 8.7055e-04 -3.8591e-04 -4.6223e-04 6.0215e-04
5.4749e+01 -2.7158e-06 7.3479e-07 2.8134e-06 4.0496e-06 -8.2766e-07 4.1333e-06 -5.7700e-07 -2.8543e-06 2.9121e-06 4.5505e-04 -3.6833e-04 5.8544e-04 -6.8781e-04 5.7398e-04 8.9584e-04 4.0732e-04 4.8788e-04 6.3557e-04
5.1780e+01 2.9113e-06 -7.8761e-07 3.0159e-06 -4.3411e-06 8.8712e-07 4.4308e-06 6.3008e-07 3.1186e-06 3.1816e-06 -4.6227e-04 3.7416e-04 5.9472e-04 6.9872e-04 -5.8307e-04 9.1004e-04 -4.2138e-04 -5.0472e-04 6.5750e-04
4.9103e+01 -3.0796e-06 8.3307e-07 3.1903e-06 4.5921e-06 -9.3829e-07 4.6870e-06 -6.7526e-07 -3.3445e-06 3.4120e-06 4.6471e-04 -3.7613e-04 5.9785e-04 -7.0240e-04 5.8613e-04 9.1483e-04 4.2917e-04 5.1405e-04 6.6965e-04
4.6677e+01 3.2223e-06 -8.7159e-07 3.3381e-06 -4.8049e-06 9.8164e-07 4.9041e-06 7.1299e-07 3.5342e-06 3.6054e-06 -4.6330e-04 3.7498e-04 5.9604e-04 7.0028e-04 -5.8434e-04 9.1205e-04 -4.3188e-04 -5.1730e-04 6.7388e-04
4.4468e+01 -3.3417e-06 9.0383e-07 3.4618e-06 4.9830e-06 -1.0179e-06 5.0859e-06 -7.4396e-07 -3.6912e-06 3.7654e-06 4.5892e-04 -3.7142e-04 5.9039e-04 -6.9365e-04 5.7880e-04 9.0341e-04 4.3062e-04 5.1579e-04 6.7192e-04
4.2446e+01 3.4408e-06 -9.3054e-07 3.5644e-06 -5.1307e-06 1.0480e-06 5.2366e-06 7.6901e-07 3.8195e-06 3.8962e-06 -4.5234e-04 3.6609e-04 5.8192e-04 6.8370e-04 -5.7048e-04 8.9045e-04 -4.2639e-04 -5.1072e-04 6.6531e-04
4.0589e+01 -3.5223e-06 9.5252e-07 3.6488e-06 5.2522e-06 -1.0727e-06 5.3606e-06 -7.8899e-07 -3.9233e-06 4.0018e-06 4.4419e-04 -3.5948e-04 5.7143e-04 -6.7139e-04 5.6019e-04 8.7440e-04 4.2000e-04 5.0305e-04 6.5533e-04
3.8878e+01 3.5890e-06 -9.7048e-07 3.7179e-06 -5.3516e-06 1.0929e-06 5.4621e-06 8.0470e-07 4.0064e-06 4.0864e-06 -4.3501e-04 3.5203e-04 5.5960e-04 6.5750e-04 -5.4858e-04 8.5630e-04 -4.1211e-04 -4.9360e-04 6.4302e-04
3.7294e+01 -3.6433e-06 9.8510e-07 3.7741e-06 5.4326e-06 -1.1093e-06 5.5447e-06 -8.1685e-07 -4.0724e-06 4.1535e-06 4.2517e-04 -3.4406e-04 5.4694e-04 -6.4263e-04 5.3616e-04 8.3693e-04 4.0324e-04 4.8296e-04 6.2917e-04
3.5825e+01 3.6872e-06 -9.9694e-07 3.8196e-06 -5.4982e-06 1.1226e-06 5.6116e-06 8.2607e-07 4.1244e-06 4.2063e-06 -4.1500e-04 3.3582e-04 5.3385e-04 6.2726e-04 -5.2331e-04 8.1689e-04 -3.9378e-04 -4.7163e-04 6.1441e-04
3.4457e+01 -3.7227e-06 1.0065e-06 3.8564e-06 5.5511e-06 -1.1333e-06 5.6656e-06 -8.3288e-07 -4.1649e-06 4.2473e-06 4.0471e-04 -3.2748e-04 5.2060e-04 -6.1170e-04 5.1032e-04 7.9662e-04 3.8403e-04 4.5994e-04 5.9918e-04
3.3180e+01 3.7512e-06 -1.0141e-06 3.8859e-06 -5.5935e-06 1.1419e-06 5.7089e-06 8.3773e-07 4.1960e-06 4.2788e-06 -3.9447e-04 3.1918e-04 5.0743e-04 5.9623e-04 -4.9739e-04 7.7646e-04 -3.7420e-04 -4.4816e-04 5.8385e-04
3.1985e+01 -3.7740e-06 1.0202e-06 3.9094e-06 5.6275e-06 -1.1487e-06 5.7435e-06 -8.4099e-07 -4.2197e-06 4.3027e-06 3.8440e-04 -3.1102e-04 4.9447e-04 -5.8101e-04 4.8467e-04 7.5662e-04 3.6446e-04 4.3648e-04 5.6863e-04
3.0865e+01 3.7920e-06 -1.0251e-06 3.9281e-06 -5.6543e-06 1.1541e-06 5.7709e-06 8.4293e-07 4.2373e-06 4.3203e-06 -3.7458e-04 3.0306e-04 4.8183e-04 5.6617e-04 -4.7227e-04 7.3728e-04 -3.5490e-04 -4.2502e-04 5.5372e-04
2.9812e+01 -3.8062e-06 1.0289e-06 3.9428e-06 5.6755e-06 -1.1584e-06 5.7925e-06 -8.4384e-07 -4.2501e-06 4.3330e-06 3.6506e-04 -2.9534e-04 4.6957e-04 -5.5178e-04 4.6024e-04 7.1853e-04 3.4561e-04 4.1389e-04 5.3921e-04
2.8820e+01 3.8171e-06 -1.0318e-06 3.9541e-06 -5.6919e-06 1.1617e-06 5.8092e-06 8.4386e-07 4.2591e-06 4.3419e-06 -3.5588e-04 2.8790e-04 4.5776e-04 5.3790e-04 -4.4865e-04 7.0045e-04 -3.3664e-04 -4.0313e-04 5.2520e-04
2.7883e+01 -3.8256e-06 1.0341e-06 3.9629e-06 5.7045e-06 -1.1641e-06 5.8221e-06 -8.4327e-07 -4.2649e-06 4.3474e-06 3.4706e-04 -2.8075e-04 4.4639e-04 -5.2456e-04 4.3750e-04 6.8306e-04 3.2801e-04 3.9278e-04 5.1173e-04
2.6998e+01 3.8317e-06 -1.0358e-06 3.9693e-06 -5.7136e-06 1.1661e-06 5.8314e-06 8.4193e-07 4.2686e-06 4.3509e-06 -3.3860e-04 2.7389e-04 4.3550e-04 5.1177e-04 -4.2681e-04 6.6639e-04 -3.1974e-04 -3.8287e-04 4.9883e-04
2.6159e+01 -3.8366e-06 1.0369e-06 3.9743e-06 5.7209e-06 -1.1671e-06 5.8387e-06 -8.4054e-07 -4.2698e-06 4.3518e-06 3.3050e-04 -2.6732e-04 4.2508e-04 -4.9953e-04 4.1658e-04 6.5044e-04 3.1185e-04 3.7340e-04 4.8649e-04
2.5363e+01 3.8391e-06 -1.0380e-06 3.9769e-06 -5.7246e-06 1.1685e-06 5.8427e-06 8.3799e-07 4.2710e-06 4.3524e-06 -3.2276e-04 2.6105e-04 4.1511e-04 4.8784e-04 -4.0680e-04 6.3520e-04 -3.0432e-04 -3.6437e-04 4.7474e-04
2.4607e+01 -3.8422e-06 1.0379e-06 3.9800e-06 5.7292e-06 -1.1681e-06 5.8471e-06 -8.3662e-07 -4.2685e-06 4.3497e-06 3.1537e-04 -2.5505e-04 4.0560e-04 -4.7667e-04 3.9747e-04 6.2064e-04 2.9715e-04 3.5577e-04 4.6354e-04
2.3887e+01 3.8411e-06 -1.0393e-06 3.9792e-06 -5.7277e-06 1.1701e-06 5.8459e-06 8.3232e-07 4.2700e-06 4.3504e-06 -3.0833e-04 2.4934e-04 3.9653e-04 4.6602e-04 -3.8856e-04 6.0676e-04 -2.9033e-04 -3.4760e-04 4.5290e-04
2.3201e+01 -3.8451e-06 1.0375e-06 3.9826e-06 5.7334e-06 -1.1671e-06 5.8509e-06 -8.3260e-07 -4.2625e-06 4.3431e-06 3.0161e-04 -2.4388e-04 3.8787e-04 -4.5586e-04 3.8007e-04 5.9351e-04 2.8385e-04 3.3983e-04 4.4278e-04
2.2546e+01 3.8382e-06 -1.0405e-06 3.9767e-06 -5.7236e-06 1.1721e-06 5.8423e-06 8.2451e-07 4.2693e-06 4.3482e-06 -2.9520e-04 2.3869e-04 3.7962e-04 4.4617e-04 -3.7197e-04 5.8088e-04 -2.7771e-04 -3.3245e-04 4.3318e-04
2.1920e+01 -3.8480e-06 1.0351e-06 3.9848e-06 5.7375e-06 -1.1631e-06 5.8542e-06 -8.3007e-07 -4.2514e-06 4.3317e-06 2.8909e-04 -2.3373e-04 3.7175e-04 -4.3693e-04 3.6424e-04 5.6884e-04 2.7187e-04 3.2545e-04 4.2406e-04
2.1321e+01 3.8291e-06 -1.0432e-06 3.9687e-06 -5.7106e-06 1.1767e-06 5.8305e-06 8.1291e-07 4.2736e-06 4.3502e-06 -2.8327e-04 2.2900e-04 3.6425e-04 4.2813e-04 -3.5688e-04 5.5737e-04 -2.6633e-04 -3.1880e-04 4.1542e-04
2.0747e+01 -3.8554e-06 1.0292e-06 3.9904e-06 5.7477e-06 -1.1538e-06 5.8624e-06 -8.3202e-07 -4.2314e-06 4.3124e-06 2.7771e-04 -2.2449e-04 3.5710e-04 -4.1973e-04 3.4986e-04 5.4642e-04 2.6108e-04 3.1250e-04 4.0721e-04
2.0197e+01 3.8098e-06 -1.0498e-06 3.9518e-06 -5.6828e-06 1.1881e-06 5.8057e-06 7.9376e-07 4.2910e-06 4.3638e-06 -2.7242e-04 2.2019e-04 3.5028e-04 4.1173e-04 -3.4316e-04 5.3598e-04 -2.5610e-04 -3.0652e-04 3.9943e-04
1.9669e+01 -3.8747e-06 1.0169e-06 4.0059e-06 5.7749e-06 -1.1337e-06 5.8852e-06 -8.4409e-07 -4.1934e-06 4.2775e-06 2.6736e-04 -2.1609e-04 3.4377e-04 -4.0409e-04 3.3676e-04 5.2602e-04 2.5138e-04 3.0086e-04 3.9205e-04
1.9161e+01 3.7711e-06 -1.0652e-06 3.9186e-06 -5.6275e-06 1.2141e-06 5.7569e-06 7.5954e-07 4.3355e-06 4.4016e-06 -2.6254e-04 2.1217e-04 3.3756e-04 3.9680e-04 -3.3066e-04 5.1651e-04 -2.4691e-04 -2.9548e-04 3.8506e-04
1.8673e+01 -3.9193e-06 9.9176e-07 4.0428e-06 5.8380e-06 -1.0927e-06 5.9394e-06 -8.7674e-07 -4.1198e-06 4.2120e-06 2.5794e-04 -2.0843e-04 3.3163e-04 -3.8984e-04 3.2484e-04 5.0744e-04 2.4266e-04 2.9038e-04 3.7843e-04
1.8202e+01 3.6960e-06 -1.0979e-06 3.8556e-06 -5.5204e-06 1.2687e-06 5.6643e-06 6.9642e-07 4.4324e-06 4.4868e-06 -2.5355e-04 2.0486e-04 3.2597e-04 3.8320e-04 -3.1927e-04 4.9877e-04 -2.3864e-04 -2.8555e-04 3.7214e-04
1.7749e+01 -4.0124e-06 9.4293e-07 4.1217e-06 5.9702e-06 -1.0123e-06 6.0554e-06 -9.4841e-07 -3.9780e-06 4.0895e-06 2.4935e-04 -2.0145e-04 3.2056e-04 -3.7685e-04 3.1396e-04 4.9050e-04 2.3482e-04 2.8097e-04 3.6618e-04
1.7312e+01 3.5547e-06 -1.1623e-06 3.7399e-06 -5.3193e-06 1.3760e-06 5.4943e-06 5.8034e-07 4.6247e-06 4.6610e-06 -2.4534e-04 1.9819e-04 3.1539e-04 3.7079e-04 -3.0888e-04 4.8259e-04 -2.3122e-04 -2.7663e-04 3.6054e-04
1.6889e+01 -4.1932e-06 8.5163e-07 4.2788e-06 6.2269e-06 -8.6164e-07 6.2862e-06 -1.0902e-06 -3.7132e-06 3.8700e-06 2.4151e-04 -1.9508e-04 3.1046e-04 -3.6500e-04 3.0403e-04 4.7504e-04 2.2779e-04 2.7251e-04 3.5518e-04
1.6481e+01 3.2977e-06 -1.2827e-06 3.5384e-06 -4.9535e-06 1.5759e-06 5.1982e-06 3.7148e-07 4.9833e-06 4.9971e-06 -2.3784e-04 1.9209e-04 3.0572e-04 3.5945e-04 -2.9938e-04 4.6779e-04 -2.2456e-04 -2.6862e-04 3.5012e-04
1.6087e+01 -4.5248e-06 6.8739e-07 4.5767e-06 6.6981e-06 -5.9013e-07 6.7240e-06 -1.3527e-06 -3.2360e-06 3.5073e-06 2.3435e-04 -1.8924e-04 3.0122e-04 -3.5416e-04 2.9495e-04 4.6090e-04 2.2147e-04 2.6492e-04 3.4530e-04
1.5705e+01 2.8459e-06 -1.4973e-06 3.2157e-06 -4.3108e-06 1.9319e-06 4.7239e-06 6.3968e-09 5.6210e-06 5.6210e-06 -2.3098e-04 1.8650e-04 2.9687e-04 3.4908e-04 -2.9067e-04 4.5425e-04 -2.1859e-04 -2.6144e-04 3.4078e-04
1.5335e+01 -5.1059e-06 4.0260e-07 5.1217e-06 7.5239e-06 -1.1890e-07 7.5248e-06 -1.8148e-06 -2.4062e-06 3.0139e-06 2.2779e-04 -1.8390e-04 2.9276e-04 -3.4425e-04 2.8663e-04 4.4795e-04 2.1581e-04 2.5811e-04 3.3644e-04
1.4977e+01 2.0777e-06 -1.8650e-06 2.7919e-06 -3.2182e-06 2.5414e-06 4.1007e-06 -6.1237e-07 6.7108e-06 6.7387e-06 -2.2470e-04 1.8137e-04 2.8876e-04 3.3957e-04 -2.8269e-04 4.4184e-04 -2.1325e-04 -2.5501e-04 3.3242e-04
1.4629e+01 -6.0855e-06 -7.4824e-08 6.0860e-06 8.9165e-06 6.7144e-07 8.9417e-06 -2.5958e-06 -1.0122e-06 2.7862e-06 2.2178e-04 -1.7901e-04 2.8501e-04 -3.3516e-04 2.7901e-04 4.3609e-04 2.1074e-04 2.5201e-04 3.2852e-04
1.4292e+01 8.1173e-07 -2.4734e-06 2.6032e-06 -1.4180e-06 3.5498e-06 3.8225e-06 -1.6301e-06 8.5109e-06 8.6656e-06 -2.1893e-04 1.7666e-04 2.8132e-04 3.3085e-04 -2.7535e-04 4.3044e-04 -2.0850e-04 -2.4927e-04 3.2497e-04
1.3964e+01 -7.6829e-06 -8.5079e-07 7.7299e-06 1.1187e-05 1.9563e-06 1.1357e-05 -3.8713e-06 1.2576e-06 4.0704e-06 2.1627e-04 -1.7452e-04 2.7790e-04 -3.2683e-04 2.7201e-04 4.2522e-04 2.0622e-04 2.4656e-04 3.2143e-04
1.3646e+01 -1.2149e-06 -3.4499e-06 3.6575e-06 1.4637e-06 5.1676e-06 5.3709e-06 -3.2575e-06 1.1395e-05 1.1852e-05 -2.1363e-04 1.7232e-04 2.7447e-04 3.2283e-04 -2.6860e-04 4.1996e-04 -2.0428e-04 -2.4416e-04 3.1835e-04
1.3337e+01 -1.0212e-05 -2.0770e-06 1.0421e-05 1.4783e-05 3.9871e-06 1.5311e-05 -5.8923e-06 4.8490e-06 7.6310e-06 2.1122e-04 -1.7040e-04 2.7138e-04 -3.1919e-04 2.6560e-04 4.1524e-04 2.0218e-04 2.4171e-04 3.1513e-04
1.3036e+01 -4.3743e-06 -4.9742e-06 6.6240e-06 5.9561e-06 7.6929e-06 9.7291e-06 -5.7927e-06 1.5893e-05 1.6915e-05 -2.0875e-04 1.6831e-04 2.6815e-04 3.1545e-04 -2.6236e-04 4.1029e-04 -2.0057e-04 -2.3965e-04 3.1251e-04
1.2743e+01 -1.4111e-05 -3.9658e-06 1.4658e-05 2.0327e-05 7.1154e-06 2.1536e-05 -9.0107e-06 1.0386e-05 1.3750e-05 2.0658e-04 -1.6661e-04 2.6540e-04 -3.1217e-04 2.5971e-04 4.0608e-04 1.9860e-04 2.3741e-04 3.0953e-04
1.2458e+01 -9.1819e-06 -7.2957e-06 1.1728e-05 1.2792e-05 1.1539e-05 1.7227e-05 -9.6485e-06 2.2737e-05 2.4699e-05 -2.0425e-04 1.6461e-04 2.6232e-04 3.0864e-04 -2.5658e-04 4.0137e-04 -1.9733e-04 -2.3569e-04 3.0739e-04
1.2180e+01 -1.9983e-05 -6.8082e-06 2.1111e-05 2.8675e-05 1.1823e-05 3.1017e-05 -1.3708e-05 1.8725e-05 2.3207e-05 2.0233e-04 -1.6315e-04 2.5991e-04 -3.0574e-04 2.5431e-04 3.9768e-04 1.9543e-04 2.3361e-04 3.0458e-04
1.1909e+01 -1.6338e-05 -1.0753e-05 1.9559e-05 2.2966e-05 1.7265e-05 2.8732e-05 -1.5386e-05 3.2922e-05 3.6340e-05 -2.0009e-04 1.6116e-04 2.5692e-04 3.0235e-04 -2.5122e-04 3.9310e-04 -1.9455e-04 -2.3226e-04 3.0298e-04
1.1644e+01 -2.8638e-05 -1.0996e-05 3.0676e-05 4.0980e-05 1.8760e-05 4.5070e-05 -2.0634e-05 3.1017e-05 3.7254e-05 1.9843e-04 -1.5998e-04 2.5489e-04 -2.9984e-04 2.4937e-04 3.8999e-04 1.9263e-04 2.3027e-04 3.0022e-04
1.1386e+01 -2.6775e-05 -1.5797e-05 3.1087e-05 3.7806e-05 2.5620e-05 4.5669e-05 -2.3752e-05 4.7777e-05 5.3355e-05 -1.9623e-04 1.5794e-04 2.5189e-04 2.9651e-04 -2.4621e-04 3.8540e-04 -1.9222e-04 -2.2934e-04 2.9924e-04
1.1135e+01 -4.1147e-05 -1.7047e-05 4.4538e-05 5.8765e-05 2.8783e-05 6.5436e-05 -3.0646e-05 4.8786e-05 5.7613e-05 1.9487e-04 -1.5708e-04 2.5030e-04 -2.9444e-04 2.4487e-04 3.8296e-04 1.9017e-04 2.2736e-04 2.9640e-04
1.0889e+01 -4.1719e-05 -2.3020e-05 4.7649e-05 5.9054e-05 3.7586e-05 7.0000e-05 -3.5728e-05 6.9043e-05 7.7740e-05 -1.9263e-04 1.5491e-04 2.4719e-04 2.9107e-04 -2.4149e-04 3.7821e-04 -1.9033e-04 -2.2690e-04 2.9616e-04
1.0649e+01 -5.8906e-05 -2.5637e-05 6.4243e-05 8.4016e-05 4.3011e-05 9.4386e-05 -4.4863e-05 7.4016e-05 8.6551e-05 1.9161e-04 -1.5446e-04 2.4612e-04 -2.8952e-04 2.4079e-04 3.7657e-04 1.8800e-04 2.2484e-04 2.9308e-04
1.0414e+01 -6.2756e-05 -3.3190e-05 7.0992e-05 8.8965e-05 5.4431e-05 1.0430e-04 -5.2586e-05 9.8976e-05 1.1208e-04 -1.8927e-04 1.5204e-04 2.4277e-04 2.8599e-04 -2.3703e-04 3.7144e-04 -1.8889e-04 -2.2496e-04 2.9374e-04
1.0184e+01 -8.3711e-05 -3.7633e-05 9.1782e-05 1.1928e-04 6.2882e-05 1.3484e-04 -6.4722e-05 1.0926e-04 1.2699e-04 1.8866e-04 -1.5211e-04 2.4234e-04 -2.8505e-04 2.3712e-04 3.7079e-04 1.8609e-04 2.2268e-04 2.9019e-04
9.9595e+00 -9.1911e-05 -4.7285e-05 1.0336e-04 1.3042e-04 7.7779e-05 1.5185e-04 -7.5946e-05 1.4045e-04 1.5967e-04 -1.8610e-04 1.4929e-04 2.3858e-04 2.8120e-04 -2.3275e-04 3.6502e-04 -1.8791e-04 -2.2350e-04 2.9200e-04
9.7397e+00 -1.1784e-04 -5.4137e-05 1.2968e-04 1.6780e-04 9.0219e-05 1.9052e-04 -9.2045e-05 1.5775e-04 1.8264e-04 1.8600e-04 -1.5002e-04 2.3896e-04 -2.8102e-04 2.3387e-04 3.6561e-04 1.8439e-04 2.2083e-04 2.8769e-04
9.5245e+00 -1.3174e-04 -6.6539e-05 1.4759e-04 1.8704e-04 1.0967e-04 2.1682e-04 -1.0785e-04 1.9711e-04 2.2468e-04 -1.8309e-04 1.4661e-04 2.3455e-04 2.7664e-04 -2.2858e-04 3.5886e-04 -1.8743e-04 -2.2255e-04 2.9096e-04
9.3138e+00 -1.6414e-04 -7.6528e-05 1.8110e-04 2.3364e-04 1.2731e-04 2.6607e-04 -1.2912e-04 2.2355e-04 2.5816e-04 1.8363e-04 -1.4821e-04 2.3598e-04 -2.7742e-04 2.3105e-04 3.6104e-04 1.8285e-04 2.1927e-04 2.8551e-04
9.1074e+00 -1.8541e-04 -9.2492e-05 2.0720e-04 2.6336e-04 1.5266e-04 3.0441e-04 -1.5086e-04 2.7346e-04 3.1231e-04 -1.8019e-04 1.4396e-04 2.3064e-04 2.7226e-04 -2.2447e-04 3.5286e-04 -1.8747e-04 -2.2212e-04 2.9066e-04
8.9051e+00 -2.2616e-04 -1.0652e-04 2.4999e-04 3.2182e-04 1.7698e-04 3.6727e-04 -1.7878e-04 3.1170e-04 3.5933e-04 1.8154e-04 -1.4669e-04 2.3340e-04 -2.7426e-04 2.2868e-04 3.5709e-04 1.8143e-04 2.1796e-04 2.8359e-04
8.7068e+00 -2.5687e-04 -1.2704e-04 2.8657e-04 3.6495e-04 2.0989e-04 4.2101e-04 -2.0810e-04 3.7509e-04 4.2895e-04 -1.7736e-04 1.4129e-04 2.2676e-04 2.6798e-04 -2.2031e-04 3.4692e-04 -1.8810e-04 -2.2224e-04 2.9116e-04
8.5124e+00 -3.0824e-04 -1.4621e-04 3.4116e-04 4.3852e-04 2.4273e-04 5.0121e-04 -2.4451e-04 4.2835e-04 4.9323e-04 1.7975e-04 -1.4549e-04 2.3125e-04 -2.7155e-04 2.2679e-04 3.5380e-04 1.8006e-04 2.1684e-04 2.8186e-04
8.3218e+00 -3.5090e-04 -1.7251e-04 3.9101e-04 4.9865e-04 2.8520e-04 5.7445e-04 -2.8343e-04 5.0883e-04 5.8245e-04 -1.7455e-04 1.3853e-04 2.2284e-04 2.6374e-04 -2.1603e-04 3.4093e-04 -1.8938e-04 -2.2297e-04 2.9254e-04
8.1347e+00 -4.1566e-04 -1.9815e-04 4.6048e-04 5.9125e-04 3.2877e-04 6.7651e-04 -3.3053e-04 5.8104e-04 6.6848e-04 1.7827e-04 -1.4462e-04 2.2956e-04 -2.6930e-04 2.2543e-04 3.5120e-04 1.7866e-04 2.1589e-04 2.8022e-04
7.9511e+00 -4.7331e-04 -2.3170e-04 5.2698e-04 6.7270e-04 3.8324e-04 7.7421e-04 -3.8149e-04 6.8293e-04 7.8226e-04 -1.7170e-04 1.3562e-04 2.1880e-04 2.5945e-04 -2.1151e-04 3.3474e-04 -1.9139e-04 -2.2435e-04 2.9490e-04
7.7709e+00 -5.5479e-04 -2.6543e-04 6.1502e-04 7.8907e-04 4.4021e-04 9.0355e-04 -4.4195e-04 7.7880e-04 8.9546e-04 1.7712e-04 -1.4415e-04 2.2836e-04 -2.6755e-04 2.2467e-04 3.4937e-04 1.7715e-04 2.1502e-04 2.7860e-04
7.5940e+00 -6.3107e-04 -3.0798e-04 7.0221e-04 8.9700e-04 5.0960e-04 1.0316e-03 -5.0786e-04 9.0729e-04 1.0398e-03 -1.6876e-04 1.3247e-04 2.1454e-04 2.5502e-04 -2.0662e-04 3.2822e-04 -1.9425e-04 -2.2646e-04 2.9836e-04
7.4203e+00 -7.3323e-04 -3.5171e-04 8.1322e-04 1.0428e-03 5.8313e-04 1.1948e-03 -5.8485e-04 1.0325e-03 1.1866e-03 1.7633e-04 -1.4411e-04 2.2772e-04 -2.6633e-04 2.2459e-04 3.4838e-04 1.7544e-04 2.1420e-04 2.7688e-04
7.2496e+00 -8.3246e-04 -4.0535e-04 9.2590e-04 1.1833e-03 6.7089e-04 1.3603e-03 -6.6919e-04 1.1937e-03 1.3685e-03 -1.6564e-04 1.2900e-04 2.0995e-04 2.5033e-04 -2.0122e-04 3.2118e-04 -1.9807e-04 -2.2939e-04 3.0307e-04
7.0819e+00 -9.6000e-04 -4.6136e-04 1.0651e-03 1.3652e-03 7.6476e-04 1.5648e-03 -7.6645e-04 1.3548e-03 1.5566e-03 1.7592e-04 -1.4456e-04 2.2770e-04 -2.6570e-04 2.2527e-04 3.4835e-04 1.7340e-04 2.1334e-04 2.7492e-04
6.9172e+00 -1.0873e-03 -5.2855e-04 1.2089e-03 1.5456e-03 8.7496e-04 1.7761e-03 -8.7328e-04 1.5560e-03 1.7843e-03 -1.6227e-04 1.2508e-04 2.0488e-04 2.4526e-04 -1.9514e-04 3.1342e-04 -2.0302e-04 -2.3324e-04 3.0922e-04
6.7552e+00 -1.2457e-03 -5.9949e-04 1.3824e-03 1.7714e-03 9.9356e-04 2.0310e-03 -9.9523e-04 1.7609e-03 2.0227e-03 1.7595e-04 -1.4560e-04 2.2838e-04 -2.6573e-04 2.2684e-04 3.4938e-04 1.7090e-04 2.1237e-04 2.7260e-04
6.5960e+00 -1.4069e-03 -6.8311e-04 1.5640e-03 2.0001e-03 1.1310e-03 2.2977e-03 -1.1293e-03 2.0106e-03 2.3060e-03 -1.5855e-04 1.2060e-04 1.9920e-04 2.3967e-04 -1.8818e-04 3.0472e-04 -2.0926e-04 -2.3815e-04 3.1703e-04
6.4394e+00 -1.6026e-03 -7.7207e-04 1.7789e-03 2.2788e-03 1.2794e-03 2.6134e-03 -1.2811e-03 2.2683e-03 2.6050e-03 1.7646e-04 -1.4730e-04 2.2986e-04 -2.6648e-04 2.2943e-04 3.5164e-04 1.6780e-04 2.1119e-04 2.6974e-04
6.2855e+00 -1.8047e-03 -8.7544e-04 2.0058e-03 2.5656e-03 1.4496e-03 2.9468e-03 -1.4479e-03 2.5762e-03 2.9552e-03 -1.5436e-04 1.1540e-04 1.9273e-04 2.3340e-04 -1.8011e-04 2.9482e-04 -2.1702e-04 -2.4425e-04 3.2674e-04
6.1340e+00 -2.0450e-03 -9.8602e-04 2.2703e-03 2.9079e-03 1.6338e-03 3.3354e-03 -1.6354e-03 2.8972e-03 3.3269e-03 1.7752e-04 -1.4976e-04 2.3226e-04 -2.6806e-04 2.3321e-04 3.5531e-04 1.6392e-04 2.0970e-04 2.6617e-04
5.9851e+00 -2.2959e-03 -1.1130e-03 2.5514e-03 3.2640e-03 1.8430e-03 3.7484e-03 -1.8414e-03 3.2748e-03 3.7570e-03 -1.4959e-04 1.0932e-04 1.8528e-04 2.2626e-04 -1.7068e-04 2.8342e-04 -2.2654e-04 -2.5174e-04 3.3866e-04
5.8385e+00 -2.5894e-03 -1.2492e-03 2.8750e-03 3.6819e-03 2.0698e-03 4.2238e-03 -2.0714e-03 3.6711e-03 4.2152e-03 1.7920e-04 -1.5312e-04 2.3571e-04 -2.7056e-04 2.3835e-04 3.6058e-04 1.5906e-04 2.0779e-04 2.6168e-04
5.6943e+00 -2.8981e-03 -1.4042e-03 3.2204e-03 4.1203e-03 2.3253e-03 4.7312e-03 -2.3238e-03 4.1311e-03 4.7399e-03 -1.4409e-04 1.0218e-04 1.7664e-04 2.1802e-04 -1.5959e-04 2.7019e-04 -2.3811e-04 -2.6081e-04 3.5315e-04
5.5524e+00 -3.2544e-03 -1.5708e-03 3.6137e-03 4.6274e-03 2.6025e-03 5.3090e-03 -2.6040e-03 4.6165e-03 5.3003e-03 1.8156e-04 -1.5750e-04 2.4036e-04 -2.7410e-04 2.4507e-04 3.6769e-04 1.5299e-04 2.0532e-04 2.5606e-04
5.4128e+00 -3.6312e-03 -1.7586e-03 4.0346e-03 5.1626e-03 2.9125e-03 5.9275e-03 -2.9110e-03 5.1736e-03 5.9363e-03 -1.3769e-04 9.3732e-05 1.6656e-04 2.0845e-04 -1.4648e-04 2.5477e-04 -2.5205e-04 -2.7169e-04 3.7060e-04
5.2753e+00 -4.0612e-03 -1.9609e-03 4.5098e-03 5.7745e-03 3.2486e-03 6.6256e-03 -3.2501e-03 5.7634e-03 6.6166e-03 1.8471e-04 -1.6305e-04 2.4638e-04 -2.7882e-04 2.5359e-04 3.7689e-04 1.4548e-04 2.0216e-04 2.4906e-04
5.1400e+00 -4.5176e-03 -2.1872e-03 5.0192e-03 6.4228e-03 3.6224e-03 7.3739e-03 -3.6210e-03 6.4340e-03 7.3829e-03 -1.3020e-04 8.3742e-05 1.5480e-04 1.9725e-04 -1.3097e-04 2.3678e-04 -2.6873e-04 -2.8467e-04 3.9148e-04
5.0068e+00 -5.0334e-03 -2.4310e-03 5.5897e-03 7.1568e-03 4.0273e-03 8.2121e-03 -4.0287e-03 7.1455e-03 8.2030e-03 1.8872e-04 -1.6994e-04 2.5396e-04 -2.8484e-04 2.6416e-04 3.8848e-04 1.3625e-04 1.9814e-04 2.4047e-04
4.8757e+00 -5.5822e-03 -2.7020e-03 6.2018e-03 7.9366e-03 4.4752e-03 9.1113e-03 -4.4738e-03 7.9479e-03 9.1205e-03 -1.2140e-04 7.1920e-05 1.4111e-04 1.8411e-04 -1.1262e-04 2.1582e-04 -2.8859e-04 -3.0005e-04 4.1631e-04
4.7466e+00 -6.1974e-03 -2.9938e-03 6.8827e-03 8.8118e-03 4.9596e-03 1.0112e-02 -4.9609e-03 8.8003e-03 1.0102e-02 1.9370e-04 -1.7834e-04 2.6330e-04 -2.9233e-04 2.7706e-04 4.0276e-04 1.2500e-04 1.9312e-04 2.3004e-04
4.6195e+00 -6.8529e-03 -3.3164e-03 7.6132e-03 9.7432e-03 5.4929e-03 1.1185e-02 -5.4916e-03 9.7548e-03 1.1194e-02 -1.1105e-04 5.7941e-05 1.2526e-04 1.6866e-04 -9.0907e-05 1.9160e-04 -3.1209e-04 -3.1818e-04 4.4568e-04
4.4944e+00 -7.5823e-03 -3.6635e-03 8.4210e-03 1.0781e-02 6.0689e-03 1.2372e-02 -6.0701e-03 1.0769e-02 1.2362e-02 1.9974e-04 -1.8844e-04 2.7461e-04 -3.0141e-04 2.9256e-04 4.2005e-04 1.1143e-04 1.8692e-04 2.1761e-04
4.3711e+00 -8.3600e-03 -4.0452e-03 9.2872e-03 1.1886e-02 6.7000e-03 1.3644e-02 -6.6989e-03 1.1898e-02 1.3654e-02 -9.8857e-05 4.1437e-05 1.0719e-04 1.5046e-04 -6.5270e-05 1.6401e-04 -3.3977e-04 -3.3946e-04 4.8029e-04
4.2498e+00 -9.2199e-03 -4.4553e-03 1.0240e-02 1.3109e-02 7.3804e-03 1.5044e-02 -7.3815e-03 1.3097e-02 1.5034e-02 2.0694e-04 -2.0043e-04 2.8809e-04 -3.1224e-04 3.1095e-04 4.4066e-04 9.5199e-05 1.7937e-04 2.0307e-04
4.1304e+00 -1.0137e-02 -4.9042e-03 1.1261e-02 1.4412e-02 8.1230e-03 1.6544e-02 -8.1220e-03 1.4424e-02 1.6554e-02 -8.4495e-05 2.1992e-05 8.7310e-05 1.2904e-04 -3.5052e-05 1.3372e-04 -3.7224e-04 -3.6435e-04 5.2088e-04
4.0128e+00 -1.1144e-02 -5.3859e-03 1.2378e-02 1.5846e-02 8.9219e-03 1.8185e-02 -8.9228e-03 1.5833e-02 1.8174e-02 2.1536e-04 -2.1449e-04 3.0395e-04 -3.2493e-04 3.3250e-04 4.6490e-04 7.5979e-05 1.7033e-04 1.8650e-04
3.8970e+00 -1.2218e-02 -5.9108e-03 1.3573e-02 1.7372e-02 9.7903e-03 1.9941e-02 -9.7895e-03 1.7384e-02 1.9951e-02 -6.7586e-05 -8.6902e-07 6.7592e-05 1.0384e-04 4.8642e-07 1.0384e-04 -4.1017e-04 -3.9336e-04 5.6830e-04
3.7830e+00 -1.3393e-02 -6.4731e-03 1.4875e-02 1.9042e-02 1.0723e-02 2.1854e-02 -1.0723e-02 1.9029e-02 2.1843e-02 2.2507e-04 -2.3079e-04 3.2236e-04 -3.3957e-04 3.5746e-04 4.9303e-04 5.3444e-05 1.5964e-04 1.6835e-04
3.6707e+00 -1.4643e-02 -7.0833e-03 1.6266e-02 2.0819e-02 1.1732e-02 2.3898e-02 -1.1732e-02 2.0832e-02 2.3909e-02 -4.7689e-05 -2.7684e-05 5.5142e-05 7.4200e-05 4.2195e-05 8.5359e-05 -4.5431e-04 -4.2708e-04 6.2353e-04
3.5603e+00 -1.6004e-02 -7.7356e-03 1.7775e-02 2.2755e-02 1.2814e-02 2.6115e-02 -1.2814e-02 2.2741e-02 2.6103e-02 2.3606e-04 -2.4945e-04 3.4344e-04 -3.5618e-04 3.8601e-04 5.2523e-04 2.7294e-05 1.4722e-04 1.4973e-04
3.4515e+00 -1.7451e-02 -8.4408e-03 1.9385e-02 2.4811e-02 1.3981e-02 2.8479e-02 -1.3981e-02 2.4825e-02 2.8491e-02 -2.4286e-05 -5.9076e-05 6.3873e-05 3.9365e-05 9.1055e-05 9.9200e-05 -5.0551e-04 -4.6618e-04 6.8765e-04
3.3445e+00 -1.9018e-02 -9.1931e-03 2.1124e-02 2.7040e-02 1.5228e-02 3.1034e-02 -1.5228e-02 2.7026e-02 3.1021e-02 2.4828e-04 -2.7056e-04 3.6722e-04 -3.7469e-04 4.1825e-04 5.6154e-04 -2.7152e-06 1.3303e-04 1.3305e-04
3.2392e+00 -2.0682e-02 -1.0003e-02 2.2974e-02 2.9406e-02 1.6569e-02 3.3753e-02 -1.6570e-02 2.9421e-02 3.3766e-02 3.2444e-06 -9.5770e-05 9.5825e-05 -1.5767e-06 1.4822e-04 1.4822e-04 -5.6473e-04 -5.1145e-04 7.6191e-04
3.1356e+00 -2.2478e-02 -1.0866e-02 2.4966e-02 3.1959e-02 1.7999e-02 3.6679e-02 -1.7998e-02 3.1944e-02 3.6665e-02 2.6156e-04 -2.9408e-04 3.9357e-04 -3.9487e-04 4.5410e-04 6.0177e-04 -3.6735e-05 1.1714e-04 1.2276e-04
3.0336e+00 -2.4380e-02 -1.1791e-02 2.7082e-02 3.4663e-02 1.9531e-02 3.9787e-02 -1.9532e-02 3.4679e-02 3.9802e-02 3.5666e-05 -1.3864e-04 1.4315e-04 -4.9736e-05 2.1506e-04 2.2074e-04 -6.3308e-04 -5.6382e-04 8.4775e-04
2.9333e+00 -2.6424e-02 -1.2774e-02 2.9350e-02 3.7570e-02 2.1160e-02 4.3119e-02 -2.1159e-02 3.7553e-02 4.3104e-02 2.7558e-04 -3.1983e-04 4.2218e-04 -4.1628e-04 4.9320e-04 6.4540e-04 -7.4757e-05 9.9780e-05 1.2468e-04
2.8347e+00 -2.8586e-02 -1.3825e-02 3.1754e-02 4.0643e-02 2.2900e-02 4.6651e-02 -2.2902e-02 4.0662e-02 4.6668e-02 7.3944e-05 -1.8874e-04 2.0271e-04 -1.0651e-04 2.9331e-04 3.1205e-04 -7.1187e-04 -6.2441e-04 9.4691e-04
2.7377e+00 -3.0900e-02 -1.4938e-02 3.4321e-02 4.3934e-02 2.4744e-02 5.0423e-02 -2.4741e-02 4.3914e-02 5.0404e-02 2.8976e-04 -3.4735e-04 4.5234e-04 -4.3810e-04 5.3481e-04 6.9134e-04 -1.1653e-04 8.1436e-05 1.4216e-04
2.6424e+00 -3.3341e-02 -1.6125e-02 3.7036e-02 4.7404e-02 2.6709e-02 5.4411e-02 -2.6713e-02 4.7427e-02 5.4433e-02 1.1935e-04 -2.4746e-04 2.7474e-04 -1.7372e-04 3.8517e-04 4.2253e-04 -8.0268e-04 -6.9464e-04 1.0615e-03
2.5487e+00 -3.5944e-02 -1.7378e-02 3.9925e-02 5.1107e-02 2.8784e-02 5.8655e-02 -2.8778e-02 5.1080e-02 5.8629e-02 3.0311e-04 -3.7581e-04 4.8282e-04 -4.5898e-04 5.7749e-04 7.3767e-04 -1.6137e-04 6.2976e-05 1.7323e-04
2.4566e+00 -3.8685e-02 -1.8709e-02 4.2972e-02 5.5002e-02 3.0990e-02 6.3131e-02 -3.1000e-02 5.5035e-02 6.3165e-02 1.7361e-04 -3.1664e-04 3.6111e-04 -2.5382e-04 4.9366e-04 5.5509e-04 -9.0759e-04 -7.7639e-04 1.1944e-03
2.3661e+00 -4.1595e-02 -2.0110e-02 4.6202e-02 5.9143e-02 3.3308e-02 6.7878e-02 -3.3292e-02 5.9097e-02 6.7829e-02 3.1407e-04 -4.0371e-04 5.1149e-04 -4.7673e-04 6.1873e-04 7.8109e-04 -2.0797e-04 4.5911e-05 2.1297e-04
2.2773e+00 -4.4654e-02 -2.1595e-02 4.9602e-02 6.2359e-02 3.5069e-02 7.1544e-02 -3.5799e-02 6.3548e-02 7.2938e-02 2.3916e-04 -3.9892e-04 4.6512e-04 -3.5023e-04 6.2311e-04 7.1480e-04 -1.0294e-03 -8.7229e-04 1.3493e-03
2.1900e+00 -4.7856e-02 -2.3134e-02 5.3154e-02 4.1928e-02 2.1341e-02 4.7047e-02 -3.7808e-02 6.7233e-02 7.7134e-02 3.2400e-04 -4.3374e-04 5.4139e-04 -5.0281e-04 6.7481e-04 8.4154e-04 -2.5424e-04 3.2508e-05 2.5631e-04
2.1044e+00 -5.1039e-02 -2.4664e-02 5.6686e-02 3.3951e-02 1.5787e-02 3.7442e-02 -3.9003e-02 6.9731e-02 7.9898e-02 3.3700e-04 -5.2311e-04 6.2227e-04 -5.2191e-04 8.6676e-04 1.0118e-03 -1.1765e-03 -9.8904e-04 1.5370e-03
2.0204e+00 -5.4151e-02 -2.6127e-02 6.0124e-02 2.8542e-02 1.1802e-02 3.0886e-02 -3.9965e-02 7.1866e-02 8.2231e-02 3.4631e-04 -4.9121e-04 6.0101e-04 -5.8987e-04 8.3275e-04 1.0205e-03 -3.0609e-04 2.0663e-05 3.0679e-04
1.9380e+00 -5.7108e-02 -2.7505e-02 6.3387e-02 2.4275e-02 8.5843e-03 2.5748e-02 -4.0604e-02 7.3575e-02 8.4035e-02 4.7950e-04 -7.0602e-04 8.5346e-04 -8.2941e-04 1.3157e-03 1.5553e-03 -1.3718e-03 -1.1433e-03 1.7858e-03
1.8573e+00 -5.9904e-02 -2.8769e-02 6.6454e-02 2.0539e-02 5.6102e-03 2.1292e-02 -4.1088e-02 7.5040e-02 8.5553e-02 3.7259e-04 -5.6669e-04 6.7821e-04 -7.3315e-04 1.0973e-03 1.3197e-03 -3.7290e-04 7.2966e-06 3.7297e-04
1.7781e+00 -6.2477e-02 -2.9913e-02 6.9269e-02 1.7025e-02 2.7994e-03 1.7254e-02 -4.1331e-02 7.6216e-02 8.6701e-02 6.8620e-04 -9.7273e-04 1.1904e-03 -1.3862e-03 2.1438e-03 2.5529e-03 -1.6501e-03 -1.3605e-03 2.1386e-03
1.7006e+00 -6.4836e-02 -3.0918e-02 7.1831e-02 1.3504e-02 -1.6110e-04 1.3505e-02 -4.1436e-02 7.7173e-02 8.7594e-02 4.0023e-04 -6.6534e-04 7.7644e-04 -9.6551e-04 1.5452e-03 1.8221e-03 -4.6586e-04 -9.2878e-06 4.6595e-04
1.6247e+00 -6.6935e-02 -3.1787e-02 7.4099e-02 9.7546e-03 -3.2654e-03 1.0287e-02 -4.1312e-02 7.7875e-02 8.8154e-02 1.0069e-03 -1.3921e-03 1.7180e-03 -2.5045e-03 3.8626e-03 4.6035e-03 -2.0822e-03 -1.6906e-03 2.6821e-03
1.5504e+00 -6.8791e-02 -3.2507e-02 7.6085e-02 5.6208e-03 -6.8640e-03 8.8717e-03 -4.1035e-02 7.8339e-02 8.8436e-02 4.2718e-04 -8.0400e-04 9.1044e-04 -1.3856e-03 2.3862e-03 2.7593e-03 -6.0701e-04 -3.1202e-05 6.0781e-04
1.4778e+00 -7.0369e-02 -3.3086e-02 7.7759e-02 7.9741e-04 -1.0970e-02 1.0999e-02 -4.0500e-02 7.8528e-02 8.8356e-02 1.5671e-03 -2.1494e-03 2.6600e-03 -5.1716e-03 8.2591e-03 9.7446e-03 -2.8500e-03 -2.2546e-03 3.6339e-03
1.4067e+00 -7.1694e-02 -3.3519e-02 7.9143e-02 -4.8997e-03 -1.6170e-02 1.6896e-02 -3.9758e-02 7.8417e-02 8.7919e-02 4.5145e-04 -1.0324e-03 1.1268e-03 -2.3992e-03 4.3199e-03 4.9414e-03 -8.5376e-04 -6.3463e-05 8.5611e-04
1.3374e+00 -7.2739e-02 -3.3818e-02 8.0216e-02 -1.2080e-02 -2.2713e-02 2.5725e-02 -3.8663e-02 7.7958e-02 8.7019e-02 2.7816e-03 -3.9349e-03 4.8188e-03 -1.3727e-02 2.5141e-02 2.8644e-02 -4.6170e-03 -3.4450e-03 5.7606e-03
1.2696e+00 -7.3539e-02 -3.3982e-02 8.1011e-02 -2.1073e-02 -3.2197e-02 3.8481e-02 -3.7222e-02 7.7064e-02 8.5582e-02 4.9500e-04 -1.5640e-03 1.6405e-03 -8.5502e-03 1.1259e-02 1.4138e-02 -1.4358e-03 -1.4542e-04 1.4432e-03
1.2036e+00 -7.4072e-02 -3.4030e-02 8.1515e-02 -3.3345e-02 -4.6926e-02 5.7567e-02 -3.5136e-02 7.5657e-02 8.3417e-02 7.1458e-03 -1.2967e-02 1.4806e-02 -5.4419e-02 2.4277e-01 2.4880e-01 -1.3264e-02 -7.5914e-03 1.5283e-02
1.1392e+00 -7.4381e-02 -3.3967e-02 8.1770e-02 -4.4723e-02 -7.7059e-02 8.9097e-02 -3.2083e-02 7.3582e-02 8.0272e-02 -1.0041e-02 -4.4243e-03 1.0972e-02 5.2890e-01 -5.1327e-01 7.3701e-01 -4.4808e-03 9.5848e-03 1.0580e-02
1.0765e+00 -7.4454e-02 -3.3822e-02 8.1776e-02 -2.7203e-02 -1.2224e-01 1.2523e-01 -2.7021e-02 7.1632e-02 7.6559e-02 -1.6156e-02 1.1356e-02 1.9748e-02 -3.7912e-01 1.1386e-01 3.9585e-01 9.2865e-03 1.4291e-02 1.7044e-02
1.0154e+00 -7.4336e-02 -3.3615e-02 8.1583e-02 5.0744e-03 -1.3578e-01 1.3588e-01 -2.0598e-02 7.1129e-02 7.4051e-02 8.5557e-04 1.0986e-03 1.3924e-03 1.0593e-02 2.1741e-02 2.4185e-02 9.4613e-04 9.5848e-05 9.5098e-04
9.5604e-01 -7.4008e-02 -3.3387e-02 8.1191e-02 3.0456e-03 -1.2850e-01 1.2854e-01 -1.4235e-02 7.1525e-02 7.2927e-02 -4.8646e-03 4.8033e-03 6.8364e-03 -3.6495e-02 1.8712e-02 4.1012e-02 3.3481e-03 4.0374e-03 5.2450e-03
8.9837e-01 -7.3514e-02 -3.3161e-02 8.0647e-02 -3.1209e-02 -9.3322e-02 9.8402e-02 -9.0264e-03 7.0886e-02 7.1458e-02 1.0277e-03 3.6798e-04 1.0916e-03 2.5441e-03 4.5970e-03 5.2540e-03 4.4773e-04 1.3370e-04 4.6727e-04
8.4240e-01 -7.2854e-02 -3.2962e-02 7.9963e-02 -4.5539e-02 -5.7164e-02 7.3086e-02 -5.7067e-03 6.9071e-02 6.9306e-02 -2.9318e-03 3.4878e-03 4.5563e-03 -1.2239e-02 9.5423e-04 1.2276e-02 2.1729e-03 2.3004e-03 3.1644e-03
7.8815e-01 -7.2095e-02 -3.2781e-02 7.9198e-02 -4.9835e-02 -3.0618e-02 5.8489e-02 -3.8194e-03 6.7011e-02 6.7120e-02 1.0808e-03 4.9609e-04 1.1892e-03 5.0691e-04 2.6145e-03 2.6632e-03 6.4150e-04 1.7423e-04 6.6473e-04
7.3562e-01 -7.1244e-02 -3.2622e-02 7.8357e-02 -5.5453e-02 -1.5119e-02 5.7477e-02 -2.9093e-03 6.4802e-02 6.4867e-02 -2.1735e-03 3.0678e-03 3.7597e-03 -6.7367e-03 4.1862e-04 6.7497e-03 1.7720e-03 1.5701e-03 2.3675e-03
6.8483e-01 -7.0364e-02 -3.2473e-02 7.7496e-02 -6.5712e-02 -8.3462e-03 6.6239e-02 -2.4388e-03 6.2362e-02 6.2409e-02 1.1137e-03 5.0969e-04 1.2248e-03 7.0110e-04 2.2480e-03 2.3548e-03 7.1758e-04 1.7742e-04 7.3919e-04
6.3577e-01 -6.9458e-02 -3.2339e-02 7.6617e-02 -7.6040e-02 -3.9822e-03 7.6144e-02 -2.2085e-03 5.9568e-02 5.9609e-02 -1.8204e-03 2.8251e-03 3.3608e-03 -5.8170e-03 1.6590e-03 6.0489e-03 1.4971e-03 1.1593e-03 1.8935e-03
5.8847e-01 -6.8582e-02 -3.2210e-02 7.5769e-02 -8.5802e-02 -1.5965e-03 8.5817e-02 -2.1033e-03 5.6514e-02 5.6553e-02 1.1673e-03 4.3550e-04 1.2459e-03 1.2065e-03 2.0506e-03 2.3792e-03 6.8178e-04 1.3405e-04 6.9483e-04
5.4293e-01 -6.7726e-02 -3.2095e-02 7.4946e-02 -9.4586e-02 -6.9963e-04 9.4589e-02 -2.0695e-03 5.3217e-02 5.3258e-02 -1.6467e-03 2.6652e-03 3.1329e-03 -5.1129e-03 2.3591e-03 5.6309e-03 1.2570e-03 8.8644e-04 1.5381e-03
4.9916e-01 -6.6937e-02 -3.1984e-02 7.4185e-02 -1.0223e-01 -7.7937e-04 1.0224e-01 -2.0419e-03 4.9776e-02 4.9818e-02 1.2188e-03 3.4157e-04 1.2658e-03 1.5973e-03 1.7882e-03 2.3978e-03 6.0173e-04 9.5433e-05 6.0925e-04
4.5716e-01 -6.6193e-02 -3.1886e-02 7.3473e-02 -1.0875e-01 -1.4250e-03 1.0876e-01 -2.0094e-03 4.6224e-02 4.6267e-02 -1.5769e-03 2.5760e-03 3.0204e-03 -4.6460e-03 2.7284e-03 5.3879e-03 1.0472e-03 6.9533e-04 1.2570e-03
4.1696e-01 -6.5532e-02 -3.1793e-02 7.2837e-02 -1.1432e-01 -2.2700e-03 1.1434e-01 -1.9472e-03 4.2641e-02 4.2685e-02 1.2777e-03 2.4633e-04 1.3012e-03 1.8914e-03 1.5487e-03 2.4445e-03 5.0897e-04 6.6976e-05 5.1336e-04
3.7856e-01 -6.4927e-02 -3.1714e-02 7.2258e-02 -1.1919e-01 -3.0740e-03 1.1923e-01 -1.8676e-03 3.9047e-02 3.9092e-02 -1.5759e-03 2.5475e-03 2.9955e-03 -4.4157e-03 2.9323e-03 5.3007e-03 8.6474e-04 5.5464e-04 1.0273e-03
3.4196e-01 -6.4407e-02 -3.1639e-02 7.1759e-02 -1.2392e-01 -3.5221e-03 1.2397e-01 -1.7669e-03 3.5496e-02 3.5540e-02 1.3536e-03 1.5027e-04 1.3619e-03 2.1492e-03 1.3672e-03 2.5472e-03 4.1639e-04 4.5628e-05 4.1888e-04
3.0718e-01 -6.3943e-02 -3.1578e-02 7.1315e-02 -1.2912e-01 -3.2999e-03 1.2916e-01 -1.6739e-03 3.1970e-02 3.2014e-02 -1.6297e-03 2.5753e-03 3.0477e-03 -4.4109e-03 3.0680e-03 5.3730e-03 7.0547e-04 4.4556e-04 8.3439e-04
2.7423e-01 -6.3562e-02 -3.1521e-02 7.0948e-02 -1.3127e-01 -3.9742e-03 1.3133e-01 -1.5793e-03 2.8533e-02 2.8576e-02 1.4495e-03 5.1261e-05 1.4504e-03 2.4145e-03 1.2580e-03 2.7226e-03 3.2865e-04 2.7551e-05 3.2980e-04
2.4311e-01 -6.3228e-02 -3.1476e-02 7.0629e-02 -1.3136e-01 -5.2052e-03 1.3147e-01 -1.4663e-03 2.5260e-02 2.5302e-02 -1.7317e-03 2.6555e-03 3.1703e-03 -4.5946e-03 3.1823e-03 5.5891e-03 5.6525e-04 3.5664e-04 6.6836e-04
2.1383e-01 -6.2964e-02 -3.1434e-02 7.0375e-02 -1.3125e-01 -6.2771e-03 1.3140e-01 -1.3306e-03 2.2186e-02 2.2226e-02 1.5884e-03 -7.3916e-05 1.5901e-03 2.7526e-03 1.1790e-03 2.9944e-03 2.4766e-04 1.0865e-05 2.4790e-04
1.8640e-01 -6.2735e-02 -3.1403e-02 7.0156e-02 -1.3113e-01 -7.1737e-03 1.3133e-01 -1.1837e-03 1.9306e-02 1.9342e-02 -1.8909e-03 2.7838e-03 3.3652e-03 -4.9114e-03 3.2754e-03 5.9034e-03 4.4210e-04 2.8232e-04 5.2456e-04
1.6083e-01 -6.2563e-02 -3.1374e-02 6.9989e-02 -1.3104e-01 -7.8819e-03 1.3128e-01 -1.0287e-03 1.6626e-02 1.6658e-02 1.7873e-03 -2.4511e-04 1.8041e-03 3.2001e-03 1.1153e-03 3.3889e-03 1.7523e-04 -3.7810e-06 1.7527e-04
1.3713e-01 -6.2414e-02 -3.1355e-02 6.9847e-02 -1.3095e-01 -8.4605e-03 1.3122e-01 -8.7428e-04 1.4140e-02 1.4167e-02 -2.1241e-03 2.9744e-03 3.6549e-03 -5.3828e-03 3.3354e-03 6.3324e-03 3.3522e-04 2.1977e-04 4.0084e-04
1.1529e-01 -6.2311e-02 -3.1337e-02 6.9747e-02 -1.3089e-01 -8.8944e-03 1.3119e-01 -7.2197e-04 1.1854e-02 1.1876e-02 2.0739e-03 -4.8635e-04 2.1302e-03 3.8046e-03 1.0931e-03 3.9585e-03 1.1277e-04 -1.5817e-05 1.1387e-04
9.5331e-02 -6.2219e-02 -3.1326e-02 6.9660e-02 -1.3083e-01 -9.2391e-03 1.3115e-01 -5.7767e-04 9.7632e-03 9.7803e-03 -2.4694e-03 3.2586e-03 4.0886e-03 -6.0618e-03 3.3219e-03 6.9124e-03 2.4397e-04 1.6721e-04 2.9577e-04
7.7255e-02 -6.2164e-02 -3.1315e-02 6.9606e-02 -1.3080e-01 -9.4781e-03 1.3114e-01 -4.4175e-04 7.8730e-03 7.8854e-03 2.5031e-03 -8.4380e-04 2.6415e-03 4.6358e-03 1.1836e-03 4.7846e-03 6.1350e-05 -2.4928e-05 6.6221e-05
6.1067e-02 -6.2112e-02 -3.1311e-02 6.9558e-02 -1.3075e-01 -9.6624e-03 1.3111e-01 -3.1827e-04 6.1781e-03 6.1863e-03 -3.0058e-03 3.7016e-03 4.7683e-03 -7.0191e-03 3.1187e-03 7.6807e-03 1.6781e-04 1.2362e-04 2.0843e-04
4.6772e-02 -6.2090e-02 -3.1305e-02 6.9535e-02 -1.3075e-01 -9.7725e-03 1.3111e-01 -2.0662e-04 4.6840e-03 4.6886e-03 3.1944e-03 -1.4167e-03 3.4945e-03 5.7606e-03 1.5821e-03 5.9740e-03 2.1938e-05 -3.0993e-05 3.7971e-05
3.4375e-02 -6.2062e-02 -3.1304e-02 6.9510e-02 -1.3072e-01 -9.8578e-03 1.3109e-01 -1.0973e-04 3.3864e-03 3.3882e-03 -3.9198e-03 4.4570e-03 5.9355e-03 -8.2614e-03 2.4083e-03 8.6053e-03 1.0584e-04 8.8518e-05 1.3798e-04
2.3878e-02 -6.2058e-02 -3.1301e-02 6.9505e-02 -1.3070e-01 -9.9272e-03 1.3107e-01 -2.6283e-05 2.2897e-03 2.2898e-03 4.4600e-03 -2.4634e-03 5.0951e-03 7.0232e-03 2.7881e-03 7.5564e-03 -3.9290e-06 -3.3910e-05 3.4137e-05
1.5285e-02 -6.2045e-02 -3.1302e-02 6.9494e-02 -1.3151e-01 -1.0192e-02 1.3190e-01 4.2671e-05 1.3893e-03 1.3900e-03 -5.7719e-03 5.9877e-03 8.3167e-03 -9.1898e-03 5.1183e-04 9.2040e-03 5.5919e-05 6.1161e-05 8.2871e-05
8.5996e-03 -6.2049e-02 -3.1300e-02 6.9497e-02 -1.3372e-01 -2.8645e-03 1.3375e-01 8.6419e-05 6.7875e-04 6.8423e-04 7.4507e-03 -4.9352e-03 8.9370e-03 6.7493e-03 5.5027e-03 8.7082e-03 -1.3203e-05 -3.1808e-05 3.4439e-05
3.8225e-03 -6.2041e-02 -3.1302e-02 6.9490e-02 -1.0824e-01 1.9591e-02 1.1000e-01 5.7873e-05 1.9650e-04 2.0485e-04 -1.1339e-02 1.0588e-02 1.5514e-02 -7.1573e-03 -2.8030e-03 7.6866e-03 1.5297e-05 3.4208e-05 3.7473e-05
9.5571e-04 -6.2048e-02 -3.1301e-02 6.9496e-02 -3.8978e-02 1.7097e-02 4.2563e-02 7.4154e-06 1.5460e-05 1.7147e-05 2.2984e-02 -1.7770e-02 2.9052e-02 1.5206e-03 4.1286e-03 4.3997e-03 -3.3359e-06 -1.5170e-05 1.5532e-05
0.0000e+00 -6.2041e-02 -3.1303e-02 6.9491e-02 0.0000e+00 0.0000e+00 0.0000e+00 0.0000e+00 0.0000e+00 0.0000e+00 -1.1127e-01 9.3155e-02 1.4512e-01 0.0000e+00 0.0000e+00 0.0000e+00 0.0000e+00 0.0000e+00 0.0000e+00
