# {'lc': 0.16739, 'n_points': 300, 'variables': 'p_u_v', 'slope': 1.3e-05, 'yi': 5, 'equation': 'LNS_CD', 'Re': 100000.0, 'Ymax': 1000, 'Froude': 0.02, 'flow': 'DATA/G.txt', 'alpha': 0.56552, 'mapping': ['semi_infinite_PB', [0, 3.3840579710144927]]}
# y   p_re    p_im    p_mod   u_re    u_im    u_mod    v_re    v_im    v_mod                     p_re_adj    p_im_adj    p_mod_adj   u_re_adj    u_im_adj    u_mod_adj    v_re_adj    v_im_adj    v_mod_adj
2.0000e+03 1.7359e-06 3.0027e-06 3.4684e-06 0.0000e+00 0.0000e+00 0.0000e+00 0.0000e+00 0.0000e+00 0.0000e+00 -1.0638e-06 4.4117e-07 1.1517e-06 0.0000e+00 0.0000e+00 0.0000e+00 0.0000e+00 0.0000e+00 0.0000e+00
1.0000e+03 -1.1108e-11 -1.9215e-11 2.2195e-11 1.2711e-11 3.0318e-11 3.2875e-11 -8.2674e-09 3.4662e-09 8.9646e-09 6.8075e-12 -2.8231e-12 7.3697e-12 -9.4715e-12 5.4266e-12 1.0916e-11 -1.4798e-09 -2.5828e-09 2.9767e-09
4.9998e+02 1.3834e-10 2.3930e-10 2.7641e-10 -1.5830e-10 -3.7757e-10 4.0941e-10 1.5859e-08 -6.6493e-09 1.7197e-08 -8.4775e-11 3.5156e-11 9.1775e-11 1.1795e-10 -6.7577e-11 1.3594e-10 2.8388e-09 4.9545e-09 5.7102e-09
3.3329e+02 -5.9248e-10 -1.0249e-09 1.1838e-09 6.7797e-10 1.6171e-09 1.7535e-09 -2.2042e-08 9.2413e-09 2.3901e-08 3.6307e-10 -1.5056e-10 3.9305e-10 -5.0515e-10 2.8941e-10 5.8218e-10 -3.9457e-09 -6.8857e-09 7.9360e-09
2.4994e+02 1.6520e-09 2.8577e-09 3.3008e-09 -1.8903e-09 -4.5089e-09 4.8891e-09 2.5993e-08 -1.0898e-08 2.8185e-08 -1.0123e-09 4.1977e-10 1.0958e-09 1.4084e-09 -8.0689e-10 1.6232e-09 4.6534e-09 8.1198e-09 9.3587e-09
1.9992e+02 -3.6386e-09 -6.2942e-09 7.2702e-09 4.1636e-09 9.9311e-09 1.0769e-08 -2.6825e-08 1.1248e-08 2.9088e-08 2.2294e-09 -9.2451e-10 2.4135e-09 -3.1018e-09 1.7771e-09 3.5749e-09 -4.8035e-09 -8.3797e-09 9.6588e-09
1.6657e+02 6.8806e-09 1.1903e-08 1.3748e-08 -7.8733e-09 -1.8780e-08 2.0364e-08 2.3663e-08 -9.9227e-09 2.5660e-08 -4.2155e-09 1.7481e-09 4.5636e-09 5.8652e-09 -3.3603e-09 6.7596e-09 4.2391e-09 7.3920e-09 8.5213e-09
1.4275e+02 -1.1658e-08 -2.0167e-08 2.3294e-08 1.3340e-08 3.1819e-08 3.4502e-08 -1.5778e-08 6.6176e-09 1.7110e-08 7.1416e-09 -2.9617e-09 7.7314e-09 -9.9364e-09 5.6930e-09 1.1452e-08 -2.8302e-09 -4.9295e-09 5.6842e-09
1.2487e+02 1.8133e-08 3.1368e-08 3.6232e-08 -2.0749e-08 -4.9494e-08 5.3667e-08 2.7661e-09 -1.1636e-09 3.0009e-09 -1.1107e-08 4.6065e-09 1.2025e-08 1.5454e-08 -8.8546e-09 1.7811e-08 5.0483e-10 8.6701e-10 1.0033e-09
1.1097e+02 -2.6287e-08 -4.5474e-08 5.2525e-08 3.0080e-08 7.1750e-08 7.7800e-08 1.5276e-08 -6.3987e-09 1.6562e-08 1.6100e-08 -6.6775e-09 1.7430e-08 -2.2400e-08 1.2835e-08 2.5817e-08 2.7195e-09 4.7648e-09 5.4862e-09
9.9841e+01 3.5881e-08 6.2072e-08 7.1696e-08 -4.1058e-08 -9.7938e-08 1.0620e-07 -3.7653e-08 1.5778e-08 4.0825e-08 -2.1973e-08 9.1141e-09 2.3788e-08 3.0572e-08 -1.7519e-08 3.5235e-08 -6.7183e-09 -1.1748e-08 1.3534e-08
9.0733e+01 -4.6471e-08 -8.0391e-08 9.2856e-08 5.3175e-08 1.2684e-07 1.3754e-07 6.3111e-08 -2.6449e-08 6.8430e-08 2.8454e-08 -1.1803e-08 3.0805e-08 -3.9588e-08 2.2687e-08 4.5628e-08 1.1267e-08 1.9691e-08 2.2686e-08
8.3141e+01 5.7475e-08 9.9429e-08 1.1485e-07 -6.5766e-08 -1.5688e-07 1.7011e-07 -9.0029e-08 3.7731e-08 9.7616e-08 -3.5186e-08 1.4597e-08 3.8094e-08 4.8954e-08 -2.8057e-08 5.6425e-08 -1.6075e-08 -2.8086e-08 3.2361e-08
7.6715e+01 -6.8287e-08 -1.1813e-07 1.3645e-07 7.8137e-08 1.8639e-07 2.0211e-07 1.1671e-07 -4.8916e-08 1.2655e-07 4.1798e-08 -1.7342e-08 4.5253e-08 -5.8153e-08 3.3332e-08 6.7028e-08 2.0840e-08 3.6404e-08 4.1947e-08
7.1204e+01 7.8384e-08 1.3560e-07 1.5663e-07 -8.9690e-08 -2.1396e-07 2.3199e-07 -1.4171e-07 5.9392e-08 1.5365e-07 -4.7969e-08 1.9905e-08 5.1935e-08 6.6738e-08 -3.8257e-08 7.6925e-08 -2.5302e-08 -4.4192e-08 5.0923e-08
6.6426e+01 -8.7404e-08 -1.5121e-07 1.7465e-07 1.0001e-07 2.3858e-07 2.5869e-07 1.6400e-07 -6.8734e-08 1.7782e-07 5.3478e-08 -2.2194e-08 5.7900e-08 -7.4402e-08 4.2655e-08 8.5762e-08 2.9279e-08 5.1132e-08 5.8922e-08
6.2243e+01 9.5168e-08 1.6464e-07 1.9017e-07 -1.0889e-07 -2.5977e-07 2.8167e-07 -1.8308e-07 7.6727e-08 1.9851e-07 -5.8215e-08 2.4164e-08 6.3031e-08 8.0991e-08 -4.6439e-08 9.3361e-08 -3.2679e-08 -5.7065e-08 6.5760e-08
5.8551e+01 -1.0165e-07 -1.7586e-07 2.0313e-07 1.1631e-07 2.7748e-07 3.0087e-07 1.9886e-07 -8.3337e-08 2.1561e-07 6.2167e-08 -2.5809e-08 6.7312e-08 -8.6489e-08 4.9599e-08 9.9702e-08 3.5488e-08 6.1966e-08 7.1408e-08
5.5267e+01 1.0695e-07 1.8502e-07 2.1371e-07 -1.2237e-07 -2.9194e-07 3.1655e-07 -2.1155e-07 8.8656e-08 2.2938e-07 -6.5389e-08 2.7151e-08 7.0802e-08 9.0970e-08 -5.2177e-08 1.0487e-07 -3.7746e-08 -6.5903e-08 7.5947e-08
5.2326e+01 -1.1120e-07 -1.9238e-07 2.2220e-07 1.2723e-07 3.0354e-07 3.2912e-07 2.2155e-07 -9.2841e-08 2.4022e-07 6.7968e-08 -2.8228e-08 7.3596e-08 -9.4556e-08 5.4244e-08 1.0901e-07 3.9519e-08 6.8994e-08 7.9511e-08
4.9679e+01 1.1456e-07 1.9820e-07 2.2893e-07 -1.3108e-07 -3.1273e-07 3.3909e-07 -2.2927e-07 9.6074e-08 2.4859e-07 -7.0005e-08 2.9080e-08 7.5804e-08 9.7388e-08 -5.5879e-08 1.1228e-07 -4.0885e-08 -7.1375e-08 8.2256e-08
4.7282e+01 -1.1720e-07 -2.0277e-07 2.3421e-07 1.3410e-07 3.1994e-07 3.4690e-07 2.3514e-07 -9.8529e-08 2.5495e-07 7.1596e-08 -2.9748e-08 7.7530e-08 -9.9600e-08 5.7160e-08 1.1484e-07 4.1919e-08 7.3176e-08 8.4332e-08
4.5101e+01 1.1926e-07 2.0633e-07 2.3831e-07 -1.3644e-07 -3.2555e-07 3.5298e-07 -2.3953e-07 1.0036e-07 2.5971e-07 -7.2828e-08 3.0267e-08 7.8867e-08 1.0131e-07 -5.8155e-08 1.1682e-07 -4.2687e-08 -7.4513e-08 8.5874e-08
4.3109e+01 -1.2085e-07 -2.0908e-07 2.4149e-07 1.3826e-07 3.2989e-07 3.5769e-07 2.4274e-07 -1.0170e-07 2.6319e-07 7.3773e-08 -3.0668e-08 7.9893e-08 -1.0262e-07 5.8923e-08 1.1834e-07 4.3245e-08 7.5483e-08 8.6993e-08
4.1281e+01 1.2206e-07 2.1118e-07 2.4391e-07 -1.3964e-07 -3.3320e-07 3.6128e-07 -2.4506e-07 1.0267e-07 2.6570e-07 -7.4490e-08 3.0973e-08 8.0673e-08 1.0362e-07 -5.9507e-08 1.1949e-07 -4.3640e-08 -7.6167e-08 8.7783e-08
3.9598e+01 -1.2301e-07 -2.1281e-07 2.4580e-07 1.4072e-07 3.3578e-07 3.6408e-07 2.4662e-07 -1.0331e-07 2.6738e-07 7.5027e-08 -3.1209e-08 8.1259e-08 -1.0436e-07 5.9956e-08 1.2036e-07 4.3902e-08 7.6630e-08 8.8315e-08
3.8043e+01 1.2365e-07 2.1395e-07 2.4711e-07 -1.4144e-07 -3.3758e-07 3.6602e-07 -2.4777e-07 1.0381e-07 2.6864e-07 -7.5425e-08 3.1375e-08 8.1690e-08 1.0492e-07 -6.0276e-08 1.2100e-07 -4.4081e-08 -7.6916e-08 8.8652e-08
3.6603e+01 -1.2430e-07 -2.1499e-07 2.4834e-07 1.4219e-07 3.3923e-07 3.6783e-07 2.4816e-07 -1.0390e-07 2.6903e-07 7.5706e-08 -3.1521e-08 8.2006e-08 -1.0530e-07 6.0546e-08 1.2147e-07 4.4148e-08 7.7082e-08 8.8829e-08
3.5264e+01 1.2439e-07 2.1532e-07 2.4867e-07 -1.4226e-07 -3.3974e-07 3.6832e-07 -2.4898e-07 1.0438e-07 2.6998e-07 -7.5910e-08 3.1574e-08 8.2214e-08 1.0559e-07 -6.0663e-08 1.2177e-07 -4.4239e-08 -7.7121e-08 8.8908e-08
3.4016e+01 -1.2524e-07 -2.1643e-07 2.5005e-07 1.4329e-07 3.4153e-07 3.7037e-07 2.4798e-07 -1.0366e-07 2.6878e-07 7.6022e-08 -3.1719e-08 8.2374e-08 -1.0572e-07 6.0899e-08 1.2201e-07 4.4113e-08 7.7138e-08 8.8860e-08
3.2851e+01 1.2426e-07 2.1546e-07 2.4872e-07 -1.4203e-07 -3.3992e-07 3.6840e-07 -2.4996e-07 1.0506e-07 2.7114e-07 -7.6123e-08 3.1602e-08 8.2422e-08 1.0589e-07 -6.0748e-08 1.2208e-07 -4.4298e-08 -7.6988e-08 8.8823e-08
3.1759e+01 -1.2653e-07 -2.1804e-07 2.5210e-07 1.4488e-07 3.4415e-07 3.7340e-07 2.4578e-07 -1.0221e-07 2.6619e-07 7.6099e-08 -3.1924e-08 8.2524e-08 -1.0580e-07 6.1219e-08 1.2223e-07 4.3803e-08 7.7003e-08 8.8589e-08
3.0735e+01 1.2267e-07 2.1380e-07 2.4649e-07 -1.3998e-07 -3.3718e-07 3.6509e-07 -2.5254e-07 1.0700e-07 2.7428e-07 -7.6191e-08 3.1395e-08 8.2406e-08 1.0603e-07 -6.0462e-08 1.2206e-07 -4.4491e-08 -7.6606e-08 8.8589e-08
2.9772e+01 -1.2952e-07 -2.2139e-07 2.5649e-07 1.4862e-07 3.4963e-07 3.7990e-07 2.3972e-07 -9.8188e-08 2.5905e-07 7.5989e-08 -3.2335e-08 8.2583e-08 -1.0555e-07 6.1809e-08 1.2232e-07 4.3042e-08 7.6858e-08 8.8089e-08
2.8865e+01 1.1793e-07 2.0855e-07 2.3959e-07 -1.3399e-07 -3.2860e-07 3.5486e-07 -2.6023e-07 1.1258e-07 2.8354e-07 -7.6223e-08 3.0735e-08 8.2187e-08 1.0619e-07 -5.9505e-08 1.2173e-07 -4.5218e-08 -7.5946e-08 8.8389e-08
2.8008e+01 -1.3686e-07 -2.2947e-07 2.6719e-07 1.5786e-07 3.6289e-07 3.9574e-07 2.2533e-07 -8.8419e-08 2.4205e-07 7.5682e-08 -3.3330e-08 8.2697e-08 -1.0491e-07 6.3220e-08 1.2249e-07 4.1357e-08 7.6928e-08 8.7340e-08
2.7198e+01 1.0648e-07 1.9582e-07 2.2290e-07 -1.1953e-07 -3.0774e-07 3.3014e-07 -2.7979e-07 1.2644e-07 3.0703e-07 -7.6351e-08 2.9140e-08 8.1723e-08 1.0668e-07 -5.7193e-08 1.2104e-07 -4.7225e-08 -7.4833e-08 8.8488e-08
2.6431e+01 -1.5362e-07 -2.4791e-07 2.9165e-07 1.7899e-07 3.9314e-07 4.3197e-07 1.9366e-07 -6.6650e-08 2.0481e-07 7.5086e-08 -3.5610e-08 8.3102e-08 -1.0360e-07 6.6465e-08 1.2309e-07 3.7785e-08 7.7564e-08 8.6278e-08
2.5704e+01 8.1646e-08 1.6823e-07 1.8700e-07 -8.8194e-08 -2.6256e-07 2.7697e-07 -3.2349e-07 1.5710e-07 3.5961e-07 -7.6768e-08 2.5697e-08 8.0955e-08 1.0793e-07 -5.2220e-08 1.1990e-07 -5.1856e-08 -7.2877e-08 8.9443e-08
2.5013e+01 -1.8866e-07 -2.8656e-07 3.4309e-07 2.2319e-07 4.5652e-07 5.0816e-07 1.2876e-07 -2.1752e-08 1.3058e-07 7.4002e-08 -4.0400e-08 8.4312e-08 -1.0110e-07 7.3308e-08 1.2488e-07 3.0591e-08 7.9341e-08 8.5034e-08
2.4356e+01 3.2012e-08 1.1320e-07 1.1763e-07 -2.5573e-08 -1.7238e-07 1.7427e-07 -4.1213e-07 2.1901e-07 4.6670e-07 -7.7773e-08 1.8838e-08 8.0022e-08 1.1069e-07 -4.2342e-08 1.1851e-07 -6.1379e-08 -6.9384e-08 9.2636e-08
2.3730e+01 -2.5655e-07 -3.6153e-07 4.4331e-07 3.0881e-07 5.7943e-07 6.5658e-07 4.3152e-09 6.4581e-08 6.4725e-08 7.2083e-08 -4.9704e-08 8.7558e-08 -9.6525e-08 8.6627e-08 1.2970e-07 1.6916e-08 8.3176e-08 8.4879e-08
2.3133e+01 -6.0563e-08 1.0642e-08 6.1491e-08 9.1217e-08 -4.3253e-09 9.1320e-08 -5.7867e-07 3.3510e-07 6.6869e-07 -7.9829e-08 6.0721e-09 8.0059e-08 1.1610e-07 -2.3982e-08 1.1855e-07 -7.9384e-08 -6.3234e-08 1.0149e-07
2.2563e+01 -3.7967e-07 -4.9759e-07 6.2589e-07 4.6409e-07 8.0246e-07 9.2700e-07 -2.2020e-07 2.2056e-07 3.1166e-07 6.8781e-08 -6.6602e-08 9.5743e-08 -8.8491e-08 1.1085e-07 1.4184e-07 -7.6525e-09 9.0472e-08 9.0795e-08
2.2019e+01 -2.2326e-07 -1.6949e-07 2.8030e-07 2.9646e-07 2.9088e-07 4.1533e-07 -8.7244e-07 5.3967e-07 1.0259e-06 -8.3615e-08 -1.6339e-08 8.5196e-08 1.2586e-07 8.2214e-09 1.2613e-07 -1.1124e-07 -5.2739e-08 1.2311e-07
2.1497e+01 -5.9066e-07 -7.3086e-07 9.3970e-07 7.3022e-07 1.1848e-06 1.3918e-06 -6.0396e-07 4.8735e-07 7.7606e-07 6.3293e-08 -9.5585e-08 1.1464e-07 -7.4973e-08 1.5241e-07 1.6985e-07 -4.9555e-08 1.0327e-07 1.1454e-07
2.0998e+01 -4.9480e-07 -4.7003e-07 6.8247e-07 6.3902e-07 7.8344e-07 1.0110e-06 -1.3637e-06 8.8158e-07 1.6238e-06 -9.0098e-08 -5.3721e-08 1.0490e-07 1.4240e-07 6.1912e-08 1.5527e-07 -1.6461e-07 -3.5488e-08 1.6839e-07
2.0519e+01 -9.3500e-07 -1.1117e-06 1.4526e-06 1.1646e-06 1.8090e-06 2.1515e-06 -1.2294e-06 9.2231e-07 1.5369e-06 5.4493e-08 -1.4291e-07 1.5295e-07 -5.3142e-08 2.2031e-07 2.2662e-07 -1.1777e-07 1.2439e-07 1.7130e-07
2.0060e+01 -9.2805e-07 -9.4947e-07 1.3277e-06 1.1856e-06 1.5692e-06 1.9667e-06 -2.1483e-06 1.4275e-06 2.5793e-06 -1.0059e-07 -1.1334e-07 1.5154e-07 1.6900e-07 1.4753e-07 2.2433e-07 -2.4991e-07 -8.1912e-09 2.5004e-07
1.9619e+01 -1.4736e-06 -1.7074e-06 2.2554e-06 1.8439e-06 2.7855e-06 3.3405e-06 -2.2070e-06 1.6023e-06 2.7273e-06 4.0872e-08 -2.1695e-07 2.2077e-07 -1.9209e-08 3.2655e-07 3.2712e-07 -2.2431e-07 1.5764e-07 2.7417e-07
1.9194e+01 -1.5926e-06 -1.6847e-06 2.3183e-06 2.0238e-06 2.7743e-06 3.4340e-06 -3.3523e-06 2.2653e-06 4.0459e-06 -1.1682e-07 -2.0477e-07 2.3575e-07 2.1001e-07 2.7879e-07 3.4903e-07 -3.8088e-07 3.3485e-08 3.8235e-07
1.8786e+01 -2.2853e-06 -2.6052e-06 3.4655e-06 2.8678e-06 4.2570e-06 5.1329e-06 -3.6795e-06 2.6266e-06 4.5208e-06 2.0476e-08 -3.2855e-07 3.2919e-07 3.1735e-08 4.8670e-07 4.8774e-07 -3.8475e-07 2.0793e-07 4.3734e-07
1.8393e+01 -2.5769e-06 -2.7739e-06 3.7861e-06 3.2656e-06 4.5594e-06 5.6082e-06 -5.1364e-06 3.5065e-06 6.2192e-06 -1.4099e-07 -3.4019e-07 3.6825e-07 2.7094e-07 4.7319e-07 5.4527e-07 -5.7501e-07 9.5059e-08 5.8282e-07
1.8014e+01 -3.4689e-06 -3.9145e-06 5.2304e-06 4.3608e-06 6.4031e-06 7.7471e-06 -5.8265e-06 4.1202e-06 7.1361e-06 -9.1493e-09 -4.9131e-07 4.9140e-07 1.0585e-07 7.2030e-07 7.2803e-07 -6.1860e-07 2.8141e-07 6.7960e-07
1.7648e+01 -3.9910e-06 -4.3383e-06 5.8948e-06 5.0494e-06 7.1235e-06 8.7316e-06 -7.6997e-06 5.2898e-06 9.3417e-06 -1.7582e-07 -5.3470e-07 5.6286e-07 3.5863e-07 7.5241e-07 8.3351e-07 -8.5398e-07 1.8337e-07 8.7345e-07
1.7295e+01 -5.1457e-06 -5.7694e-06 7.7308e-06 6.4760e-06 9.4434e-06 1.1451e-05 -8.8675e-06 6.2357e-06 1.0841e-05 -5.1010e-08 -7.2190e-07 7.2370e-07 2.1069e-07 1.0512e-06 1.0722e-06 -9.4979e-07 3.8564e-07 1.0251e-06
1.6954e+01 -5.9675e-06 -6.5251e-06 8.8424e-06 7.5427e-06 1.0708e-05 1.3098e-05 -1.1283e-05 7.7828e-06 1.3707e-05 -2.2460e-07 -8.0658e-07 8.3727e-07 4.8136e-07 1.1427e-06 1.2399e-06 -1.2440e-06 3.0671e-07 1.2813e-06
1.6625e+01 -7.4606e-06 -8.3303e-06 1.1183e-05 9.3960e-06 1.3641e-05 1.6564e-05 -1.3065e-05 9.1561e-06 1.5954e-05 -1.0870e-07 -1.0403e-06 1.0459e-06 3.5527e-07 1.5082e-06 1.5494e-06 -1.4069e-06 5.2963e-07 1.5033e-06
1.6306e+01 -8.6639e-06 -9.5082e-06 1.2863e-05 1.0944e-05 1.5597e-05 1.9054e-05 -1.6172e-05 1.1184e-05 1.9662e-05 -2.9125e-07 -1.1775e-06 1.2129e-06 6.4893e-07 1.6751e-06 1.7964e-06 -1.7762e-06 4.7485e-07 1.8386e-06
1.5998e+01 -1.0584e-05 -1.1785e-05 1.5840e-05 1.3335e-05 1.9303e-05 2.3462e-05 -1.8728e-05 1.3096e-05 2.2853e-05 -1.8644e-07 -1.4697e-06 1.4815e-06 5.5019e-07 2.1246e-06 2.1947e-06 -2.0236e-06 7.2398e-07 2.1492e-06
1.5699e+01 -1.2263e-05 -1.3490e-05 1.8231e-05 1.5484e-05 2.2123e-05 2.7004e-05 -2.2698e-05 1.5724e-05 2.7612e-05 -3.8030e-07 -1.6725e-06 1.7152e-06 8.7273e-07 2.3856e-06 2.5403e-06 -2.4866e-06 6.9922e-07 2.5830e-06
1.5410e+01 -1.4711e-05 -1.6351e-05 2.1994e-05 1.8541e-05 2.6786e-05 3.2577e-05 -2.6212e-05 1.8302e-05 3.1969e-05 -2.8910e-07 -2.0373e-06 2.0577e-06 8.0765e-07 2.9393e-06 3.0482e-06 -2.8384e-06 9.8089e-07 3.0031e-06
1.5129e+01 -1.6974e-05 -1.8702e-05 2.5256e-05 2.1427e-05 3.0666e-05 3.7410e-05 -3.1240e-05 2.1666e-05 3.8018e-05 -4.9693e-07 -2.3205e-06 2.3731e-06 1.1658e-06 3.3157e-06 3.5147e-06 -3.4165e-06 9.9282e-07 3.5578e-06
1.4857e+01 -2.0064e-05 -2.2273e-05 2.9977e-05 2.5294e-05 3.6493e-05 4.4402e-05 -3.5919e-05 2.5055e-05 4.3794e-05 -4.2219e-07 -2.7736e-06 2.8055e-06 1.1415e-06 3.9960e-06 4.1559e-06 -3.8954e-06 1.3142e-06 4.1111e-06
1.4593e+01 -2.3033e-05 -2.5405e-05 3.4292e-05 2.9070e-05 4.1652e-05 5.0793e-05 -4.2226e-05 2.9309e-05 5.1401e-05 -6.4700e-07 -3.1538e-06 3.2195e-06 1.5428e-06 4.5118e-06 4.7683e-06 -4.6124e-06 1.3703e-06 4.8117e-06
1.4336e+01 -2.6893e-05 -2.9828e-05 4.0161e-05 3.3908e-05 4.8876e-05 5.9486e-05 -4.8302e-05 3.3670e-05 5.8879e-05 -5.9188e-07 -3.7128e-06 3.7597e-06 1.5673e-06 5.3441e-06 5.5692e-06 -5.2436e-06 1.7395e-06 5.5246e-06
1.4087e+01 -3.0702e-05 -3.3888e-05 4.5728e-05 3.8743e-05 5.5557e-05 6.7732e-05 -5.6131e-05 3.8982e-05 6.8339e-05 -8.3702e-07 -4.2085e-06 4.2909e-06 2.0201e-06 6.0258e-06 6.3553e-06 -6.1262e-06 1.8481e-06 6.3989e-06
1.3845e+01 -3.5473e-05 -3.9319e-05 5.2956e-05 4.4731e-05 6.4433e-05 7.8438e-05 -6.3859e-05 4.4493e-05 7.7830e-05 -8.0503e-07 -4.8928e-06 4.9586e-06 2.1021e-06 7.0378e-06 7.3451e-06 -6.9374e-06 2.2738e-06 7.3006e-06
1.3609e+01 -4.0269e-05 -4.4472e-05 5.9995e-05 5.0812e-05 7.2904e-05 8.8864e-05 -7.3478e-05 5.1050e-05 8.9472e-05 -1.0741e-06 -5.5244e-06 5.6278e-06 2.6156e-06 7.9145e-06 8.3355e-06 -8.0148e-06 2.4442e-06 8.3792e-06
1.3380e+01 -4.6105e-05 -5.1082e-05 6.8812e-05 5.8143e-05 8.3712e-05 1.0192e-04 -8.3138e-05 5.7905e-05 1.0132e-04 -1.0691e-06 -6.3551e-06 6.4444e-06 2.7648e-06 9.1367e-06 9.5459e-06 -9.0365e-06 2.9360e-06 9.5015e-06
1.3157e+01 -5.2049e-05 -5.7504e-05 7.7562e-05 6.5672e-05 9.4264e-05 1.1488e-04 -9.4838e-05 6.5910e-05 1.1549e-04 -1.3661e-06 -7.1445e-06 7.2740e-06 3.3489e-06 1.0240e-05 1.0774e-05 -1.0340e-05 3.1780e-06 1.0818e-05
1.2939e+01 -5.9117e-05 -6.5476e-05 8.8215e-05 7.4556e-05 1.0731e-04 1.3066e-04 -1.0673e-04 7.4318e-05 1.3006e-04 -1.3922e-06 -8.1446e-06 8.2628e-06 3.5757e-06 1.1705e-05 1.2239e-05 -1.1605e-05 3.7464e-06 1.2195e-05
1.2727e+01 -6.6380e-05 -7.3360e-05 9.8934e-05 8.3750e-05 1.2025e-04 1.4654e-04 -1.2083e-04 8.3988e-05 1.4715e-04 -1.7215e-06 -9.1157e-06 9.2768e-06 4.2412e-06 1.3069e-05 1.3740e-05 -1.3169e-05 4.0708e-06 1.3784e-05
1.2521e+01 -7.4859e-05 -8.2892e-05 1.1169e-04 9.4414e-05 1.3585e-04 1.6544e-04 -1.3527e-04 9.4176e-05 1.6483e-04 -1.7831e-06 -1.0310e-05 1.0463e-05 4.5567e-06 1.4813e-05 1.5498e-05 -1.4713e-05 4.7269e-06 1.5454e-05
1.2320e+01 -8.3627e-05 -9.2439e-05 1.2465e-04 1.0551e-04 1.5152e-04 1.8464e-04 -1.5210e-04 1.0574e-04 1.8525e-04 -2.1491e-06 -1.1488e-05 1.1687e-05 5.3151e-06 1.6474e-05 1.7310e-05 -1.6574e-05 5.1452e-06 1.7354e-05
1.2123e+01 -9.3707e-05 -1.0374e-04 1.3980e-04 1.1819e-04 1.7002e-04 2.0707e-04 -1.6945e-04 1.1795e-04 2.0646e-04 -2.2510e-06 -1.2902e-05 1.3097e-05 5.7312e-06 1.8534e-05 1.9400e-05 -1.8434e-05 5.9009e-06 1.9355e-05
1.1932e+01 -1.0417e-04 -1.1517e-04 1.5530e-04 1.3143e-04 1.8878e-04 2.3002e-04 -1.8936e-04 1.3166e-04 2.3063e-04 -2.6587e-06 -1.4314e-05 1.4559e-05 6.5946e-06 2.0530e-05 2.1564e-05 -2.0630e-05 6.4251e-06 2.1608e-05
1.1745e+01 -1.1606e-04 -1.2847e-04 1.7313e-04 1.4638e-04 2.1055e-04 2.5643e-04 -2.0997e-04 1.4614e-04 2.5583e-04 -2.8058e-06 -1.5976e-05 1.6220e-05 7.1238e-06 2.2946e-05 2.4026e-05 -2.2846e-05 7.2930e-06 2.3982e-05
1.1562e+01 -1.2843e-04 -1.4201e-04 1.9147e-04 1.6202e-04 2.3276e-04 2.8360e-04 -2.3334e-04 1.6226e-04 2.8421e-04 -3.2602e-06 -1.7650e-05 1.7949e-05 8.1050e-06 2.5319e-05 2.6585e-05 -2.5419e-05 7.9361e-06 2.6629e-05
1.1383e+01 -1.4233e-04 -1.5753e-04 2.1230e-04 1.7952e-04 2.5818e-04 3.1446e-04 -2.5761e-04 1.7928e-04 3.1385e-04 -3.4579e-06 -1.9589e-05 1.9892e-05 8.7606e-06 2.8132e-05 2.9464e-05 -2.8032e-05 8.9293e-06 2.9420e-05
1.1209e+01 -1.5682e-04 -1.7342e-04 2.3381e-04 1.9784e-04 2.8425e-04 3.4632e-04 -2.8482e-04 1.9808e-04 3.4693e-04 -3.9644e-06 -2.1555e-05 2.1917e-05 9.8732e-06 3.0924e-05 3.2462e-05 -3.1024e-05 9.7047e-06 3.2506e-05
1.1039e+01 -1.7295e-04 -1.9141e-04 2.5798e-04 2.1815e-04 3.1372e-04 3.8211e-04 -3.1314e-04 2.1792e-04 3.8150e-04 -4.2181e-06 -2.3801e-05 2.4172e-05 1.0669e-05 3.4178e-05 3.5804e-05 -3.4078e-05 1.0837e-05 3.5760e-05
1.0872e+01 -1.8980e-04 -2.0990e-04 2.8299e-04 2.3944e-04 3.4404e-04 4.1916e-04 -3.4462e-04 2.3968e-04 4.1977e-04 -4.7824e-06 -2.6091e-05 2.6525e-05 1.1927e-05 3.7434e-05 3.9288e-05 -3.7534e-05 1.1759e-05 3.9333e-05
1.0709e+01 -2.0840e-04 -2.3062e-04 3.1083e-04 2.6286e-04 3.7798e-04 4.6040e-04 -3.7741e-04 2.6262e-04 4.5979e-04 -5.0978e-06 -2.8676e-05 2.9125e-05 1.2877e-05 4.1175e-05 4.3141e-05 -4.1075e-05 1.3045e-05 4.3097e-05
1.0549e+01 -2.2783e-04 -2.5197e-04 3.3970e-04 2.8741e-04 4.1300e-04 5.0316e-04 -4.1357e-04 2.8765e-04 5.0377e-04 -5.7256e-06 -3.1321e-05 3.1840e-05 1.4295e-05 4.4941e-05 4.7160e-05 -4.5041e-05 1.4128e-05 4.7205e-05
1.0393e+01 -2.4913e-04 -2.7568e-04 3.7157e-04 3.1424e-04 4.5184e-04 5.5037e-04 -4.5126e-04 3.1400e-04 5.4976e-04 -6.1088e-06 -3.4278e-05 3.4818e-05 1.5415e-05 4.9216e-05 5.1573e-05 -4.9116e-05 1.5582e-05 5.1528e-05
1.0240e+01 -2.7139e-04 -3.0016e-04 4.0465e-04 3.4235e-04 4.9198e-04 5.9937e-04 -4.9256e-04 3.4259e-04 5.9999e-04 -6.8061e-06 -3.7312e-05 3.7927e-05 1.7008e-05 5.3540e-05 5.6177e-05 -5.3640e-05 1.6841e-05 5.6222e-05
1.0090e+01 -2.9564e-04 -3.2714e-04 4.4093e-04 3.7291e-04 5.3617e-04 6.5310e-04 -5.3559e-04 3.7267e-04 6.5249e-04 -7.2631e-06 -4.0675e-05 4.1318e-05 1.8312e-05 5.8397e-05 6.1201e-05 -5.8298e-05 1.8479e-05 6.1156e-05
9.9432e+00 -3.2098e-04 -3.5502e-04 4.7860e-04 4.0491e-04 5.8189e-04 7.0891e-04 -5.8247e-04 4.0515e-04 7.0952e-04 -8.0361e-06 -4.4132e-05 4.4857e-05 2.0096e-05 6.3330e-05 6.6442e-05 -6.3429e-05 1.9930e-05 6.6487e-05
9.7994e+00 -3.4843e-04 -3.8554e-04 5.1966e-04 4.3951e-04 6.3190e-04 7.6972e-04 -6.3132e-04 4.3927e-04 7.6910e-04 -8.5733e-06 -4.7936e-05 4.8696e-05 2.1601e-05 6.8819e-05 7.2130e-05 -6.8720e-05 2.1768e-05 7.2085e-05
9.6583e+00 -3.7710e-04 -4.1711e-04 5.6231e-04 4.7571e-04 6.8367e-04 8.3289e-04 -6.8425e-04 4.7595e-04 8.3350e-04 -9.4285e-06 -5.1851e-05 5.2702e-05 2.3592e-05 7.4410e-05 7.8061e-05 -7.4510e-05 2.3426e-05 7.8106e-05
9.5201e+00 -4.0803e-04 -4.5147e-04 6.0853e-04 5.1468e-04 7.3996e-04 9.0136e-04 -7.3938e-04 5.1444e-04 9.0074e-04 -1.0052e-05 -5.6132e-05 5.7025e-05 2.5314e-05 8.0584e-05 8.4467e-05 -8.0485e-05 2.5480e-05 8.4421e-05
9.3845e+00 -4.4030e-04 -4.8702e-04 6.5655e-04 5.5543e-04 7.9826e-04 9.7248e-04 -7.9884e-04 5.5567e-04 9.7309e-04 -1.0996e-05 -6.0543e-05 6.1534e-05 2.7528e-05 8.6886e-05 9.1142e-05 -8.6986e-05 2.7362e-05 9.1188e-05
9.2514e+00 -4.7496e-04 -5.2551e-04 7.0834e-04 5.9911e-04 8.6132e-04 1.0492e-03 -8.6074e-04 5.9887e-04 1.0486e-03 -1.1713e-05 -6.5337e-05 6.6379e-05 2.9484e-05 9.3797e-05 9.8321e-05 -9.3697e-05 2.9649e-05 9.8276e-05
9.1209e+00 -5.1110e-04 -5.6535e-04 7.6213e-04 6.4474e-04 9.2663e-04 1.1289e-03 -9.2722e-04 6.4498e-04 1.1295e-03 -1.2752e-05 -7.0280e-05 7.1428e-05 3.1937e-05 1.0086e-04 1.0580e-04 -1.0096e-04 3.1772e-05 1.0584e-04
8.9927e+00 -5.4976e-04 -6.0827e-04 8.1990e-04 6.9347e-04 9.9696e-04 1.2144e-03 -9.9638e-04 6.9323e-04 1.2138e-03 -1.3570e-05 -7.5626e-05 7.6833e-05 3.4144e-05 1.0856e-04 1.1381e-04 -1.0846e-04 3.4309e-05 1.1376e-04
8.8669e+00 -5.9005e-04 -6.5269e-04 8.7987e-04 7.4433e-04 1.0698e-03 1.3033e-03 -1.0704e-03 7.4457e-04 1.3039e-03 -1.4711e-05 -8.1139e-05 8.2462e-05 3.6855e-05 1.1645e-04 1.2214e-04 -1.1655e-04 3.6690e-05 1.2219e-04
8.7434e+00 -6.3300e-04 -7.0035e-04 9.4403e-04 7.9847e-04 1.1479e-03 1.3983e-03 -1.1473e-03 7.9823e-04 1.3977e-03 -1.5635e-05 -8.7074e-05 8.8466e-05 3.9329e-05 1.2500e-04 1.3104e-04 -1.2490e-04 3.9494e-05 1.3099e-04
8.6220e+00 -6.7771e-04 -7.4967e-04 1.0106e-03 8.5491e-04 1.2287e-03 1.4969e-03 -1.2293e-03 8.5515e-04 1.4975e-03 -1.6886e-05 -9.3196e-05 9.4713e-05 4.2314e-05 1.3375e-04 1.4029e-04 -1.3385e-04 4.2150e-05 1.4033e-04
8.5028e+00 -7.2523e-04 -8.0239e-04 1.0816e-03 9.1481e-04 1.3151e-03 1.6020e-03 -1.3145e-03 9.1457e-04 1.6014e-03 -1.7924e-05 -9.9758e-05 1.0136e-04 4.5075e-05 1.4320e-04 1.5013e-04 -1.4310e-04 4.5239e-05 1.5008e-04
8.3857e+00 -7.7466e-04 -8.5691e-04 1.1552e-03 9.7720e-04 1.4045e-03 1.7110e-03 -1.4051e-03 9.7744e-04 1.7116e-03 -1.9291e-05 -1.0653e-04 1.0826e-04 4.8352e-05 1.5289e-04 1.6036e-04 -1.5299e-04 4.8189e-05 1.6040e-04
8.2705e+00 -8.2703e-04 -9.1500e-04 1.2334e-03 1.0432e-03 1.4997e-03 1.8269e-03 -1.4991e-03 1.0430e-03 1.8262e-03 -2.0450e-05 -1.1376e-04 1.1558e-04 5.1416e-05 1.6330e-04 1.7120e-04 -1.6320e-04 5.1580e-05 1.7116e-04
8.1573e+00 -8.8145e-04 -9.7506e-04 1.3144e-03 1.1119e-03 1.5982e-03 1.9469e-03 -1.5988e-03 1.1122e-03 1.9475e-03 -2.1940e-05 -1.2122e-04 1.2319e-04 5.5004e-05 1.7397e-04 1.8246e-04 -1.7407e-04 5.4841e-05 1.8251e-04
8.0460e+00 -9.3897e-04 -1.0388e-03 1.4003e-03 1.1844e-03 1.7027e-03 2.0741e-03 -1.7021e-03 1.1842e-03 2.0735e-03 -2.3228e-05 -1.2916e-04 1.3123e-04 5.8390e-05 1.8540e-04 1.9438e-04 -1.8530e-04 5.8553e-05 1.9433e-04
7.9365e+00 -9.9869e-04 -1.1048e-03 1.4893e-03 1.2598e-03 1.8108e-03 2.2059e-03 -1.8113e-03 1.2600e-03 2.2065e-03 -2.4849e-05 -1.3734e-04 1.3957e-04 6.2306e-05 1.9712e-04 2.0673e-04 -1.9722e-04 6.2144e-05 2.0678e-04
7.8288e+00 -1.0617e-03 -1.1746e-03 1.5833e-03 1.3392e-03 1.9251e-03 2.3451e-03 -1.9245e-03 1.3389e-03 2.3445e-03 -2.6273e-05 -1.4603e-04 1.4837e-04 6.6033e-05 2.0962e-04 2.1977e-04 -2.0952e-04 6.6195e-05 2.1973e-04
7.7229e+00 -1.1270e-03 -1.2467e-03 1.6805e-03 1.4216e-03 2.0433e-03 2.4892e-03 -2.0439e-03 1.4219e-03 2.4898e-03 -2.8031e-05 -1.5498e-04 1.5750e-04 7.0296e-05 2.2244e-04 2.3328e-04 -2.2254e-04 7.0134e-05 2.3333e-04
7.6186e+00 -1.1957e-03 -1.3228e-03 1.7831e-03 1.5082e-03 2.1681e-03 2.6411e-03 -2.1675e-03 1.5080e-03 2.6405e-03 -2.9598e-05 -1.6446e-04 1.6710e-04 7.4381e-05 2.3607e-04 2.4751e-04 -2.3597e-04 7.4543e-05 2.4747e-04
7.5160e+00 -1.2669e-03 -1.4014e-03 1.8892e-03 1.5981e-03 2.2970e-03 2.7982e-03 -2.2976e-03 1.5983e-03 2.7989e-03 -3.1502e-05 -1.7423e-04 1.7705e-04 7.9009e-05 2.5006e-04 2.6225e-04 -2.5016e-04 7.8848e-05 2.6229e-04
7.4149e+00 -1.3416e-03 -1.4843e-03 2.0008e-03 1.6923e-03 2.4328e-03 2.9635e-03 -2.4322e-03 1.6921e-03 2.9629e-03 -3.3220e-05 -1.8453e-04 1.8750e-04 8.3472e-05 2.6488e-04 2.7773e-04 -2.6478e-04 8.3634e-05 2.7768e-04
7.3154e+00 -1.4190e-03 -1.5698e-03 2.1161e-03 1.7900e-03 2.5729e-03 3.1343e-03 -2.5735e-03 1.7902e-03 3.1349e-03 -3.5276e-05 -1.9515e-04 1.9831e-04 8.8485e-05 2.8009e-04 2.9374e-04 -2.8019e-04 8.8325e-05 2.9379e-04
7.2175e+00 -1.5001e-03 -1.6596e-03 2.2371e-03 1.8923e-03 2.7201e-03 3.3136e-03 -2.7195e-03 1.8920e-03 3.3129e-03 -3.7153e-05 -2.0633e-04 2.0965e-04 9.3345e-05 2.9617e-04 3.1053e-04 -2.9607e-04 9.3506e-05 3.1049e-04
7.1210e+00 -1.5840e-03 -1.7523e-03 2.3621e-03 1.9981e-03 2.8720e-03 3.4987e-03 -2.8726e-03 1.9984e-03 3.4994e-03 -3.9369e-05 -2.1784e-04 2.2137e-04 9.8761e-05 3.1266e-04 3.2789e-04 -3.1276e-04 9.8601e-05 3.2794e-04
7.0259e+00 -1.6717e-03 -1.8495e-03 2.4931e-03 2.1088e-03 3.0314e-03 3.6927e-03 -3.0308e-03 2.1085e-03 3.6921e-03 -4.1412e-05 -2.2994e-04 2.3364e-04 1.0404e-04 3.3005e-04 3.4606e-04 -3.2995e-04 1.0420e-04 3.4602e-04
6.9322e+00 -1.7624e-03 -1.9497e-03 2.6282e-03 2.2232e-03 3.1956e-03 3.8929e-03 -3.1962e-03 2.2235e-03 3.8935e-03 -4.3796e-05 -2.4238e-04 2.4631e-04 1.0988e-04 3.4789e-04 3.6483e-04 -3.4799e-04 1.0972e-04 3.6488e-04
6.8399e+00 -1.8571e-03 -2.0546e-03 2.7695e-03 2.3426e-03 3.3675e-03 4.1022e-03 -3.3669e-03 2.3424e-03 4.1016e-03 -4.6012e-05 -2.5544e-04 2.5955e-04 1.1559e-04 3.6666e-04 3.8444e-04 -3.6656e-04 1.1575e-04 3.8440e-04
6.7489e+00 -1.9550e-03 -2.1627e-03 2.9153e-03 2.4661e-03 3.5447e-03 4.3181e-03 -3.5453e-03 2.4663e-03 4.3188e-03 -4.8572e-05 -2.6886e-04 2.7321e-04 1.2187e-04 3.8590e-04 4.0468e-04 -3.8600e-04 1.2171e-04 4.0473e-04
6.6592e+00 -2.0569e-03 -2.2756e-03 3.0675e-03 2.5947e-03 3.7298e-03 4.5435e-03 -3.7292e-03 2.5944e-03 4.5429e-03 -5.0970e-05 -2.8291e-04 2.8747e-04 1.2803e-04 4.0610e-04 4.2580e-04 -4.0600e-04 1.2819e-04 4.2575e-04
6.5708e+00 -2.1622e-03 -2.3919e-03 3.2243e-03 2.7275e-03 3.9204e-03 4.7759e-03 -3.9210e-03 2.7277e-03 4.7765e-03 -5.3713e-05 -2.9736e-04 3.0217e-04 1.3477e-04 4.2681e-04 4.4758e-04 -4.2691e-04 1.3462e-04 4.4763e-04
6.4836e+00 -2.2717e-03 -2.5133e-03 3.3878e-03 2.8656e-03 4.1193e-03 5.0180e-03 -4.1187e-03 2.8654e-03 5.0174e-03 -5.6301e-05 -3.1246e-04 3.1749e-04 1.4141e-04 4.4850e-04 4.7027e-04 -4.4840e-04 1.4157e-04 4.7022e-04
6.3975e+00 -2.3847e-03 -2.6381e-03 3.5562e-03 3.0082e-03 4.3240e-03 5.2674e-03 -4.3246e-03 3.0084e-03 5.2681e-03 -5.9235e-05 -3.2797e-04 3.3328e-04 1.4864e-04 4.7074e-04 4.9365e-04 -4.7084e-04 1.4848e-04 4.9370e-04
6.3127e+00 -2.5022e-03 -2.7682e-03 3.7315e-03 3.1563e-03 4.5372e-03 5.5270e-03 -4.5365e-03 3.1561e-03 5.5264e-03 -6.2019e-05 -3.4415e-04 3.4970e-04 1.5577e-04 4.9400e-04 5.1797e-04 -4.9389e-04 1.5593e-04 5.1792e-04
6.2290e+00 -2.6232e-03 -2.9020e-03 3.9119e-03 3.3091e-03 4.7564e-03 5.7943e-03 -4.7570e-03 3.3093e-03 5.7949e-03 -6.5152e-05 -3.6077e-04 3.6661e-04 1.6349e-04 5.1782e-04 5.4302e-04 -5.1792e-04 1.6333e-04 5.4307e-04
6.1464e+00 -2.7489e-03 -3.0411e-03 4.0994e-03 3.4675e-03 4.9845e-03 6.0720e-03 -4.9839e-03 3.4673e-03 6.0714e-03 -6.8141e-05 -3.7808e-04 3.8418e-04 1.7114e-04 5.4270e-04 5.6904e-04 -5.4260e-04 1.7129e-04 5.6900e-04
6.0649e+00 -2.8783e-03 -3.1842e-03 4.2923e-03 3.6308e-03 5.2190e-03 6.3577e-03 -5.2196e-03 3.6311e-03 6.3584e-03 -7.1480e-05 -3.9586e-04 4.0226e-04 1.7938e-04 5.6818e-04 5.9582e-04 -5.6828e-04 1.7922e-04 5.9587e-04
5.9845e+00 -3.0125e-03 -3.3328e-03 4.4925e-03 3.8001e-03 5.4625e-03 6.6543e-03 -5.4619e-03 3.7998e-03 6.6536e-03 -7.4682e-05 -4.1434e-04 4.2102e-04 1.8756e-04 5.9474e-04 6.2361e-04 -5.9464e-04 1.8772e-04 6.2357e-04
5.9051e+00 -3.1506e-03 -3.4854e-03 4.6984e-03 3.9743e-03 5.7127e-03 6.9592e-03 -5.7133e-03 3.9746e-03 6.9598e-03 -7.8236e-05 -4.3331e-04 4.4031e-04 1.9634e-04 6.2194e-04 6.5219e-04 -6.2204e-04 1.9618e-04 6.5224e-04
5.8267e+00 -3.2937e-03 -3.6438e-03 4.9118e-03 4.1547e-03 5.9723e-03 7.2753e-03 -5.9717e-03 4.1545e-03 7.2746e-03 -8.1659e-05 -4.5301e-04 4.6031e-04 2.0507e-04 6.5024e-04 6.8181e-04 -6.5014e-04 2.0523e-04 6.8176e-04
5.7493e+00 -3.4408e-03 -3.8064e-03 5.1310e-03 4.3403e-03 6.2388e-03 7.6001e-03 -6.2395e-03 4.3406e-03 7.6008e-03 -8.5435e-05 -4.7321e-04 4.8086e-04 2.1441e-04 6.7922e-04 7.1225e-04 -6.7932e-04 2.1426e-04 7.1230e-04
5.6729e+00 -3.5930e-03 -3.9749e-03 5.3581e-03 4.5323e-03 6.5150e-03 7.9364e-03 -6.5144e-03 4.5320e-03 7.9358e-03 -8.9086e-05 -4.9418e-04 5.0214e-04 2.2372e-04 7.0933e-04 7.4377e-04 -7.0923e-04 2.2387e-04 7.4372e-04
5.5974e+00 -3.7494e-03 -4.1478e-03 5.5913e-03 4.7296e-03 6.7984e-03 8.2818e-03 -6.7991e-03 4.7299e-03 8.2825e-03 -9.3092e-05 -5.1566e-04 5.2400e-04 2.3364e-04 7.4014e-04 7.7614e-04 -7.4024e-04 2.3348e-04 7.7619e-04
5.5229e+00 -3.9111e-03 -4.3269e-03 5.8325e-03 4.9336e-03 7.0918e-03 8.6391e-03 -7.0912e-03 4.9333e-03 8.6384e-03 -9.6980e-05 -5.3793e-04 5.4660e-04 2.4353e-04 7.7213e-04 8.0962e-04 -7.7203e-04 2.4369e-04 8.0957e-04
5.4492e+00 -4.0771e-03 -4.5104e-03 6.0800e-03 5.1431e-03 7.3927e-03 9.0057e-03 -7.3934e-03 5.1433e-03 9.0064e-03 -1.0122e-04 -5.6074e-04 5.6980e-04 2.5405e-04 8.0484e-04 8.4399e-04 -8.0494e-04 2.5390e-04 8.4404e-04
5.3765e+00 -4.2486e-03 -4.7003e-03 6.3359e-03 5.3593e-03 7.7039e-03 9.3847e-03 -7.7032e-03 5.3591e-03 9.3840e-03 -1.0536e-04 -5.8435e-04 5.9377e-04 2.6456e-04 8.3876e-04 8.7950e-04 -8.3866e-04 2.6471e-04 8.7945e-04
5.3046e+00 -4.4246e-03 -4.8948e-03 6.5982e-03 5.5814e-03 8.0228e-03 9.7733e-03 -8.0235e-03 5.5817e-03 9.7740e-03 -1.0984e-04 -6.0853e-04 6.1836e-04 2.7569e-04 8.7344e-04 9.1592e-04 -8.7354e-04 2.7554e-04 9.1597e-04
5.2336e+00 -4.6062e-03 -5.0959e-03 6.8692e-03 5.8104e-03 8.3523e-03 1.0175e-02 -8.3516e-03 5.8102e-03 1.0174e-02 -1.1423e-04 -6.3353e-04 6.4375e-04 2.8684e-04 9.0936e-04 9.5352e-04 -9.0926e-04 2.8699e-04 9.5347e-04
5.1634e+00 -4.7925e-03 -5.3018e-03 7.1468e-03 6.0454e-03 8.6898e-03 1.0586e-02 -8.6905e-03 6.0457e-03 1.0587e-02 -1.1897e-04 -6.5912e-04 6.6977e-04 2.9861e-04 9.4606e-04 9.9207e-04 -9.4616e-04 2.9846e-04 9.9212e-04
5.0940e+00 -4.9845e-03 -5.5144e-03 7.4333e-03 6.2876e-03 9.0382e-03 1.1010e-02 -9.0375e-03 6.2873e-03 1.1009e-02 -1.2362e-04 -6.8556e-04 6.9662e-04 3.1040e-04 9.8403e-04 1.0318e-03 -9.8393e-04 3.1055e-04 1.0318e-03
5.0254e+00 -5.1814e-03 -5.7320e-03 7.7267e-03 6.5360e-03 9.3949e-03 1.1445e-02 -9.3956e-03 6.5362e-03 1.1445e-02 -1.2862e-04 -7.1261e-04 7.2412e-04 3.2283e-04 1.0228e-03 1.0726e-03 -1.0229e-03 3.2268e-04 1.0726e-03
4.9576e+00 -5.3841e-03 -5.9564e-03 8.0292e-03 6.7917e-03 9.7628e-03 1.1893e-02 -9.7621e-03 6.7914e-03 1.1892e-02 -1.3353e-04 -7.4052e-04 7.5246e-04 3.3529e-04 1.0629e-03 1.1145e-03 -1.0628e-03 3.3544e-04 1.1145e-03
4.8906e+00 -5.5918e-03 -6.1861e-03 8.3389e-03 7.0538e-03 1.0139e-02 1.2351e-02 -1.0140e-02 7.0540e-03 1.2352e-02 -1.3880e-04 -7.6906e-04 7.8149e-04 3.4839e-04 1.1039e-03 1.1575e-03 -1.1040e-03 3.4825e-04 1.1576e-03
4.8243e+00 -5.8056e-03 -6.4228e-03 8.6578e-03 7.3234e-03 1.0527e-02 1.2824e-02 -1.0526e-02 7.3231e-03 1.2823e-02 -1.4399e-04 -7.9849e-04 8.1137e-04 3.6155e-04 1.1461e-03 1.2018e-03 -1.1460e-03 3.6170e-04 1.2018e-03
4.7588e+00 -6.0246e-03 -6.6648e-03 8.9842e-03 7.5996e-03 1.0924e-02 1.3307e-02 -1.0925e-02 7.5999e-03 1.3308e-02 -1.4954e-04 -8.2858e-04 8.4196e-04 3.7535e-04 1.1893e-03 1.2471e-03 -1.1894e-03 3.7520e-04 1.2472e-03
4.6940e+00 -6.2497e-03 -6.9140e-03 9.3200e-03 7.8836e-03 1.1332e-02 1.3805e-02 -1.1332e-02 7.8833e-03 1.3804e-02 -1.5501e-04 -8.5957e-04 8.7343e-04 3.8921e-04 1.2338e-03 1.2937e-03 -1.2337e-03 3.8936e-04 1.2937e-03
4.6299e+00 -6.4801e-03 -7.1688e-03 9.6636e-03 8.1743e-03 1.1750e-02 1.4314e-02 -1.1751e-02 8.1746e-03 1.4314e-02 -1.6084e-04 -8.9123e-04 9.0563e-04 4.0372e-04 1.2792e-03 1.3414e-03 -1.2793e-03 4.0358e-04 1.3415e-03
4.5665e+00 -6.7169e-03 -7.4309e-03 1.0017e-02 8.4730e-03 1.2179e-02 1.4837e-02 -1.2179e-02 8.4727e-03 1.4836e-02 -1.6660e-04 -9.2383e-04 9.3873e-04 4.1832e-04 1.3260e-03 1.3905e-03 -1.3259e-03 4.1847e-04 1.3904e-03
4.5038e+00 -6.9592e-03 -7.6988e-03 1.0378e-02 8.7785e-03 1.2619e-02 1.5372e-02 -1.2619e-02 8.7788e-03 1.5372e-02 -1.7272e-04 -9.5712e-04 9.7258e-04 4.3356e-04 1.3738e-03 1.4406e-03 -1.3739e-03 4.3341e-04 1.4406e-03
4.4418e+00 -7.2079e-03 -7.9741e-03 1.0749e-02 9.0923e-03 1.3070e-02 1.5921e-02 -1.3069e-02 9.0920e-03 1.5921e-02 -1.7879e-04 -9.9136e-04 1.0074e-03 4.4890e-04 1.4230e-03 1.4921e-03 -1.4229e-03 4.4905e-04 1.4920e-03
4.3804e+00 -7.4623e-03 -8.2553e-03 1.1128e-02 9.4131e-03 1.3531e-02 1.6483e-02 -1.3531e-02 9.4135e-03 1.6484e-02 -1.8521e-04 -1.0263e-03 1.0429e-03 4.6490e-04 1.4731e-03 1.5447e-03 -1.4732e-03 4.6475e-04 1.5448e-03
4.3197e+00 -7.7232e-03 -8.5442e-03 1.1517e-02 9.7424e-03 1.4004e-02 1.7060e-02 -1.4003e-02 9.7421e-03 1.7059e-02 -1.9158e-04 -1.0622e-03 1.0794e-03 4.8101e-04 1.5247e-03 1.5988e-03 -1.5246e-03 4.8115e-04 1.5987e-03
4.2596e+00 -7.9900e-03 -8.8391e-03 1.1915e-02 1.0079e-02 1.4488e-02 1.7649e-02 -1.4488e-02 1.0079e-02 1.7649e-02 -1.9830e-04 -1.0989e-03 1.1166e-03 4.9777e-04 1.5773e-03 1.6540e-03 -1.5774e-03 4.9762e-04 1.6540e-03
4.2001e+00 -8.2635e-03 -9.1419e-03 1.2323e-02 1.0424e-02 1.4984e-02 1.8253e-02 -1.4983e-02 1.0424e-02 1.8252e-02 -2.0498e-04 -1.1365e-03 1.1549e-03 5.1466e-04 1.6313e-03 1.7106e-03 -1.6312e-03 5.1480e-04 1.7105e-03
4.1412e+00 -8.5429e-03 -9.4508e-03 1.2740e-02 1.0776e-02 1.5490e-02 1.8870e-02 -1.5491e-02 1.0777e-02 1.8871e-02 -2.1202e-04 -1.1749e-03 1.1939e-03 5.3221e-04 1.6864e-03 1.7684e-03 -1.6865e-03 5.3206e-04 1.7685e-03
4.0830e+00 -8.8292e-03 -9.7677e-03 1.3167e-02 1.1138e-02 1.6010e-02 1.9503e-02 -1.6009e-02 1.1137e-02 1.9502e-02 -2.1902e-04 -1.2143e-03 1.2339e-03 5.4990e-04 1.7430e-03 1.8277e-03 -1.7429e-03 5.5004e-04 1.8277e-03
4.0253e+00 -9.1216e-03 -1.0091e-02 1.3603e-02 1.1506e-02 1.6540e-02 2.0148e-02 -1.6540e-02 1.1507e-02 2.0149e-02 -2.2637e-04 -1.2545e-03 1.2748e-03 5.6825e-04 1.8007e-03 1.8882e-03 -1.8008e-03 5.6811e-04 1.8883e-03
3.9683e+00 -9.4210e-03 -1.0422e-02 1.4049e-02 1.1884e-02 1.7083e-02 2.0810e-02 -1.7082e-02 1.1884e-02 2.0809e-02 -2.3371e-04 -1.2957e-03 1.3167e-03 5.8677e-04 1.8599e-03 1.9502e-03 -1.8598e-03 5.8691e-04 1.9502e-03
3.9118e+00 -9.7266e-03 -1.0760e-02 1.4505e-02 1.2269e-02 1.7637e-02 2.1485e-02 -1.7637e-02 1.2270e-02 2.1485e-02 -2.4138e-04 -1.3377e-03 1.3593e-03 6.0594e-04 1.9201e-03 2.0135e-03 -1.9202e-03 6.0580e-04 2.0135e-03
3.8559e+00 -1.0039e-02 -1.1107e-02 1.4972e-02 1.2664e-02 1.8204e-02 2.2176e-02 -1.8203e-02 1.2664e-02 2.2175e-02 -2.4905e-04 -1.3808e-03 1.4031e-03 6.2529e-04 1.9819e-03 2.0782e-03 -1.9818e-03 6.2543e-04 2.0782e-03
3.8005e+00 -1.0359e-02 -1.1459e-02 1.5447e-02 1.3067e-02 1.8782e-02 2.2880e-02 -1.8783e-02 1.3067e-02 2.2881e-02 -2.5706e-04 -1.4246e-03 1.4477e-03 6.4529e-04 2.0449e-03 2.1443e-03 -2.0450e-03 6.4516e-04 2.1443e-03
3.7457e+00 -1.0685e-02 -1.1821e-02 1.5934e-02 1.3478e-02 1.9374e-02 2.3602e-02 -1.9374e-02 1.3478e-02 2.3601e-02 -2.6507e-04 -1.4696e-03 1.4933e-03 6.6550e-04 2.1094e-03 2.2119e-03 -2.1093e-03 6.6564e-04 2.2118e-03
3.6914e+00 -1.1018e-02 -1.2189e-02 1.6430e-02 1.3898e-02 1.9978e-02 2.4337e-02 -1.9978e-02 1.3899e-02 2.4337e-02 -2.7342e-04 -1.5153e-03 1.5398e-03 6.8635e-04 2.1750e-03 2.2807e-03 -2.1751e-03 6.8622e-04 2.2808e-03
3.6376e+00 -1.1358e-02 -1.2565e-02 1.6938e-02 1.4327e-02 2.0595e-02 2.5088e-02 -2.0594e-02 1.4327e-02 2.5087e-02 -2.8177e-04 -1.5621e-03 1.5874e-03 7.0743e-04 2.2422e-03 2.3512e-03 -2.2421e-03 7.0756e-04 2.3511e-03
3.5844e+00 -1.1705e-02 -1.2949e-02 1.7455e-02 1.4765e-02 2.1224e-02 2.5854e-02 -2.1224e-02 1.4765e-02 2.5855e-02 -2.9046e-04 -1.6098e-03 1.6358e-03 7.2915e-04 2.3106e-03 2.4230e-03 -2.3107e-03 7.2902e-04 2.4230e-03
3.5317e+00 -1.2059e-02 -1.3341e-02 1.7984e-02 1.5212e-02 2.1866e-02 2.6637e-02 -2.1865e-02 1.5212e-02 2.6636e-02 -2.9917e-04 -1.6586e-03 1.6854e-03 7.5111e-04 2.3807e-03 2.4963e-03 -2.3806e-03 7.5124e-04 2.4963e-03
3.4795e+00 -1.2420e-02 -1.3740e-02 1.8522e-02 1.5667e-02 2.2521e-02 2.7434e-02 -2.2522e-02 1.5668e-02 2.7435e-02 -3.0821e-04 -1.7082e-03 1.7358e-03 7.7371e-04 2.4519e-03 2.5711e-03 -2.4520e-03 7.7358e-04 2.5711e-03
3.4278e+00 -1.2789e-02 -1.4148e-02 1.9072e-02 1.6133e-02 2.3189e-02 2.8249e-02 -2.3189e-02 1.6132e-02 2.8248e-02 -3.1728e-04 -1.7590e-03 1.7873e-03 7.9657e-04 2.5247e-03 2.6474e-03 -2.5246e-03 7.9670e-04 2.6473e-03
3.3766e+00 -1.3164e-02 -1.4564e-02 1.9632e-02 1.6606e-02 2.3870e-02 2.9078e-02 -2.3871e-02 1.6606e-02 2.9079e-02 -3.2667e-04 -1.8106e-03 1.8398e-03 8.2006e-04 2.5988e-03 2.7251e-03 -2.5989e-03 8.1993e-04 2.7252e-03
3.3259e+00 -1.3548e-02 -1.4988e-02 2.0203e-02 1.7090e-02 2.4565e-02 2.9925e-02 -2.4564e-02 1.7089e-02 2.9924e-02 -3.3611e-04 -1.8633e-03 1.8934e-03 8.4383e-04 2.6745e-03 2.8045e-03 -2.6744e-03 8.4396e-04 2.8044e-03
3.2757e+00 -1.3938e-02 -1.5419e-02 2.0785e-02 1.7581e-02 2.5272e-02 3.0786e-02 -2.5273e-02 1.7582e-02 3.0787e-02 -3.4586e-04 -1.9169e-03 1.9479e-03 8.6823e-04 2.7514e-03 2.8852e-03 -2.7516e-03 8.6810e-04 2.8852e-03
3.2259e+00 -1.4336e-02 -1.5859e-02 2.1378e-02 1.8084e-02 2.5994e-02 3.1666e-02 -2.5993e-02 1.8083e-02 3.1665e-02 -3.5566e-04 -1.9717e-03 2.0035e-03 8.9292e-04 2.8301e-03 2.9676e-03 -2.8300e-03 8.9305e-04 2.9675e-03
3.1766e+00 -1.4741e-02 -1.6307e-02 2.1982e-02 1.8594e-02 2.6728e-02 3.2560e-02 -2.6729e-02 1.8595e-02 3.2561e-02 -3.6578e-04 -2.0273e-03 2.0601e-03 9.1823e-04 2.9099e-03 3.0514e-03 -2.9101e-03 9.1811e-04 3.0514e-03
3.1278e+00 -1.5154e-02 -1.6764e-02 2.2598e-02 1.9115e-02 2.7477e-02 3.3472e-02 -2.7476e-02 1.9115e-02 3.3471e-02 -3.7596e-04 -2.0842e-03 2.1178e-03 9.4387e-04 2.9915e-03 3.1369e-03 -2.9914e-03 9.4399e-04 3.1368e-03
3.0795e+00 -1.5573e-02 -1.7229e-02 2.3224e-02 1.9645e-02 2.8238e-02 3.4399e-02 -2.8239e-02 1.9645e-02 3.4400e-02 -3.8644e-04 -2.1419e-03 2.1764e-03 9.7010e-04 3.0743e-03 3.2238e-03 -3.0745e-03 9.6998e-04 3.2238e-03
3.0316e+00 -1.6001e-02 -1.7702e-02 2.3862e-02 2.0185e-02 2.9014e-02 3.5345e-02 -2.9013e-02 2.0184e-02 3.5344e-02 -3.9700e-04 -2.2008e-03 2.2363e-03 9.9668e-04 3.1589e-03 3.3124e-03 -3.1588e-03 9.9680e-04 3.3123e-03
2.9841e+00 -1.6436e-02 -1.8183e-02 2.4511e-02 2.0733e-02 2.9803e-02 3.6305e-02 -2.9804e-02 2.0734e-02 3.6307e-02 -4.0784e-04 -2.2606e-03 2.2971e-03 1.0239e-03 3.2447e-03 3.4024e-03 -3.2448e-03 1.0237e-03 3.4025e-03
2.9371e+00 -1.6880e-02 -1.8674e-02 2.5172e-02 2.1293e-02 3.0607e-02 3.7285e-02 -3.0606e-02 2.1292e-02 3.7283e-02 -4.1879e-04 -2.3216e-03 2.3590e-03 1.0514e-03 3.3323e-03 3.4942e-03 -3.3321e-03 1.0515e-03 3.4941e-03
2.8905e+00 -1.7330e-02 -1.9172e-02 2.5843e-02 2.1860e-02 3.1423e-02 3.8279e-02 -3.1424e-02 2.1861e-02 3.8280e-02 -4.3001e-04 -2.3834e-03 2.4219e-03 1.0795e-03 3.4211e-03 3.5873e-03 -3.4212e-03 1.0794e-03 3.5874e-03
2.8443e+00 -1.7788e-02 -1.9679e-02 2.6527e-02 2.2440e-02 3.2254e-02 3.9292e-02 -3.2253e-02 2.2438e-02 3.9291e-02 -4.4134e-04 -2.4466e-03 2.4861e-03 1.1080e-03 3.5117e-03 3.6823e-03 -3.5116e-03 1.1081e-03 3.6822e-03
2.7986e+00 -1.8254e-02 -2.0194e-02 2.7222e-02 2.3025e-02 3.3099e-02 4.0320e-02 -3.3100e-02 2.3027e-02 4.0322e-02 -4.5293e-04 -2.5105e-03 2.5511e-03 1.1371e-03 3.6035e-03 3.7786e-03 -3.6036e-03 1.1370e-03 3.7787e-03
2.7533e+00 -1.8728e-02 -2.0718e-02 2.7928e-02 2.3625e-02 3.3958e-02 4.1368e-02 -3.3957e-02 2.3623e-02 4.1366e-02 -4.6466e-04 -2.5758e-03 2.6174e-03 1.1665e-03 3.6972e-03 3.8768e-03 -3.6970e-03 1.1666e-03 3.8767e-03
2.7085e+00 -1.9209e-02 -2.1251e-02 2.8646e-02 2.4230e-02 3.4830e-02 4.2429e-02 -3.4832e-02 2.4232e-02 4.2431e-02 -4.7662e-04 -2.6419e-03 2.6845e-03 1.1965e-03 3.7920e-03 3.9763e-03 -3.7922e-03 1.1964e-03 3.9764e-03
2.6640e+00 -1.9698e-02 -2.1792e-02 2.9376e-02 2.4850e-02 3.5718e-02 4.3512e-02 -3.5716e-02 2.4848e-02 4.3509e-02 -4.8875e-04 -2.7093e-03 2.7530e-03 1.2270e-03 3.8888e-03 4.0778e-03 -3.8886e-03 1.2271e-03 4.0776e-03
2.6199e+00 -2.0195e-02 -2.2341e-02 3.0116e-02 2.5473e-02 3.6618e-02 4.4607e-02 -3.6620e-02 2.5475e-02 4.4610e-02 -5.0108e-04 -2.7775e-03 2.8223e-03 1.2579e-03 3.9867e-03 4.1804e-03 -3.9868e-03 1.2579e-03 4.1805e-03
2.5763e+00 -2.0700e-02 -2.2900e-02 3.0869e-02 2.6114e-02 3.7534e-02 4.5725e-02 -3.7532e-02 2.6111e-02 4.5721e-02 -5.1361e-04 -2.8471e-03 2.8930e-03 1.2894e-03 4.0865e-03 4.2851e-03 -4.0863e-03 1.2895e-03 4.2850e-03
2.5331e+00 -2.1212e-02 -2.3467e-02 3.1633e-02 2.6754e-02 3.8463e-02 4.6853e-02 -3.8465e-02 2.6759e-02 4.6857e-02 -5.2630e-04 -2.9173e-03 2.9644e-03 1.3213e-03 4.1874e-03 4.3909e-03 -4.1876e-03 1.3212e-03 4.3911e-03
2.4902e+00 -2.1733e-02 -2.4042e-02 3.2409e-02 2.7419e-02 3.9406e-02 4.8007e-02 -3.9404e-02 2.7413e-02 4.8002e-02 -5.3925e-04 -2.9891e-03 3.0374e-03 1.3538e-03 4.2904e-03 4.4989e-03 -4.2902e-03 1.3538e-03 4.4987e-03
2.4478e+00 -2.2260e-02 -2.4626e-02 3.3196e-02 2.8072e-02 4.0364e-02 4.9166e-02 -4.0366e-02 2.8081e-02 4.9173e-02 -5.5229e-04 -3.0614e-03 3.1108e-03 1.3865e-03 4.3943e-03 4.6078e-03 -4.3945e-03 1.3865e-03 4.6081e-03
2.4057e+00 -2.2796e-02 -2.5219e-02 3.3995e-02 2.8769e-02 4.1334e-02 5.0360e-02 -4.1331e-02 2.8755e-02 5.0350e-02 -5.6567e-04 -3.1355e-03 3.1861e-03 1.4201e-03 4.5005e-03 4.7192e-03 -4.5002e-03 1.4201e-03 4.7189e-03
2.3641e+00 -2.3339e-02 -2.5820e-02 3.4805e-02 2.9416e-02 4.2322e-02 5.1540e-02 -4.2325e-02 2.9443e-02 5.1559e-02 -5.7902e-04 -3.2097e-03 3.2615e-03 1.4536e-03 4.6072e-03 4.8310e-03 -4.6076e-03 1.4537e-03 4.8315e-03
2.3228e+00 -2.3891e-02 -2.6430e-02 3.5628e-02 3.0200e-02 4.3315e-02 5.2804e-02 -4.3312e-02 3.0134e-02 5.2764e-02 -5.9291e-04 -3.2863e-03 3.3393e-03 1.4885e-03 4.7169e-03 4.9462e-03 -4.7163e-03 1.4882e-03 4.9455e-03
2.2819e+00 -2.4450e-02 -2.7048e-02 3.6461e-02 3.0190e-02 4.3926e-02 5.3300e-02 -4.4346e-02 3.0844e-02 5.4018e-02 -6.0640e-04 -3.3619e-03 3.4161e-03 1.5219e-03 4.8259e-03 5.0602e-03 -4.8267e-03 1.5228e-03 5.0612e-03
2.2414e+00 -2.5015e-02 -2.7674e-02 3.7304e-02 2.3156e-02 2.8827e-02 3.6976e-02 -4.5194e-02 3.1462e-02 5.5067e-02 -6.2431e-04 -3.4521e-03 3.5081e-03 1.5725e-03 4.9726e-03 5.2153e-03 -4.9387e-03 1.5584e-03 5.1787e-03
2.2013e+00 -2.5581e-02 -2.8297e-02 3.8146e-02 1.8359e-02 1.9659e-02 2.6899e-02 -4.5723e-02 3.1924e-02 5.5765e-02 -6.4982e-04 -3.5664e-03 3.6252e-03 1.6565e-03 5.1877e-03 5.4458e-03 -5.0540e-03 1.5948e-03 5.2996e-03
2.1615e+00 -2.6143e-02 -2.8912e-02 3.8979e-02 1.5282e-02 1.3360e-02 2.0298e-02 -4.6100e-02 3.2304e-02 5.6291e-02 -6.7971e-04 -3.6945e-03 3.7565e-03 1.7605e-03 5.4467e-03 5.7242e-03 -5.1733e-03 1.6334e-03 5.4250e-03
2.1221e+00 -2.6698e-02 -2.9514e-02 3.9798e-02 1.2777e-02 8.2694e-03 1.5220e-02 -4.6333e-02 3.2613e-02 5.6660e-02 -7.1423e-04 -3.8366e-03 3.9025e-03 1.8864e-03 5.7489e-03 6.0505e-03 -5.2980e-03 1.6737e-03 5.5561e-03
2.0831e+00 -2.7243e-02 -3.0101e-02 4.0598e-02 1.0690e-02 3.8682e-03 1.1369e-02 -4.6471e-02 3.2873e-02 5.6922e-02 -7.5280e-04 -3.9903e-03 4.0607e-03 2.0334e-03 6.0922e-03 6.4226e-03 -5.4284e-03 1.7172e-03 5.6935e-03
2.0445e+00 -2.7776e-02 -3.0668e-02 4.1377e-02 8.8214e-03 -6.2979e-05 8.8216e-03 -4.6508e-02 3.3085e-02 5.7075e-02 -7.9607e-04 -4.1570e-03 4.2325e-03 2.2056e-03 6.4814e-03 6.8464e-03 -5.5658e-03 1.7632e-03 5.8384e-03
2.0062e+00 -2.8296e-02 -3.1215e-02 4.2132e-02 7.1502e-03 -3.6742e-03 8.0390e-03 -4.6470e-02 3.3258e-02 5.7145e-02 -8.4410e-04 -4.3360e-03 4.4174e-03 2.4049e-03 6.9185e-03 7.3246e-03 -5.7106e-03 1.8133e-03 5.9915e-03
1.9683e+00 -2.8802e-02 -3.1740e-02 4.2860e-02 5.5941e-03 -7.0394e-03 8.9915e-03 -4.6352e-02 3.3394e-02 5.7128e-02 -8.9767e-04 -4.5290e-03 4.6171e-03 2.6371e-03 7.4108e-03 7.8660e-03 -5.8642e-03 1.8670e-03 6.1542e-03
1.9308e+00 -2.9293e-02 -3.2242e-02 4.3561e-02 4.1516e-03 -1.0231e-02 1.1041e-02 -4.6171e-02 3.3498e-02 5.7043e-02 -9.5735e-04 -4.7361e-03 4.8319e-03 2.9068e-03 7.9632e-03 8.4771e-03 -6.0271e-03 1.9260e-03 6.3274e-03
1.8936e+00 -2.9767e-02 -3.2718e-02 4.4233e-02 2.7763e-03 -1.3283e-02 1.3570e-02 -4.5921e-02 3.3570e-02 5.6883e-02 -1.0241e-03 -4.9595e-03 5.0642e-03 3.2225e-03 8.5856e-03 9.1705e-03 -6.2011e-03 1.9901e-03 6.5126e-03
1.8568e+00 -3.0224e-02 -3.3170e-02 4.4874e-02 1.4713e-03 -1.6239e-02 1.6306e-02 -4.5616e-02 3.3615e-02 5.6664e-02 -1.0991e-03 -5.2000e-03 5.3148e-03 3.5924e-03 9.2866e-03 9.9572e-03 -6.3868e-03 2.0612e-03 6.7112e-03
1.8203e+00 -3.0662e-02 -3.3594e-02 4.5484e-02 2.0578e-04 -1.9120e-02 1.9121e-02 -4.5250e-02 3.3631e-02 5.6379e-02 -1.1836e-03 -5.4601e-03 5.5869e-03 4.0294e-03 1.0080e-02 1.0856e-02 -6.5865e-03 2.1394e-03 6.9252e-03
1.7842e+00 -3.1083e-02 -3.3994e-02 4.6062e-02 -1.0156e-03 -2.1957e-02 2.1980e-02 -4.4832e-02 3.3623e-02 5.6040e-02 -1.2794e-03 -5.7414e-03 5.8822e-03 4.5479e-03 1.0979e-02 1.1884e-02 -6.8011e-03 2.2270e-03 7.1564e-03
1.7485e+00 -3.1484e-02 -3.4366e-02 4.6608e-02 -2.2159e-03 -2.4763e-02 2.4862e-02 -4.4358e-02 3.3590e-02 5.5641e-02 -1.3887e-03 -6.0475e-03 6.2049e-03 5.1688e-03 1.2003e-02 1.3069e-02 -7.0333e-03 2.3248e-03 7.4075e-03
1.7131e+00 -3.1867e-02 -3.4712e-02 4.7121e-02 -3.3895e-03 -2.7565e-02 2.7772e-02 -4.3836e-02 3.3535e-02 5.5192e-02 -1.5143e-03 -6.3807e-03 6.5579e-03 5.9169e-03 1.3173e-02 1.4441e-02 -7.2848e-03 2.4357e-03 7.6812e-03
1.6780e+00 -3.2230e-02 -3.5030e-02 4.7601e-02 -4.5551e-03 -3.0373e-02 3.0713e-02 -4.3261e-02 3.3456e-02 5.4688e-02 -1.6596e-03 -6.7458e-03 6.9469e-03 6.8282e-03 1.4517e-02 1.6042e-02 -7.5589e-03 2.5614e-03 7.9811e-03
1.6434e+00 -3.2573e-02 -3.5323e-02 4.8049e-02 -5.7065e-03 -3.3213e-02 3.3700e-02 -4.2639e-02 3.3355e-02 5.4135e-02 -1.8293e-03 -7.1465e-03 7.3769e-03 7.9474e-03 1.6065e-02 1.7923e-02 -7.8583e-03 2.7062e-03 8.3112e-03
1.6090e+00 -3.2896e-02 -3.5589e-02 4.8464e-02 -6.8594e-03 -3.6095e-02 3.6741e-02 -4.1965e-02 3.3233e-02 5.3530e-02 -2.0289e-03 -7.5893e-03 7.8558e-03 9.3393e-03 1.7860e-02 2.0154e-02 -8.1873e-03 2.8732e-03 8.6768e-03
1.5750e+00 -3.3201e-02 -3.5830e-02 4.8847e-02 -8.0067e-03 -3.9045e-02 3.9857e-02 -4.1244e-02 3.3090e-02 5.2878e-02 -2.2664e-03 -8.0801e-03 8.3919e-03 1.1089e-02 1.9946e-02 2.2822e-02 -8.5499e-03 3.0691e-03 9.0840e-03
1.5414e+00 -3.3484e-02 -3.6045e-02 4.9198e-02 -9.1619e-03 -4.2076e-02 4.3062e-02 -4.0472e-02 3.2927e-02 5.2174e-02 -2.5518e-03 -8.6276e-03 8.9971e-03 1.3321e-02 2.2386e-02 2.6050e-02 -8.9520e-03 3.3000e-03 9.5409e-03
1.5081e+00 -3.3749e-02 -3.6237e-02 4.9519e-02 -1.0316e-02 -4.5217e-02 4.6379e-02 -3.9651e-02 3.2744e-02 5.1424e-02 -2.8994e-03 -9.2407e-03 9.6849e-03 1.6208e-02 2.5242e-02 2.9997e-02 -9.3992e-03 3.5770e-03 1.0057e-02
1.4752e+00 -3.3994e-02 -3.6403e-02 4.9807e-02 -1.1479e-02 -4.8488e-02 4.9829e-02 -3.8778e-02 3.2541e-02 5.0622e-02 -3.3278e-03 -9.9316e-03 1.0474e-02 2.0007e-02 2.8591e-02 3.4896e-02 -9.8999e-03 3.9122e-03 1.0645e-02
1.4426e+00 -3.4220e-02 -3.6548e-02 5.0067e-02 -1.2639e-02 -5.1925e-02 5.3442e-02 -3.7854e-02 3.2319e-02 4.9774e-02 -3.8647e-03 -1.0713e-02 1.1389e-02 2.5092e-02 3.2502e-02 4.1061e-02 -1.0462e-02 4.3256e-03 1.1321e-02
1.4104e+00 -3.4426e-02 -3.6669e-02 5.0297e-02 -1.3800e-02 -5.5559e-02 5.7247e-02 -3.6874e-02 3.2078e-02 4.8874e-02 -4.5478e-03 -1.1600e-02 1.2460e-02 3.2041e-02 3.7020e-02 4.8960e-02 -1.1095e-02 4.8426e-03 1.2105e-02
1.3785e+00 -3.4614e-02 -3.6770e-02 5.0499e-02 -1.4940e-02 -5.9439e-02 6.1288e-02 -3.5838e-02 3.1819e-02 4.7925e-02 -5.4347e-03 -1.2608e-02 1.3730e-02 4.1734e-02 4.2086e-02 5.9270e-02 -1.1807e-02 5.5031e-03 1.3026e-02
1.3469e+00 -3.4783e-02 -3.6850e-02 5.0674e-02 -1.6047e-02 -6.3614e-02 6.5607e-02 -3.4740e-02 3.1542e-02 4.6923e-02 -6.6086e-03 -1.3748e-02 1.5254e-02 5.5573e-02 4.7392e-02 7.3037e-02 -1.2605e-02 6.3628e-03 1.4120e-02
1.3157e+00 -3.4935e-02 -3.6911e-02 5.0822e-02 -1.7074e-02 -6.8160e-02 7.0266e-02 -3.3579e-02 3.1250e-02 4.5871e-02 -8.1995e-03 -1.5016e-02 1.7109e-02 7.5762e-02 5.1950e-02 9.1862e-02 -1.3484e-02 7.5100e-03 1.5434e-02
1.2849e+00 -3.5068e-02 -3.6954e-02 5.0945e-02 -1.7965e-02 -7.3155e-02 7.5329e-02 -3.2347e-02 3.0944e-02 4.4764e-02 -1.0405e-02 -1.6367e-02 1.9395e-02 1.0574e-01 5.3024e-02 1.1829e-01 -1.4408e-02 9.0750e-03 1.7028e-02
1.2544e+00 -3.5185e-02 -3.6981e-02 5.1045e-02 -1.8592e-02 -7.8709e-02 8.0875e-02 -3.1038e-02 3.0628e-02 4.3606e-02 -1.3524e-02 -1.7637e-02 2.2225e-02 1.4981e-01 4.3211e-02 1.5591e-01 -1.5263e-02 1.1256e-02 1.8965e-02
1.2242e+00 -3.5284e-02 -3.6991e-02 5.1120e-02 -1.8758e-02 -8.4913e-02 8.6960e-02 -2.9643e-02 3.0309e-02 4.2395e-02 -1.7929e-02 -1.8369e-02 2.5668e-02 2.0772e-01 5.5563e-03 2.0779e-01 -1.5736e-02 1.4291e-02 2.1257e-02
1.1944e+00 -3.5368e-02 -3.6987e-02 5.1175e-02 -1.8102e-02 -9.1801e-02 9.3569e-02 -2.8156e-02 2.9996e-02 4.1140e-02 -2.3772e-02 -1.7569e-02 2.9560e-02 2.5850e-01 -8.3566e-02 2.7167e-01 -1.5165e-02 1.8260e-02 2.3736e-02
1.1649e+00 -3.5434e-02 -3.6970e-02 5.1209e-02 -1.6178e-02 -9.9156e-02 1.0047e-01 -2.6564e-02 2.9709e-02 3.9853e-02 -3.0277e-02 -1.3853e-02 3.3295e-02 2.4969e-01 -2.2437e-01 3.3569e-01 -1.2648e-02 2.2620e-02 2.5916e-02
1.1358e+00 -3.5486e-02 -3.6942e-02 5.1225e-02 -1.2592e-02 -1.0643e-01 1.0717e-01 -2.4872e-02 2.9469e-02 3.8562e-02 -3.5293e-02 -6.5469e-03 3.5895e-02 1.3523e-01 -3.5592e-01 3.8074e-01 -7.7929e-03 2.5941e-02 2.7086e-02
1.1071e+00 -3.5523e-02 -3.6904e-02 5.1222e-02 -7.4278e-03 -1.1277e-01 1.1301e-01 -2.3086e-02 2.9305e-02 3.7306e-02 -3.6367e-02 2.9480e-03 3.6487e-02 -5.3214e-02 -3.8700e-01 3.9065e-01 -1.5696e-03 2.6648e-02 2.6694e-02
1.0786e+00 -3.5545e-02 -3.6857e-02 5.1205e-02 -1.2359e-03 -1.1756e-01 1.1757e-01 -2.1234e-02 2.9234e-02 3.6131e-02 -3.2884e-02 1.1600e-02 3.4870e-02 -2.1244e-01 -2.9304e-01 3.6194e-01 4.0352e-03 2.4408e-02 2.4739e-02
1.0505e+00 -3.5552e-02 -3.6803e-02 5.1171e-02 5.0592e-03 -1.2061e-01 1.2072e-01 -1.9339e-02 2.9265e-02 3.5077e-02 -2.6646e-02 1.7032e-02 3.1624e-02 -2.6934e-01 -1.4497e-01 3.0588e-01 7.5208e-03 2.0438e-02 2.1777e-02
1.0228e+00 -3.5546e-02 -3.6745e-02 5.1124e-02 1.0981e-02 -1.2266e-01 1.2315e-01 -1.7433e-02 2.9391e-02 3.4172e-02 -2.0185e-02 1.9022e-02 2.7735e-02 -2.3975e-01 -2.6646e-02 2.4123e-01 8.7974e-03 1.6371e-02 1.8585e-02
9.9544e-01 -3.5525e-02 -3.6682e-02 5.1064e-02 1.4274e-02 -1.2375e-01 1.2457e-01 -1.5518e-02 2.9595e-02 3.3417e-02 -1.4936e-02 1.8797e-02 2.4009e-02 -1.7962e-01 3.1982e-02 1.8244e-01 8.6787e-03 1.3111e-02 1.5723e-02
9.6840e-01 -3.5491e-02 -3.6617e-02 5.0994e-02 6.9123e-03 -1.1528e-01 1.1549e-01 -1.3677e-02 2.9772e-02 3.2763e-02 -1.1189e-02 1.7792e-02 2.1017e-02 -1.2197e-01 4.0056e-02 1.2838e-01 8.0817e-03 1.0822e-02 1.3507e-02
9.4172e-01 -3.5443e-02 -3.6550e-02 5.0913e-02 -7.2610e-03 -9.8759e-02 9.9026e-02 -1.2056e-02 2.9771e-02 3.2119e-02 -8.6562e-03 1.6892e-02 1.8981e-02 -8.3656e-02 2.9061e-02 8.8560e-02 7.5550e-03 9.2962e-03 1.1979e-02
9.1538e-01 -3.5383e-02 -3.6484e-02 5.0824e-02 -1.8726e-02 -8.0686e-02 8.2831e-02 -1.0720e-02 2.9572e-02 3.1455e-02 -6.8773e-03 1.6269e-02 1.7663e-02 -6.0745e-02 1.9566e-02 6.3818e-02 7.1980e-03 8.2334e-03 1.0936e-02
8.8940e-01 -3.5312e-02 -3.6418e-02 5.0727e-02 -2.5319e-02 -6.4430e-02 6.9227e-02 -9.6571e-03 2.9243e-02 3.0796e-02 -5.5741e-03 1.5838e-02 1.6790e-02 -4.6225e-02 1.3904e-02 4.8270e-02 6.9560e-03 7.4555e-03 1.0197e-02
8.6377e-01 -3.5233e-02 -3.6354e-02 5.0625e-02 -2.8497e-02 -5.1119e-02 5.8526e-02 -8.8232e-03 2.8850e-02 3.0169e-02 -4.5793e-03 1.5518e-02 1.6180e-02 -3.6632e-02 1.0629e-02 3.8142e-02 6.7800e-03 6.8589e-03 9.6443e-03
8.3849e-01 -3.5145e-02 -3.6289e-02 5.0518e-02 -2.9818e-02 -4.0539e-02 5.0324e-02 -8.1704e-03 2.8431e-02 2.9582e-02 -3.8010e-03 1.5267e-02 1.5733e-02 -3.0050e-02 8.6288e-03 3.1264e-02 6.6435e-03 6.3853e-03 9.2146e-03
8.1356e-01 -3.5050e-02 -3.6226e-02 5.0407e-02 -3.0261e-02 -3.2123e-02 4.4132e-02 -7.6607e-03 2.8007e-02 2.9036e-02 -3.1737e-03 1.5059e-02 1.5390e-02 -2.5395e-02 7.3493e-03 2.6437e-02 6.5315e-03 5.9960e-03 8.8663e-03
7.8898e-01 -3.4949e-02 -3.6163e-02 5.0291e-02 -3.0330e-02 -2.5238e-02 3.9457e-02 -7.2628e-03 2.7586e-02 2.8526e-02 -2.6616e-03 1.4882e-02 1.5118e-02 -2.1972e-02 6.4523e-03 2.2900e-02 6.4358e-03 5.6680e-03 8.5759e-03
7.6476e-01 -3.4843e-02 -3.6102e-02 5.0173e-02 -3.0339e-02 -1.9667e-02 3.6156e-02 -6.9581e-03 2.7171e-02 2.8048e-02 -2.2368e-03 1.4727e-02 1.4896e-02 -1.9444e-02 5.8946e-03 2.0318e-02 6.3521e-03 5.3856e-03 8.3279e-03
7.4090e-01 -3.4733e-02 -3.6040e-02 5.0053e-02 -3.2126e-02 -1.7178e-02 3.6430e-02 -6.7124e-03 2.6752e-02 2.7581e-02 -1.8728e-03 1.4581e-02 1.4701e-02 -1.8622e-02 6.4966e-03 1.9723e-02 6.2698e-03 5.1306e-03 8.1014e-03
7.1739e-01 -3.4620e-02 -3.5981e-02 4.9932e-02 -3.4555e-02 -1.5802e-02 3.7997e-02 -6.4932e-03 2.6308e-02 2.7098e-02 -1.5409e-03 1.4427e-02 1.4509e-02 -1.8242e-02 7.4799e-03 1.9716e-02 6.1767e-03 4.8851e-03 7.8750e-03
6.9424e-01 -3.4505e-02 -3.5921e-02 4.9809e-02 -3.7062e-02 -1.4695e-02 3.9869e-02 -6.2940e-03 2.5840e-02 2.6595e-02 -1.2416e-03 1.4268e-02 1.4322e-02 -1.7853e-02 8.4420e-03 1.9749e-02 6.0726e-03 4.6491e-03 7.6480e-03
6.7144e-01 -3.4389e-02 -3.5863e-02 4.9687e-02 -3.9616e-02 -1.3824e-02 4.1959e-02 -6.1103e-03 2.5346e-02 2.6072e-02 -9.6853e-04 1.4104e-02 1.4137e-02 -1.7444e-02 9.3711e-03 1.9802e-02 5.9576e-03 4.4212e-03 7.4189e-03
6.4901e-01 -3.4272e-02 -3.5806e-02 4.9565e-02 -4.2182e-02 -1.3161e-02 4.4187e-02 -5.9394e-03 2.4827e-02 2.5527e-02 -7.2383e-04 1.3940e-02 1.3958e-02 -1.7007e-02 1.0246e-02 1.9855e-02 5.8333e-03 4.2029e-03 7.1897e-03
6.2693e-01 -3.4156e-02 -3.5751e-02 4.9445e-02 -4.4734e-02 -1.2699e-02 4.6502e-02 -5.7781e-03 2.4284e-02 2.4962e-02 -5.0216e-04 1.3775e-02 1.3784e-02 -1.6545e-02 1.1070e-02 1.9907e-02 5.7000e-03 3.9932e-03 6.9596e-03
6.0521e-01 -3.4040e-02 -3.5697e-02 4.9325e-02 -4.7243e-02 -1.2414e-02 4.8847e-02 -5.6241e-03 2.3719e-02 2.4377e-02 -3.0509e-04 1.3613e-02 1.3617e-02 -1.6061e-02 1.1828e-02 1.9946e-02 5.5595e-03 3.7932e-03 6.7303e-03
5.8386e-01 -3.3927e-02 -3.5644e-02 4.9209e-02 -4.9687e-02 -1.2291e-02 5.1185e-02 -5.4751e-03 2.3134e-02 2.3773e-02 -1.2772e-04 1.3456e-02 1.3456e-02 -1.5562e-02 1.2523e-02 1.9975e-02 5.4123e-03 3.6021e-03 6.5014e-03
5.6287e-01 -3.3815e-02 -3.5593e-02 4.9095e-02 -5.2045e-02 -1.2308e-02 5.3480e-02 -5.3293e-03 2.2530e-02 2.3152e-02 2.8712e-05 1.3304e-02 1.3304e-02 -1.5055e-02 1.3149e-02 1.9989e-02 5.2600e-03 3.4205e-03 6.2744e-03
5.4225e-01 -3.3706e-02 -3.5544e-02 4.8985e-02 -5.4303e-02 -1.2445e-02 5.5711e-02 -5.1850e-03 2.1910e-02 2.2515e-02 1.6875e-04 1.3158e-02 1.3159e-02 -1.4549e-02 1.3712e-02 1.9992e-02 5.1032e-03 3.2477e-03 6.0490e-03
5.2199e-01 -3.3600e-02 -3.5496e-02 4.8877e-02 -5.6450e-02 -1.2680e-02 5.7857e-02 -5.0411e-03 2.1276e-02 2.1865e-02 2.9133e-04 1.3020e-02 1.3023e-02 -1.4049e-02 1.4210e-02 1.9983e-02 4.9433e-03 3.0840e-03 5.8264e-03
5.0210e-01 -3.3497e-02 -3.5451e-02 4.8773e-02 -5.8481e-02 -1.2994e-02 5.9907e-02 -4.8968e-03 2.0629e-02 2.1202e-02 4.0060e-04 1.2890e-02 1.2896e-02 -1.3564e-02 1.4651e-02 1.9965e-02 4.7808e-03 2.9286e-03 5.6065e-03
4.8257e-01 -3.3398e-02 -3.5407e-02 4.8673e-02 -6.0392e-02 -1.3364e-02 6.1853e-02 -4.7513e-03 1.9973e-02 2.0530e-02 4.9550e-04 1.2768e-02 1.2778e-02 -1.3097e-02 1.5034e-02 1.9939e-02 4.6170e-03 2.7815e-03 5.3901e-03
4.6341e-01 -3.3302e-02 -3.5365e-02 4.8577e-02 -6.2187e-02 -1.3774e-02 6.3694e-02 -4.6044e-03 1.9309e-02 1.9850e-02 5.7980e-04 1.2655e-02 1.2668e-02 -1.2654e-02 1.5371e-02 1.9909e-02 4.4522e-03 2.6419e-03 5.1770e-03
4.4463e-01 -3.3210e-02 -3.5324e-02 4.8485e-02 -6.3868e-02 -1.4205e-02 6.5429e-02 -4.4558e-03 1.8639e-02 1.9164e-02 6.5232e-04 1.2551e-02 1.2568e-02 -1.2238e-02 1.5661e-02 1.9875e-02 4.2873e-03 2.5099e-03 4.9680e-03
4.2621e-01 -3.3123e-02 -3.5287e-02 4.8397e-02 -6.5447e-02 -1.4643e-02 6.7065e-02 -4.3056e-03 1.7966e-02 1.8474e-02 7.1647e-04 1.2455e-02 1.2476e-02 -1.1851e-02 1.5914e-02 1.9842e-02 4.1229e-03 2.3843e-03 4.7627e-03
4.0817e-01 -3.3040e-02 -3.5250e-02 4.8313e-02 -6.6932e-02 -1.5073e-02 6.8608e-02 -4.1540e-03 1.7290e-02 1.7782e-02 7.7092e-04 1.2369e-02 1.2393e-02 -1.1495e-02 1.6132e-02 1.9809e-02 3.9594e-03 2.2654e-03 4.5616e-03
3.9050e-01 -3.2961e-02 -3.5216e-02 4.8235e-02 -6.8340e-02 -1.5481e-02 7.0072e-02 -4.0013e-03 1.6614e-02 1.7089e-02 8.1870e-04 1.2291e-02 1.2318e-02 -1.1172e-02 1.6323e-02 1.9780e-02 3.7972e-03 2.1521e-03 4.3646e-03
3.7321e-01 -3.2886e-02 -3.5183e-02 4.8159e-02 -6.9693e-02 -1.5854e-02 7.1474e-02 -3.8480e-03 1.5939e-02 1.6397e-02 8.5828e-04 1.2222e-02 1.2252e-02 -1.0883e-02 1.6488e-02 1.9755e-02 3.6368e-03 2.0443e-03 4.1720e-03
3.5629e-01 -3.2815e-02 -3.5153e-02 4.8089e-02 -7.1026e-02 -1.6176e-02 7.2845e-02 -3.6948e-03 1.5266e-02 1.5707e-02 8.9228e-04 1.2162e-02 1.2194e-02 -1.0628e-02 1.6634e-02 1.9739e-02 3.4783e-03 1.9414e-03 3.9834e-03
3.3975e-01 -3.2749e-02 -3.5124e-02 4.8022e-02 -7.2410e-02 -1.6416e-02 7.4247e-02 -3.5423e-03 1.4596e-02 1.5019e-02 9.1888e-04 1.2111e-02 1.2146e-02 -1.0409e-02 1.6763e-02 1.9732e-02 3.3221e-03 1.8431e-03 3.7991e-03
3.2359e-01 -3.2687e-02 -3.5097e-02 4.7961e-02 -7.3913e-02 -1.6496e-02 7.5731e-02 -3.3917e-03 1.3927e-02 1.4334e-02 9.3990e-04 1.2071e-02 1.2107e-02 -1.0232e-02 1.6881e-02 1.9740e-02 3.1683e-03 1.7487e-03 3.6189e-03
3.0781e-01 -3.2628e-02 -3.5072e-02 4.7902e-02 -7.5230e-02 -1.6565e-02 7.7032e-02 -3.2444e-03 1.3261e-02 1.3652e-02 9.5325e-04 1.2041e-02 1.2079e-02 -1.0099e-02 1.6988e-02 1.9763e-02 3.0172e-03 1.6581e-03 3.4428e-03
2.9241e-01 -3.2575e-02 -3.5049e-02 4.7849e-02 -7.6067e-02 -1.6841e-02 7.7909e-02 -3.0990e-03 1.2602e-02 1.2978e-02 9.6297e-04 1.2020e-02 1.2058e-02 -9.9954e-03 1.7090e-02 1.9798e-02 2.8688e-03 1.5706e-03 3.2706e-03
2.7739e-01 -3.2525e-02 -3.5026e-02 4.7799e-02 -7.6640e-02 -1.7125e-02 7.8530e-02 -2.9548e-03 1.1954e-02 1.2313e-02 9.6881e-04 1.2004e-02 1.2043e-02 -9.9145e-03 1.7184e-02 1.9839e-02 2.7233e-03 1.4861e-03 3.1024e-03
2.6276e-01 -3.2479e-02 -3.5007e-02 4.7753e-02 -7.6927e-02 -1.7497e-02 7.8892e-02 -2.8116e-03 1.1318e-02 1.1662e-02 9.7367e-04 1.1991e-02 1.2031e-02 -9.8468e-03 1.7274e-02 1.9883e-02 2.5807e-03 1.4043e-03 2.9380e-03
2.4851e-01 -3.2436e-02 -3.4988e-02 4.7710e-02 -7.7030e-02 -1.7909e-02 7.9085e-02 -2.6689e-03 1.0698e-02 1.1025e-02 9.7699e-04 1.1980e-02 1.2020e-02 -9.7850e-03 1.7356e-02 1.9924e-02 2.4412e-03 1.3252e-03 2.7777e-03
2.3465e-01 -3.2397e-02 -3.4971e-02 4.7671e-02 -7.7098e-02 -1.8285e-02 7.9236e-02 -2.5271e-03 1.0093e-02 1.0405e-02 9.8088e-04 1.1970e-02 1.2010e-02 -9.7271e-03 1.7432e-02 1.9962e-02 2.3048e-03 1.2487e-03 2.6213e-03
2.2117e-01 -3.2361e-02 -3.4955e-02 4.7635e-02 -7.7156e-02 -1.8629e-02 7.9373e-02 -2.3864e-03 9.5056e-03 9.8006e-03 9.8359e-04 1.1961e-02 1.2001e-02 -9.6733e-03 1.7501e-02 1.9997e-02 2.1717e-03 1.1748e-03 2.4691e-03
2.0809e-01 -3.2329e-02 -3.4941e-02 4.7603e-02 -7.7208e-02 -1.8945e-02 7.9498e-02 -2.2473e-03 8.9344e-03 9.2127e-03 9.8691e-04 1.1952e-02 1.1993e-02 -9.6234e-03 1.7565e-02 2.0028e-02 2.0419e-03 1.1034e-03 2.3210e-03
1.9539e-01 -3.2299e-02 -3.4927e-02 4.7572e-02 -7.7253e-02 -1.9234e-02 7.9612e-02 -2.1102e-03 8.3798e-03 8.6414e-03 9.8909e-04 1.1944e-02 1.1985e-02 -9.5775e-03 1.7622e-02 2.0057e-02 1.9156e-03 1.0345e-03 2.1771e-03
1.8308e-01 -3.2272e-02 -3.4916e-02 4.7546e-02 -7.7294e-02 -1.9498e-02 7.9715e-02 -1.9755e-03 7.8420e-03 8.0870e-03 9.9190e-04 1.1937e-02 1.1978e-02 -9.5353e-03 1.7675e-02 2.0083e-02 1.7928e-03 9.6792e-04 2.0374e-03
1.7117e-01 -3.2248e-02 -3.4904e-02 4.7521e-02 -7.7328e-02 -1.9737e-02 7.9807e-02 -1.8432e-03 7.3210e-03 7.5495e-03 9.9362e-04 1.1931e-02 1.1972e-02 -9.4967e-03 1.7722e-02 2.0106e-02 1.6735e-03 9.0382e-04 1.9020e-03
1.5964e-01 -3.2226e-02 -3.4895e-02 4.7499e-02 -7.7359e-02 -1.9954e-02 7.9891e-02 -1.7139e-03 6.8170e-03 7.0292e-03 9.9599e-04 1.1925e-02 1.1967e-02 -9.4616e-03 1.7765e-02 2.0127e-02 1.5579e-03 8.4203e-04 1.7709e-03
1.4851e-01 -3.2206e-02 -3.4886e-02 4.7479e-02 -7.7385e-02 -2.0150e-02 7.9965e-02 -1.5877e-03 6.3301e-03 6.5261e-03 9.9731e-04 1.1920e-02 1.1962e-02 -9.4298e-03 1.7803e-02 2.0146e-02 1.4460e-03 7.8261e-04 1.6442e-03
1.3778e-01 -3.2188e-02 -3.4879e-02 4.7462e-02 -7.7409e-02 -2.0325e-02 8.0032e-02 -1.4649e-03 5.8603e-03 6.0406e-03 9.9929e-04 1.1915e-02 1.1957e-02 -9.4012e-03 1.7837e-02 2.0163e-02 1.3378e-03 7.2543e-04 1.5218e-03
1.2744e-01 -3.2172e-02 -3.4871e-02 4.7445e-02 -7.7428e-02 -2.0481e-02 8.0091e-02 -1.3456e-03 5.4076e-03 5.5725e-03 1.0003e-03 1.1911e-02 1.1953e-02 -9.3755e-03 1.7867e-02 2.0178e-02 1.2334e-03 6.7056e-04 1.4039e-03
1.1750e-01 -3.2159e-02 -3.4866e-02 4.7432e-02 -7.7446e-02 -2.0620e-02 8.0144e-02 -1.2300e-03 4.9723e-03 5.1222e-03 1.0019e-03 1.1908e-02 1.1950e-02 -9.3528e-03 1.7894e-02 2.0191e-02 1.1329e-03 6.1790e-04 1.2904e-03
1.0796e-01 -3.2146e-02 -3.4860e-02 4.7419e-02 -7.7461e-02 -2.0743e-02 8.0190e-02 -1.1184e-03 4.5543e-03 4.6896e-03 1.0026e-03 1.1904e-02 1.1947e-02 -9.3325e-03 1.7918e-02 2.0202e-02 1.0363e-03 5.6750e-04 1.1815e-03
9.8814e-02 -3.2136e-02 -3.4855e-02 4.7409e-02 -7.7474e-02 -2.0850e-02 8.0230e-02 -1.0109e-03 4.1537e-03 4.2749e-03 1.0040e-03 1.1902e-02 1.1944e-02 -9.3148e-03 1.7939e-02 2.0213e-02 9.4354e-04 5.1927e-04 1.0770e-03
9.0069e-02 -3.2126e-02 -3.4851e-02 4.7399e-02 -7.7485e-02 -2.0944e-02 8.0265e-02 -9.0751e-04 3.7705e-03 3.8782e-03 1.0044e-03 1.1899e-02 1.1942e-02 -9.2992e-03 1.7956e-02 2.0221e-02 8.5479e-04 4.7326e-04 9.7706e-04
8.1725e-02 -3.2118e-02 -3.4848e-02 4.7391e-02 -7.7494e-02 -2.1025e-02 8.0295e-02 -8.0850e-04 3.4049e-03 3.4996e-03 1.0056e-03 1.1897e-02 1.1939e-02 -9.2858e-03 1.7972e-02 2.0229e-02 7.7002e-04 4.2940e-04 8.8165e-04
7.3783e-02 -3.2111e-02 -3.4845e-02 4.7384e-02 -7.7501e-02 -2.1094e-02 8.0321e-02 -7.1390e-04 3.0568e-03 3.1390e-03 1.0058e-03 1.1895e-02 1.1938e-02 -9.2741e-03 1.7985e-02 2.0235e-02 6.8927e-04 3.8773e-04 7.9084e-04
6.6242e-02 -3.2105e-02 -3.4843e-02 4.7379e-02 -7.7507e-02 -2.1154e-02 8.0342e-02 -6.2382e-04 2.7263e-03 2.7968e-03 1.0067e-03 1.1894e-02 1.1936e-02 -9.2639e-03 1.7996e-02 2.0241e-02 6.1255e-04 3.4819e-04 7.0459e-04
5.9105e-02 -3.2100e-02 -3.4840e-02 4.7373e-02 -7.7509e-02 -2.1208e-02 8.0359e-02 -5.3833e-04 2.4135e-03 2.4728e-03 1.0068e-03 1.1893e-02 1.1935e-02 -9.2543e-03 1.8006e-02 2.0245e-02 5.3989e-04 3.1083e-04 6.2298e-04
5.2372e-02 -3.2096e-02 -3.4839e-02 4.7370e-02 -7.7515e-02 -2.1263e-02 8.0379e-02 -4.5747e-04 2.1183e-03 2.1671e-03 1.0076e-03 1.1891e-02 1.1934e-02 -9.2451e-03 1.8017e-02 2.0250e-02 4.7130e-04 2.7560e-04 5.4597e-04
4.6043e-02 -3.2092e-02 -3.4837e-02 4.7366e-02 -7.7541e-02 -2.1327e-02 8.0420e-02 -3.8125e-04 1.8408e-03 1.8799e-03 1.0075e-03 1.1891e-02 1.1933e-02 -9.2375e-03 1.8032e-02 2.0261e-02 4.0680e-04 2.4253e-04 4.7361e-04
4.0119e-02 -3.2090e-02 -3.4836e-02 4.7364e-02 -7.7629e-02 -2.1390e-02 8.0522e-02 -3.0970e-04 1.5809e-03 1.6110e-03 1.0082e-03 1.1890e-02 1.1932e-02 -9.2409e-03 1.8059e-02 2.0286e-02 3.4635e-04 2.1158e-04 4.0586e-04
3.4601e-02 -3.2087e-02 -3.4835e-02 4.7361e-02 -7.7844e-02 -2.1390e-02 8.0729e-02 -2.4291e-04 1.3384e-03 1.3603e-03 1.0080e-03 1.1889e-02 1.1932e-02 -9.2775e-03 1.8099e-02 2.0338e-02 2.8993e-04 1.8270e-04 3.4270e-04
2.9489e-02 -3.2086e-02 -3.4835e-02 4.7360e-02 -7.8233e-02 -2.1157e-02 8.1043e-02 -1.8133e-04 1.1129e-03 1.1275e-03 1.0086e-03 1.1889e-02 1.1932e-02 -9.3869e-03 1.8132e-02 2.0418e-02 2.3756e-04 1.5575e-04 2.8406e-04
2.4784e-02 -3.2084e-02 -3.4834e-02 4.7358e-02 -7.8732e-02 -2.0392e-02 8.1330e-02 -1.2587e-04 9.0405e-04 9.1277e-04 1.0084e-03 1.1889e-02 1.1931e-02 -9.6140e-03 1.8094e-02 2.0490e-02 1.8934e-04 1.3051e-04 2.2996e-04
2.0487e-02 -3.2084e-02 -3.4834e-02 4.7358e-02 -7.9033e-02 -1.8700e-02 8.1215e-02 -7.8115e-05 7.1226e-04 7.1653e-04 1.0089e-03 1.1888e-02 1.1931e-02 -9.9795e-03 1.7862e-02 2.0461e-02 1.4559e-04 1.0673e-04 1.8052e-04
1.6597e-02 -3.2083e-02 -3.4834e-02 4.7357e-02 -7.8485e-02 -1.5762e-02 8.0052e-02 -3.9910e-05 5.3877e-04 5.4025e-04 1.0086e-03 1.1888e-02 1.1931e-02 -1.0432e-02 1.7260e-02 2.0168e-02 1.0686e-04 8.4296e-05 1.3611e-04
1.3116e-02 -3.2083e-02 -3.4834e-02 4.7357e-02 -7.6147e-02 -1.1555e-02 7.7018e-02 -1.2755e-05 3.8613e-04 3.8634e-04 1.0090e-03 1.1888e-02 1.1931e-02 -1.0815e-02 1.6110e-02 1.9404e-02 7.3888e-05 6.3357e-05 9.7332e-05
1.0043e-02 -3.2082e-02 -3.4833e-02 4.7356e-02 -7.1042e-02 -6.5397e-03 7.1343e-02 3.1237e-06 2.5770e-04 2.5771e-04 1.0087e-03 1.1888e-02 1.1931e-02 -1.0878e-02 1.4308e-02 1.7974e-02 4.7331e-05 4.4445e-05 6.4928e-05
7.3795e-03 -3.2082e-02 -3.4834e-02 4.7357e-02 -6.2574e-02 -1.6303e-03 6.2595e-02 9.2896e-06 1.5646e-04 1.5674e-04 1.0091e-03 1.1888e-02 1.1931e-02 -1.0348e-02 1.1900e-02 1.5770e-02 2.7479e-05 2.8358e-05 3.9487e-05
5.1252e-03 -3.2082e-02 -3.4834e-02 4.7356e-02 -5.0911e-02 2.1063e-03 5.0955e-02 8.8836e-06 8.3600e-05 8.4071e-05 1.0087e-03 1.1888e-02 1.1931e-02 -9.0571e-03 9.0973e-03 1.2837e-02 1.4015e-05 1.5880e-05 2.1181e-05
3.2804e-03 -3.2082e-02 -3.4834e-02 4.7357e-02 -3.7148e-02 3.9138e-03 3.7354e-02 5.5945e-06 3.7288e-05 3.7705e-05 1.0091e-03 1.1888e-02 1.1931e-02 -7.0502e-03 6.2335e-03 9.4107e-03 5.9732e-06 7.3859e-06 9.4989e-06
1.8453e-03 -3.2082e-02 -3.4834e-02 4.7356e-02 -2.3135e-02 3.7307e-03 2.3434e-02 2.3697e-06 1.2611e-05 1.2832e-05 1.0088e-03 1.1888e-02 1.1931e-02 -4.6309e-03 3.6619e-03 5.9038e-03 1.9390e-06 2.5868e-06 3.2328e-06
8.2019e-04 -3.2082e-02 -3.4834e-02 4.7357e-02 -1.1051e-02 2.2639e-03 1.1281e-02 5.6743e-07 2.6125e-06 2.6734e-06 1.0092e-03 1.1888e-02 1.1931e-02 -2.3016e-03 1.6672e-03 2.8420e-03 3.8859e-07 5.5001e-07 6.7343e-07
2.0505e-04 -3.2082e-02 -3.4834e-02 4.7356e-02 -2.8838e-03 6.7071e-04 2.9607e-03 3.9609e-08 1.6799e-07 1.7260e-07 1.0088e-03 1.1888e-02 1.1931e-02 -6.1533e-04 4.2135e-04 7.4577e-04 2.4458e-08 3.5950e-08 4.3481e-08
0.0000e+00 -3.2082e-02 -3.4834e-02 4.7357e-02 0.0000e+00 0.0000e+00 0.0000e+00 0.0000e+00 0.0000e+00 0.0000e+00 1.0092e-03 1.1888e-02 1.1931e-02 0.0000e+00 0.0000e+00 0.0000e+00 0.0000e+00 0.0000e+00 0.0000e+00
