# y   p_re    p_im    p_mod   u_re    u_im    u_mod    v_re    v_im    v_mod                     p_re_adj    p_im_adj    p_mod_adj   u_re_adj    u_im_adj    u_mod_adj    v_re_adj    v_im_adj    v_mod_adj
2.0000e+03 2.6260e-06 3.2345e-06 4.1663e-06 0.0000e+00 0.0000e+00 0.0000e+00 0.0000e+00 0.0000e+00 0.0000e+00 7.6832e-02 -1.4755e-01 1.6636e-01 0.0000e+00 0.0000e+00 0.0000e+00 0.0000e+00 0.0000e+00 0.0000e+00
1.0000e+03 -9.5203e-12 -1.1727e-11 1.5105e-11 1.2740e-11 1.8392e-11 2.2374e-11 -6.6943e-09 4.6372e-09 8.1435e-09 -7.4405e-08 1.4292e-07 1.6113e-07 1.3290e-07 -2.4441e-07 2.7821e-07 1.7281e-04 9.3967e-05 1.9670e-04
4.9998e+02 1.1791e-10 1.4525e-10 1.8708e-10 -1.5779e-10 -2.2780e-10 2.7712e-10 1.2964e-08 -8.9805e-09 1.5771e-08 7.3854e-07 -1.4184e-06 1.5992e-06 -1.3191e-06 2.4258e-06 2.7612e-06 -1.6272e-04 -8.8483e-05 1.8522e-04
3.3329e+02 -5.0275e-10 -6.1930e-10 7.9768e-10 6.7278e-10 9.7132e-10 1.1816e-09 -1.8353e-08 1.2715e-08 2.2327e-08 -2.3013e-06 4.4198e-06 4.9830e-06 4.1102e-06 -7.5587e-06 8.6040e-06 1.5445e-04 8.3988e-05 1.7581e-04
2.4994e+02 1.3981e-09 1.7223e-09 2.2183e-09 -1.8709e-09 -2.7012e-09 3.2859e-09 2.2359e-08 -1.5491e-08 2.7201e-08 4.9558e-06 -9.5177e-06 1.0731e-05 -8.8510e-06 1.6277e-05 1.8528e-05 -1.4085e-04 -7.6593e-05 1.6033e-04
1.9992e+02 -3.0796e-09 -3.7938e-09 4.8864e-09 4.1211e-09 5.9502e-09 7.2380e-09 -2.4431e-08 1.6929e-08 2.9723e-08 -8.8995e-06 1.7092e-05 1.9270e-05 1.5894e-05 -2.9230e-05 3.3272e-05 1.2319e-04 6.6992e-05 1.4023e-04
1.6657e+02 5.8448e-09 7.2007e-09 9.2743e-09 -7.8215e-09 -1.1294e-08 1.3738e-08 2.3998e-08 -1.6633e-08 2.9199e-08 1.4227e-05 -2.7324e-05 3.0806e-05 -2.5409e-05 4.6729e-05 5.3191e-05 -1.0065e-04 -5.4738e-05 1.1458e-04
1.4275e+02 -9.9830e-09 -1.2299e-08 1.5841e-08 1.3359e-08 1.9290e-08 2.3464e-08 -2.0517e-08 1.4228e-08 2.4967e-08 -2.0996e-05 4.0324e-05 4.5463e-05 3.7499e-05 -6.8962e-05 7.8498e-05 7.3499e-05 3.9973e-05 8.3666e-05
1.2487e+02 1.5733e-08 1.9384e-08 2.4965e-08 -2.1053e-08 -3.0401e-08 3.6979e-08 1.3547e-08 -9.4079e-09 1.6494e-08 2.9111e-05 -5.5909e-05 6.3034e-05 -5.1992e-05 9.5616e-05 1.0884e-04 -4.1925e-05 -2.2805e-05 4.7726e-05
1.1097e+02 -2.3235e-08 -2.8627e-08 3.6870e-08 3.1092e-08 4.4899e-08 5.4613e-08 -2.8445e-09 2.0046e-09 3.4799e-09 -3.8382e-05 7.3715e-05 8.3109e-05 6.8550e-05 -1.2607e-04 1.4350e-04 6.7223e-06 3.6651e-06 7.6565e-06
9.9841e+01 3.2485e-08 4.0025e-08 5.1549e-08 -4.3470e-08 -6.2775e-08 7.6357e-08 -1.1558e-08 7.9589e-09 1.4033e-08 4.8444e-05 -9.3039e-05 1.0490e-04 -8.6520e-05 1.5912e-04 1.8112e-04 3.0952e-05 1.6819e-05 3.5227e-05
9.0733e+01 -4.3306e-08 -5.3361e-08 6.8723e-08 5.7951e-08 8.3691e-08 1.0180e-07 2.9293e-08 -2.0228e-08 3.5599e-08 -5.8849e-05 1.1302e-04 1.2742e-04 1.0510e-04 -1.9329e-04 2.2002e-04 -6.9555e-05 -3.7808e-05 7.9167e-05
8.3141e+01 5.5353e-08 6.8206e-08 8.7841e-08 -7.4070e-08 -1.0697e-07 1.3011e-07 -4.9665e-08 3.4320e-08 6.0370e-08 6.9049e-05 -1.3261e-04 1.4951e-04 -1.2332e-04 2.2679e-04 2.5815e-04 1.0732e-04 5.8340e-05 1.2215e-04
7.6715e+01 -6.8142e-08 -8.3968e-08 1.0814e-07 9.1184e-08 1.3169e-07 1.6018e-07 7.1720e-08 -4.9576e-08 8.7187e-08 -7.8531e-05 1.5082e-04 1.7004e-04 1.4025e-04 -2.5794e-04 2.9361e-04 -1.4252e-04 -7.7480e-05 1.6222e-04
7.1204e+01 8.1128e-08 9.9973e-08 1.2875e-07 -1.0856e-07 -1.5680e-07 1.9071e-07 -9.4378e-08 6.5248e-08 1.1474e-07 8.6835e-05 -1.6677e-04 1.8802e-04 -1.5509e-04 2.8521e-04 3.2465e-04 1.7368e-04 9.4419e-05 1.9768e-04
6.6426e+01 -9.3779e-08 -1.1556e-07 1.4883e-07 1.2549e-07 1.8125e-07 2.2045e-07 1.1659e-07 -8.0609e-08 1.4175e-07 -9.3663e-05 1.7988e-04 2.0281e-04 1.6728e-04 -3.0764e-04 3.5018e-04 -1.9979e-04 -1.0862e-04 2.2740e-04
6.2243e+01 1.0565e-07 1.3019e-07 1.6767e-07 -1.4137e-07 -2.0419e-07 2.4835e-07 -1.3748e-07 9.5051e-08 1.6714e-07 9.8859e-05 -1.8986e-04 2.1406e-04 -1.7656e-04 3.2471e-04 3.6961e-04 2.2037e-04 1.1981e-04 2.5083e-04
5.8551e+01 -1.1642e-07 -1.4347e-07 1.8476e-07 1.5578e-07 2.2502e-07 2.7368e-07 1.5642e-07 -1.0814e-07 1.9016e-07 -1.0245e-04 1.9675e-04 2.2183e-04 1.8297e-04 -3.3649e-04 3.8302e-04 -2.3549e-04 -1.2803e-04 2.6804e-04
5.5267e+01 1.2592e-07 1.5519e-07 1.9985e-07 -1.6850e-07 -2.4339e-07 2.9603e-07 -1.7306e-07 1.1964e-07 2.1039e-07 1.0455e-04 -2.0079e-04 2.2638e-04 -1.8672e-04 3.4340e-04 3.9088e-04 2.4558e-04 1.3351e-04 2.7952e-04
5.2326e+01 -1.3411e-07 -1.6528e-07 2.1285e-07 1.7946e-07 2.5923e-07 3.1528e-07 1.8730e-07 -1.2947e-07 2.2769e-07 -1.0538e-04 2.0240e-04 2.2819e-04 1.8821e-04 -3.4614e-04 3.9400e-04 -2.5134e-04 -1.3664e-04 2.8608e-04
4.9679e+01 1.4104e-07 1.7382e-07 2.2384e-07 -1.8872e-07 -2.7262e-07 3.3157e-07 -1.9923e-07 1.3770e-07 2.4218e-07 1.0518e-04 -2.0201e-04 2.2775e-04 -1.8785e-04 3.4547e-04 3.9324e-04 2.5355e-04 1.3784e-04 2.8859e-04
4.7282e+01 -1.4681e-07 -1.8094e-07 2.3300e-07 1.9644e-07 2.8377e-07 3.4513e-07 2.0904e-07 -1.4446e-07 2.5410e-07 -1.0418e-04 2.0008e-04 2.2558e-04 1.8606e-04 -3.4218e-04 3.8950e-04 -2.5299e-04 -1.3754e-04 2.8796e-04
4.5101e+01 1.5156e-07 1.8679e-07 2.4054e-07 -2.0280e-07 -2.9296e-07 3.5631e-07 -2.1699e-07 1.4993e-07 2.6375e-07 1.0258e-04 -1.9701e-04 2.2212e-04 -1.8321e-04 3.3693e-04 3.8352e-04 2.5035e-04 1.3610e-04 2.8495e-04
4.3109e+01 -1.5543e-07 -1.9158e-07 2.4670e-07 2.0798e-07 3.0046e-07 3.6542e-07 2.2334e-07 -1.5430e-07 2.7146e-07 -1.0057e-04 1.9315e-04 2.1776e-04 1.7961e-04 -3.3032e-04 3.7599e-04 -2.4621e-04 -1.3385e-04 2.8024e-04
4.1281e+01 1.5857e-07 1.9545e-07 2.5169e-07 -2.1219e-07 -3.0654e-07 3.7281e-07 -2.2837e-07 1.5775e-07 2.7755e-07 9.8274e-05 -1.8874e-04 2.1279e-04 -1.7552e-04 3.2278e-04 3.6742e-04 2.4104e-04 1.3103e-04 2.7436e-04
3.9598e+01 -1.6110e-07 -1.9857e-07 2.5571e-07 2.1557e-07 3.1144e-07 3.7876e-07 2.3229e-07 -1.6043e-07 2.8231e-07 -9.5812e-05 1.8401e-04 2.0746e-04 1.7112e-04 -3.1470e-04 3.5821e-04 -2.3521e-04 -1.2786e-04 2.6772e-04
3.8043e+01 1.6313e-07 2.0107e-07 2.5892e-07 -2.1828e-07 -3.1536e-07 3.8353e-07 -2.3532e-07 1.6249e-07 2.8597e-07 9.3260e-05 -1.7911e-04 2.0194e-04 -1.6656e-04 3.0632e-04 3.4867e-04 2.2898e-04 1.2447e-04 2.6062e-04
3.6603e+01 -1.6474e-07 -2.0306e-07 2.6149e-07 2.2043e-07 3.1848e-07 3.8733e-07 2.3763e-07 -1.6405e-07 2.8875e-07 -9.0681e-05 1.7416e-04 1.9635e-04 1.6196e-04 -2.9784e-04 3.3903e-04 -2.2256e-04 -1.2098e-04 2.5332e-04
3.5264e+01 1.6602e-07 2.0464e-07 2.6351e-07 -2.2214e-07 -3.2095e-07 3.9033e-07 -2.3935e-07 1.6520e-07 2.9082e-07 8.8115e-05 -1.6923e-04 1.9080e-04 -1.5737e-04 2.8942e-04 3.2944e-04 2.1610e-04 1.1747e-04 2.4596e-04
3.4016e+01 -1.6702e-07 -2.0588e-07 2.6511e-07 2.2348e-07 3.2290e-07 3.9269e-07 2.4059e-07 -1.6602e-07 2.9232e-07 -8.5595e-05 1.6439e-04 1.8534e-04 1.5287e-04 -2.8114e-04 3.2001e-04 -2.0970e-04 -1.1398e-04 2.3868e-04
3.2851e+01 1.6780e-07 2.0684e-07 2.6634e-07 -2.2452e-07 -3.2440e-07 3.9452e-07 -2.4148e-07 1.6659e-07 2.9337e-07 8.3140e-05 -1.5967e-04 1.8002e-04 -1.4849e-04 2.7307e-04 3.1083e-04 2.0343e-04 1.1058e-04 2.3154e-04
3.1759e+01 -1.6840e-07 -2.0759e-07 2.6731e-07 2.2533e-07 3.2559e-07 3.9595e-07 2.4204e-07 -1.6694e-07 2.9403e-07 -8.0763e-05 1.5511e-04 1.7487e-04 1.4424e-04 -2.6527e-04 3.0195e-04 -1.9735e-04 -1.0727e-04 2.2462e-04
3.0735e+01 1.6884e-07 2.0813e-07 2.6800e-07 -2.2591e-07 -3.2643e-07 3.9698e-07 -2.4243e-07 1.6715e-07 2.9447e-07 7.8472e-05 -1.5071e-04 1.6991e-04 -1.4015e-04 2.5774e-04 2.9338e-04 1.9148e-04 1.0407e-04 2.1793e-04
2.9772e+01 -1.6920e-07 -2.0859e-07 2.6859e-07 2.2639e-07 3.2716e-07 3.9785e-07 2.4252e-07 -1.6719e-07 2.9456e-07 -7.6272e-05 1.4648e-04 1.6515e-04 1.3622e-04 -2.5051e-04 2.8515e-04 -1.8583e-04 -1.0100e-04 2.1151e-04
2.8865e+01 1.6939e-07 2.0879e-07 2.6886e-07 -2.2664e-07 -3.2747e-07 3.9824e-07 -2.4269e-07 1.6722e-07 2.9473e-07 7.4164e-05 -1.4243e-04 1.6058e-04 -1.3246e-04 2.4359e-04 2.7727e-04 1.8043e-04 9.8060e-05 2.0535e-04
2.8008e+01 -1.6965e-07 -2.0918e-07 2.6933e-07 2.2698e-07 3.2808e-07 3.9894e-07 2.4231e-07 -1.6698e-07 2.9427e-07 -7.2147e-05 1.3856e-04 1.5622e-04 1.2885e-04 -2.3696e-04 2.6973e-04 -1.7526e-04 -9.5251e-05 1.9948e-04
2.7198e+01 1.6955e-07 2.0894e-07 2.6908e-07 -2.2686e-07 -3.2772e-07 3.9857e-07 -2.4269e-07 1.6706e-07 2.9463e-07 7.0219e-05 -1.3486e-04 1.5204e-04 -1.2541e-04 2.3063e-04 2.6252e-04 1.7034e-04 9.2570e-05 1.9387e-04
2.6431e+01 -1.6995e-07 -2.0964e-07 2.6988e-07 2.2736e-07 3.2880e-07 3.9975e-07 2.4147e-07 -1.6639e-07 2.9324e-07 -6.8379e-05 1.3132e-04 1.4806e-04 1.2212e-04 -2.2458e-04 2.5564e-04 -1.6564e-04 -9.0017e-05 1.8852e-04
2.5704e+01 1.6933e-07 2.0853e-07 2.6862e-07 -2.2658e-07 -3.2708e-07 3.9789e-07 -2.4291e-07 1.6693e-07 2.9474e-07 6.6622e-05 -1.2795e-04 1.4425e-04 -1.1899e-04 2.1881e-04 2.4907e-04 1.6118e-04 8.7585e-05 1.8344e-04
2.5013e+01 -1.7035e-07 -2.1040e-07 2.7072e-07 2.2787e-07 3.2996e-07 4.0099e-07 2.3967e-07 -1.6533e-07 2.9116e-07 -6.4945e-05 1.2473e-04 1.4062e-04 1.1599e-04 -2.1330e-04 2.4280e-04 -1.5692e-04 -8.5271e-05 1.7859e-04
2.4356e+01 1.6856e-07 2.0718e-07 2.6709e-07 -2.2558e-07 -3.2501e-07 3.9563e-07 -2.4419e-07 1.6724e-07 2.9597e-07 6.3345e-05 -1.2165e-04 1.3716e-04 -1.1313e-04 2.0805e-04 2.3682e-04 1.5288e-04 8.3069e-05 1.7399e-04
2.3730e+01 -1.7128e-07 -2.1216e-07 2.7267e-07 2.2903e-07 3.3268e-07 4.0389e-07 2.3603e-07 -1.6339e-07 2.8707e-07 -6.1818e-05 1.1872e-04 1.3385e-04 1.1040e-04 -2.0303e-04 2.3111e-04 -1.4902e-04 -8.0973e-05 1.6960e-04
2.3133e+01 1.6678e-07 2.0404e-07 2.6353e-07 -2.2329e-07 -3.2018e-07 3.9035e-07 -2.4801e-07 1.6870e-07 2.9995e-07 6.0359e-05 -1.1592e-04 1.3069e-04 -1.0780e-04 1.9824e-04 2.2565e-04 1.4536e-04 7.8979e-05 1.6543e-04
2.2563e+01 -1.7348e-07 -2.1629e-07 2.7727e-07 2.3181e-07 3.3902e-07 4.1070e-07 2.2862e-07 -1.5972e-07 2.7889e-07 -5.8966e-05 1.1324e-04 1.2767e-04 1.0531e-04 -1.9366e-04 2.2044e-04 -1.4187e-04 -7.7081e-05 1.6146e-04
2.2019e+01 1.6303e-07 1.9738e-07 2.5600e-07 -2.1850e-07 -3.0992e-07 3.7920e-07 -2.5716e-07 1.7257e-07 3.0970e-07 5.7634e-05 -1.1068e-04 1.2479e-04 -1.0293e-04 1.8929e-04 2.1546e-04 1.3855e-04 7.5273e-05 1.5768e-04
2.1497e+01 -1.7829e-07 -2.2516e-07 2.8720e-07 2.3790e-07 3.5268e-07 4.2542e-07 2.1384e-07 -1.5270e-07 2.6277e-07 -5.6361e-05 1.0824e-04 1.2203e-04 1.0066e-04 -1.8510e-04 2.1070e-04 -1.3539e-04 -7.3551e-05 1.5408e-04
2.0998e+01 1.5564e-07 1.8411e-07 2.4108e-07 -2.0906e-07 -2.8949e-07 3.5709e-07 -2.7647e-07 1.8107e-07 3.3049e-07 5.5143e-05 -1.0590e-04 1.1939e-04 -9.8480e-05 1.8110e-04 2.0615e-04 1.3237e-04 7.1910e-05 1.5064e-04
2.0519e+01 -1.8796e-07 -2.4287e-07 3.0711e-07 2.5017e-07 3.7993e-07 4.5490e-07 1.8547e-07 -1.3950e-07 2.3208e-07 -5.3977e-05 1.0366e-04 1.1687e-04 9.6397e-05 -1.7727e-04 2.0179e-04 -1.2950e-04 -7.0345e-05 1.4737e-04
2.0060e+01 1.4174e-07 1.5903e-07 2.1303e-07 -1.9135e-07 -2.5090e-07 3.1554e-07 -3.1396e-07 1.9786e-07 3.7111e-07 5.2860e-05 -1.0151e-04 1.1445e-04 -9.4401e-05 1.7360e-04 1.9761e-04 1.2675e-04 6.8852e-05 1.4425e-04
1.9619e+01 -2.0612e-07 -2.7602e-07 3.4449e-07 2.7325e-07 4.3094e-07 5.1028e-07 1.3339e-07 -1.1551e-07 1.7645e-07 -5.1790e-05 9.9454e-05 1.1213e-04 9.2489e-05 -1.7009e-04 1.9361e-04 -1.2414e-04 -6.7427e-05 1.4127e-04
1.9194e+01 1.1681e-07 1.1392e-07 1.6316e-07 -1.5959e-07 -1.8147e-07 2.4167e-07 -3.8236e-07 2.2873e-07 4.4555e-07 5.0763e-05 -9.7483e-05 1.0991e-04 -9.0655e-05 1.6672e-04 1.8977e-04 1.2164e-04 6.6065e-05 1.3842e-04
1.8786e+01 -2.3841e-07 -3.3482e-07 4.1103e-07 3.1430e-07 5.2143e-07 6.0883e-07 4.1916e-08 -7.3593e-08 8.4693e-08 -4.9778e-05 9.5590e-05 1.0777e-04 8.8895e-05 -1.6348e-04 1.8609e-04 -1.1925e-04 -6.4765e-05 1.3570e-04
1.8393e+01 7.3978e-08 3.6318e-08 8.2412e-08 -1.0506e-07 -6.2038e-08 1.2201e-07 -5.0085e-07 2.8242e-07 5.7498e-07 4.8833e-05 -9.3775e-05 1.0573e-04 -8.7206e-05 1.6038e-04 1.8255e-04 1.1697e-04 6.3521e-05 1.3310e-04
1.8014e+01 -2.9314e-07 -4.3438e-07 5.2404e-07 3.8392e-07 6.7465e-07 7.7624e-07 -1.1220e-07 -3.1660e-09 1.1225e-07 -4.7924e-05 9.2028e-05 1.0376e-04 8.5581e-05 -1.5739e-04 1.7915e-04 -1.1478e-04 -6.2333e-05 1.3062e-04
1.7648e+01 3.2693e-09 -9.1917e-08 9.1975e-08 -1.5059e-08 1.3532e-07 1.3615e-07 -6.9735e-07 3.7164e-07 7.9020e-07 4.7052e-05 -9.0352e-05 1.0187e-04 -8.4022e-05 1.5452e-04 1.7589e-04 1.1269e-04 6.1193e-05 1.2823e-04
1.7295e+01 -3.8222e-07 -5.9628e-07 7.0827e-07 4.9722e-07 9.2382e-07 1.0491e-06 -3.6217e-07 1.1089e-07 3.7877e-07 -4.6211e-05 8.8737e-05 1.0005e-04 8.2519e-05 -1.5176e-04 1.7274e-04 -1.1069e-04 -6.0104e-05 1.2596e-04
1.6954e+01 -1.0934e-07 -2.9624e-07 3.1578e-07 1.2826e-07 4.4978e-07 4.6771e-07 -1.0111e-06 5.1424e-07 1.1343e-06 4.5404e-05 -8.7186e-05 9.8300e-05 -8.1076e-05 1.4911e-04 1.6973e-04 1.0877e-04 5.9058e-05 1.2377e-04
1.6625e+01 -5.2206e-07 -8.5037e-07 9.9783e-07 6.7512e-07 1.3149e-06 1.4781e-06 -7.5389e-07 2.8948e-07 8.0756e-07 -4.4624e-05 8.5687e-05 9.6611e-05 7.9682e-05 -1.4655e-04 1.6681e-04 -1.0694e-04 -5.8059e-05 1.2168e-04
1.6306e+01 -2.8295e-07 -6.1134e-07 6.7365e-07 3.4920e-07 9.3471e-07 9.9781e-07 -1.4954e-06 7.3452e-07 1.6660e-06 4.3876e-05 -8.4250e-05 9.4991e-05 -7.8344e-05 1.4409e-04 1.6401e-04 1.0517e-04 5.7096e-05 1.1967e-04
1.5998e+01 -7.3471e-07 -1.2367e-06 1.4385e-06 9.4567e-07 1.9094e-06 2.1307e-06 -1.3490e-06 5.6065e-07 1.4609e-06 -4.3151e-05 8.2856e-05 9.3419e-05 7.7048e-05 -1.4171e-04 1.6130e-04 -1.0349e-04 -5.6178e-05 1.1776e-04
1.5699e+01 -5.4286e-07 -1.0831e-06 1.2116e-06 6.7995e-07 1.6608e-06 1.7946e-06 -2.2210e-06 1.0647e-06 2.4630e-06 4.2456e-05 -8.1523e-05 9.1915e-05 -7.5806e-05 1.3943e-04 1.5870e-04 1.0186e-04 5.5290e-05 1.1590e-04
1.5410e+01 -1.0490e-06 -1.8076e-06 2.0900e-06 1.3456e-06 2.7880e-06 3.0958e-06 -2.2281e-06 9.6113e-07 2.4266e-06 -4.1780e-05 8.0221e-05 9.0449e-05 7.4597e-05 -1.3720e-04 1.5617e-04 -1.0031e-04 -5.4446e-05 1.1414e-04
1.5129e+01 -9.2179e-07 -1.7711e-06 1.9966e-06 1.1621e-06 2.7196e-06 2.9575e-06 -3.2793e-06 1.5463e-06 3.6256e-06 4.1134e-05 -7.8983e-05 8.9052e-05 -7.3441e-05 1.3508e-04 1.5376e-04 9.8800e-05 5.3623e-05 1.1241e-04
1.4857e+01 -1.5020e-06 -2.6302e-06 3.0288e-06 1.9218e-06 4.0540e-06 4.4865e-06 -3.4944e-06 1.5379e-06 3.8179e-06 -4.0502e-05 7.7764e-05 8.7679e-05 7.2310e-05 -1.3300e-04 1.5139e-04 -9.7384e-05 -5.2848e-05 1.1080e-04
1.4593e+01 -1.4612e-06 -2.7504e-06 3.1144e-06 1.8485e-06 4.2267e-06 4.6132e-06 -4.7861e-06 2.2322e-06 5.2811e-06 3.9901e-05 -7.6613e-05 8.6381e-05 -7.1235e-05 1.3103e-04 1.4914e-04 9.5975e-05 5.2084e-05 1.0920e-04
1.4336e+01 -2.1397e-06 -3.7884e-06 4.3509e-06 2.7333e-06 5.8365e-06 6.4448e-06 -5.2772e-06 2.3498e-06 5.7767e-06 -3.9307e-05 7.5467e-05 8.5090e-05 7.0173e-05 -1.2907e-04 1.4692e-04 -9.4678e-05 -5.1371e-05 1.0772e-04
1.4087e+01 -2.2124e-06 -4.1144e-06 4.6716e-06 2.8044e-06 6.3259e-06 6.9197e-06 -6.8852e-06 3.1878e-06 7.5874e-06 3.8748e-05 -7.4398e-05 8.3884e-05 -6.9173e-05 1.2725e-04 1.4483e-04 9.3361e-05 5.0658e-05 1.0622e-04
1.3845e+01 -3.0193e-06 -5.3857e-06 6.1743e-06 3.8524e-06 8.2947e-06 9.1457e-06 -7.7355e-06 3.4693e-06 8.4779e-06 -3.8189e-05 7.3315e-05 8.2665e-05 6.8172e-05 -1.2540e-04 1.4273e-04 -9.2177e-05 -5.0005e-05 1.0487e-04
1.3609e+01 -3.2383e-06 -5.9772e-06 6.7981e-06 4.1098e-06 9.1928e-06 1.0070e-05 -9.7519e-06 4.4928e-06 1.0737e-05 3.7668e-05 -7.2325e-05 8.1546e-05 -6.7241e-05 1.2370e-04 1.4080e-04 9.0937e-05 4.9337e-05 1.0346e-04
1.3380e+01 -4.2096e-06 -7.5472e-06 8.6418e-06 5.3669e-06 1.1621e-05 1.2801e-05 -1.1062e-05 4.9841e-06 1.2133e-05 -3.7139e-05 7.1296e-05 8.0389e-05 6.6293e-05 -1.2194e-04 1.3880e-04 -8.9863e-05 -4.8740e-05 1.0223e-04
1.3157e+01 -4.6143e-06 -8.4757e-06 9.6504e-06 5.8607e-06 1.3038e-05 1.4295e-05 -1.3597e-05 6.2434e-06 1.4962e-05 3.6656e-05 -7.0381e-05 7.9354e-05 -6.5429e-05 1.2038e-04 1.3701e-04 8.8687e-05 4.8110e-05 1.0090e-04
1.2939e+01 -5.7928e-06 -1.0422e-05 1.1924e-05 7.3814e-06 1.6046e-05 1.7662e-05 -1.5487e-05 6.9988e-06 1.6995e-05 -3.6152e-05 6.9396e-05 7.8248e-05 6.4527e-05 -1.1870e-04 1.3510e-04 -8.7721e-05 -4.7567e-05 9.9788e-05
1.2727e+01 -6.4298e-06 -1.1772e-05 1.3414e-05 8.1708e-06 1.8111e-05 1.9869e-05 -1.8671e-05 8.5533e-06 2.0537e-05 3.5705e-05 -6.8556e-05 7.7296e-05 -6.3727e-05 1.1726e-04 1.3346e-04 8.6594e-05 4.6969e-05 9.8512e-05
1.2521e+01 -7.8659e-06 -1.4187e-05 1.6222e-05 1.0019e-05 2.1840e-05 2.4028e-05 -2.1280e-05 9.6368e-06 2.3361e-05 -3.5222e-05 6.7605e-05 7.6230e-05 6.2862e-05 -1.1563e-04 1.3162e-04 -8.5739e-05 -4.6481e-05 9.7527e-05
1.2320e+01 -8.7893e-06 -1.6057e-05 1.8305e-05 1.1173e-05 2.4705e-05 2.7114e-05 -2.5265e-05 1.1556e-05 2.7782e-05 3.4811e-05 -6.6840e-05 7.5361e-05 -6.2126e-05 1.1433e-04 1.3012e-04 8.4645e-05 4.5907e-05 9.6292e-05
1.2123e+01 -1.0542e-05 -1.9046e-05 2.1768e-05 1.3424e-05 2.9317e-05 3.2244e-05 -2.8757e-05 1.3041e-05 3.1576e-05 -3.4345e-05 6.5913e-05 7.4324e-05 6.1290e-05 -1.1274e-04 1.2833e-04 -8.3903e-05 -4.5473e-05 9.5434e-05
1.1932e+01 -1.1814e-05 -2.1549e-05 2.4575e-05 1.5022e-05 3.3158e-05 3.6402e-05 -3.3718e-05 1.5404e-05 3.7070e-05 3.3969e-05 -6.5225e-05 7.3540e-05 -6.0617e-05 1.1157e-04 1.2697e-04 8.2826e-05 4.4916e-05 9.4221e-05
1.1745e+01 -1.3949e-05 -2.5234e-05 2.8833e-05 1.7760e-05 3.8841e-05 4.2709e-05 -3.8281e-05 1.7378e-05 4.2041e-05 -3.3514e-05 6.4311e-05 7.2520e-05 5.9803e-05 -1.1000e-04 1.2521e-04 -8.2206e-05 -4.4539e-05 9.3496e-05
1.1562e+01 -1.5643e-05 -2.8501e-05 3.2512e-05 1.9894e-05 4.3857e-05 4.8158e-05 -4.4418e-05 2.0276e-05 4.8827e-05 3.3175e-05 -6.3704e-05 7.1825e-05 -5.9196e-05 1.0897e-04 1.2401e-04 8.1126e-05 4.3991e-05 9.2286e-05
1.1383e+01 -1.8237e-05 -3.3021e-05 3.7722e-05 2.3216e-05 5.0825e-05 5.5876e-05 -5.0264e-05 2.2834e-05 5.5207e-05 -3.2727e-05 6.2791e-05 7.0808e-05 5.8392e-05 -1.0741e-04 1.2225e-04 -8.0637e-05 -4.3674e-05 9.1705e-05
1.1209e+01 -2.0433e-05 -3.7199e-05 4.2441e-05 2.5988e-05 5.7243e-05 6.2866e-05 -5.7804e-05 2.6370e-05 6.3535e-05 3.2426e-05 -6.2271e-05 7.0208e-05 -5.7854e-05 1.0652e-04 1.2122e-04 7.9535e-05 4.3126e-05 9.0474e-05
1.1039e+01 -2.3573e-05 -4.2709e-05 4.8782e-05 3.0005e-05 6.5735e-05 7.2259e-05 -6.5174e-05 2.9622e-05 7.1590e-05 -3.1980e-05 6.1344e-05 6.9180e-05 5.7053e-05 -1.0493e-04 1.1944e-04 -7.9191e-05 -4.2874e-05 9.0052e-05
1.0872e+01 -2.6361e-05 -4.7964e-05 5.4730e-05 3.3531e-05 7.3810e-05 8.1069e-05 -7.4371e-05 3.3914e-05 8.1739e-05 3.1719e-05 -6.0920e-05 6.8683e-05 -5.6587e-05 1.0421e-04 1.1858e-04 7.8041e-05 4.2316e-05 8.8776e-05
1.0709e+01 -3.0143e-05 -5.4639e-05 6.2402e-05 3.8364e-05 8.4095e-05 9.2433e-05 -8.3533e-05 3.7982e-05 9.1763e-05 -3.1268e-05 5.9965e-05 6.7627e-05 5.5777e-05 -1.0258e-04 1.1676e-04 -7.7860e-05 -4.2134e-05 8.8529e-05
1.0549e+01 -3.3625e-05 -6.1155e-05 6.9789e-05 4.2775e-05 9.4110e-05 1.0338e-04 -9.4673e-05 4.3157e-05 1.0405e-04 3.1051e-05 -5.9646e-05 6.7245e-05 -5.5390e-05 1.0203e-04 1.1610e-04 7.6638e-05 4.1556e-05 8.7179e-05
1.0393e+01 -3.8155e-05 -6.9189e-05 7.9013e-05 4.8560e-05 1.0649e-04 1.1704e-04 -1.0593e-04 4.8177e-05 1.1637e-04 -3.0589e-05 5.8645e-05 6.6143e-05 5.4559e-05 -1.0032e-04 1.1420e-04 -7.6639e-05 -4.1452e-05 8.7131e-05
1.0240e+01 -4.2444e-05 -7.7170e-05 8.8072e-05 5.3997e-05 1.1876e-04 1.3046e-04 -1.1932e-04 5.4379e-05 1.3113e-04 3.0420e-05 -5.8445e-05 6.5888e-05 -5.4259e-05 9.9983e-05 1.1376e-04 7.5315e-05 4.0842e-05 8.5676e-05
1.0090e+01 -4.7842e-05 -8.6778e-05 9.9092e-05 6.0884e-05 1.3356e-04 1.4678e-04 -1.3299e-04 6.0502e-05 1.4611e-04 -2.9939e-05 5.7379e-05 6.4720e-05 5.3393e-05 -9.8158e-05 1.1174e-04 -7.5525e-05 -4.0825e-05 8.5852e-05
9.9432e+00 -5.3061e-05 -9.6448e-05 1.1008e-04 6.7505e-05 1.4843e-04 1.6306e-04 -1.4899e-04 6.7888e-05 1.6373e-04 2.9824e-05 -5.7313e-05 6.4609e-05 -5.3190e-05 9.8049e-05 1.1155e-04 7.4064e-05 4.0170e-05 8.4256e-05
9.7994e+00 -5.9454e-05 -1.0787e-04 1.2317e-04 7.5660e-05 1.6601e-04 1.8244e-04 -1.6545e-04 7.5278e-05 1.8177e-04 -2.9316e-05 5.6161e-05 6.3352e-05 5.2275e-05 -9.6076e-05 1.0938e-04 -7.4513e-05 -4.0251e-05 8.4690e-05
9.6583e+00 -6.5739e-05 -1.1947e-04 1.3636e-04 8.3637e-05 1.8386e-04 2.0199e-04 -1.8442e-04 8.4020e-05 2.0266e-04 2.9260e-05 -5.6248e-05 6.3403e-05 -5.2180e-05 9.6229e-05 1.0947e-04 7.2879e-05 3.9535e-05 8.2912e-05
9.5201e+00 -7.3270e-05 -1.3295e-04 1.5181e-04 9.3239e-05 2.0462e-04 2.2486e-04 -2.0405e-04 9.2856e-05 2.2419e-04 -2.8716e-05 5.4984e-05 6.2032e-05 5.1199e-05 -9.4066e-05 1.0710e-04 -7.3602e-05 -3.9728e-05 8.3640e-05
9.3845e+00 -8.0768e-05 -1.4676e-04 1.6752e-04 1.0276e-04 2.2586e-04 2.4813e-04 -2.2642e-04 1.0314e-04 2.4881e-04 2.8728e-05 -5.5245e-05 6.2268e-05 -5.1225e-05 9.4516e-05 1.0751e-04 7.1752e-05 3.8935e-05 8.1635e-05
9.2514e+00 -8.9589e-05 -1.6259e-04 1.8563e-04 1.1400e-04 2.5022e-04 2.7497e-04 -2.4966e-04 1.1362e-04 2.7430e-04 -2.8138e-05 5.3844e-05 6.0753e-05 5.0161e-05 -9.2117e-05 1.0489e-04 -7.2790e-05 -3.9255e-05 8.2700e-05
9.1209e+00 -9.8459e-05 -1.7888e-04 2.0419e-04 1.2527e-04 2.7530e-04 3.0246e-04 -2.7586e-04 1.2565e-04 3.0313e-04 2.8226e-05 -5.4304e-05 6.1202e-05 -5.0325e-05 9.2909e-05 1.0566e-04 7.0675e-05 3.8366e-05 8.0417e-05
8.9927e+00 -1.0874e-04 -1.9736e-04 2.2533e-04 1.3837e-04 3.0374e-04 3.3377e-04 -3.0317e-04 1.3798e-04 3.3309e-04 -2.7578e-05 5.2736e-05 5.9511e-05 4.9157e-05 -9.0222e-05 1.0274e-04 -7.2075e-05 -3.8830e-05 8.1869e-05
8.8669e+00 -1.1915e-04 -2.1646e-04 2.4709e-04 1.5160e-04 3.3312e-04 3.6600e-04 -3.3369e-04 1.5198e-04 3.6667e-04 2.7752e-05 -5.3422e-05 6.0201e-05 -4.9476e-05 9.1403e-05 1.0393e-04 6.9642e-05 3.7825e-05 7.9251e-05
8.7434e+00 -1.3106e-04 -2.3790e-04 2.7161e-04 1.6678e-04 3.6613e-04 4.0233e-04 -3.6556e-04 1.6639e-04 4.0165e-04 -2.7035e-05 5.1653e-05 5.8300e-05 4.8181e-05 -8.8371e-05 1.0065e-04 -7.1456e-05 -3.8453e-05 8.1146e-05
8.6220e+00 -1.4321e-04 -2.6014e-04 2.9695e-04 1.8221e-04 4.0035e-04 4.3986e-04 -4.0092e-04 1.8259e-04 4.4054e-04 2.7306e-05 -5.2599e-05 5.9264e-05 -4.8677e-05 8.9996e-05 1.0232e-04 6.8646e-05 3.7309e-05 7.8130e-05
8.5028e+00 -1.5694e-04 -2.8490e-04 3.2526e-04 1.9971e-04 4.3846e-04 4.8180e-04 -4.3789e-04 1.9932e-04 4.8112e-04 -2.6505e-05 5.0591e-05 5.7113e-05 4.7231e-05 -8.6555e-05 9.8603e-05 -7.0935e-05 -3.8123e-05 8.0531e-05
8.3857e+00 -1.7102e-04 -3.1064e-04 3.5460e-04 2.1759e-04 4.7806e-04 5.2525e-04 -4.7864e-04 2.1798e-04 5.2593e-04 2.6886e-05 -5.1832e-05 5.8390e-05 -4.7926e-05 8.8687e-05 1.0081e-04 6.7682e-05 3.6814e-05 7.7046e-05
8.2705e+00 -1.8678e-04 -3.3908e-04 3.8712e-04 2.3768e-04 5.2185e-04 5.7342e-04 -5.2127e-04 2.3729e-04 5.7274e-04 -2.5987e-05 4.9544e-05 5.5946e-05 4.6301e-05 -8.4765e-05 9.6587e-05 -7.0512e-05 -3.7840e-05 8.0024e-05
8.1573e+00 -2.0299e-04 -3.6870e-04 4.2089e-04 2.5828e-04 5.6742e-04 6.2344e-04 -5.6800e-04 2.5867e-04 6.2412e-04 2.6493e-05 -5.1122e-05 5.7579e-05 -4.7222e-05 8.7473e-05 9.9406e-05 6.6741e-05 3.6337e-05 7.5992e-05
8.0460e+00 -2.2101e-04 -4.0123e-04 4.5807e-04 2.8122e-04 6.1749e-04 6.7851e-04 -6.1692e-04 2.8084e-04 6.7783e-04 -2.5478e-05 4.8509e-05 5.4793e-05 4.5389e-05 -8.2994e-05 9.4594e-05 -7.0187e-05 -3.7605e-05 7.9626e-05
7.9365e+00 -2.3958e-04 -4.3514e-04 4.9673e-04 3.0483e-04 6.6967e-04 7.3578e-04 -6.7024e-04 3.0522e-04 7.3647e-04 2.6125e-05 -5.0467e-05 5.6828e-05 -4.6565e-05 8.6355e-05 9.8109e-05 6.5819e-05 3.5877e-05 7.4962e-05
7.8288e+00 -2.6007e-04 -4.7216e-04 5.3905e-04 3.3093e-04 7.2666e-04 7.9847e-04 -7.2608e-04 3.3054e-04 7.9778e-04 -2.4976e-05 4.7479e-05 5.3647e-05 4.4489e-05 -8.1231e-05 9.2616e-05 -6.9963e-05 -3.7417e-05 7.9340e-05
7.7229e+00 -2.8124e-04 -5.1079e-04 5.8310e-04 3.5785e-04 7.8610e-04 8.6372e-04 -7.8668e-04 3.5823e-04 8.6441e-04 2.5782e-05 -4.9868e-05 5.6139e-05 -4.5954e-05 8.5331e-05 9.6918e-05 6.4909e-05 3.5430e-05 7.3949e-05
7.6186e+00 -3.0446e-04 -5.5276e-04 6.3107e-04 3.8741e-04 8.5071e-04 9.3477e-04 -8.5013e-04 3.8702e-04 9.3408e-04 -2.4479e-05 4.6450e-05 5.2505e-05 4.3599e-05 -7.9470e-05 9.0644e-05 -6.9842e-05 -3.7276e-05 7.9167e-05
7.5160e+00 -3.2848e-04 -5.9657e-04 6.8103e-04 4.1795e-04 9.1812e-04 1.0088e-03 -9.1870e-04 4.1834e-04 1.0095e-03 2.5464e-05 -4.9325e-05 5.5510e-05 -4.5387e-05 8.4403e-05 9.5832e-05 6.4005e-05 3.4993e-05 7.2946e-05
7.4149e+00 -3.5468e-04 -6.4396e-04 7.3517e-04 4.5131e-04 9.9105e-04 1.0890e-03 -9.9047e-04 4.5092e-04 1.0883e-03 -2.3985e-05 4.5416e-05 5.1361e-05 4.2714e-05 -7.7701e-05 8.8667e-05 -6.9827e-05 -3.7185e-05 7.9111e-05
7.3154e+00 -3.8182e-04 -6.9342e-04 7.9159e-04 4.8582e-04 1.0672e-03 1.1725e-03 -1.0678e-03 4.8621e-04 1.1732e-03 2.5170e-05 -4.8838e-05 5.4942e-05 -4.4866e-05 8.3570e-05 9.4852e-05 6.3100e-05 3.4564e-05 7.1946e-05
7.2175e+00 -4.1127e-04 -7.4671e-04 8.5248e-04 5.2331e-04 1.1492e-03 1.2627e-03 -1.1486e-03 5.2292e-04 1.2620e-03 -2.3492e-05 4.4374e-05 5.0208e-05 4.1830e-05 -7.5915e-05 8.6676e-05 -6.9921e-05 -3.7142e-05 7.9174e-05
7.1210e+00 -4.4180e-04 -8.0234e-04 9.1594e-04 5.6214e-04 1.2348e-03 1.3567e-03 -1.2354e-03 5.6253e-04 1.3574e-03 2.4901e-05 -4.8407e-05 5.4437e-05 -4.4389e-05 8.2834e-05 9.3978e-05 6.2189e-05 3.4140e-05 7.0943e-05
7.0259e+00 -4.7479e-04 -8.6206e-04 9.8416e-04 6.0414e-04 1.3267e-03 1.4578e-03 -1.3261e-03 6.0375e-04 1.4571e-03 -2.2997e-05 4.3316e-05 4.9042e-05 4.0945e-05 -7.4103e-05 8.4662e-05 -7.0128e-05 -3.7151e-05 7.9361e-05
6.9322e+00 -5.0901e-04 -9.2439e-04 1.0553e-03 6.4766e-04 1.4226e-03 1.5631e-03 -1.4232e-03 6.4805e-04 1.5638e-03 2.4656e-05 -4.8035e-05 5.3993e-05 -4.3958e-05 8.2196e-05 9.3212e-05 6.1264e-05 3.3718e-05 6.9930e-05
6.8399e+00 -5.4584e-04 -9.9108e-04 1.1314e-03 6.9454e-04 1.5253e-03 1.6760e-03 -1.5247e-03 6.9415e-04 1.6753e-03 -2.2498e-05 4.2240e-05 4.7857e-05 4.0054e-05 -7.2257e-05 8.2616e-05 -7.0452e-05 -3.7212e-05 7.9676e-05
6.7489e+00 -5.8405e-04 -1.0607e-03 1.2108e-03 7.4314e-04 1.6323e-03 1.7935e-03 -1.6329e-03 7.4354e-04 1.7942e-03 2.4435e-05 -4.7720e-05 5.3613e-05 -4.3571e-05 8.1657e-05 9.2554e-05 6.0321e-05 3.3296e-05 6.8900e-05
6.6592e+00 -6.2503e-04 -1.1349e-03 1.2956e-03 7.9531e-04 1.7466e-03 1.9191e-03 -1.7460e-03 7.9492e-04 1.9184e-03 -2.1992e-05 4.1138e-05 4.6647e-05 3.9152e-05 -7.0367e-05 8.0526e-05 -7.0898e-05 -3.7327e-05 8.0124e-05
6.5708e+00 -6.6756e-04 -1.2123e-03 1.3839e-03 8.4940e-04 1.8657e-03 2.0500e-03 -1.8663e-03 8.4980e-04 2.0507e-03 2.4239e-05 -4.7466e-05 5.3297e-05 -4.3231e-05 8.1220e-05 9.2008e-05 5.9351e-05 3.2872e-05 6.7847e-05
6.4836e+00 -7.1302e-04 -1.2947e-03 1.4780e-03 9.0727e-04 1.9925e-03 2.1893e-03 -1.9919e-03 9.0687e-04 2.1886e-03 -2.1479e-05 4.0006e-05 4.5407e-05 3.8238e-05 -6.8424e-05 7.8383e-05 -7.1471e-05 -3.7498e-05 8.0711e-05
6.3975e+00 -7.6020e-04 -1.3805e-03 1.5760e-03 9.6728e-04 2.1246e-03 2.3344e-03 -2.1252e-03 9.6767e-04 2.3351e-03 2.4068e-05 -4.7272e-05 5.3046e-05 -4.2937e-05 8.0886e-05 9.1576e-05 5.8351e-05 3.2442e-05 6.6763e-05
6.3127e+00 -8.1048e-04 -1.4716e-03 1.6801e-03 1.0313e-03 2.2648e-03 2.4886e-03 -2.2642e-03 1.0309e-03 2.4879e-03 -2.0955e-05 3.8837e-05 4.4130e-05 3.7305e-05 -6.6418e-05 7.6178e-05 -7.2177e-05 -3.7727e-05 8.1442e-05
6.2290e+00 -8.6266e-04 -1.5666e-03 1.7884e-03 1.0976e-03 2.4109e-03 2.6490e-03 -2.4115e-03 1.0980e-03 2.6498e-03 2.3922e-05 -4.7141e-05 5.2863e-05 -4.2690e-05 8.0658e-05 9.1259e-05 5.7312e-05 3.2004e-05 6.5642e-05
6.1464e+00 -9.1812e-04 -1.6671e-03 1.9032e-03 1.1682e-03 2.5656e-03 2.8191e-03 -2.5650e-03 1.1678e-03 2.8184e-03 -2.0418e-05 3.7628e-05 4.2810e-05 3.6351e-05 -6.4340e-05 7.3899e-05 -7.3021e-05 -3.8015e-05 8.2324e-05
6.0649e+00 -9.7565e-04 -1.7717e-03 2.0226e-03 1.2414e-03 2.7267e-03 2.9960e-03 -2.7273e-03 1.2418e-03 2.9967e-03 2.3801e-05 -4.7074e-05 5.2749e-05 -4.2490e-05 8.0540e-05 9.1061e-05 5.6228e-05 3.1556e-05 6.4478e-05
5.9845e+00 -1.0367e-03 -1.8823e-03 2.1489e-03 1.3191e-03 2.8969e-03 3.1831e-03 -2.8963e-03 1.3187e-03 3.1824e-03 -1.9865e-05 3.6370e-05 4.1442e-05 3.5371e-05 -6.2179e-05 7.1536e-05 -7.4010e-05 -3.8366e-05 8.3363e-05
5.9051e+00 -1.0999e-03 -1.9974e-03 2.2802e-03 1.3996e-03 3.0740e-03 3.3776e-03 -3.0746e-03 1.4000e-03 3.3783e-03 2.3705e-05 -4.7073e-05 5.2705e-05 -4.2340e-05 8.0533e-05 9.0984e-05 5.5093e-05 3.1095e-05 6.3263e-05
5.8267e+00 -1.1669e-03 -2.1188e-03 2.4188e-03 1.4847e-03 3.2608e-03 3.5829e-03 -3.2602e-03 1.4843e-03 3.5822e-03 -1.9295e-05 3.5059e-05 4.0018e-05 3.4361e-05 -5.9925e-05 6.9077e-05 -7.5152e-05 -3.8781e-05 8.4568e-05
5.7493e+00 -1.2363e-03 -2.2450e-03 2.5629e-03 1.5730e-03 3.4550e-03 3.7962e-03 -3.4556e-03 1.5734e-03 3.7970e-03 2.3636e-05 -4.7140e-05 5.2733e-05 -4.2239e-05 8.0640e-05 9.1033e-05 5.3901e-05 3.0619e-05 6.1991e-05
5.6729e+00 -1.3095e-03 -2.3778e-03 2.7146e-03 1.6663e-03 3.6595e-03 4.0210e-03 -3.6589e-03 1.6659e-03 4.0202e-03 -1.8704e-05 3.3689e-05 3.8533e-05 3.3317e-05 -5.7566e-05 6.6512e-05 -7.6453e-05 -3.9265e-05 8.5947e-05
5.5974e+00 -1.3855e-03 -2.5159e-03 2.8721e-03 1.7629e-03 3.8719e-03 4.2544e-03 -3.8726e-03 1.7633e-03 4.2551e-03 2.3593e-05 -4.7276e-05 5.2836e-05 -4.2189e-05 8.0866e-05 9.1210e-05 5.2645e-05 3.0124e-05 6.0655e-05
5.5229e+00 -1.4654e-03 -2.6610e-03 3.0378e-03 1.8647e-03 4.0952e-03 4.4998e-03 -4.0946e-03 1.8643e-03 4.4990e-03 -1.8090e-05 3.2252e-05 3.6979e-05 3.2235e-05 -5.5092e-05 6.3830e-05 -7.7922e-05 -3.9819e-05 8.7507e-05
5.4492e+00 -1.5483e-03 -2.8116e-03 3.2098e-03 1.9701e-03 4.3271e-03 4.7545e-03 -4.3277e-03 1.9705e-03 4.7552e-03 2.3577e-05 -4.7484e-05 5.3015e-05 -4.2192e-05 8.1212e-05 9.1518e-05 5.1318e-05 2.9609e-05 5.9248e-05
5.3765e+00 -1.6355e-03 -2.9697e-03 3.3903e-03 2.0810e-03 4.5704e-03 5.0219e-03 -4.5698e-03 2.0806e-03 5.0211e-03 -1.7450e-05 3.0742e-05 3.5349e-05 3.1109e-05 -5.2491e-05 6.1017e-05 -7.9567e-05 -4.0447e-05 8.9257e-05
5.3046e+00 -1.7257e-03 -3.1338e-03 3.5775e-03 2.1958e-03 4.8229e-03 5.2992e-03 -4.8235e-03 2.1962e-03 5.3000e-03 2.3588e-05 -4.7765e-05 5.3272e-05 -4.2247e-05 8.1682e-05 9.1961e-05 4.9915e-05 2.9071e-05 5.7764e-05
5.2336e+00 -1.8205e-03 -3.3057e-03 3.7738e-03 2.3164e-03 5.0874e-03 5.5900e-03 -5.0868e-03 2.3160e-03 5.5892e-03 -1.6782e-05 2.9152e-05 3.3637e-05 2.9936e-05 -4.9751e-05 5.8063e-05 -8.1396e-05 -4.1153e-05 9.1208e-05
5.1634e+00 -1.9186e-03 -3.4839e-03 3.9773e-03 2.4412e-03 5.3618e-03 5.8913e-03 -5.3624e-03 2.4416e-03 5.8921e-03 2.3627e-05 -4.8123e-05 5.3610e-05 -4.2358e-05 8.2280e-05 9.2543e-05 4.8427e-05 2.8508e-05 5.6195e-05
5.0940e+00 -2.0214e-03 -3.6704e-03 4.1902e-03 2.5720e-03 5.6488e-03 6.2068e-03 -5.6481e-03 2.5716e-03 6.2060e-03 -1.6082e-05 2.7475e-05 3.1835e-05 2.8710e-05 -4.6858e-05 5.4954e-05 -8.3420e-05 -4.1940e-05 9.3369e-05
5.0254e+00 -2.1277e-03 -3.8637e-03 4.4108e-03 2.7073e-03 5.9463e-03 6.5336e-03 -5.9469e-03 2.7077e-03 6.5343e-03 2.3693e-05 -4.8557e-05 5.4029e-05 -4.2524e-05 8.3008e-05 9.3266e-05 4.6850e-05 2.7917e-05 5.4537e-05
4.9576e+00 -2.2390e-03 -4.0657e-03 4.6414e-03 2.8490e-03 6.2571e-03 6.8751e-03 -6.2564e-03 2.8486e-03 6.8744e-03 -1.5347e-05 2.5703e-05 2.9936e-05 2.7427e-05 -4.3801e-05 5.1679e-05 -8.5647e-05 -4.2812e-05 9.5751e-05
4.8906e+00 -2.3541e-03 -4.2749e-03 4.8802e-03 2.9954e-03 6.5790e-03 7.2288e-03 -6.5796e-03 2.9958e-03 7.2295e-03 2.3789e-05 -4.9071e-05 5.4533e-05 -4.2748e-05 8.3870e-05 9.4135e-05 4.5177e-05 2.7295e-05 5.2782e-05
4.8243e+00 -2.4744e-03 -4.4931e-03 5.1294e-03 3.1485e-03 6.9149e-03 7.5979e-03 -6.9142e-03 3.1481e-03 7.5971e-03 -1.4574e-05 2.3829e-05 2.7932e-05 2.6081e-05 -4.0564e-05 4.8225e-05 -8.8088e-05 -4.3773e-05 9.8365e-05
4.7588e+00 -2.5987e-03 -4.7190e-03 5.3873e-03 3.3066e-03 7.2626e-03 7.9799e-03 -7.2632e-03 3.3071e-03 7.9807e-03 2.3912e-05 -4.9667e-05 5.5123e-05 -4.3030e-05 8.4867e-05 9.5152e-05 4.3400e-05 2.6641e-05 5.0925e-05
4.6940e+00 -2.7285e-03 -4.9545e-03 5.6561e-03 3.4718e-03 7.6249e-03 8.3781e-03 -7.6243e-03 3.4713e-03 8.3773e-03 -1.3760e-05 2.1843e-05 2.5816e-05 2.4668e-05 -3.7134e-05 4.4581e-05 -9.0755e-05 -4.4827e-05 1.0122e-04
4.6299e+00 -2.8625e-03 -5.1980e-03 5.9341e-03 3.6423e-03 7.9998e-03 8.7899e-03 -8.0004e-03 3.6427e-03 8.7907e-03 2.4065e-05 -5.0345e-05 5.5801e-05 -4.3372e-05 8.6003e-05 9.6320e-05 4.1515e-05 2.5953e-05 4.8960e-05
4.5665e+00 -3.0022e-03 -5.4516e-03 6.2236e-03 3.8201e-03 8.3900e-03 9.2187e-03 -8.3893e-03 3.8197e-03 9.2179e-03 -1.2901e-05 1.9739e-05 2.3581e-05 2.3181e-05 -3.3496e-05 4.0735e-05 -9.3658e-05 -4.5979e-05 1.0434e-04
4.5038e+00 -3.1465e-03 -5.7137e-03 6.5228e-03 4.0036e-03 8.7934e-03 9.6619e-03 -8.7940e-03 4.0040e-03 9.6627e-03 2.4247e-05 -5.1107e-05 5.6567e-05 -4.3775e-05 8.7280e-05 9.7642e-05 3.9516e-05 2.5227e-05 4.6882e-05
4.4418e+00 -3.2967e-03 -5.9863e-03 6.8340e-03 4.1948e-03 9.2128e-03 1.0123e-02 -9.2121e-03 4.1943e-03 1.0122e-02 -1.1994e-05 1.7506e-05 2.1221e-05 2.1616e-05 -2.9632e-05 3.6679e-05 -9.6810e-05 -4.7234e-05 1.0772e-04
4.3804e+00 -3.4517e-03 -6.2679e-03 7.1554e-03 4.3919e-03 9.6462e-03 1.0599e-02 -9.6469e-03 4.3924e-03 1.0600e-02 2.4457e-05 -5.1955e-05 5.7424e-05 -4.4240e-05 8.8698e-05 9.9119e-05 3.7396e-05 2.4463e-05 4.4687e-05
4.3197e+00 -3.6128e-03 -6.5604e-03 7.4894e-03 4.5970e-03 1.0096e-02 1.1094e-02 -1.0096e-02 4.5966e-03 1.1093e-02 -1.1034e-05 1.5135e-05 1.8730e-05 1.9966e-05 -2.5527e-05 3.2408e-05 -1.0022e-04 -4.8596e-05 1.1138e-04
4.2596e+00 -3.7791e-03 -6.8624e-03 7.8341e-03 4.8085e-03 1.0561e-02 1.1604e-02 -1.0562e-02 4.8090e-03 1.1605e-02 2.4697e-05 -5.2890e-05 5.8372e-05 -4.4769e-05 9.0260e-05 1.0075e-04 3.5151e-05 2.3659e-05 4.2372e-05
4.2001e+00 -3.9518e-03 -7.1758e-03 8.1920e-03 5.0283e-03 1.1044e-02 1.2134e-02 -1.1043e-02 5.0279e-03 1.2134e-02 -1.0018e-05 1.2615e-05 1.6109e-05 1.8225e-05 -2.1162e-05 2.7929e-05 -1.0391e-04 -5.0072e-05 1.1535e-04
4.1412e+00 -4.1298e-03 -7.4992e-03 8.5612e-03 5.2548e-03 1.1541e-02 1.2681e-02 -1.1542e-02 5.2552e-03 1.2682e-02 2.4965e-05 -5.3911e-05 5.9411e-05 -4.5362e-05 9.1964e-05 1.0254e-04 3.2776e-05 2.2812e-05 3.9933e-05
4.0830e+00 -4.3145e-03 -7.8345e-03 8.9440e-03 5.4899e-03 1.2057e-02 1.3248e-02 -1.2057e-02 5.4894e-03 1.3247e-02 -8.9403e-06 9.9370e-06 1.3367e-05 1.6388e-05 -1.6519e-05 2.3268e-05 -1.0789e-04 -5.1667e-05 1.1962e-04
4.0253e+00 -4.5048e-03 -8.1803e-03 9.3387e-03 5.7320e-03 1.2589e-02 1.3833e-02 -1.2590e-02 5.7324e-03 1.3834e-02 2.5260e-05 -5.5019e-05 6.0541e-05 -4.6020e-05 9.3811e-05 1.0449e-04 3.0266e-05 2.1922e-05 3.7371e-05
3.9683e+00 -4.7022e-03 -8.5384e-03 9.7476e-03 5.9831e-03 1.3141e-02 1.4439e-02 -1.3140e-02 5.9827e-03 1.4438e-02 -7.7969e-06 7.0882e-06 1.0537e-05 1.4446e-05 -1.1575e-05 1.8512e-05 -1.1217e-04 -5.3387e-05 1.2423e-04
3.9118e+00 -4.9053e-03 -8.9076e-03 1.0169e-02 6.2416e-03 1.3709e-02 1.5063e-02 -1.3709e-02 6.2421e-03 1.5064e-02 2.5583e-05 -5.6213e-05 6.1761e-05 -4.6743e-05 9.5797e-05 1.0659e-04 2.7617e-05 2.0988e-05 3.4687e-05
3.8559e+00 -5.1158e-03 -9.2895e-03 1.0605e-02 6.5094e-03 1.4297e-02 1.5709e-02 -1.4296e-02 6.5090e-03 1.5708e-02 -6.5825e-06 4.0565e-06 7.7320e-06 1.2394e-05 -6.3100e-06 1.3908e-05 -1.1677e-04 -5.5239e-05 1.2918e-04
3.8005e+00 -5.3324e-03 -9.6830e-03 1.1054e-02 6.7850e-03 1.4902e-02 1.6374e-02 -1.4903e-02 6.7855e-03 1.6375e-02 2.5932e-05 -5.7491e-05 6.3069e-05 -4.7533e-05 9.7920e-05 1.0885e-04 2.4827e-05 2.0008e-05 3.1885e-05
3.7457e+00 -5.5565e-03 -1.0090e-02 1.1519e-02 7.0702e-03 1.5528e-02 1.7062e-02 -1.5527e-02 7.0698e-03 1.7061e-02 -5.2916e-06 8.2888e-07 5.3561e-06 1.0224e-05 -6.9935e-07 1.0248e-05 -1.2171e-04 -5.7229e-05 1.3449e-04
3.6914e+00 -5.7871e-03 -1.0509e-02 1.1997e-02 7.3635e-03 1.6173e-02 1.7770e-02 -1.6174e-02 7.3640e-03 1.7771e-02 2.6304e-05 -5.8852e-05 6.4463e-05 -4.8388e-05 1.0017e-04 1.1125e-04 2.1893e-05 1.8982e-05 2.8976e-05
3.6376e+00 -6.0255e-03 -1.0941e-02 1.2491e-02 7.6669e-03 1.6839e-02 1.8502e-02 -1.6838e-02 7.6664e-03 1.8501e-02 -3.9182e-06 -2.6091e-06 4.7074e-06 7.9289e-06 5.2827e-06 9.5275e-06 -1.2700e-04 -5.9364e-05 1.4019e-04
3.5844e+00 -6.2705e-03 -1.1387e-02 1.2999e-02 7.9787e-03 1.7524e-02 1.9255e-02 -1.7525e-02 7.9791e-03 1.9256e-02 2.6699e-05 -6.0291e-05 6.5938e-05 -4.9310e-05 1.0255e-04 1.1379e-04 1.8815e-05 1.7911e-05 2.5977e-05
3.5317e+00 -6.5237e-03 -1.1846e-02 1.3524e-02 8.3008e-03 1.8231e-02 2.0032e-02 -1.8230e-02 8.3003e-03 2.0031e-02 -2.4558e-06 -6.2730e-06 6.7366e-06 5.5000e-06 1.1664e-05 1.2896e-05 -1.3267e-04 -6.1653e-05 1.4629e-04
3.4795e+00 -6.7838e-03 -1.2319e-02 1.4063e-02 8.6318e-03 1.8958e-02 2.0831e-02 -1.8959e-02 8.6323e-03 2.0832e-02 2.7113e-05 -6.1804e-05 6.7490e-05 -5.0296e-05 1.0504e-04 1.1646e-04 1.5592e-05 1.6795e-05 2.2917e-05
3.4278e+00 -7.0523e-03 -1.2806e-02 1.4619e-02 8.9735e-03 1.9708e-02 2.1655e-02 -1.9707e-02 8.9730e-03 2.1654e-02 -8.9725e-07 -1.0180e-05 1.0219e-05 2.9294e-06 1.8477e-05 1.8708e-05 -1.3873e-04 -6.4105e-05 1.5282e-04
3.3766e+00 -7.3280e-03 -1.3307e-02 1.5191e-02 9.3243e-03 2.0479e-02 2.2502e-02 -2.0480e-02 9.3248e-03 2.2503e-02 2.7543e-05 -6.3385e-05 6.9111e-05 -5.1347e-05 1.0763e-04 1.1925e-04 1.2227e-05 1.5635e-05 1.9848e-05
3.3259e+00 -7.6125e-03 -1.3823e-02 1.5781e-02 9.6862e-03 2.1274e-02 2.3375e-02 -2.1273e-02 9.6857e-03 2.3374e-02 7.6539e-07 -1.4348e-05 1.4369e-05 2.0824e-07 2.5755e-05 2.5756e-05 -1.4521e-04 -6.6727e-05 1.5981e-04
3.2757e+00 -7.9044e-03 -1.4353e-02 1.6386e-02 1.0058e-02 2.2090e-02 2.4272e-02 -2.2091e-02 1.0058e-02 2.4273e-02 2.7985e-05 -6.5024e-05 7.0791e-05 -5.2460e-05 1.1031e-04 1.2215e-04 8.7237e-06 1.4434e-05 1.6865e-05
3.2259e+00 -8.2052e-03 -1.4899e-02 1.7009e-02 1.0440e-02 2.2930e-02 2.5195e-02 -2.2929e-02 1.0440e-02 2.5194e-02 2.5409e-06 -1.8800e-05 1.8971e-05 -2.6727e-06 3.3538e-05 3.3644e-05 -1.5213e-04 -6.9531e-05 1.6726e-04
3.1766e+00 -8.5138e-03 -1.5460e-02 1.7649e-02 1.0833e-02 2.3793e-02 2.6143e-02 -2.3794e-02 1.0834e-02 2.6144e-02 2.8434e-05 -6.6711e-05 7.2518e-05 -5.3634e-05 1.1304e-04 1.2512e-04 5.0881e-06 1.3194e-05 1.4141e-05
3.1278e+00 -8.8317e-03 -1.6037e-02 1.8308e-02 1.1238e-02 2.4681e-02 2.7119e-02 -2.4680e-02 1.1237e-02 2.7118e-02 4.4391e-06 -2.3558e-05 2.3972e-05 -5.7232e-06 4.1868e-05 4.2257e-05 -1.5952e-04 -7.2528e-05 1.7523e-04
3.0795e+00 -9.1576e-03 -1.6629e-02 1.8984e-02 1.1652e-02 2.5592e-02 2.8120e-02 -2.5593e-02 1.1653e-02 2.8121e-02 2.8883e-05 -6.8433e-05 7.4278e-05 -5.4866e-05 1.1581e-04 1.2815e-04 1.3294e-06 1.1921e-05 1.1995e-05
3.0316e+00 -9.4929e-03 -1.7238e-02 1.9679e-02 1.2079e-02 2.6529e-02 2.9149e-02 -2.6528e-02 1.2078e-02 2.9148e-02 6.4712e-06 -2.8648e-05 2.9370e-05 -8.9534e-06 5.0796e-05 5.1579e-05 -1.6740e-04 -7.5729e-05 1.8373e-04
2.9841e+00 -9.8366e-03 -1.7862e-02 2.0391e-02 1.2516e-02 2.7490e-02 3.0205e-02 -2.7491e-02 1.2517e-02 3.0206e-02 2.9324e-05 -7.0171e-05 7.6052e-05 -5.6153e-05 1.1858e-04 1.3120e-04 -2.5398e-06 1.0618e-05 1.0918e-05
2.9371e+00 -1.0190e-02 -1.8504e-02 2.1124e-02 1.2966e-02 2.8477e-02 3.1290e-02 -2.8476e-02 1.2965e-02 3.1288e-02 8.6498e-06 -3.4102e-05 3.5182e-05 -1.2374e-05 6.0378e-05 6.1633e-05 -1.7582e-04 -7.9148e-05 1.9281e-04
2.8905e+00 -1.0552e-02 -1.9161e-02 2.1874e-02 1.3426e-02 2.9489e-02 3.2401e-02 -2.9490e-02 1.3427e-02 3.2403e-02 2.9747e-05 -7.1904e-05 7.7814e-05 -5.7490e-05 1.2131e-04 1.3424e-04 -6.5025e-06 9.2945e-06 1.1343e-05
2.8443e+00 -1.0924e-02 -1.9836e-02 2.2645e-02 1.3900e-02 3.0528e-02 3.3543e-02 -3.0527e-02 1.3899e-02 3.3542e-02 1.0990e-05 -3.9955e-05 4.1439e-05 -1.5996e-05 7.0681e-05 7.2468e-05 -1.8480e-04 -8.2800e-05 2.0251e-04
2.7986e+00 -1.1305e-02 -2.0528e-02 2.3435e-02 1.4384e-02 3.1592e-02 3.4713e-02 -3.1593e-02 1.4385e-02 3.4714e-02 3.0142e-05 -7.3603e-05 7.9536e-05 -5.8874e-05 1.2393e-04 1.3721e-04 -1.0537e-05 7.9587e-06 1.3205e-05
2.7533e+00 -1.1696e-02 -2.1238e-02 2.4245e-02 1.4882e-02 3.2684e-02 3.5913e-02 -3.2683e-02 1.4881e-02 3.5911e-02 1.3507e-05 -4.6247e-05 4.8180e-05 -1.9830e-05 8.1783e-05 8.4152e-05 -1.9440e-04 -8.6702e-05 2.1286e-04
2.7085e+00 -1.2096e-02 -2.1964e-02 2.5074e-02 1.5390e-02 3.3803e-02 3.7141e-02 -3.3804e-02 1.5391e-02 3.7143e-02 3.0492e-05 -7.5234e-05 8.1179e-05 -6.0300e-05 1.2640e-04 1.4004e-04 -1.4613e-05 6.6229e-06 1.6044e-05
2.6640e+00 -1.2506e-02 -2.2709e-02 2.5925e-02 1.5913e-02 3.4949e-02 3.8402e-02 -3.4948e-02 1.5912e-02 3.8400e-02 1.6223e-05 -5.3029e-05 5.5455e-05 -2.3888e-05 9.3777e-05 9.6771e-05 -2.0466e-04 -9.0875e-05 2.2393e-04
2.6199e+00 -1.2926e-02 -2.3472e-02 2.6795e-02 1.6447e-02 3.6123e-02 3.9691e-02 -3.6125e-02 1.6448e-02 3.9693e-02 3.0781e-05 -7.6754e-05 8.2696e-05 -6.1764e-05 1.2861e-04 1.4267e-04 -1.8694e-05 5.3019e-06 1.9431e-05
2.5763e+00 -1.3356e-02 -2.4253e-02 2.7688e-02 1.6995e-02 3.7325e-02 4.1012e-02 -3.7324e-02 1.6994e-02 4.1010e-02 1.9159e-05 -6.0358e-05 6.3326e-05 -2.8181e-05 1.0677e-04 1.1043e-04 -2.1564e-04 -9.5341e-05 2.3578e-04
2.5331e+00 -1.3796e-02 -2.5052e-02 2.8600e-02 1.7554e-02 3.8555e-02 4.2363e-02 -3.8557e-02 1.7555e-02 4.2366e-02 3.0986e-05 -7.8106e-05 8.4027e-05 -6.3260e-05 1.3046e-04 1.4499e-04 -2.2731e-05 4.0146e-06 2.3083e-05
2.4902e+00 -1.4247e-02 -2.5871e-02 2.9534e-02 1.8129e-02 3.9815e-02 4.3748e-02 -3.9812e-02 1.8127e-02 4.3745e-02 2.2345e-05 -6.8307e-05 7.1868e-05 -3.2717e-05 1.2092e-04 1.2526e-04 -2.2741e-04 -1.0013e-04 2.4848e-04
2.4478e+00 -1.4707e-02 -2.6707e-02 3.0489e-02 1.8713e-02 4.1102e-02 4.5161e-02 -4.1105e-02 1.8715e-02 4.5165e-02 3.1079e-05 -7.9218e-05 8.5096e-05 -6.4786e-05 1.3182e-04 1.4688e-04 -2.6663e-05 2.7848e-06 2.6808e-05
2.4057e+00 -1.5179e-02 -2.7563e-02 3.1466e-02 1.9316e-02 4.2419e-02 4.6610e-02 -4.2416e-02 1.9313e-02 4.6605e-02 2.5813e-05 -7.6965e-05 8.1178e-05 -3.7504e-05 1.3637e-04 1.4143e-04 -2.4006e-04 -1.0527e-04 2.6212e-04
2.3641e+00 -1.5660e-02 -2.8437e-02 3.2464e-02 1.9923e-02 4.3766e-02 4.8087e-02 -4.3770e-02 1.9928e-02 4.8093e-02 3.1026e-05 -7.9996e-05 8.5802e-05 -6.6345e-05 1.3249e-04 1.4817e-04 -3.0407e-05 1.6425e-06 3.0451e-05
2.3228e+00 -1.6153e-02 -2.9332e-02 3.3486e-02 2.0563e-02 4.5140e-02 4.9603e-02 -4.5134e-02 2.0551e-02 4.9593e-02 2.9604e-05 -8.6451e-05 9.1380e-05 -4.2541e-05 1.5337e-04 1.5916e-04 -2.5368e-04 -1.1080e-04 2.7682e-04
2.2819e+00 -1.6656e-02 -3.0245e-02 3.4528e-02 2.0993e-02 4.6171e-02 5.0720e-02 -4.6559e-02 2.1197e-02 5.1158e-02 3.0786e-05 -8.0304e-05 8.6003e-05 -6.7951e-05 1.3221e-04 1.4865e-04 -3.3858e-05 6.2561e-07 3.3863e-05
2.2414e+00 -1.7169e-02 -3.1176e-02 3.5591e-02 1.7291e-02 3.5458e-02 3.9449e-02 -4.7814e-02 2.1784e-02 5.2543e-02 3.3867e-05 -9.7283e-05 1.0301e-04 -4.8222e-05 1.7356e-04 1.8013e-04 -2.6844e-04 -1.1677e-04 2.9273e-04
2.2013e+00 -1.7686e-02 -3.2112e-02 3.6660e-02 1.5062e-02 2.9098e-02 3.2766e-02 -4.8765e-02 2.2263e-02 5.3606e-02 3.0849e-05 -8.1510e-05 8.7153e-05 -7.1834e-05 1.3551e-04 1.5337e-04 -3.6977e-05 -2.5770e-07 3.6978e-05
2.1615e+00 -1.8203e-02 -3.3045e-02 3.7727e-02 1.3667e-02 2.4911e-02 2.8414e-02 -4.9575e-02 2.2693e-02 5.4522e-02 3.9486e-05 -1.1143e-04 1.1822e-04 -5.7299e-05 2.0485e-04 2.1271e-04 -2.8479e-04 -1.2336e-04 3.1036e-04
2.1221e+00 -1.8717e-02 -3.3966e-02 3.8781e-02 1.2597e-02 2.1633e-02 2.5034e-02 -5.0255e-02 2.3079e-02 5.5301e-02 3.1340e-05 -8.3869e-05 8.9533e-05 -7.9038e-05 1.4362e-04 1.6393e-04 -4.0024e-05 -1.1229e-06 4.0039e-05
2.0831e+00 -1.9226e-02 -3.4873e-02 3.9822e-02 1.1728e-02 1.8867e-02 2.2215e-02 -5.0851e-02 2.3435e-02 5.5991e-02 4.6255e-05 -1.2856e-04 1.3663e-04 -6.9352e-05 2.4721e-04 2.5676e-04 -3.0339e-04 -1.3083e-04 3.3040e-04
2.0445e+00 -1.9728e-02 -3.5760e-02 4.0841e-02 1.0983e-02 1.6447e-02 1.9777e-02 -5.1358e-02 2.3763e-02 5.6589e-02 3.2028e-05 -8.6718e-05 9.2444e-05 -8.9371e-05 1.5473e-04 1.7869e-04 -4.3141e-05 -2.0500e-06 4.3190e-05
2.0062e+00 -2.0222e-02 -3.6625e-02 4.1837e-02 1.0332e-02 1.4257e-02 1.7607e-02 -5.1802e-02 2.4070e-02 5.7121e-02 5.4293e-05 -1.4899e-04 1.5857e-04 -8.4851e-05 3.0342e-04 3.1506e-04 -3.2494e-04 -1.3944e-04 3.5359e-04
1.9683e+00 -2.0705e-02 -3.7465e-02 4.2806e-02 9.7451e-03 1.2240e-02 1.5646e-02 -5.2175e-02 2.4354e-02 5.7579e-02 3.2868e-05 -8.9859e-05 9.5681e-05 -1.0379e-04 1.6869e-04 1.9807e-04 -4.6412e-05 -3.1093e-06 4.6516e-05
1.9308e+00 -2.1178e-02 -3.8279e-02 4.3747e-02 9.2102e-03 1.0340e-02 1.3847e-02 -5.2495e-02 2.4622e-02 5.7983e-02 6.3871e-05 -1.7345e-04 1.8484e-04 -1.0474e-04 3.7861e-04 3.9283e-04 -3.5030e-04 -1.4951e-04 3.8087e-04
1.8936e+00 -2.1639e-02 -3.9062e-02 4.4655e-02 8.7104e-03 8.5305e-03 1.2192e-02 -5.2756e-02 2.4871e-02 5.8325e-02 3.3872e-05 -9.3173e-05 9.9139e-05 -1.2418e-04 1.8566e-04 2.2336e-04 -4.9896e-05 -4.3905e-06 5.0089e-05
1.8568e+00 -2.2086e-02 -3.9815e-02 4.5531e-02 8.2406e-03 6.7755e-03 1.0668e-02 -5.2969e-02 2.5105e-02 5.8618e-02 7.5409e-05 -2.0312e-04 2.1666e-04 -1.3043e-04 4.8117e-04 4.9853e-04 -3.8070e-04 -1.6147e-04 4.1352e-04
1.8203e+00 -2.2520e-02 -4.0535e-02 4.6370e-02 7.7889e-03 5.0589e-03 9.2876e-03 -5.3129e-02 2.5324e-02 5.8856e-02 3.5110e-05 -9.6565e-05 1.0275e-04 -1.5395e-04 2.0600e-04 2.5717e-04 -5.3643e-05 -6.0287e-06 5.3980e-05
1.7842e+00 -2.2939e-02 -4.1221e-02 4.7174e-02 7.3530e-03 3.3540e-03 8.0819e-03 -5.3245e-02 2.5529e-02 5.9049e-02 8.9535e-05 -2.3975e-04 2.5593e-04 -1.6388e-04 6.2494e-04 6.4607e-04 -4.1788e-04 -1.7595e-04 4.5341e-04
1.7485e+00 -2.3342e-02 -4.1873e-02 4.7939e-02 6.9234e-03 1.6491e-03 7.1171e-03 -5.3310e-02 2.5721e-02 5.9191e-02 3.6741e-05 -9.9928e-05 1.0647e-04 -1.9957e-04 2.3015e-04 3.0463e-04 -5.7687e-05 -8.2490e-06 5.8274e-05
1.7131e+00 -2.3730e-02 -4.2489e-02 4.8667e-02 6.4997e-03 -7.8704e-05 6.5001e-03 -5.3333e-02 2.5899e-02 5.9289e-02 1.0720e-04 -2.8611e-04 3.0553e-04 -2.0771e-04 8.3373e-04 8.5921e-04 -4.6449e-04 -1.9387e-04 5.0333e-04
1.6780e+00 -2.4102e-02 -4.3069e-02 4.9354e-02 6.0730e-03 -1.8402e-03 6.3457e-03 -5.3306e-02 2.6064e-02 5.9337e-02 3.9097e-05 -1.0310e-04 1.1027e-04 -2.7401e-04 2.5858e-04 3.7675e-04 -6.2037e-05 -1.1459e-05 6.3086e-05
1.6434e+00 -2.4457e-02 -4.3612e-02 5.0002e-02 5.6446e-03 -3.6575e-03 6.7259e-03 -5.3236e-02 2.6216e-02 5.9341e-02 1.2989e-04 -3.4665e-04 3.7019e-04 -2.6480e-04 1.1509e-03 1.1810e-03 -5.2479e-04 -2.1662e-04 5.6774e-04
1.6090e+00 -2.4794e-02 -4.4118e-02 5.0608e-02 5.2056e-03 -5.5427e-03 7.6039e-03 -5.3117e-02 2.6356e-02 5.9296e-02 4.2898e-05 -1.0582e-04 1.1418e-04 -4.0584e-04 2.9166e-04 4.9977e-04 -6.6628e-05 -1.6465e-05 6.8633e-05
1.5750e+00 -2.5115e-02 -4.4588e-02 5.1175e-02 4.7587e-03 -7.5195e-03 8.8988e-03 -5.2952e-02 2.6483e-02 5.9205e-02 1.6006e-04 -4.2910e-04 4.5798e-04 -3.3597e-04 1.6617e-03 1.6953e-03 -6.0600e-04 -2.4653e-04 6.5423e-04
1.5414e+00 -2.5417e-02 -4.5020e-02 5.1699e-02 4.2951e-03 -9.6036e-03 1.0520e-02 -5.2735e-02 2.6597e-02 5.9063e-02 4.9811e-05 -1.0749e-04 1.1847e-04 -6.6584e-04 3.3003e-04 7.4314e-04 -7.1213e-05 -2.5025e-05 7.5482e-05
1.5081e+00 -2.5703e-02 -4.5415e-02 5.2184e-02 3.8192e-03 -1.1824e-02 1.2425e-02 -5.2469e-02 2.6699e-02 5.8871e-02 2.0203e-04 -5.4790e-04 5.8396e-04 -4.0808e-04 2.5493e-03 2.5818e-03 -7.2163e-04 -2.8761e-04 7.7683e-04
1.4752e+00 -2.5969e-02 -4.5773e-02 5.2627e-02 3.3222e-03 -1.4202e-02 1.4586e-02 -5.2147e-02 2.6787e-02 5.8625e-02 6.4191e-05 -1.0680e-04 1.2461e-04 -1.2597e-03 3.8021e-04 1.3159e-03 -7.5000e-05 -4.1538e-05 8.5735e-05
1.4426e+00 -2.6218e-02 -4.6095e-02 5.3030e-02 2.8122e-03 -1.6778e-02 1.7012e-02 -5.1770e-02 2.6862e-02 5.8324e-02 2.6403e-04 -7.3361e-04 7.7968e-04 -3.9149e-04 4.2563e-03 4.2743e-03 -8.9994e-04 -3.4749e-04 9.6470e-04
1.4104e+00 -2.6448e-02 -4.6381e-02 5.3392e-02 2.2816e-03 -1.9586e-02 1.9718e-02 -5.1330e-02 2.6924e-02 5.7963e-02 9.9789e-05 -1.0002e-04 1.4129e-04 -2.9429e-03 5.1346e-04 2.9874e-03 -7.5344e-05 -7.9421e-05 1.0947e-04
1.3785e+00 -2.6661e-02 -4.6631e-02 5.3715e-02 1.7462e-03 -2.2683e-02 2.2750e-02 -5.0826e-02 2.6972e-02 5.7539e-02 3.6303e-04 -1.0630e-03 1.1233e-03 3.0015e-04 7.9670e-03 7.9727e-03 -1.2116e-03 -4.4181e-04 1.2897e-03
1.3469e+00 -2.6855e-02 -4.6847e-02 5.3998e-02 1.2052e-03 -2.6131e-02 2.6159e-02 -5.0249e-02 2.7007e-02 5.7046e-02 2.1764e-04 -7.2949e-05 2.2954e-04 -9.8980e-03 1.7161e-03 1.0046e-02 -6.0787e-05 -1.9665e-04 2.0583e-04
1.3157e+00 -2.7031e-02 -4.7029e-02 5.4244e-02 6.9544e-04 -3.0026e-02 3.0034e-02 -4.9594e-02 2.7029e-02 5.6481e-02 5.1335e-04 -1.8018e-03 1.8735e-03 9.5760e-03 1.5499e-02 1.8219e-02 -1.9001e-03 -5.8317e-04 1.9876e-03
1.2849e+00 -2.7188e-02 -4.7177e-02 5.4451e-02 2.4422e-04 -3.4484e-02 3.4485e-02 -4.8848e-02 2.7040e-02 5.5832e-02 9.9308e-04 3.1656e-04 1.0423e-03 -9.5294e-02 3.5065e-03 9.5358e-02 2.8389e-04 -9.2742e-04 9.6990e-04
1.2544e+00 -2.7329e-02 -4.7295e-02 5.4623e-02 -3.8941e-05 -3.9683e-02 3.9683e-02 -4.8002e-02 2.7041e-02 5.5095e-02 2.0928e-03 -6.6787e-03 6.9989e-03 1.5969e-01 3.1816e-01 3.5599e-01 -6.3821e-03 -2.0592e-03 6.7061e-03
1.2242e+00 -2.7451e-02 -4.7381e-02 5.4758e-02 4.4808e-06 -4.5867e-02 4.5867e-02 -4.7036e-02 2.7040e-02 5.4255e-02 -6.6263e-03 -9.3526e-04 6.6920e-03 3.0082e-01 -7.0099e-01 7.6281e-01 -9.7221e-04 6.0113e-03 6.0894e-03
1.1944e+00 -2.7556e-02 -4.7438e-02 5.4861e-02 8.1511e-04 -5.3366e-02 5.3372e-02 -4.5930e-02 2.7047e-02 5.3302e-02 -3.5508e-03 8.3122e-03 9.0389e-03 -4.3763e-01 1.8712e-01 4.7595e-01 7.1956e-03 3.1560e-03 7.8573e-03
1.1649e+00 -2.7643e-02 -4.7467e-02 5.4930e-02 3.2854e-03 -6.2468e-02 6.2554e-02 -4.4653e-02 2.7089e-02 5.2227e-02 1.9229e-03 6.0708e-04 2.0164e-03 1.0276e-01 1.1127e-01 1.5146e-01 5.3961e-04 -1.6162e-03 1.7039e-03
1.1358e+00 -2.7713e-02 -4.7471e-02 5.4968e-02 9.2131e-03 -7.2553e-02 7.3135e-02 -4.3179e-02 2.7216e-02 5.1041e-02 -1.1396e-03 1.8391e-03 2.1636e-03 -1.8296e-02 -4.0244e-03 1.8733e-02 1.4242e-03 9.6589e-04 1.7208e-03
1.1071e+00 -2.7766e-02 -4.7450e-02 5.4976e-02 1.9580e-02 -8.0827e-02 8.3165e-02 -4.1517e-02 2.7520e-02 4.9810e-02 4.7713e-04 1.2224e-04 4.9254e-04 8.9615e-03 1.1585e-02 1.4646e-02 1.3531e-04 -3.2579e-04 3.5278e-04
1.0786e+00 -2.7802e-02 -4.7407e-02 5.4958e-02 3.2078e-02 -8.4205e-02 9.0108e-02 -3.9749e-02 2.8069e-02 4.8661e-02 -6.5831e-04 1.2400e-03 1.4039e-03 -7.1709e-03 5.3734e-03 8.9607e-03 8.9420e-04 5.3664e-04 1.0429e-03
1.0505e+00 -2.7819e-02 -4.7343e-02 5.4912e-02 4.2903e-02 -8.3465e-02 9.3846e-02 -3.7978e-02 2.8866e-02 4.7703e-02 2.8365e-04 -1.7577e-05 2.8419e-04 3.8389e-03 2.6928e-03 4.6891e-03 3.2085e-05 -1.4873e-04 1.5215e-04
1.0228e+00 -2.7820e-02 -4.7263e-02 5.4842e-02 5.1298e-02 -8.0743e-02 9.5660e-02 -3.6269e-02 2.9844e-02 4.6969e-02 -4.7938e-04 9.4192e-04 1.0569e-03 -3.8085e-03 3.8062e-03 5.3844e-03 6.3311e-04 3.7784e-04 7.3728e-04
9.9544e-01 -2.7801e-02 -4.7165e-02 5.4749e-02 5.9104e-02 -7.8090e-02 9.7935e-02 -3.4640e-02 3.0987e-02 4.6477e-02 2.1082e-04 -6.9415e-05 2.2196e-04 2.0539e-03 8.3581e-04 2.2174e-03 1.8472e-06 -7.9570e-05 7.9592e-05
9.6840e-01 -2.7763e-02 -4.7054e-02 5.4634e-02 5.4463e-02 -7.6973e-02 9.4293e-02 -3.3071e-02 3.2165e-02 4.6133e-02 -3.8177e-04 7.7328e-04 8.6239e-04 -2.4885e-03 2.5137e-03 3.5371e-03 4.8637e-04 2.9171e-04 5.6714e-04
9.4172e-01 -2.7705e-02 -4.6930e-02 5.4497e-02 3.9564e-02 -7.5640e-02 8.5363e-02 -3.1539e-02 3.3113e-02 4.5730e-02 1.8123e-04 -9.6113e-05 2.0513e-04 1.1778e-03 4.8095e-04 1.2722e-03 -8.2941e-06 -4.8119e-05 4.8829e-05
9.1538e-01 -2.7628e-02 -4.6796e-02 5.4343e-02 2.3607e-02 -7.1008e-02 7.4829e-02 -3.0086e-02 3.3736e-02 4.5202e-02 -3.1399e-04 6.6695e-04 7.3716e-04 -1.9618e-03 1.3175e-03 2.3631e-03 3.9391e-04 2.3245e-04 4.5738e-04
8.8940e-01 -2.7532e-02 -4.6654e-02 5.4172e-02 1.0356e-02 -6.3937e-02 6.4770e-02 -2.8768e-02 3.4060e-02 4.4584e-02 1.7539e-04 -1.0289e-04 2.0334e-04 7.0352e-04 3.9265e-04 8.0568e-04 -3.9633e-06 -3.7412e-05 3.7621e-05
8.6377e-01 -2.7420e-02 -4.6505e-02 5.3987e-02 3.5512e-04 -5.6192e-02 5.6193e-02 -2.7614e-02 3.4160e-02 4.3925e-02 -2.6238e-04 5.9957e-04 6.5447e-04 -1.4531e-03 6.5764e-04 1.5950e-03 3.3413e-04 1.8739e-04 3.8309e-04
8.3849e-01 -2.7293e-02 -4.6350e-02 5.3789e-02 -7.0853e-03 -4.8787e-02 4.9299e-02 -2.6618e-02 3.4092e-02 4.3253e-02 1.7498e-04 -1.0111e-04 2.0209e-04 4.5869e-04 3.1411e-04 5.5593e-04 5.6515e-06 -3.2489e-05 3.2977e-05
8.1356e-01 -2.7154e-02 -4.6191e-02 5.3581e-02 -1.2752e-02 -4.2098e-02 4.3987e-02 -2.5771e-02 3.3905e-02 4.2587e-02 -2.2472e-04 5.5574e-04 5.9946e-04 -1.0830e-03 3.7063e-04 1.1447e-03 2.9355e-04 1.5368e-04 3.3135e-04
7.8898e-01 -2.7003e-02 -4.6027e-02 5.3363e-02 -1.7290e-02 -3.6138e-02 4.0061e-02 -2.5049e-02 3.3626e-02 4.1931e-02 1.7513e-04 -9.7663e-05 2.0052e-04 3.3171e-04 2.5543e-04 4.1866e-04 1.5521e-05 -2.9247e-05 3.3110e-05
7.6476e-01 -2.6843e-02 -4.5861e-02 5.3139e-02 -2.1072e-02 -3.0881e-02 3.7386e-02 -2.4444e-02 3.3278e-02 4.1291e-02 -1.9763e-04 5.2561e-04 5.6154e-04 -8.4665e-04 2.4098e-04 8.8027e-04 2.6389e-04 1.2811e-04 2.9334e-04
7.4090e-01 -2.6675e-02 -4.5692e-02 5.2908e-02 -2.4763e-02 -2.9299e-02 3.8362e-02 -2.3911e-02 3.2867e-02 4.0645e-02 1.7484e-04 -9.4683e-05 1.9883e-04 2.8857e-04 2.1584e-04 3.6036e-04 2.4322e-05 -2.6583e-05 3.6031e-05
7.1739e-01 -2.6503e-02 -4.5521e-02 5.2674e-02 -2.8456e-02 -2.8991e-02 4.0623e-02 -2.3397e-02 3.2398e-02 3.9963e-02 -1.7812e-04 5.0325e-04 5.3384e-04 -7.6318e-04 2.9093e-04 8.1675e-04 2.3995e-04 1.0813e-04 2.6319e-04
6.9424e-01 -2.6325e-02 -4.5350e-02 5.2437e-02 -3.2029e-02 -2.9018e-02 4.3220e-02 -2.2894e-02 3.1873e-02 3.9243e-02 1.7516e-04 -9.5002e-05 1.9927e-04 3.0452e-04 1.8335e-04 3.5546e-04 2.9495e-05 -2.5246e-05 3.8824e-05
6.7144e-01 -2.6146e-02 -4.5180e-02 5.2199e-02 -3.5462e-02 -2.9340e-02 4.6025e-02 -2.2395e-02 3.1296e-02 3.8484e-02 -1.6422e-04 4.8555e-04 5.1257e-04 -7.0275e-04 3.4378e-04 7.8233e-04 2.1895e-04 9.2319e-05 2.3761e-04
6.4901e-01 -2.5965e-02 -4.5009e-02 5.1962e-02 -3.8727e-02 -2.9910e-02 4.8933e-02 -2.1897e-02 3.0672e-02 3.7686e-02 1.7555e-04 -9.7526e-05 2.0082e-04 3.2016e-04 1.5309e-04 3.5488e-04 3.2014e-05 -2.4317e-05 4.0202e-05
6.2693e-01 -2.5784e-02 -4.4842e-02 5.1727e-02 -4.1807e-02 -3.0692e-02 5.1864e-02 -2.1396e-02 3.0005e-02 3.6852e-02 -1.5438e-04 4.7165e-04 4.9627e-04 -6.5093e-04 3.8451e-04 7.5601e-04 2.0011e-04 7.9560e-05 2.1534e-04
6.0521e-01 -2.5604e-02 -4.4676e-02 5.1493e-02 -4.4685e-02 -3.1643e-02 5.4754e-02 -2.0889e-02 2.9300e-02 3.5984e-02 1.7600e-04 -1.0144e-04 2.0314e-04 3.3376e-04 1.2446e-04 3.5621e-04 3.2746e-05 -2.3464e-05 4.0285e-05
5.8386e-01 -2.5428e-02 -4.4515e-02 5.1265e-02 -4.7355e-02 -3.2725e-02 5.7562e-02 -2.0373e-02 2.8563e-02 3.5084e-02 -1.4759e-04 4.6106e-04 4.8411e-04 -6.0687e-04 4.1501e-04 7.3520e-04 1.8307e-04 6.9166e-05 1.9570e-04
5.6287e-01 -2.5253e-02 -4.4356e-02 5.1041e-02 -4.9812e-02 -3.3900e-02 6.0253e-02 -1.9849e-02 2.7798e-02 3.4157e-02 1.7661e-04 -1.0629e-04 2.0612e-04 3.4507e-04 9.8030e-05 3.5872e-04 3.2285e-05 -2.2555e-05 3.9383e-05
5.4225e-01 -2.5084e-02 -4.4202e-02 5.0823e-02 -5.2063e-02 -3.5137e-02 6.2810e-02 -1.9315e-02 2.7010e-02 3.3206e-02 -1.4316e-04 4.5341e-04 4.7548e-04 -5.7042e-04 4.3737e-04 7.1880e-04 1.6759e-04 6.0625e-05 1.7822e-04
5.2199e-01 -2.4918e-02 -4.4052e-02 5.0611e-02 -5.4114e-02 -3.6404e-02 6.5219e-02 -1.8772e-02 2.6203e-02 3.2233e-02 1.7750e-04 -1.1185e-04 2.0980e-04 3.5459e-04 7.4320e-05 3.6229e-04 3.1036e-05 -2.1559e-05 3.7789e-05
5.0210e-01 -2.4758e-02 -4.3907e-02 5.0406e-02 -5.5980e-02 -3.7678e-02 6.7479e-02 -1.8219e-02 2.5382e-02 3.1243e-02 -1.4060e-04 4.4840e-04 4.6993e-04 -5.4138e-04 4.5360e-04 7.0629e-04 1.5345e-04 5.3539e-05 1.6252e-04
4.8257e-01 -2.4603e-02 -4.3767e-02 5.0208e-02 -5.7674e-02 -3.8938e-02 6.9588e-02 -1.7658e-02 2.4549e-02 3.0240e-02 1.7878e-04 -1.1802e-04 2.1422e-04 3.6311e-04 5.3580e-05 3.6704e-04 2.9277e-05 -2.0486e-05 3.5732e-05
4.6341e-01 -2.4455e-02 -4.3633e-02 5.0019e-02 -5.9217e-02 -4.0168e-02 7.1555e-02 -1.7090e-02 2.3709e-02 2.9227e-02 -1.3954e-04 4.4580e-04 4.6713e-04 -5.1937e-04 4.6542e-04 6.9740e-04 1.4049e-04 4.7598e-05 1.4833e-04
4.4463e-01 -2.4312e-02 -4.3504e-02 4.9837e-02 -6.0625e-02 -4.1356e-02 7.3387e-02 -1.6515e-02 2.2865e-02 2.8206e-02 1.8055e-04 -1.2481e-04 2.1950e-04 3.7144e-04 3.5831e-05 3.7316e-04 2.7193e-05 -1.9364e-05 3.3383e-05
4.2621e-01 -2.4176e-02 -4.3382e-02 4.9664e-02 -6.1921e-02 -4.2493e-02 7.5099e-02 -1.5936e-02 2.2019e-02 2.7181e-02 -1.3978e-04 4.4544e-04 4.6685e-04 -5.0394e-04 4.7416e-04 6.9194e-04 1.2857e-04 4.2565e-05 1.3543e-04
4.0817e-01 -2.4046e-02 -4.3265e-02 4.9498e-02 -6.3126e-02 -4.3573e-02 7.6704e-02 -1.5354e-02 2.1172e-02 2.6154e-02 1.8290e-04 -1.3226e-04 2.2571e-04 3.8027e-04 2.0979e-05 3.8085e-04 2.4911e-05 -1.8224e-05 3.0865e-05
3.9050e-01 -2.3924e-02 -4.3155e-02 4.9342e-02 -6.4268e-02 -4.4594e-02 7.8224e-02 -1.4770e-02 2.0329e-02 2.5128e-02 -1.4115e-04 4.4721e-04 4.6895e-04 -4.9461e-04 4.8074e-04 6.8974e-04 1.1756e-04 3.8251e-05 1.2363e-04
3.7321e-01 -2.3807e-02 -4.3049e-02 4.9194e-02 -6.5375e-02 -4.5557e-02 7.9683e-02 -1.4185e-02 1.9488e-02 2.4104e-02 1.8587e-04 -1.4045e-04 2.3297e-04 3.9019e-04 8.9252e-06 3.9029e-04 2.2515e-05 -1.7092e-05 2.8268e-05
3.5629e-01 -2.3698e-02 -4.2951e-02 4.9055e-02 -6.6496e-02 -4.6467e-02 8.1123e-02 -1.3601e-02 1.8651e-02 2.3084e-02 -1.4358e-04 4.5107e-04 4.7337e-04 -4.9102e-04 4.8580e-04 6.9072e-04 1.0735e-04 3.4510e-05 1.1276e-04
3.3975e-01 -2.3594e-02 -4.2858e-02 4.8923e-02 -6.7714e-02 -4.7336e-02 8.2619e-02 -1.3019e-02 1.7819e-02 2.2069e-02 1.8956e-04 -1.4947e-04 2.4140e-04 4.0169e-04 -3.1106e-07 4.0169e-04 2.0063e-05 -1.5990e-05 2.5655e-05
3.2359e-01 -2.3498e-02 -4.2771e-02 4.8801e-02 -6.9192e-02 -4.8172e-02 8.4309e-02 -1.2441e-02 1.6990e-02 2.1058e-02 -1.4705e-04 4.5708e-04 4.8015e-04 -4.9307e-04 4.8975e-04 6.9496e-04 9.7859e-05 3.1227e-05 1.0272e-04
3.0781e-01 -2.3408e-02 -4.2689e-02 4.8686e-02 -7.0504e-02 -4.8908e-02 8.5807e-02 -1.1866e-02 1.6162e-02 2.0050e-02 1.9394e-04 -1.5935e-04 2.5100e-04 4.1521e-04 -6.3362e-06 4.1526e-04 1.7591e-05 -1.4938e-05 2.3078e-05
2.9241e-01 -2.3325e-02 -4.2614e-02 4.8580e-02 -7.1104e-02 -4.9517e-02 8.6647e-02 -1.1298e-02 1.5344e-02 1.9055e-02 -1.5144e-04 4.6529e-04 4.8932e-04 -5.0075e-04 4.9274e-04 7.0252e-04 8.8987e-05 2.8310e-05 9.3381e-05
2.7739e-01 -2.3248e-02 -4.2543e-02 4.8481e-02 -7.1493e-02 -5.0017e-02 8.7252e-02 -1.0737e-02 1.4541e-02 1.8075e-02 1.9916e-04 -1.7037e-04 2.6209e-04 4.3097e-04 -9.4648e-06 4.3107e-04 1.5125e-05 -1.3957e-05 2.0580e-05
2.6276e-01 -2.3177e-02 -4.2479e-02 4.8390e-02 -7.1500e-02 -5.0425e-02 8.7492e-02 -1.0186e-02 1.3756e-02 1.7116e-02 -1.5693e-04 4.7566e-04 5.0088e-04 -5.1268e-04 4.9443e-04 7.1225e-04 8.0669e-05 2.5689e-05 8.4661e-05
2.4851e-01 -2.3111e-02 -4.2418e-02 4.8306e-02 -7.1294e-02 -5.0764e-02 8.7520e-02 -9.6450e-03 1.2993e-02 1.6181e-02 2.0541e-04 -1.8305e-04 2.7514e-04 4.4897e-04 -1.0324e-05 4.4909e-04 1.2692e-05 -1.3047e-05 1.8202e-05
2.3465e-01 -2.3051e-02 -4.2364e-02 4.8229e-02 -7.1094e-02 -5.1068e-02 8.7534e-02 -9.1156e-03 1.2253e-02 1.5272e-02 -1.6363e-04 4.8823e-04 5.1492e-04 -5.2771e-04 4.9416e-04 7.2296e-04 7.2862e-05 2.3317e-05 7.6502e-05
2.2117e-01 -2.2996e-02 -4.2313e-02 4.8158e-02 -7.0906e-02 -5.1345e-02 8.7544e-02 -8.5980e-03 1.1535e-02 1.4387e-02 2.1290e-04 -1.9780e-04 2.9060e-04 4.6919e-04 -8.9526e-06 4.6927e-04 1.0327e-05 -1.2199e-05 1.5983e-05
2.0809e-01 -2.2946e-02 -4.2267e-02 4.8094e-02 -7.0734e-02 -5.1599e-02 8.7554e-02 -8.0928e-03 1.0840e-02 1.3528e-02 -1.7164e-04 5.0319e-04 5.3166e-04 -5.4558e-04 4.9133e-04 7.3420e-04 6.5536e-05 2.1158e-05 6.8867e-05
1.9539e-01 -2.2900e-02 -4.2224e-02 4.8034e-02 -7.0575e-02 -5.1828e-02 8.7561e-02 -7.6003e-03 1.0167e-02 1.2694e-02 2.2176e-04 -2.1495e-04 3.0883e-04 4.9156e-04 -4.7004e-06 4.9159e-04 8.0615e-06 -1.1404e-05 1.3966e-05
1.8308e-01 -2.2859e-02 -4.2186e-02 4.7981e-02 -7.0429e-02 -5.2037e-02 8.7568e-02 -7.1209e-03 9.5163e-03 1.1886e-02 -1.8116e-04 5.2093e-04 5.5153e-04 -5.6611e-04 4.8520e-04 7.4558e-04 5.8664e-05 1.9187e-05 6.1722e-05
1.7117e-01 -2.2821e-02 -4.2151e-02 4.7932e-02 -7.0295e-02 -5.2225e-02 8.7572e-02 -6.6550e-03 8.8875e-03 1.1103e-02 2.3222e-04 -2.3495e-04 3.3034e-04 5.1590e-04 3.2966e-06 5.1591e-04 5.9229e-06 -1.0655e-05 1.2191e-05
1.5964e-01 -2.2787e-02 -4.2120e-02 4.7889e-02 -7.0175e-02 -5.2395e-02 8.7577e-02 -6.2030e-03 8.2805e-03 1.0346e-02 -1.9245e-04 5.4193e-04 5.7509e-04 -5.8893e-04 4.7480e-04 7.5649e-04 5.2223e-05 1.7380e-05 5.5039e-05
1.4851e-01 -2.2756e-02 -4.2091e-02 4.7849e-02 -7.0064e-02 -5.2547e-02 8.7580e-02 -5.7650e-03 7.6953e-03 9.6152e-03 2.4460e-04 -2.5840e-04 3.5581e-04 5.4175e-04 1.6125e-05 5.4199e-04 3.9359e-06 -9.9465e-06 1.0697e-05
1.3778e-01 -2.2729e-02 -4.2067e-02 4.7814e-02 -6.9966e-02 -5.2683e-02 8.7583e-02 -5.3414e-03 7.1316e-03 8.9102e-03 -2.0586e-04 5.6687e-04 6.0309e-04 -6.1334e-04 4.5896e-04 7.6605e-04 4.6193e-05 1.5717e-05 4.8794e-05
1.2744e-01 -2.2705e-02 -4.2044e-02 4.7783e-02 -6.9877e-02 -5.2803e-02 8.7584e-02 -4.9325e-03 6.5895e-03 8.2311e-03 2.5931e-04 -2.8608e-04 3.8612e-04 5.6820e-04 3.5083e-05 5.6929e-04 2.1227e-06 -9.2722e-06 9.5121e-06
1.1750e-01 -2.2683e-02 -4.2024e-02 4.7755e-02 -6.9799e-02 -5.2910e-02 8.7587e-02 -4.5384e-03 6.0688e-03 7.5781e-03 -2.2189e-04 5.9665e-04 6.3657e-04 -6.3805e-04 4.3630e-04 7.7296e-04 4.0556e-05 1.4182e-05 4.2964e-05
1.0796e-01 -2.2664e-02 -4.2006e-02 4.7730e-02 -6.9729e-02 -5.3004e-02 8.7587e-02 -4.1593e-03 5.5695e-03 6.9512e-03 2.7694e-04 -3.1908e-04 4.2250e-04 5.9369e-04 6.1599e-05 5.9687e-04 5.0416e-07 -8.6263e-06 8.6410e-06
9.8814e-02 -2.2647e-02 -4.1991e-02 4.7709e-02 -6.9668e-02 -5.3086e-02 8.7588e-02 -3.7955e-03 5.0915e-03 6.3505e-03 -2.4121e-04 6.3251e-04 6.7694e-04 -6.6100e-04 4.0539e-04 7.7541e-04 3.5292e-05 1.2759e-05 3.7528e-05
9.0069e-02 -2.2633e-02 -4.1977e-02 4.7690e-02 -6.9613e-02 -5.3158e-02 8.7589e-02 -3.4471e-03 4.6347e-03 5.7761e-03 2.9829e-04 -3.5888e-04 4.6666e-04 6.1566e-04 9.6997e-05 6.2325e-04 -8.9999e-07 -8.0016e-06 8.0520e-06
8.1725e-02 -2.2620e-02 -4.1966e-02 4.7674e-02 -6.9567e-02 -5.3220e-02 8.7589e-02 -3.1143e-03 4.1993e-03 5.2280e-03 -2.6478e-04 6.7620e-04 7.2619e-04 -6.7899e-04 3.6514e-04 7.7094e-04 3.0385e-05 1.1434e-05 3.2465e-05
7.3783e-02 -2.2609e-02 -4.1956e-02 4.7660e-02 -6.9527e-02 -5.3272e-02 8.7589e-02 -2.7971e-03 3.7850e-03 4.7063e-03 3.2448e-04 -4.0759e-04 5.2098e-04 6.3034e-04 1.4202e-04 6.4614e-04 -2.0713e-06 -7.3885e-06 7.6734e-06
6.6242e-02 -2.2600e-02 -4.1948e-02 4.7648e-02 -6.9493e-02 -5.3317e-02 8.7590e-02 -2.4957e-03 3.3919e-03 4.2111e-03 -2.9396e-04 7.3028e-04 7.8723e-04 -6.8754e-04 3.1536e-04 7.5642e-04 2.5820e-05 1.0189e-05 2.7758e-05
5.9105e-02 -2.2592e-02 -4.1940e-02 4.7638e-02 -6.9463e-02 -5.3355e-02 8.7590e-02 -2.2102e-03 3.0200e-03 3.7423e-03 3.5723e-04 -4.6835e-04 5.8903e-04 6.3266e-04 1.9602e-04 6.6234e-04 -2.9931e-06 -6.7744e-06 7.4062e-06
5.2372e-02 -2.2586e-02 -4.1935e-02 4.7630e-02 -6.9440e-02 -5.3386e-02 8.7590e-02 -1.9407e-03 2.6692e-03 3.3001e-03 -3.3085e-04 7.9858e-04 8.6440e-04 -6.8104e-04 2.5780e-04 7.2820e-04 2.1584e-05 9.0080e-06 2.3388e-05
4.6043e-02 -2.2580e-02 -4.1929e-02 4.7623e-02 -6.9419e-02 -5.3412e-02 8.7589e-02 -1.6872e-03 2.3397e-03 2.8845e-03 3.9910e-04 -5.4593e-04 6.7626e-04 6.1681e-04 2.5590e-04 6.6778e-04 -3.6528e-06 -6.1428e-06 7.1468e-06
4.0119e-02 -2.2576e-02 -4.1926e-02 4.7618e-02 -6.9404e-02 -5.3432e-02 8.7589e-02 -1.4498e-03 2.0313e-03 2.4956e-03 -3.7870e-04 8.8713e-04 9.6458e-04 -6.5372e-04 1.9716e-04 6.8280e-04 1.7668e-05 7.8686e-06 1.9341e-05
3.4601e-02 -2.2572e-02 -4.1922e-02 4.7613e-02 -6.9390e-02 -5.3448e-02 8.7588e-02 -1.2287e-03 1.7441e-03 2.1334e-03 4.5430e-04 -6.4810e-04 7.9147e-04 5.7763e-04 3.1520e-04 6.5803e-04 -4.0442e-06 -5.4747e-06 6.8065e-06
2.9489e-02 -2.2569e-02 -4.1920e-02 4.7610e-02 -6.9376e-02 -5.3458e-02 8.7583e-02 -1.0237e-03 1.4781e-03 1.7980e-03 -4.4297e-04 1.0060e-03 1.0992e-03 -6.0165e-04 1.4157e-04 6.1808e-04 1.4073e-05 6.7505e-06 1.5608e-05
2.4784e-02 -2.2567e-02 -4.1918e-02 4.7606e-02 -6.9348e-02 -5.3481e-02 8.7575e-02 -8.3507e-04 1.2333e-03 1.4894e-03 5.3007e-04 -7.8821e-04 9.4987e-04 5.1317e-04 3.6432e-04 6.2935e-04 -4.1700e-06 -4.7523e-06 6.3224e-06
2.0487e-02 -2.2565e-02 -4.1917e-02 4.7605e-02 -6.9336e-02 -5.3583e-02 8.7628e-02 -6.6257e-04 1.0098e-03 1.2078e-03 -5.3348e-04 1.1733e-03 1.2889e-03 -5.2499e-04 1.0122e-04 5.3466e-04 1.0806e-05 5.6379e-06 1.2189e-05
1.6597e-02 -2.2564e-02 -4.1916e-02 4.7603e-02 -6.9561e-02 -5.3816e-02 8.7948e-02 -5.0594e-04 8.0736e-04 9.5279e-04 6.4010e-04 -9.9157e-04 1.1802e-03 4.2757e-04 3.9409e-04 5.8148e-04 -4.0405e-06 -3.9630e-06 5.6596e-06
1.3116e-02 -2.2563e-02 -4.1915e-02 4.7602e-02 -7.0514e-02 -5.3837e-02 8.8717e-02 -3.6526e-04 6.2474e-04 7.2368e-04 -6.6989e-04 1.4253e-03 1.5749e-03 -4.3060e-04 8.8391e-05 4.3957e-04 7.8764e-06 4.5279e-06 9.0851e-06
1.0043e-02 -2.2562e-02 -4.1915e-02 4.7601e-02 -7.2443e-02 -5.2340e-02 8.9372e-02 -2.4240e-04 4.6021e-04 5.2015e-04 8.1375e-04 -1.3124e-03 1.5442e-03 3.2071e-04 4.0274e-04 5.1483e-04 -3.6824e-06 -3.1149e-06 4.8231e-06
7.3795e-03 -2.2562e-02 -4.1915e-02 4.7601e-02 -7.4112e-02 -4.7232e-02 8.7883e-02 -1.4205e-04 3.1360e-04 3.4428e-04 -8.9799e-04 1.8467e-03 2.0534e-03 -3.4883e-04 9.9825e-05 3.6283e-04 5.2776e-06 3.3892e-06 6.2722e-06
5.1252e-03 -2.2562e-02 -4.1914e-02 4.7601e-02 -7.2168e-02 -3.7317e-02 8.1245e-02 -6.9671e-05 1.8909e-04 2.0151e-04 1.1274e-03 -1.8917e-03 2.2022e-03 1.8085e-04 3.5503e-04 3.9844e-04 -3.0714e-06 -2.2878e-06 3.8298e-06
3.2804e-03 -2.2562e-02 -4.1915e-02 4.7601e-02 -6.2847e-02 -2.4213e-02 6.7350e-02 -2.6607e-05 9.4455e-05 9.8131e-05 -1.3550e-03 2.6906e-03 3.0125e-03 -2.7823e-04 6.8359e-05 2.8650e-04 3.1105e-06 2.1768e-06 3.7966e-06
1.8453e-03 -2.2562e-02 -4.1914e-02 4.7601e-02 -4.5422e-02 -1.1962e-02 4.6971e-02 -7.0944e-06 3.5126e-05 3.5835e-05 1.8625e-03 -3.2491e-03 3.7451e-03 7.4727e-05 2.0391e-04 2.1718e-04 -2.0571e-06 -1.4651e-06 2.5255e-06
8.2019e-04 -2.2562e-02 -4.1915e-02 4.7601e-02 -2.4177e-02 -4.0158e-03 2.4508e-02 -1.0756e-06 7.8040e-06 7.8778e-06 -2.7197e-03 5.2104e-03 5.8775e-03 -1.4140e-04 -2.4331e-06 1.4142e-04 1.4340e-06 1.0272e-06 1.7639e-06
2.0505e-04 -2.2561e-02 -4.1914e-02 4.7601e-02 -6.7280e-03 -6.9594e-04 6.7639e-03 -5.0364e-08 5.2351e-07 5.2593e-07 5.6629e-03 -1.0266e-02 1.1724e-02 3.6285e-05 4.5704e-05 5.8356e-05 -7.2577e-07 -5.1953e-07 8.9256e-07
0.0000e+00 -2.2562e-02 -4.1915e-02 4.7601e-02 0.0000e+00 0.0000e+00 0.0000e+00 0.0000e+00 0.0000e+00 0.0000e+00 -2.7147e-02 5.0310e-02 5.7167e-02 0.0000e+00 0.0000e+00 0.0000e+00 0.0000e+00 0.0000e+00 0.0000e+00
