# y   p_re    p_im    p_mod   u_re    u_im    u_mod    v_re    v_im    v_mod                     p_re_adj    p_im_adj    p_mod_adj   u_re_adj    u_im_adj    u_mod_adj    v_re_adj    v_im_adj    v_mod_adj
2.0000e+03 -3.6545e-05 1.4543e-06 3.6574e-05 0.0000e+00 0.0000e+00 0.0000e+00 0.0000e+00 0.0000e+00 0.0000e+00 1.2479e-01 1.3011e-01 1.8028e-01 0.0000e+00 0.0000e+00 0.0000e+00 0.0000e+00 0.0000e+00 0.0000e+00
1.0000e+03 2.0757e-10 -8.2652e-12 2.0774e-10 -3.0752e-10 -2.4677e-11 3.0851e-10 7.1530e-09 -8.9104e-08 8.9390e-08 -1.9033e-07 -1.9841e-07 2.7494e-07 6.1333e-07 6.5412e-07 8.9669e-07 -3.6634e-04 3.4349e-04 5.0219e-04
4.9995e+02 -2.5817e-09 1.0289e-10 2.5837e-09 3.8247e-09 3.0678e-10 3.8370e-09 -1.3757e-08 1.7130e-07 1.7185e-07 1.8939e-06 1.9745e-06 2.7359e-06 -6.1033e-06 -6.5092e-06 8.9230e-06 3.4242e-04 -3.2107e-04 4.6940e-04
3.3324e+02 1.1045e-08 -4.4060e-10 1.1053e-08 -1.6363e-08 -1.3118e-09 1.6415e-08 1.9217e-08 -2.3911e-07 2.3988e-07 -5.9218e-06 -6.1739e-06 8.5549e-06 1.9084e-05 2.0353e-05 2.7901e-05 -3.2038e-04 3.0040e-04 4.3919e-04
2.4986e+02 -3.0773e-08 1.2288e-09 3.0798e-08 4.5591e-08 3.6533e-09 4.5737e-08 -2.2869e-08 2.8419e-07 2.8511e-07 1.2781e-05 1.3325e-05 1.8464e-05 -4.1188e-05 -4.3927e-05 6.0217e-05 2.8487e-04 -2.6711e-04 3.9051e-04
1.9983e+02 6.7773e-08 -2.7088e-09 6.7827e-08 -1.0041e-07 -8.0420e-09 1.0073e-07 2.3996e-08 -2.9752e-07 2.9848e-07 -2.2956e-05 -2.3933e-05 3.3163e-05 7.3980e-05 7.8899e-05 1.0816e-04 -2.3838e-04 2.2352e-04 3.2679e-04
1.6645e+02 -1.2825e-07 5.1308e-09 1.2836e-07 1.9001e-07 1.5212e-08 1.9062e-07 -2.1879e-08 2.7006e-07 2.7095e-07 3.6604e-05 3.8163e-05 5.2879e-05 -1.1796e-04 -1.2581e-04 1.7246e-04 1.7937e-04 -1.6819e-04 2.4589e-04
1.4261e+02 2.1769e-07 -8.7161e-09 2.1786e-07 -3.2251e-07 -2.5808e-08 3.2354e-07 1.5904e-08 -1.9406e-07 1.9471e-07 -5.3696e-05 -5.5983e-05 7.7572e-05 1.7305e-04 1.8455e-04 2.5299e-04 -1.0890e-04 1.0211e-04 1.4929e-04
1.2471e+02 -3.3960e-07 1.3609e-08 3.3988e-07 5.0314e-07 4.0246e-08 5.0474e-07 -5.6898e-09 6.4689e-08 6.4939e-08 7.3710e-05 7.6849e-05 1.0648e-04 -2.3755e-04 -2.5334e-04 3.4729e-04 2.8537e-05 -2.6764e-05 3.9124e-05
1.1079e+02 4.9441e-07 -1.9828e-08 4.9481e-07 -7.3249e-07 -5.8568e-08 7.3483e-07 -8.7698e-09 1.1820e-07 1.1853e-07 -9.5803e-05 -9.9882e-05 1.3840e-04 3.0875e-04 3.2927e-04 4.5138e-04 5.8475e-05 -5.4823e-05 8.0155e-05
9.9640e+01 -6.7859e-07 2.7235e-08 6.7914e-07 1.0054e-06 8.0356e-08 1.0086e-06 2.7018e-08 -3.4895e-07 3.4999e-07 1.1868e-04 1.2373e-04 1.7145e-04 -3.8247e-04 -4.0790e-04 5.5917e-04 -1.4778e-04 1.3856e-04 2.0258e-04
9.0513e+01 8.8469e-07 -3.5533e-08 8.8540e-07 -1.3107e-06 -1.0472e-07 1.3149e-06 -4.8136e-08 6.1611e-07 6.1799e-07 -1.4094e-04 -1.4694e-04 2.0360e-04 4.5420e-04 4.8439e-04 6.6402e-04 2.3442e-04 -2.1980e-04 3.2135e-04
8.2900e+01 -1.1024e-06 4.4306e-08 1.1033e-06 1.6332e-06 1.3045e-07 1.6384e-06 7.0867e-08 -9.0398e-07 9.0675e-07 1.6113e-04 1.6798e-04 2.3277e-04 -5.1926e-04 -5.5377e-04 7.5914e-04 -3.1349e-04 2.9394e-04 4.2974e-04
7.6453e+01 1.3202e-06 -5.3095e-08 1.3213e-06 -1.9559e-06 -1.5617e-07 1.9622e-06 -9.3826e-08 1.1952e-06 1.1989e-06 -1.7816e-04 -1.8574e-04 2.5737e-04 5.7416e-04 6.1232e-04 8.3940e-04 3.8120e-04 -3.5743e-04 5.2256e-04
7.0922e+01 -1.5276e-06 6.1476e-08 1.5289e-06 2.2633e-06 1.8065e-07 2.2705e-06 1.1574e-07 -1.4739e-06 1.4785e-06 1.9134e-04 1.9949e-04 2.7642e-04 -6.1665e-04 -6.5763e-04 9.0152e-04 -4.3521e-04 4.0808e-04 5.9661e-04
6.6124e+01 1.7167e-06 -6.9126e-08 1.7181e-06 -2.5434e-06 -2.0295e-07 2.5514e-06 -1.3566e-07 1.7280e-06 1.7333e-06 -2.0053e-04 -2.0906e-04 2.8969e-04 6.4627e-04 6.8920e-04 9.4480e-04 4.7502e-04 -4.4541e-04 6.5118e-04
6.1921e+01 -1.8826e-06 7.5852e-08 1.8842e-06 2.7893e-06 2.2251e-07 2.7981e-06 1.5299e-07 -1.9501e-06 1.9561e-06 2.0596e-04 2.1472e-04 2.9753e-04 -6.6375e-04 -7.0783e-04 9.7035e-04 -5.0146e-04 4.7021e-04 6.8743e-04
5.8208e+01 2.0239e-06 -8.1589e-08 2.0256e-06 -2.9986e-06 -2.3915e-07 3.0081e-06 -1.6753e-07 2.1378e-06 2.1444e-06 -2.0816e-04 -2.1701e-04 3.0071e-04 6.7085e-04 7.1540e-04 9.8073e-04 5.1641e-04 -4.8423e-04 7.0793e-04
5.4903e+01 -2.1413e-06 8.6366e-08 2.1430e-06 3.1725e-06 2.5296e-07 3.1826e-06 1.7937e-07 -2.2920e-06 2.2990e-06 2.0777e-04 2.1660e-04 3.0014e-04 -6.6959e-04 -7.1405e-04 9.7889e-04 -5.2207e-04 4.8954e-04 7.1569e-04
5.1943e+01 2.2370e-06 -9.0272e-08 2.2389e-06 -3.3144e-06 -2.6420e-07 3.3249e-06 -1.8876e-07 2.4158e-06 2.4231e-06 -2.0544e-04 -2.1417e-04 2.9677e-04 6.6208e-04 7.0603e-04 9.6790e-04 5.2069e-04 -4.8825e-04 7.1380e-04
4.9275e+01 -2.3141e-06 9.3424e-08 2.3159e-06 3.4285e-06 2.7324e-07 3.4393e-06 1.9603e-07 -2.5133e-06 2.5210e-06 2.0172e-04 2.1029e-04 2.9140e-04 -6.5010e-04 -6.9325e-04 9.5038e-04 -5.1420e-04 4.8218e-04 7.0491e-04
4.6857e+01 2.3754e-06 -9.5942e-08 2.3773e-06 -3.5193e-06 -2.8042e-07 3.5305e-06 -2.0152e-07 2.5890e-06 2.5969e-06 -1.9709e-04 -2.0545e-04 2.8470e-04 6.3515e-04 6.7729e-04 9.2852e-04 5.0422e-04 -4.7283e-04 6.9124e-04
4.4656e+01 -2.4238e-06 9.7939e-08 2.4257e-06 3.5910e-06 2.8608e-07 3.6024e-06 2.0556e-07 -2.6469e-06 2.6549e-06 1.9187e-04 2.0002e-04 2.7717e-04 -6.1836e-04 -6.5937e-04 9.0396e-04 -4.9199e-04 4.6136e-04 6.7446e-04
4.2643e+01 2.4617e-06 -9.9516e-08 2.4638e-06 -3.6473e-06 -2.9051e-07 3.6589e-06 -2.0844e-07 2.6905e-06 2.6985e-06 -1.8636e-04 -1.9426e-04 2.6919e-04 6.0057e-04 6.4040e-04 8.7795e-04 4.7842e-04 -4.4864e-04 6.5587e-04
4.0795e+01 -2.4914e-06 1.0075e-07 2.4934e-06 3.6912e-06 2.9397e-07 3.7029e-06 2.1038e-07 -2.7227e-06 2.7308e-06 1.8071e-04 1.8838e-04 2.6104e-04 -5.8240e-04 -6.2100e-04 8.5137e-04 -4.6417e-04 4.3529e-04 6.3634e-04
3.9092e+01 2.5143e-06 -1.0173e-07 2.5164e-06 -3.7252e-06 -2.9661e-07 3.7370e-06 -2.1160e-07 2.7460e-06 2.7541e-06 -1.7509e-04 -1.8251e-04 2.5291e-04 5.6426e-04 6.0165e-04 8.2485e-04 4.4973e-04 -4.2175e-04 6.1655e-04
3.7517e+01 -2.5319e-06 1.0244e-07 2.5340e-06 3.7512e-06 2.9870e-07 3.7631e-06 2.1217e-07 -2.7623e-06 2.7705e-06 1.6956e-04 1.7674e-04 2.4492e-04 -5.4644e-04 -5.8263e-04 7.9878e-04 -4.3540e-04 4.0832e-04 5.9691e-04
3.6056e+01 2.5454e-06 -1.0311e-07 2.5475e-06 -3.7712e-06 -3.0012e-07 3.7832e-06 -2.1245e-07 2.7732e-06 2.7813e-06 -1.6418e-04 -1.7114e-04 2.3716e-04 5.2913e-04 5.6416e-04 7.7347e-04 4.2141e-04 -3.9520e-04 5.7773e-04
3.4697e+01 -2.5553e-06 1.0334e-07 2.5574e-06 3.7859e-06 3.0156e-07 3.7979e-06 2.1197e-07 -2.7801e-06 2.7882e-06 1.5900e-04 1.6573e-04 2.2967e-04 -5.1243e-04 -5.4634e-04 7.4905e-04 -4.0788e-04 3.8252e-04 5.5919e-04
3.3429e+01 2.5630e-06 -1.0413e-07 2.5651e-06 -3.7974e-06 -3.0179e-07 3.8094e-06 -2.1209e-07 2.7831e-06 2.7911e-06 -1.5404e-04 -1.6055e-04 2.2249e-04 4.9642e-04 5.2926e-04 7.2564e-04 3.9491e-04 -3.7036e-04 5.4140e-04
3.2243e+01 -2.5677e-06 1.0344e-07 2.5698e-06 3.8042e-06 3.0367e-07 3.8163e-06 2.1009e-07 -2.7852e-06 2.7931e-06 1.4929e-04 1.5560e-04 2.1563e-04 -4.8112e-04 -5.1294e-04 7.0327e-04 -3.8252e-04 3.5875e-04 5.2442e-04
3.1131e+01 2.5726e-06 -1.0547e-07 2.5748e-06 -3.8118e-06 -3.0156e-07 3.8238e-06 -2.1170e-07 2.7821e-06 2.7902e-06 -1.4477e-04 -1.5088e-04 2.0910e-04 4.6655e-04 4.9738e-04 6.8195e-04 3.7074e-04 -3.4771e-04 5.0829e-04
3.0087e+01 -2.5725e-06 1.0207e-07 2.5746e-06 3.8111e-06 3.0659e-07 3.8234e-06 2.0589e-07 -2.7841e-06 2.7917e-06 1.4046e-04 1.4639e-04 2.0288e-04 -4.5268e-04 -4.8258e-04 6.6167e-04 -3.5958e-04 3.3724e-04 4.9298e-04
2.9103e+01 2.5783e-06 -1.0860e-07 2.5806e-06 -3.8207e-06 -2.9801e-07 3.8323e-06 -2.1345e-07 2.7732e-06 2.7814e-06 -1.3637e-04 -1.4212e-04 1.9697e-04 4.3950e-04 4.6851e-04 6.4239e-04 3.4901e-04 -3.2734e-04 4.7850e-04
2.8175e+01 -2.5709e-06 9.7253e-08 2.5727e-06 3.8078e-06 3.1345e-07 3.8206e-06 1.9679e-07 -2.7828e-06 2.7898e-06 1.3249e-04 1.3807e-04 1.9135e-04 -4.2698e-04 -4.5515e-04 6.2408e-04 -3.3902e-04 3.1797e-04 4.6480e-04
2.7299e+01 2.5842e-06 -1.1677e-07 2.5868e-06 -3.8308e-06 -2.8706e-07 3.8415e-06 -2.2182e-07 2.7550e-06 2.7639e-06 -1.2880e-04 -1.3422e-04 1.8602e-04 4.1509e-04 4.4246e-04 6.0669e-04 3.2958e-04 -3.0913e-04 4.5187e-04
2.6468e+01 -2.5611e-06 8.4341e-08 2.5624e-06 3.7910e-06 3.3081e-07 3.8054e-06 1.7659e-07 -2.7890e-06 2.7946e-06 1.2529e-04 1.3057e-04 1.8096e-04 -4.0380e-04 -4.3040e-04 5.9017e-04 -3.2067e-04 3.0078e-04 4.3965e-04
2.5681e+01 2.5962e-06 -1.3684e-07 2.5999e-06 -3.8522e-06 -2.5969e-07 3.8609e-06 -2.4614e-07 2.7212e-06 2.7323e-06 -1.2196e-04 -1.2709e-04 1.7615e-04 3.9307e-04 4.1895e-04 5.7448e-04 3.1226e-04 -2.9289e-04 4.2812e-04
2.4933e+01 -2.5375e-06 5.3792e-08 2.5381e-06 3.7508e-06 3.7175e-07 3.7692e-06 1.3244e-07 -2.8154e-06 2.8185e-06 1.1880e-04 1.2379e-04 1.7157e-04 -3.8288e-04 -4.0806e-04 5.5956e-04 -3.0431e-04 2.8544e-04 4.1723e-04
2.4222e+01 2.6245e-06 -1.8206e-07 2.6308e-06 -3.9018e-06 -1.9813e-07 3.9069e-06 -3.0435e-07 2.6569e-06 2.6743e-06 -1.1579e-04 -1.2065e-04 1.6722e-04 3.7318e-04 3.9770e-04 5.4537e-04 2.9681e-04 -2.7842e-04 4.0695e-04
2.3545e+01 -2.4885e-06 -1.2215e-08 2.4885e-06 3.6668e-06 4.6046e-07 3.6956e-06 4.0256e-08 -2.8843e-06 2.8846e-06 1.1292e-04 1.1766e-04 1.6308e-04 -3.6395e-04 -3.8785e-04 5.3187e-04 -2.8972e-04 2.7177e-04 3.9724e-04
2.2898e+01 2.6858e-06 -2.7611e-07 2.6999e-06 -4.0089e-06 -7.0423e-08 4.0095e-06 -4.2849e-07 2.5346e-06 2.5705e-06 -1.1020e-04 -1.1481e-04 1.5914e-04 3.5516e-04 3.7846e-04 5.1901e-04 2.8303e-04 -2.6550e-04 3.8807e-04
2.2281e+01 -2.3932e-06 -1.4457e-07 2.3975e-06 3.5027e-06 6.3877e-07 3.5605e-06 -1.4170e-07 -3.0331e-06 3.0364e-06 1.0760e-04 1.1210e-04 1.5538e-04 -3.4679e-04 -3.6952e-04 5.0676e-04 -2.7669e-04 2.5956e-04 3.7938e-04
2.1691e+01 2.8079e-06 -4.5874e-07 2.8451e-06 -4.2213e-06 1.7705e-07 4.2251e-06 -6.7225e-07 2.3070e-06 2.4029e-06 -1.0511e-04 -1.0951e-04 1.5179e-04 3.3879e-04 3.6097e-04 4.9505e-04 2.7072e-04 -2.5397e-04 3.7120e-04
2.1126e+01 -2.2170e-06 -3.9354e-07 2.2517e-06 3.1988e-06 9.7469e-07 3.3440e-06 -4.8137e-07 -3.3222e-06 3.3569e-06 1.0275e-04 1.0704e-04 1.4838e-04 -3.3117e-04 -3.5283e-04 4.8391e-04 -2.6504e-04 2.4865e-04 3.6341e-04
2.0584e+01 3.0345e-06 -7.9279e-07 3.1363e-06 -4.6147e-06 6.2922e-07 4.6574e-06 -1.1206e-06 1.8992e-06 2.2052e-06 -1.0048e-04 -1.0467e-04 1.4510e-04 3.2386e-04 3.4501e-04 4.7320e-04 2.5970e-04 -2.4365e-04 3.5611e-04
2.0065e+01 -1.9066e-06 -8.3673e-07 2.0821e-06 2.6624e-06 1.5731e-06 3.0924e-06 -1.0837e-06 -3.8448e-06 3.9946e-06 9.8325e-05 1.0242e-04 1.4198e-04 -3.1692e-04 -3.3759e-04 4.6304e-04 -2.5460e-04 2.3886e-04 3.4911e-04
1.9565e+01 3.4312e-06 -1.3730e-06 3.6957e-06 -5.3026e-06 1.4142e-06 5.4879e-06 -1.9017e-06 1.1980e-06 2.2476e-06 -9.6239e-05 -1.0025e-04 1.3897e-04 3.1020e-04 3.3042e-04 4.5321e-04 2.4984e-04 -2.3441e-04 3.4258e-04
1.9086e+01 -1.3829e-06 -1.5887e-06 2.1063e-06 1.7567e-06 2.5890e-06 3.1287e-06 -2.1035e-06 -4.7377e-06 5.1837e-06 9.4272e-05 9.8193e-05 1.3612e-04 -3.0387e-04 -3.2364e-04 4.4393e-04 -2.4522e-04 2.3008e-04 3.3626e-04
1.8624e+01 4.0927e-06 -2.3366e-06 4.7127e-06 -6.4490e-06 2.7172e-06 6.9981e-06 -3.2007e-06 3.9568e-08 3.2009e-06 -9.2343e-05 -9.6181e-05 1.3333e-04 2.9765e-04 3.1700e-04 4.3484e-04 2.4098e-04 -2.2612e-04 3.3046e-04
1.8179e+01 -5.3382e-07 -2.8119e-06 2.8621e-06 2.8747e-07 4.2418e-06 4.2516e-06 -3.7604e-06 -6.1957e-06 7.2475e-06 9.0548e-05 9.4305e-05 1.3074e-04 -2.9187e-04 -3.1081e-04 4.2637e-04 -2.3679e-04 2.2218e-04 3.2471e-04
1.7750e+01 5.1512e-06 -3.8745e-06 6.4457e-06 -8.2828e-06 4.7966e-06 9.5714e-06 -5.2760e-06 -1.8048e-06 5.5762e-06 -8.8750e-05 -9.2430e-05 1.2814e-04 2.8608e-04 3.0462e-04 4.1790e-04 2.3304e-04 -2.1869e-04 3.1958e-04
1.7337e+01 7.9484e-07 -4.7294e-06 4.7958e-06 -2.0121e-06 6.8333e-06 7.1234e-06 -6.3560e-06 -8.4854e-06 1.0602e-05 8.7115e-05 9.0719e-05 1.2577e-04 -2.8082e-04 -2.9898e-04 4.1018e-04 -2.2919e-04 2.1507e-04 3.1429e-04
1.6937e+01 6.7852e-06 -6.2453e-06 9.2218e-06 -1.1113e-05 8.0017e-06 1.3694e-05 -8.4770e-06 -4.6441e-06 9.6658e-06 -8.5421e-05 -8.8954e-05 1.2333e-04 2.7536e-04 2.9316e-04 4.0220e-04 2.2592e-04 -2.1202e-04 3.0982e-04
1.6552e+01 2.8084e-06 -7.6387e-06 8.1386e-06 -5.4977e-06 1.0765e-05 1.2088e-05 -1.0292e-05 -1.1963e-05 1.5781e-05 8.3942e-05 8.7404e-05 1.2118e-04 -2.7060e-04 -2.8804e-04 3.9521e-04 -2.2232e-04 2.0864e-04 3.0489e-04
1.6178e+01 9.2297e-06 -9.7888e-06 1.3454e-05 -1.5346e-05 1.2792e-05 1.9979e-05 -1.3263e-05 -8.8852e-06 1.5964e-05 -8.2323e-05 -8.5719e-05 1.1885e-04 2.6539e-04 2.8248e-04 3.8759e-04 2.1953e-04 -2.0605e-04 3.0108e-04
1.5817e+01 5.7739e-06 -1.1926e-05 1.3250e-05 -1.0631e-05 1.6560e-05 1.9679e-05 -1.6092e-05 -1.7090e-05 2.3473e-05 8.1001e-05 8.4331e-05 1.1693e-04 -2.6113e-04 -2.7790e-04 3.8134e-04 -2.1611e-04 2.0282e-04 2.9638e-04
1.5467e+01 1.2786e-05 -1.4942e-05 1.9666e-05 -2.1506e-05 1.9758e-05 2.9204e-05 -2.0225e-05 -1.5050e-05 2.5210e-05 -7.9425e-05 -8.2693e-05 1.1466e-04 2.5605e-04 2.7250e-04 3.7392e-04 2.1383e-04 -2.0072e-04 2.9327e-04
1.5128e+01 1.0031e-05 -1.8083e-05 2.0678e-05 -1.8001e-05 2.4882e-05 3.0711e-05 -2.4418e-05 -2.4454e-05 3.4557e-05 7.8270e-05 8.1475e-05 1.1298e-04 -2.5234e-04 -2.6848e-04 3.6845e-04 -2.1047e-04 1.9754e-04 2.8865e-04
1.4799e+01 1.7835e-05 -2.2255e-05 2.8519e-05 -3.0248e-05 2.9643e-05 4.2352e-05 -3.0105e-05 -2.3797e-05 3.8375e-05 -7.6700e-05 -7.9848e-05 1.1072e-04 2.4728e-04 2.6311e-04 3.6107e-04 2.0875e-04 -1.9598e-04 2.8633e-04
1.4480e+01 1.6002e-05 -2.6721e-05 3.1146e-05 -2.8339e-05 3.6558e-05 4.6256e-05 -3.6099e-05 -3.4788e-05 5.0133e-05 7.5729e-05 7.8816e-05 1.0930e-04 -2.4416e-04 -2.5970e-04 3.5645e-04 -2.0534e-04 1.9273e-04 2.8162e-04
1.4171e+01 2.4845e-05 -3.2406e-05 4.0834e-05 -4.2386e-05 4.3365e-05 6.0639e-05 -4.3822e-05 -3.5938e-05 5.6674e-05 -7.4121e-05 -7.7156e-05 1.0699e-04 2.3898e-04 2.5422e-04 3.4891e-04 2.0426e-04 -1.9179e-04 2.8019e-04
1.3870e+01 2.4205e-05 -3.8591e-05 4.5554e-05 -4.2542e-05 5.2603e-05 6.7653e-05 -5.2149e-05 -4.8989e-05 7.1550e-05 7.3363e-05 7.6338e-05 1.0588e-04 -2.3654e-04 -2.5152e-04 3.4527e-04 -2.0065e-04 1.8834e-04 2.7520e-04
1.3577e+01 3.4386e-05 -4.6221e-05 5.7609e-05 -5.8907e-05 6.2039e-05 8.5551e-05 -6.2492e-05 -5.2461e-05 8.1593e-05 -7.1664e-05 -7.4592e-05 1.0344e-04 2.3106e-04 2.4576e-04 3.3733e-04 2.0034e-04 -1.8814e-04 2.7483e-04
1.3293e+01 3.5267e-05 -5.4599e-05 6.4998e-05 -6.1695e-05 7.4241e-05 9.6530e-05 -7.3791e-05 -6.8141e-05 1.0044e-04 7.1159e-05 7.4026e-05 1.0268e-04 -2.2944e-04 -2.4390e-04 3.3485e-04 -1.9635e-04 1.8430e-04 2.6930e-04
1.3016e+01 4.7143e-05 -6.4689e-05 8.0045e-05 -8.0996e-05 8.7005e-05 1.1887e-04 -8.7451e-05 -7.4550e-05 1.1491e-04 -6.9306e-05 -7.2131e-05 1.0003e-04 2.2347e-04 2.3764e-04 3.2621e-04 1.9696e-04 -1.8500e-04 2.7022e-04
1.2746e+01 4.9932e-05 -7.5822e-05 9.0786e-05 -8.7086e-05 1.0293e-04 1.3483e-04 -1.0248e-04 -9.3532e-05 1.3875e-04 6.9106e-05 7.1871e-05 9.9705e-05 -2.2283e-04 -2.3678e-04 3.2514e-04 -1.9237e-04 1.8056e-04 2.6383e-04
1.2484e+01 6.3924e-05 -8.8983e-05 1.0956e-04 -1.1005e-04 1.1984e-04 1.6271e-04 -1.2028e-04 -1.0360e-04 1.5875e-04 -6.7022e-05 -6.9750e-05 9.6732e-05 2.1611e-04 2.2979e-04 3.1545e-04 1.9411e-04 -1.8238e-04 2.6634e-04
1.2228e+01 6.9075e-05 -1.0353e-04 1.2446e-04 -1.2023e-04 1.4038e-04 1.8483e-04 -1.3994e-04 -1.2668e-04 1.8876e-04 6.7197e-05 6.9864e-05 9.6935e-05 -2.1668e-04 -2.3016e-04 3.1611e-04 -1.8865e-04 1.7707e-04 2.5874e-04
1.1978e+01 8.5676e-05 -1.2047e-04 1.4783e-04 -1.4772e-04 1.6241e-04 2.1954e-04 -1.6284e-04 -1.4126e-04 2.1558e-04 -6.4790e-05 -6.7425e-05 9.3508e-05 2.0892e-04 2.2212e-04 3.0493e-04 1.9179e-04 -1.8026e-04 2.6320e-04
1.1735e+01 9.3719e-05 -1.3920e-04 1.6781e-04 -1.6290e-04 1.8859e-04 2.4921e-04 -1.8816e-04 -1.6935e-04 2.5315e-04 6.5428e-05 6.7998e-05 9.4364e-05 -2.1098e-04 -2.2401e-04 3.0772e-04 -1.8515e-04 1.7377e-04 2.5392e-04
1.1497e+01 1.1349e-04 -1.6074e-04 1.9677e-04 -1.9588e-04 2.1684e-04 2.9222e-04 -2.1727e-04 -1.8943e-04 2.8825e-04 -6.2585e-05 -6.5131e-05 9.0327e-05 2.0182e-04 2.1455e-04 2.9455e-04 1.9002e-04 -1.7865e-04 2.6081e-04
1.1265e+01 1.2504e-04 -1.8452e-04 2.2290e-04 -2.1713e-04 2.4987e-04 3.3102e-04 -2.4944e-04 -2.2358e-04 3.3498e-04 6.3796e-05 6.6272e-05 9.1988e-05 -2.0572e-04 -2.1831e-04 2.9997e-04 -1.8181e-04 1.7061e-04 2.4932e-04
1.1039e+01 1.4864e-04 -2.1162e-04 2.5860e-04 -2.5674e-04 2.8561e-04 3.8404e-04 -2.8603e-04 -2.5027e-04 3.8007e-04 -6.0385e-05 -6.2845e-05 8.7154e-05 1.9472e-04 2.0701e-04 2.8420e-04 1.8880e-04 -1.7759e-04 2.5920e-04
1.0817e+01 1.6437e-04 -2.4146e-04 2.9210e-04 -2.8524e-04 3.2683e-04 4.3379e-04 -3.2641e-04 -2.9170e-04 4.3776e-04 6.2300e-05 6.4683e-05 8.9806e-05 -2.0090e-04 -2.1308e-04 2.9285e-04 -1.7856e-04 1.6752e-04 2.4484e-04
1.0601e+01 1.9254e-04 -2.7517e-04 3.3584e-04 -3.3275e-04 3.7151e-04 4.9874e-04 -3.7193e-04 -3.2628e-04 4.9476e-04 -5.8162e-05 -6.0539e-05 8.3952e-05 1.8755e-04 1.9941e-04 2.7375e-04 1.8817e-04 -1.7709e-04 2.5840e-04
1.0389e+01 2.1325e-04 -3.1221e-04 3.7809e-04 -3.6987e-04 4.2246e-04 5.6150e-04 -4.2205e-04 -3.7634e-04 5.6547e-04 6.0942e-05 6.3233e-05 8.7820e-05 -1.9651e-04 -2.0830e-04 2.8637e-04 -1.7535e-04 1.6446e-04 2.4041e-04
1.0182e+01 2.4682e-04 -3.5374e-04 4.3133e-04 -4.2673e-04 4.7772e-04 6.4056e-04 -4.7813e-04 -4.2025e-04 6.3657e-04 -5.5892e-05 -5.8188e-05 8.0683e-05 1.8022e-04 1.9166e-04 2.6309e-04 1.8816e-04 -1.7719e-04 2.5846e-04
9.9796e+00 2.7339e-04 -3.9926e-04 4.8389e-04 -4.7400e-04 5.4012e-04 7.1862e-04 -5.3972e-04 -4.8048e-04 7.2261e-04 5.9726e-05 6.1925e-05 8.6034e-05 -1.9258e-04 -2.0399e-04 2.8054e-04 -1.7212e-04 1.6136e-04 2.3593e-04
9.7811e+00 3.1329e-04 -4.4995e-04 5.4828e-04 -5.4182e-04 6.0778e-04 8.1423e-04 -6.0818e-04 -5.3534e-04 8.1022e-04 -5.3545e-05 -5.5762e-05 7.7308e-05 1.7264e-04 1.8367e-04 2.5208e-04 1.8882e-04 -1.7793e-04 2.5944e-04
9.5868e+00 3.4671e-04 -5.0538e-04 6.1287e-04 -6.0094e-04 6.8357e-04 9.1016e-04 -6.8317e-04 -6.0744e-04 9.1417e-04 5.8657e-05 6.0763e-05 8.4456e-05 -1.8912e-04 -2.0018e-04 2.7539e-04 -1.6879e-04 1.5816e-04 2.3131e-04
9.3964e+00 3.9398e-04 -5.6675e-04 6.9023e-04 -6.8153e-04 7.6565e-04 1.0250e-03 -7.6604e-04 -6.7503e-04 1.0210e-03 -5.1091e-05 -5.3232e-05 7.3783e-05 1.6472e-04 1.7534e-04 2.4058e-04 1.9018e-04 -1.7936e-04 2.6142e-04
9.2099e+00 4.3533e-04 -6.3366e-04 7.6879e-04 -7.5439e-04 8.5697e-04 1.1417e-03 -8.5658e-04 -7.6090e-04 1.1457e-03 5.7743e-05 5.9754e-05 8.3095e-05 -1.8616e-04 -1.9687e-04 2.7095e-04 -1.6530e-04 1.5479e-04 2.2646e-04
9.0270e+00 4.9112e-04 -7.0737e-04 8.6115e-04 -8.4974e-04 9.5573e-04 1.2789e-03 -9.5611e-04 -8.4322e-04 1.2748e-03 -4.8498e-05 -5.0564e-05 7.0063e-05 1.5633e-04 1.6657e-04 2.2844e-04 1.9233e-04 -1.8155e-04 2.6448e-04
8.8476e+00 5.4163e-04 -7.8751e-04 9.5579e-04 -9.3844e-04 1.0649e-03 1.4194e-03 -1.0646e-03 -9.4496e-04 1.4235e-03 5.6993e-05 5.8907e-05 8.1965e-05 -1.8371e-04 -1.9410e-04 2.6725e-04 -1.6158e-04 1.5117e-04 2.2127e-04
8.6717e+00 6.0721e-04 -8.7540e-04 1.0654e-03 -1.0507e-03 1.1829e-03 1.5822e-03 -1.1832e-03 -1.0442e-03 1.5781e-03 -4.5732e-05 -4.7723e-05 6.6098e-05 1.4738e-04 1.5723e-04 2.1550e-04 1.9531e-04 -1.8456e-04 2.6872e-04
8.4991e+00 6.6818e-04 -9.7070e-04 1.1784e-03 -1.1576e-03 1.3126e-03 1.7501e-03 -1.3122e-03 -1.1641e-03 1.7541e-03 5.6417e-05 5.8231e-05 8.1079e-05 -1.8182e-04 -1.9190e-04 2.6436e-04 -1.5755e-04 1.4723e-04 2.1564e-04
8.3297e+00 7.4494e-04 -1.0748e-03 1.3077e-03 -1.2892e-03 1.4524e-03 1.9420e-03 -1.4527e-03 -1.2827e-03 1.9379e-03 -4.2754e-05 -4.4672e-05 6.1834e-05 1.3774e-04 1.4720e-04 2.0159e-04 1.9923e-04 -1.8847e-04 2.7425e-04
8.1634e+00 8.1784e-04 -1.1873e-03 1.4417e-03 -1.4167e-03 1.6054e-03 2.1411e-03 -1.6050e-03 -1.4233e-03 2.1452e-03 5.6028e-05 5.7738e-05 8.0454e-05 -1.8053e-04 -1.9032e-04 2.6232e-04 -1.5313e-04 1.4289e-04 2.0944e-04
8.0001e+00 9.0730e-04 -1.3098e-03 1.5933e-03 -1.5703e-03 1.7700e-03 2.3662e-03 -1.7704e-03 -1.5638e-03 2.3621e-03 -3.9524e-05 -4.1369e-05 5.7215e-05 1.2728e-04 1.3635e-04 1.8652e-04 2.0416e-04 -1.9338e-04 2.8121e-04
7.8397e+00 9.9370e-04 -1.4419e-03 1.7511e-03 -1.7212e-03 1.9495e-03 2.6006e-03 -1.9491e-03 -1.7278e-03 2.6047e-03 5.5840e-05 5.7441e-05 8.0110e-05 -1.7986e-04 -1.8939e-04 2.6119e-04 -1.4822e-04 1.3807e-04 2.0256e-04
7.6821e+00 1.0975e-03 -1.5851e-03 1.9279e-03 -1.8996e-03 2.1421e-03 2.8631e-03 -2.1425e-03 -1.8930e-03 2.8590e-03 -3.5997e-05 -3.7769e-05 5.2176e-05 1.1584e-04 1.2453e-04 1.7008e-04 2.1021e-04 -1.9939e-04 2.8973e-04
7.5273e+00 1.1991e-03 -1.7392e-03 2.1125e-03 -2.0768e-03 2.3513e-03 3.1372e-03 -2.3510e-03 -2.0834e-03 3.1413e-03 5.5867e-05 5.7351e-05 8.0064e-05 -1.7988e-04 -1.8916e-04 2.6103e-04 -1.4274e-04 1.3266e-04 1.9487e-04
7.3751e+00 1.3190e-03 -1.9057e-03 2.3176e-03 -2.2832e-03 2.5756e-03 3.4419e-03 -2.5759e-03 -2.2766e-03 3.4377e-03 -3.2125e-05 -3.3825e-05 4.6649e-05 1.0328e-04 1.1159e-04 1.5205e-04 2.1748e-04 -2.0659e-04 2.9996e-04
7.2254e+00 1.4377e-03 -2.0845e-03 2.5322e-03 -2.4899e-03 2.8181e-03 3.7605e-03 -2.8178e-03 -2.4965e-03 3.7647e-03 5.6123e-05 5.7484e-05 8.0338e-05 -1.8063e-04 -1.8968e-04 2.6192e-04 -1.3659e-04 1.2658e-04 1.8622e-04
7.0783e+00 1.5756e-03 -2.2771e-03 2.7691e-03 -2.7275e-03 3.0776e-03 4.1123e-03 -3.0779e-03 -2.7208e-03 4.1081e-03 -2.7856e-05 -2.9482e-05 4.0560e-05 8.9422e-05 9.7355e-05 1.3219e-04 2.2610e-04 -2.1512e-04 3.1209e-04
6.9336e+00 1.7133e-03 -2.4835e-03 3.0171e-03 -2.9671e-03 3.3574e-03 4.4806e-03 -3.3571e-03 -2.9738e-03 4.4848e-03 5.6625e-05 5.7854e-05 8.0954e-05 -1.8214e-04 -1.9099e-04 2.6392e-04 -1.2966e-04 1.1973e-04 1.7649e-04
6.7912e+00 1.8713e-03 -2.7051e-03 3.2893e-03 -3.2394e-03 3.6562e-03 4.8848e-03 -3.6564e-03 -3.2327e-03 4.8806e-03 -2.3132e-05 -2.4683e-05 3.3828e-05 7.4076e-05 8.1631e-05 1.1023e-04 2.3621e-04 -2.2511e-04 3.2630e-04
6.6511e+00 2.0301e-03 -2.9421e-03 3.5745e-03 -3.5157e-03 3.9773e-03 5.3084e-03 -3.9771e-03 -3.5224e-03 5.3127e-03 5.7388e-05 5.8475e-05 8.1931e-05 -1.8448e-04 -1.9316e-04 2.6710e-04 -1.2186e-04 1.1200e-04 1.6551e-04
6.5133e+00 2.2104e-03 -3.1960e-03 3.8859e-03 -3.8266e-03 4.3196e-03 5.7708e-03 -4.3199e-03 -3.8198e-03 5.7665e-03 -1.7890e-05 -1.9364e-05 2.6363e-05 5.7035e-05 6.4215e-05 8.5887e-05 2.4795e-04 -2.3670e-04 3.4279e-04
6.3776e+00 2.3926e-03 -3.4668e-03 4.2123e-03 -4.1434e-03 4.6866e-03 6.2555e-03 -4.6863e-03 -4.1501e-03 6.2598e-03 5.8426e-05 5.9359e-05 8.3289e-05 -1.8767e-04 -1.9622e-04 2.7152e-04 -1.1307e-04 1.0327e-04 1.5313e-04
6.2441e+00 2.5974e-03 -3.7562e-03 4.5668e-03 -4.4968e-03 5.0770e-03 6.7821e-03 -5.0772e-03 -4.4900e-03 6.7778e-03 -1.2061e-05 -1.3455e-05 1.8070e-05 3.8073e-05 4.4883e-05 5.8856e-05 2.6148e-04 -2.5004e-04 3.6179e-04
6.1126e+00 2.8055e-03 -4.0644e-03 4.9386e-03 -4.8582e-03 5.4944e-03 7.3342e-03 -5.4941e-03 -4.8650e-03 7.3385e-03 5.9752e-05 6.0517e-05 8.5045e-05 -1.9177e-04 -2.0021e-04 2.7723e-04 -1.0318e-04 9.3449e-05 1.3921e-04
5.9831e+00 3.0373e-03 -4.3929e-03 5.3407e-03 -5.2584e-03 5.9376e-03 7.9313e-03 -5.9378e-03 -5.2516e-03 7.9270e-03 -5.5691e-06 -6.8807e-06 8.8520e-06 1.6938e-05 2.3386e-05 2.8876e-05 2.7696e-04 -2.6531e-04 3.8353e-04
5.8556e+00 3.2737e-03 -4.7420e-03 5.7623e-03 -5.6689e-03 6.4104e-03 8.5574e-03 -6.4102e-03 -5.6757e-03 8.5618e-03 6.1375e-05 6.1958e-05 8.7211e-05 -1.9678e-04 -2.0517e-04 2.8429e-04 -9.2071e-05 8.2412e-05 1.2357e-04
5.7300e+00 3.5351e-03 -5.1135e-03 6.2165e-03 -6.1203e-03 6.9116e-03 9.2319e-03 -6.9118e-03 -6.1134e-03 9.2275e-03 1.6700e-06 4.4562e-07 1.7284e-06 -6.6479e-06 -5.5022e-07 6.6706e-06 2.9460e-04 -2.8269e-04 4.0829e-04
5.6062e+00 3.8024e-03 -5.5074e-03 6.6925e-03 -6.5843e-03 7.4449e-03 9.9388e-03 -7.4447e-03 -6.5912e-03 9.9433e-03 6.3303e-05 6.3685e-05 8.9794e-05 -2.0273e-04 -2.1112e-04 2.9270e-04 -7.9635e-05 7.0048e-05 1.0606e-04
5.4843e+00 4.0961e-03 -5.9255e-03 7.2035e-03 -7.0917e-03 8.0093e-03 1.0698e-02 -8.0095e-03 -7.0848e-03 1.0693e-02 9.7497e-06 8.6182e-06 1.3013e-05 -3.2995e-05 -2.7229e-05 4.2780e-05 3.1458e-04 -3.0238e-04 4.3634e-04
5.3642e+00 4.3971e-03 -6.3682e-03 7.7388e-03 -7.6141e-03 8.6085e-03 1.1493e-02 -8.6084e-03 -7.6211e-03 1.1497e-02 6.5534e-05 6.5695e-05 9.2793e-05 -2.0961e-04 -2.1806e-04 3.0246e-04 -6.5755e-05 5.6243e-05 8.6528e-05
5.2458e+00 4.7260e-03 -6.8372e-03 8.3116e-03 -8.1823e-03 9.2417e-03 1.2343e-02 -9.2418e-03 -8.1753e-03 1.2339e-02 1.8775e-05 1.7743e-05 2.5833e-05 -6.2454e-05 -5.6991e-05 8.4548e-05 3.3712e-04 -3.2460e-04 4.6799e-04
5.1291e+00 5.0635e-03 -7.3328e-03 8.9112e-03 -8.7680e-03 9.9124e-03 1.3234e-02 -9.9123e-03 -8.7750e-03 1.3238e-02 6.8060e-05 6.7978e-05 9.6194e-05 -2.1736e-04 -2.2596e-04 3.1354e-04 -5.0323e-05 4.0890e-05 6.4842e-05
5.0141e+00 5.4304e-03 -7.8569e-03 9.5509e-03 -9.4020e-03 1.0620e-02 1.4184e-02 -1.0620e-02 -9.3949e-03 1.4179e-02 2.8864e-05 2.7941e-05 4.0172e-05 -9.5418e-05 -9.0215e-05 1.3131e-04 3.6247e-04 -3.4957e-04 5.0357e-04
4.9007e+00 5.8075e-03 -8.4097e-03 1.0220e-02 -1.0056e-02 1.1368e-02 1.5178e-02 -1.1368e-02 -1.0063e-02 1.5182e-02 7.0863e-05 7.0510e-05 9.9966e-05 -2.2593e-04 -2.3477e-04 3.2582e-04 -3.3237e-05 2.3888e-05 4.0931e-05
4.7890e+00 6.2154e-03 -8.9931e-03 1.0932e-02 -1.0761e-02 1.2156e-02 1.6235e-02 -1.2156e-02 -1.0754e-02 1.6230e-02 4.0150e-05 3.9348e-05 5.6217e-05 -1.3234e-04 -1.2734e-04 1.8365e-04 3.9086e-04 -3.7755e-04 5.4343e-04
4.6788e+00 6.6350e-03 -9.6075e-03 1.1676e-02 -1.1489e-02 1.2987e-02 1.7340e-02 -1.2987e-02 -1.1496e-02 1.7344e-02 7.3906e-05 7.3253e-05 1.0406e-04 -2.3516e-04 -2.4438e-04 3.3914e-04 -1.4408e-05 5.1467e-06 1.5299e-05
4.5702e+00 7.0870e-03 -1.0255e-02 1.2465e-02 -1.2270e-02 1.3861e-02 1.8512e-02 -1.3861e-02 -1.2263e-02 1.8507e-02 5.2790e-05 5.2122e-05 7.4185e-05 -1.7374e-04 -1.6885e-04 2.4228e-04 4.2259e-04 -4.0881e-04 5.8797e-04
4.4631e+00 7.5522e-03 -1.0935e-02 1.3290e-02 -1.3077e-02 1.4782e-02 1.9736e-02 -1.4782e-02 -1.3084e-02 1.9741e-02 7.7133e-05 7.6147e-05 1.0839e-04 -2.4485e-04 -2.5461e-04 3.5324e-04 6.2380e-06 -1.5405e-05 1.6620e-05
4.3575e+00 8.0514e-03 -1.1651e-02 1.4162e-02 -1.3940e-02 1.5748e-02 2.1032e-02 -1.5748e-02 -1.3933e-02 2.1027e-02 6.6964e-05 6.6447e-05 9.4337e-05 -2.2024e-04 -2.1534e-04 3.0802e-04 4.5796e-04 -4.4365e-04 6.3762e-04
4.2533e+00 8.5654e-03 -1.2402e-02 1.5072e-02 -1.4831e-02 1.6764e-02 2.2383e-02 -1.6764e-02 -1.4839e-02 2.2388e-02 8.0462e-05 7.9101e-05 1.1283e-04 -2.5470e-04 -2.6521e-04 3.6771e-04 2.8746e-05 -3.7814e-05 4.7500e-05
4.1506e+00 9.1149e-03 -1.3190e-02 1.6033e-02 -1.5782e-02 1.7829e-02 2.3810e-02 -1.7829e-02 -1.5774e-02 2.3805e-02 8.2888e-05 8.2543e-05 1.1698e-04 -2.7257e-04 -2.6748e-04 3.8189e-04 4.9731e-04 -4.8241e-04 6.9285e-04
4.0494e+00 9.6808e-03 -1.4016e-02 1.7034e-02 -1.6763e-02 1.8947e-02 2.5297e-02 -1.8947e-02 -1.6770e-02 2.5303e-02 8.3767e-05 8.1988e-05 1.1721e-04 -2.6426e-04 -2.7580e-04 3.8197e-04 5.3127e-05 -6.2090e-05 8.1717e-05
3.9495e+00 1.0284e-02 -1.4882e-02 1.8089e-02 -1.7805e-02 2.0116e-02 2.6864e-02 -2.0116e-02 -1.7798e-02 2.6859e-02 1.0082e-04 1.0068e-04 1.4248e-04 -3.3164e-04 -3.2609e-04 4.6510e-04 5.4101e-04 -5.2546e-04 7.5419e-04
3.8510e+00 1.0905e-02 -1.5788e-02 1.9187e-02 -1.8882e-02 2.1341e-02 2.8495e-02 -2.1341e-02 -1.8889e-02 2.8500e-02 8.6872e-05 8.4623e-05 1.2128e-04 -2.7290e-04 -2.8584e-04 3.9519e-04 7.9341e-05 -8.8193e-05 1.1863e-04
3.7539e+00 1.1564e-02 -1.6735e-02 2.0342e-02 -2.0022e-02 2.2621e-02 3.0209e-02 -2.2620e-02 -2.0014e-02 3.0203e-02 1.2109e-04 1.2117e-04 1.7130e-04 -3.9855e-04 -3.9218e-04 5.5914e-04 5.8950e-04 -5.7325e-04 8.2227e-04
3.6581e+00 1.2243e-02 -1.7725e-02 2.1542e-02 -2.1199e-02 2.3959e-02 3.1991e-02 -2.3960e-02 -2.1207e-02 3.1997e-02 8.9525e-05 8.6747e-05 1.2466e-04 -2.7970e-04 -2.9457e-04 4.0620e-04 1.0728e-04 -1.1601e-04 1.5801e-04
3.5637e+00 1.2962e-02 -1.8758e-02 2.2801e-02 -2.2442e-02 2.5356e-02 3.3861e-02 -2.5355e-02 -2.2434e-02 3.3855e-02 1.4410e-04 1.4445e-04 2.0404e-04 -4.7473e-04 -4.6701e-04 6.6594e-04 6.4330e-04 -6.2626e-04 8.9779e-04
3.4706e+00 1.3701e-02 -1.9836e-02 2.4108e-02 -2.3724e-02 2.6813e-02 3.5802e-02 -2.6814e-02 -2.3732e-02 3.5808e-02 9.1366e-05 8.7991e-05 1.2685e-04 -2.8338e-04 -3.0090e-04 4.1333e-04 1.3672e-04 -1.4533e-04 1.9953e-04
3.3788e+00 1.4482e-02 -2.0960e-02 2.5476e-02 -2.5075e-02 2.8331e-02 3.7834e-02 -2.8330e-02 -2.5067e-02 3.7828e-02 1.7039e-04 1.7106e-04 2.4144e-04 -5.6208e-04 -5.5222e-04 7.8796e-04 7.0302e-04 -6.8513e-04 9.8165e-04
3.2882e+00 1.5286e-02 -2.2129e-02 2.6895e-02 -2.6468e-02 2.9913e-02 3.9942e-02 -2.9914e-02 -2.6476e-02 3.9948e-02 9.1877e-05 8.7827e-05 1.2710e-04 -2.8207e-04 -3.0328e-04 4.1418e-04 1.6731e-04 -1.7579e-04 2.4268e-04
3.1990e+00 1.6132e-02 -2.3347e-02 2.8378e-02 -2.7931e-02 3.1559e-02 4.2144e-02 -3.1557e-02 -2.7922e-02 4.2137e-02 2.0067e-04 2.0171e-04 2.8453e-04 -6.6315e-04 -6.4996e-04 9.2856e-04 7.6944e-04 -7.5062e-04 1.0749e-03
3.1110e+00 1.7001e-02 -2.4613e-02 2.9914e-02 -2.9438e-02 3.3270e-02 4.4424e-02 -3.3272e-02 -2.9447e-02 4.4431e-02 9.0302e-05 8.5493e-05 1.2435e-04 -2.7306e-04 -2.9950e-04 4.0529e-04 1.9847e-04 -2.0681e-04 2.8664e-04
3.0242e+00 1.7915e-02 -2.5928e-02 3.1515e-02 -3.1018e-02 3.5047e-02 4.6802e-02 -3.5045e-02 -3.1009e-02 4.6794e-02 2.3597e-04 2.3744e-04 3.3475e-04 -7.8155e-04 -7.6324e-04 1.0924e-03 8.4357e-04 -8.2376e-04 1.1791e-03
2.9387e+00 1.8853e-02 -2.7293e-02 3.3171e-02 -3.2644e-02 3.6892e-02 4.9261e-02 -3.6895e-02 -3.2654e-02 4.9270e-02 8.5514e-05 7.9856e-05 1.1700e-04 -2.5226e-04 -2.8628e-04 3.8157e-04 2.2930e-04 -2.3746e-04 3.3010e-04
2.8544e+00 1.9836e-02 -2.8708e-02 3.4894e-02 -3.4344e-02 3.8806e-02 5.1821e-02 -3.8803e-02 -3.4334e-02 5.1812e-02 2.7775e-04 2.7971e-04 3.9418e-04 -9.2259e-04 -8.9631e-04 1.2863e-03 9.2681e-04 -9.0597e-04 1.2961e-03
2.7714e+00 2.0844e-02 -3.0175e-02 3.6674e-02 -3.6092e-02 4.0788e-02 5.4464e-02 -4.0792e-02 -3.6103e-02 5.4474e-02 7.5776e-05 6.9185e-05 1.0261e-04 -2.1335e-04 -2.5867e-04 3.3531e-04 2.5836e-04 -2.6628e-04 3.7101e-04
2.6895e+00 2.1898e-02 -3.1694e-02 3.8523e-02 -3.7915e-02 4.2841e-02 5.7210e-02 -4.2837e-02 -3.7903e-02 5.7198e-02 3.2827e-04 3.3076e-04 4.6601e-04 -1.0945e-03 -1.0556e-03 1.5206e-03 1.0212e-03 -9.9932e-04 1.4288e-03
2.6089e+00 2.2979e-02 -3.3264e-02 4.0429e-02 -3.9788e-02 4.4964e-02 6.0040e-02 -4.4970e-02 -3.9801e-02 6.0054e-02 5.8284e-05 5.0715e-05 7.7260e-05 -1.4602e-04 -2.0889e-04 2.5486e-04 2.8331e-04 -2.9087e-04 4.0604e-04
2.5295e+00 2.4105e-02 -3.4888e-02 4.2406e-02 -4.1736e-02 4.7160e-02 6.2976e-02 -4.7152e-02 -4.1721e-02 6.2960e-02 3.9123e-04 3.9422e-04 5.5540e-04 -1.3109e-03 -1.2511e-03 1.8122e-03 1.1299e-03 -1.1071e-03 1.5819e-03
2.4513e+00 2.5258e-02 -3.6565e-02 4.4440e-02 -4.3737e-02 4.9423e-02 6.5996e-02 -4.9436e-02 -4.3755e-02 6.6018e-02 2.8177e-05 1.9723e-05 3.4394e-05 -3.2239e-05 -1.2387e-04 1.2800e-04 3.0023e-04 -3.0714e-04 4.2950e-04
2.3742e+00 2.6458e-02 -3.8294e-02 4.6546e-02 -4.5806e-02 5.1772e-02 6.9126e-02 -5.1746e-02 -4.5783e-02 6.9092e-02 4.7336e-04 4.7656e-04 6.7170e-04 -1.5970e-03 -1.5008e-03 2.1915e-03 1.2584e-03 -1.2349e-03 1.7631e-03
2.2984e+00 2.7686e-02 -4.0078e-02 4.8710e-02 -4.7968e-02 5.4130e-02 7.2326e-02 -5.4215e-02 -4.7992e-02 7.2405e-02 -2.4435e-05 -3.3165e-05 4.1194e-05 1.6498e-04 2.1708e-05 1.6641e-04 3.0189e-04 -3.0746e-04 4.3089e-04
2.2237e+00 2.8953e-02 -4.1907e-02 5.0936e-02 -2.6817e-02 3.5963e-02 4.4861e-02 -5.6278e-02 -4.9710e-02 7.5088e-02 5.9854e-04 5.9984e-04 8.4738e-04 -2.0718e-03 -1.9012e-03 2.8120e-03 1.4175e-03 -1.3945e-03 1.9885e-03
2.1502e+00 3.0196e-02 -4.3732e-02 5.3144e-02 -1.3612e-02 2.4753e-02 2.8249e-02 -5.7560e-02 -5.0546e-02 7.6603e-02 -9.1283e-05 -9.8635e-05 1.3439e-04 4.6484e-04 1.9744e-04 5.0503e-04 2.7853e-04 -2.8075e-04 3.9547e-04
2.0779e+00 3.1398e-02 -4.5509e-02 5.5289e-02 -4.5370e-03 1.7255e-02 1.7841e-02 -5.8488e-02 -5.0951e-02 7.7568e-02 8.0441e-04 8.0307e-04 1.1367e-03 -3.2459e-03 -2.8891e-03 4.3454e-03 1.6408e-03 -1.6210e-03 2.3065e-03
2.0068e+00 3.2519e-02 -4.7215e-02 5.7330e-02 2.8562e-03 1.1288e-02 1.1644e-02 -5.9075e-02 -5.0970e-02 7.8025e-02 -1.9115e-04 -1.9151e-04 2.7059e-04 1.1284e-03 4.8376e-04 1.2277e-03 2.2282e-04 -2.1521e-04 3.0978e-04
1.9368e+00 3.3564e-02 -4.8833e-02 5.9255e-02 9.3860e-03 6.1062e-03 1.1197e-02 -5.9454e-02 -5.0720e-02 7.8149e-02 1.1778e-03 1.1663e-03 1.6576e-03 -6.2253e-03 -5.2509e-03 8.1441e-03 2.0091e-03 -2.0000e-03 2.8348e-03
1.8681e+00 3.4504e-02 -5.0349e-02 6.1037e-02 1.5409e-02 1.4428e-03 1.5477e-02 -5.9595e-02 -5.0202e-02 7.7922e-02 -3.9839e-04 -3.6811e-04 5.4242e-04 3.2923e-03 1.1041e-03 3.4725e-03 1.0001e-04 -5.7907e-05 1.1557e-04
1.8005e+00 3.5353e-02 -5.1754e-02 6.2676e-02 2.1175e-02 -2.9701e-03 2.1382e-02 -5.9576e-02 -4.9463e-02 7.7433e-02 2.0156e-03 1.9583e-03 2.8103e-03 -1.6798e-02 -1.2567e-02 2.0978e-02 2.7749e-03 -2.8104e-03 3.9495e-03
1.7340e+00 3.6089e-02 -5.3041e-02 6.4154e-02 2.6850e-02 -7.1895e-03 2.7796e-02 -5.9362e-02 -4.8504e-02 7.6658e-02 -1.0371e-03 -8.1174e-04 1.3170e-03 1.6782e-02 1.4310e-03 1.6843e-02 -2.3659e-04 4.7267e-04 5.2858e-04
1.6688e+00 3.6729e-02 -5.4207e-02 6.5478e-02 3.2572e-02 -1.1403e-02 3.4510e-02 -5.9009e-02 -4.7343e-02 7.5653e-02 5.4892e-03 5.0778e-03 7.4776e-03 -1.2431e-01 -6.5157e-02 1.4035e-01 5.6800e-03 -6.0354e-03 8.2878e-03
1.6047e+00 3.7255e-02 -5.5249e-02 6.6636e-02 3.8492e-02 -1.5599e-02 4.1533e-02 -5.8480e-02 -4.5978e-02 7.4390e-02 -6.6452e-03 -9.0534e-03 1.1230e-02 5.4617e-01 5.3673e-01 7.6576e-01 -7.5699e-03 5.3178e-03 9.2511e-03
1.5418e+00 3.7690e-02 -5.6167e-02 6.7641e-02 4.4735e-02 -1.9963e-02 4.8987e-02 -5.7820e-02 -4.4408e-02 7.2906e-02 -1.1902e-02 -1.1200e-02 1.6343e-02 -3.7096e-01 -4.5438e-01 5.8658e-01 -9.4498e-03 9.9759e-03 1.3741e-02
1.4801e+00 3.8018e-02 -5.6961e-02 6.8483e-02 5.1520e-02 -2.4430e-02 5.7019e-02 -5.6989e-02 -4.2631e-02 7.1169e-02 1.4857e-03 2.5241e-03 2.9289e-03 -5.3583e-04 5.3471e-02 5.3473e-02 2.1107e-03 -1.3017e-03 2.4798e-03
1.4196e+00 3.8264e-02 -5.7635e-02 6.9180e-02 5.9042e-02 -2.9216e-02 6.5875e-02 -5.6026e-02 -4.0623e-02 6.9204e-02 -2.8536e-03 -3.1630e-03 4.2600e-03 -1.9333e-02 -3.0994e-02 3.6529e-02 -2.3399e-03 2.0590e-03 3.1168e-03
1.3602e+00 3.8415e-02 -5.8190e-02 6.9727e-02 6.7730e-02 -3.4143e-02 7.5849e-02 -5.4888e-02 -3.8375e-02 6.6973e-02 9.2200e-04 1.2190e-03 1.5284e-03 3.4262e-03 9.3217e-03 9.9314e-03 8.8671e-04 -7.0988e-04 1.1359e-03
1.3021e+00 3.8500e-02 -5.8633e-02 7.0143e-02 7.8074e-02 -3.9401e-02 8.7452e-02 -5.3617e-02 -3.5832e-02 6.4488e-02 -1.7674e-03 -1.9078e-03 2.6006e-03 -7.4919e-03 -1.0058e-02 1.2542e-02 -1.2516e-03 1.1174e-03 1.6779e-03
1.2451e+00 3.8506e-02 -5.8968e-02 7.0427e-02 9.1117e-02 -4.4202e-02 1.0127e-01 -5.2174e-02 -3.2958e-02 6.1712e-02 7.3362e-04 8.9492e-04 1.1572e-03 2.2389e-03 4.0796e-03 4.6536e-03 5.5591e-04 -4.9141e-04 7.4197e-04
1.1894e+00 3.8464e-02 -5.9202e-02 7.0600e-02 1.0813e-01 -4.7524e-02 1.1812e-01 -5.0645e-02 -2.9630e-02 5.8676e-02 -1.3351e-03 -1.4246e-03 1.9525e-03 -4.0692e-03 -5.0920e-03 6.5182e-03 -8.3281e-04 7.4222e-04 1.1156e-03
1.1348e+00 3.8364e-02 -5.9341e-02 7.0663e-02 1.2892e-01 -4.4212e-02 1.3629e-01 -4.9101e-02 -2.5768e-02 5.5452e-02 6.4438e-04 7.5514e-04 9.9270e-04 1.5725e-03 2.4305e-03 2.8949e-03 3.9766e-04 -3.7478e-04 5.4643e-04
1.0814e+00 3.8240e-02 -5.9393e-02 7.0639e-02 1.4725e-01 -3.2245e-02 1.5074e-01 -4.7878e-02 -2.1313e-02 5.2408e-02 -1.1095e-03 -1.1755e-03 1.6164e-03 -2.6297e-03 -3.1683e-03 4.1175e-03 -6.1310e-04 5.4253e-04 8.1868e-04
1.0293e+00 3.8085e-02 -5.9362e-02 7.0529e-02 1.5621e-01 -1.6997e-02 1.5713e-01 -4.7082e-02 -1.6565e-02 4.9911e-02 5.9803e-04 6.8289e-04 9.0773e-04 1.2007e-03 1.6938e-03 2.0763e-03 3.0328e-04 -3.0208e-04 4.2805e-04
9.7835e-01 3.7933e-02 -5.9256e-02 7.0357e-02 1.5522e-01 -1.0174e-02 1.5555e-01 -4.6756e-02 -1.1729e-02 4.8205e-02 -9.7846e-04 -1.0275e-03 1.4189e-03 -1.8478e-03 -2.2572e-03 2.9171e-03 -4.7778e-04 4.2092e-04 6.3675e-04
9.2864e-01 3.7775e-02 -5.9076e-02 7.0121e-02 1.1451e-01 -3.7787e-02 1.2058e-01 -4.6075e-02 -7.6258e-03 4.6701e-02 5.7957e-04 6.4398e-04 8.6637e-04 7.4304e-04 1.4183e-03 1.6011e-03 2.3920e-04 -2.5489e-04 3.4955e-04
8.8016e-01 3.7639e-02 -5.8838e-02 6.9847e-02 7.2402e-02 -4.9292e-02 8.7589e-02 -4.4740e-02 -4.9521e-03 4.5013e-02 -9.0131e-04 -9.3733e-04 1.3004e-03 -7.5374e-04 -1.9617e-03 2.1015e-03 -3.8727e-04 3.4118e-04 5.1612e-04
8.3290e-01 3.7507e-02 -5.8552e-02 6.9535e-02 4.4157e-02 -4.9404e-02 6.6261e-02 -4.3344e-02 -3.3152e-03 4.3471e-02 5.5231e-04 6.3477e-04 8.4142e-04 1.5992e-04 1.1603e-03 1.1713e-03 1.9951e-04 -2.0737e-04 2.8776e-04
7.8689e-01 3.7395e-02 -5.8231e-02 6.9205e-02 2.5357e-02 -4.7110e-02 5.3501e-02 -4.2000e-02 -2.3809e-03 4.2068e-02 -8.5222e-04 -8.7831e-04 1.2238e-03 -1.4563e-04 -1.4738e-03 1.4810e-03 -3.2035e-04 2.8329e-04 4.2764e-04
7.4212e-01 3.7283e-02 -5.7885e-02 6.8853e-02 1.4552e-02 -4.7843e-02 5.0007e-02 -4.0746e-02 -1.8556e-03 4.0789e-02 5.2932e-04 6.2760e-04 8.2101e-04 -2.4051e-05 9.1436e-04 9.1467e-04 1.6596e-04 -1.6525e-04 2.3420e-04
6.9859e-01 3.7188e-02 -5.7524e-02 6.8498e-02 9.9163e-03 -5.3642e-02 5.4551e-02 -3.9421e-02 -1.5487e-03 3.9452e-02 -8.2551e-04 -8.4065e-04 1.1782e-03 -1.6146e-04 -1.2990e-03 1.3089e-03 -2.6780e-04 2.4012e-04 3.5969e-04
6.5632e-01 3.7091e-02 -5.7156e-02 6.8136e-02 6.4463e-03 -5.9874e-02 6.0220e-02 -3.7986e-02 -1.3367e-03 3.8010e-02 5.2358e-04 6.2820e-04 8.1778e-04 6.8374e-05 9.0408e-04 9.0666e-04 1.4077e-04 -1.3535e-04 1.9528e-04
6.1532e-01 3.7009e-02 -5.6790e-02 6.7785e-02 3.9734e-03 -6.6232e-02 6.6351e-02 -3.6432e-02 -1.2153e-03 3.6452e-02 -8.1516e-04 -8.2304e-04 1.1584e-03 -2.9129e-04 -1.2511e-03 1.2846e-03 -2.2741e-04 2.0686e-04 3.0741e-04
5.7558e-01 3.6924e-02 -5.6433e-02 6.7440e-02 2.3959e-03 -7.2433e-02 7.2472e-02 -3.4781e-02 -1.1369e-03 3.4800e-02 5.2971e-04 6.3661e-04 8.2817e-04 1.5256e-04 9.0445e-04 9.1722e-04 1.2136e-04 -1.1373e-04 1.6632e-04
5.3711e-01 3.6855e-02 -5.6091e-02 6.7115e-02 1.5463e-03 -7.8295e-02 7.8310e-02 -3.3039e-02 -1.0960e-03 3.3058e-02 -8.1626e-04 -8.2015e-04 1.1571e-03 -3.9346e-04 -1.2177e-03 1.2797e-03 -1.9460e-04 1.7911e-04 2.6448e-04
4.9993e-01 3.6781e-02 -5.5766e-02 6.6803e-02 1.2467e-03 -8.3667e-02 8.3677e-02 -3.1234e-02 -1.0627e-03 3.1252e-02 5.4491e-04 6.5262e-04 8.5019e-04 2.2234e-04 9.1187e-04 9.3859e-04 1.0563e-04 -9.7383e-05 1.4367e-04
4.6403e-01 3.6723e-02 -5.5462e-02 6.6518e-02 1.3249e-03 -8.8521e-02 8.8531e-02 -2.9377e-02 -1.0381e-03 2.9396e-02 -8.2791e-04 -8.3009e-04 1.1724e-03 -4.7042e-04 -1.2020e-03 1.2908e-03 -1.6729e-04 1.5540e-04 2.2833e-04
4.2943e-01 3.6660e-02 -5.5182e-02 6.6249e-02 1.6040e-03 -9.2842e-02 9.2856e-02 -2.7495e-02 -1.0057e-03 2.7514e-02 5.6853e-04 6.7689e-04 8.8397e-04 2.7883e-04 9.3074e-04 9.7161e-04 9.2504e-05 -8.4543e-05 1.2532e-04
3.9612e-01 3.6613e-02 -5.4925e-02 6.6010e-02 1.9498e-03 -9.6724e-02 9.6744e-02 -2.5600e-02 -9.7209e-04 2.5618e-02 -8.5019e-04 -8.5228e-04 1.2038e-03 -5.2949e-04 -1.2084e-03 1.3193e-03 -1.4412e-04 1.3480e-04 1.9733e-04
3.6412e-01 3.6561e-02 -5.4694e-02 6.5788e-02 2.1944e-03 -1.0028e-01 1.0030e-01 -2.3709e-02 -9.3044e-04 2.3727e-02 6.0114e-04 7.1063e-04 9.3079e-04 3.2554e-04 9.6563e-04 1.0190e-03 8.1313e-05 -7.4116e-05 1.1002e-04
3.3343e-01 3.6523e-02 -5.4487e-02 6.5595e-02 2.1055e-03 -1.0388e-01 1.0390e-01 -2.1829e-02 -8.9139e-04 2.1847e-02 -8.8403e-04 -8.8733e-04 1.2525e-03 -5.7722e-04 -1.2403e-03 1.3680e-03 -1.2411e-04 1.1669e-04 1.7035e-04
3.0405e-01 3.6481e-02 -5.4304e-02 6.5420e-02 1.6676e-03 -1.0740e-01 1.0741e-01 -1.9967e-02 -8.5718e-04 1.9985e-02 6.4406e-04 7.5536e-04 9.9266e-04 3.6521e-04 1.0214e-03 1.0847e-03 7.1630e-05 -6.5396e-05 9.6992e-05
2.7600e-01 3.6453e-02 -5.4144e-02 6.5272e-02 2.0626e-03 -1.0916e-01 1.0918e-01 -1.8141e-02 -8.2839e-04 1.8160e-02 -9.3082e-04 -9.3587e-04 1.3200e-03 -6.1778e-04 -1.3014e-03 1.4406e-03 -1.0659e-04 1.0060e-04 1.4657e-04
2.4928e-01 3.6419e-02 -5.4007e-02 6.5139e-02 2.9396e-03 -1.0970e-01 1.0974e-01 -1.6387e-02 -7.8738e-04 1.6406e-02 6.9970e-04 8.1344e-04 1.0730e-03 4.0096e-04 1.1009e-03 1.1717e-03 6.3167e-05 -5.7890e-05 8.5681e-05
2.2389e-01 3.6399e-02 -5.3889e-02 6.5030e-02 3.8095e-03 -1.0998e-01 1.1005e-01 -1.4713e-02 -7.3689e-04 1.4731e-02 -9.9386e-04 -1.0022e-03 1.4115e-03 -6.5602e-04 -1.3907e-03 1.5377e-03 -9.1073e-05 8.6196e-05 1.2540e-04
1.9984e-01 3.6373e-02 -5.3789e-02 6.4933e-02 4.5425e-03 -1.1020e-01 1.1030e-01 -1.3125e-02 -6.7566e-04 1.3142e-02 7.7324e-04 8.9115e-04 1.1799e-03 4.3608e-04 1.2077e-03 1.2840e-03 5.5637e-05 -5.1267e-05 7.5655e-05
1.7714e-01 3.6360e-02 -5.3706e-02 6.4856e-02 5.1739e-03 -1.1039e-01 1.1051e-01 -1.1622e-02 -6.1016e-04 1.1638e-02 -1.0778e-03 -1.0911e-03 1.5337e-03 -6.9219e-04 -1.5111e-03 1.6621e-03 -7.7207e-05 7.3227e-05 1.0641e-04
1.5578e-01 3.6340e-02 -5.3636e-02 6.4788e-02 5.6900e-03 -1.1053e-01 1.1068e-01 -1.0207e-02 -5.3984e-04 1.0221e-02 8.7083e-04 9.9472e-04 1.3221e-03 4.6837e-04 1.3491e-03 1.4281e-03 4.8785e-05 -4.5268e-05 6.6552e-05
1.3578e-01 3.6333e-02 -5.3579e-02 6.4737e-02 6.1254e-03 -1.1066e-01 1.1083e-01 -8.8793e-03 -4.6945e-04 8.8917e-03 -1.1904e-03 -1.2109e-03 1.6980e-03 -7.2226e-04 -1.6725e-03 1.8218e-03 -6.4744e-05 6.1502e-05 8.9299e-05
1.1714e-01 3.6318e-02 -5.3533e-02 6.4690e-02 6.4673e-03 -1.1074e-01 1.1093e-01 -7.6414e-03 -3.9850e-04 7.6518e-03 1.0029e-03 1.1352e-03 1.5147e-03 4.9094e-04 1.5377e-03 1.6141e-03 4.2427e-05 -3.9684e-05 5.8094e-05
9.9865e-02 3.6315e-02 -5.3497e-02 6.4659e-02 6.7485e-03 -1.1082e-01 1.1103e-01 -6.4927e-03 -3.3036e-04 6.5011e-03 -1.3454e-03 -1.3759e-03 1.9244e-03 -7.3534e-04 -1.8898e-03 2.0278e-03 -5.3505e-05 5.0863e-05 7.3823e-05
8.3953e-02 3.6304e-02 -5.3469e-02 6.4629e-02 6.9579e-03 -1.1087e-01 1.1109e-01 -5.4347e-03 -2.6456e-04 5.4411e-03 1.1875e-03 1.3319e-03 1.7844e-03 4.8627e-04 1.7909e-03 1.8557e-03 3.6432e-05 -3.4344e-05 5.0068e-05
6.9412e-02 3.6305e-02 -5.3447e-02 6.4612e-02 7.1249e-03 -1.1092e-01 1.1114e-01 -4.4671e-03 -2.0339e-04 4.4717e-03 -1.5675e-03 -1.6126e-03 2.2489e-03 -7.0391e-04 -2.1822e-03 2.2929e-03 -4.3370e-05 4.1165e-05 5.9795e-05
5.6246e-02 3.6297e-02 -5.3431e-02 6.4594e-02 7.2397e-03 -1.1094e-01 1.1117e-01 -3.5909e-03 -1.4640e-04 3.5938e-03 1.4593e-03 1.6217e-03 2.1816e-03 4.1091e-04 2.1277e-03 2.1670e-03 3.0718e-05 -2.9080e-05 4.2300e-05
4.4457e-02 3.6299e-02 -5.3420e-02 6.4586e-02 7.3274e-03 -1.1096e-01 1.1121e-01 -2.8059e-03 -9.5055e-05 2.8076e-03 -1.9061e-03 -1.9738e-03 2.7439e-03 -5.6043e-04 -2.5614e-03 2.6220e-03 -3.4273e-05 3.2232e-05 4.7048e-05
3.4048e-02 3.6293e-02 -5.3412e-02 6.4576e-02 7.3814e-03 -1.1097e-01 1.1121e-01 -2.1130e-03 -4.8965e-05 2.1135e-03 1.8924e-03 2.0838e-03 2.8149e-03 1.6180e-04 2.5384e-03 2.5436e-03 2.5243e-05 -2.3660e-05 3.4598e-05
2.5021e-02 3.6297e-02 -5.3408e-02 6.4574e-02 7.4627e-03 -1.1099e-01 1.1124e-01 -1.5119e-03 -8.9286e-06 1.5119e-03 -2.4771e-03 -2.5831e-03 3.5789e-03 -1.5581e-04 -2.9642e-03 2.9683e-03 -2.6158e-05 2.3758e-05 3.5336e-05
1.7380e-02 3.6292e-02 -5.3405e-02 6.4569e-02 7.4553e-03 -1.1147e-01 1.1172e-01 -1.0024e-03 2.5577e-05 1.0027e-03 2.6802e-03 2.9245e-03 3.9669e-03 -4.5313e-04 2.8451e-03 2.8809e-03 1.9875e-05 -1.7636e-05 2.6571e-05
1.1125e-02 3.6296e-02 -5.3403e-02 6.4570e-02 4.4013e-03 -1.1261e-01 1.1269e-01 -5.8166e-04 4.9953e-05 5.8380e-04 -3.6276e-03 -3.8111e-03 5.2615e-03 6.8176e-04 -2.9952e-03 3.0718e-03 -1.8648e-05 1.5130e-05 2.4014e-05
6.2588e-03 3.6291e-02 -5.3402e-02 6.4567e-02 -7.1584e-03 -1.0509e-01 1.0534e-01 -2.5887e-04 4.8789e-05 2.6343e-04 4.5346e-03 4.9040e-03 6.6792e-03 -1.3847e-03 2.3062e-03 2.6900e-03 1.3761e-05 -1.0372e-05 1.7232e-05
2.7820e-03 3.6296e-02 -5.3402e-02 6.4570e-02 -1.7532e-02 -7.1580e-02 7.3696e-02 -6.7209e-05 2.1534e-05 7.0575e-05 -7.0754e-03 -7.4917e-03 1.0305e-02 1.3657e-03 -1.6987e-03 2.1796e-03 -9.9924e-06 6.2608e-06 1.1792e-05
6.9554e-04 3.6291e-02 -5.3402e-02 6.4567e-02 -9.5865e-03 -2.3104e-02 2.5014e-02 -4.9541e-06 2.1731e-06 5.4098e-06 1.4146e-02 1.5165e-02 2.0738e-02 -8.9013e-04 5.5529e-04 1.0491e-03 4.9451e-06 -2.9323e-06 5.7491e-06
0.0000e+00 3.6296e-02 -5.3402e-02 6.4570e-02 0.0000e+00 0.0000e+00 0.0000e+00 0.0000e+00 0.0000e+00 0.0000e+00 -6.8885e-02 -7.3480e-02 1.0072e-01 0.0000e+00 0.0000e+00 0.0000e+00 0.0000e+00 0.0000e+00 0.0000e+00
