# y   p_re    p_im    p_mod   u_re    u_im    u_mod    v_re    v_im    v_mod                     p_re_adj    p_im_adj    p_mod_adj   u_re_adj    u_im_adj    u_mod_adj    v_re_adj    v_im_adj    v_mod_adj
2.0000e+03 1.4879e-06 3.3955e-06 3.7072e-06 0.0000e+00 0.0000e+00 0.0000e+00 0.0000e+00 0.0000e+00 0.0000e+00 -1.7483e-04 1.6998e-04 2.4384e-04 0.0000e+00 0.0000e+00 0.0000e+00 0.0000e+00 0.0000e+00 0.0000e+00
1.0000e+03 -8.4517e-12 -1.9288e-11 2.1058e-11 9.0337e-12 2.9939e-11 3.1272e-11 -8.6743e-09 2.6174e-09 9.0606e-09 2.6643e-10 -2.5931e-10 3.7179e-10 -3.4696e-10 4.2947e-10 5.5211e-10 -2.4058e-07 -1.9436e-07 3.0928e-07
4.9998e+02 1.0513e-10 2.3992e-10 2.6194e-10 -1.1236e-10 -3.7241e-10 3.8899e-10 1.6677e-08 -5.0323e-09 1.7419e-08 -2.6520e-09 2.5794e-09 3.6996e-09 3.4526e-09 -4.2735e-09 5.4939e-09 2.2491e-07 1.8170e-07 2.8914e-07
3.3329e+02 -4.4981e-10 -1.0266e-09 1.1208e-09 4.8077e-10 1.5935e-09 1.6645e-09 -2.3278e-08 7.0250e-09 2.4315e-08 8.2928e-09 -8.0649e-09 1.1568e-08 -1.0795e-08 1.3362e-08 1.7178e-08 -2.1050e-07 -1.7005e-07 2.7061e-07
2.4994e+02 1.2536e-09 2.8611e-09 3.1237e-09 -1.3398e-09 -4.4410e-09 4.6387e-09 2.7666e-08 -8.3503e-09 2.8899e-08 -1.7899e-08 1.7406e-08 2.4967e-08 2.3300e-08 -2.8840e-08 3.7076e-08 1.8726e-07 1.5127e-07 2.4073e-07
1.9992e+02 -2.7615e-09 -6.3031e-09 6.8816e-09 2.9515e-09 9.7838e-09 1.0219e-08 -2.8960e-08 8.7427e-09 3.0250e-08 3.2151e-08 -3.1265e-08 4.4847e-08 -4.1852e-08 5.1804e-08 6.6598e-08 -1.5683e-07 -1.2668e-07 2.0160e-07
1.6657e+02 5.2277e-09 1.1933e-08 1.3027e-08 -5.5872e-09 -1.8522e-08 1.9346e-08 2.6275e-08 -7.9359e-09 2.7447e-08 -5.1273e-08 4.9860e-08 7.1519e-08 6.6743e-08 -8.2615e-08 1.0621e-07 1.1817e-07 9.5444e-08 1.5190e-07
1.4275e+02 -8.8762e-09 -2.0261e-08 2.2120e-08 9.4866e-09 3.1450e-08 3.2849e-08 -1.8850e-08 5.7003e-09 1.9693e-08 7.5228e-08 -7.3154e-08 1.0493e-07 -9.7924e-08 1.2121e-07 1.5583e-07 -7.1988e-08 -5.8127e-08 9.2526e-08
1.2487e+02 1.3853e-08 3.1622e-08 3.4523e-08 -1.4805e-08 -4.9084e-08 5.1268e-08 6.2090e-09 -1.8926e-09 6.4910e-09 -1.0328e-07 1.0044e-07 1.4407e-07 1.3445e-07 -1.6642e-07 2.1394e-07 1.9301e-08 1.5557e-08 2.4790e-08
1.1097e+02 -2.0175e-08 -4.6056e-08 5.0281e-08 2.1562e-08 7.1488e-08 7.4669e-08 1.1668e-08 -3.4932e-09 1.2180e-08 1.3426e-07 -1.3056e-07 1.8728e-07 -1.7477e-07 2.1634e-07 2.7811e-07 3.7763e-08 3.0548e-08 4.8573e-08
9.9841e+01 2.7701e-08 6.3237e-08 6.9038e-08 -2.9604e-08 -9.8156e-08 1.0252e-07 -3.4231e-08 1.0291e-08 3.5745e-08 -1.6635e-07 1.6177e-07 2.3203e-07 2.1653e-07 -2.6804e-07 3.4457e-07 -9.6340e-08 -7.7873e-08 1.2388e-07
9.0733e+01 -3.6124e-08 -8.2470e-08 9.0035e-08 3.8606e-08 1.2801e-07 1.3370e-07 6.0363e-08 -1.8163e-08 6.3036e-08 1.9755e-07 -1.9211e-07 2.7556e-07 -2.5715e-07 3.1833e-07 4.0921e-07 1.5315e-07 1.2377e-07 1.9691e-07
8.3141e+01 4.5022e-08 1.0279e-07 1.1221e-07 -4.8115e-08 -1.5954e-07 1.6664e-07 -8.8521e-08 2.6645e-08 9.2444e-08 -2.2584e-07 2.1963e-07 3.1503e-07 2.9397e-07 -3.6392e-07 4.6782e-07 -2.0496e-07 -1.6562e-07 2.6351e-07
7.6715e+01 -5.3924e-08 -1.2311e-07 1.3440e-07 5.7628e-08 1.9109e-07 1.9959e-07 1.1700e-07 -3.5224e-08 1.2219e-07 2.4968e-07 -2.4283e-07 3.4829e-07 -3.2501e-07 4.0235e-07 5.1722e-07 2.4926e-07 2.0140e-07 3.2046e-07
7.1204e+01 6.2398e-08 1.4246e-07 1.5553e-07 -6.6683e-08 -2.2113e-07 2.3096e-07 -1.4425e-07 4.3427e-08 1.5065e-07 -2.6809e-07 2.6075e-07 3.7398e-07 3.4897e-07 -4.3203e-07 5.5537e-07 -2.8450e-07 -2.2987e-07 3.6576e-07
6.6426e+01 -7.0116e-08 -1.6009e-07 1.7477e-07 7.4930e-08 2.4848e-07 2.5954e-07 1.6907e-07 -5.0897e-08 1.7656e-07 2.8086e-07 -2.7318e-07 3.9181e-07 -3.6560e-07 4.5264e-07 5.8185e-07 3.1036e-07 2.5075e-07 3.9899e-07
6.2243e+01 7.6883e-08 1.7554e-07 1.9164e-07 -8.2161e-08 -2.7248e-07 2.8459e-07 -1.9075e-07 5.7419e-08 1.9920e-07 -2.8834e-07 2.8047e-07 4.0224e-07 3.7533e-07 -4.6470e-07 5.9734e-07 -3.2738e-07 -2.6450e-07 4.2088e-07
5.8551e+01 -8.2637e-08 -1.8868e-07 2.0599e-07 8.8308e-08 2.9287e-07 3.0590e-07 2.0903e-07 -6.2917e-08 2.1830e-07 2.9128e-07 -2.8335e-07 4.0636e-07 -3.7916e-07 4.6946e-07 6.0345e-07 3.3683e-07 2.7212e-07 4.3302e-07
5.5267e+01 8.7409e-08 1.9959e-07 2.1789e-07 -9.3407e-08 -3.0979e-07 3.2357e-07 -2.2403e-07 6.7421e-08 2.3395e-07 -2.9058e-07 2.8268e-07 4.0540e-07 3.7825e-07 -4.6835e-07 6.0202e-07 -3.4016e-07 -2.7480e-07 4.3730e-07
5.2326e+01 -9.1294e-08 -2.0846e-07 2.2758e-07 9.7557e-08 3.2357e-07 3.3796e-07 2.3605e-07 -7.1025e-08 2.4650e-07 2.8716e-07 -2.7938e-07 4.0064e-07 -3.7381e-07 4.6286e-07 5.9496e-07 3.3887e-07 2.7375e-07 4.3563e-07
4.9679e+01 9.4413e-08 2.1559e-07 2.3535e-07 -1.0089e-07 -3.3463e-07 3.4950e-07 -2.4549e-07 7.3855e-08 2.5636e-07 -2.8180e-07 2.7419e-07 3.9318e-07 3.6684e-07 -4.5425e-07 5.8388e-07 -3.3422e-07 -2.6999e-07 4.2965e-07
4.7282e+01 -9.6889e-08 -2.2124e-07 2.4153e-07 1.0353e-07 3.4341e-07 3.5868e-07 2.5280e-07 -7.6038e-08 2.6399e-07 2.7517e-07 -2.6776e-07 3.8394e-07 -3.5821e-07 4.4358e-07 5.7016e-07 3.2731e-07 2.6440e-07 4.2076e-07
4.5101e+01 9.8839e-08 2.2570e-07 2.4639e-07 -1.0562e-07 -3.5033e-07 3.6590e-07 -2.5837e-07 7.7696e-08 2.6980e-07 -2.6774e-07 2.6055e-07 3.7359e-07 3.4854e-07 -4.3163e-07 5.5479e-07 -3.1892e-07 -2.5761e-07 4.0997e-07
4.3109e+01 -1.0036e-07 -2.2919e-07 2.5020e-07 1.0724e-07 3.5574e-07 3.7155e-07 2.6255e-07 -7.8931e-08 2.7416e-07 2.5990e-07 -2.5295e-07 3.6267e-07 -3.3834e-07 4.1901e-07 5.3856e-07 3.0967e-07 2.5014e-07 3.9808e-07
4.1281e+01 1.0155e-07 2.3189e-07 2.5315e-07 -1.0851e-07 -3.5994e-07 3.7594e-07 -2.6563e-07 7.9835e-08 2.7736e-07 -2.5189e-07 2.4518e-07 3.5152e-07 3.2793e-07 -4.0614e-07 5.2200e-07 -3.0000e-07 -2.4232e-07 3.8564e-07
3.9598e+01 -1.0246e-07 -2.3399e-07 2.5544e-07 1.0948e-07 3.6320e-07 3.7934e-07 2.6782e-07 -8.0472e-08 2.7965e-07 2.4392e-07 -2.3745e-07 3.4041e-07 -3.1756e-07 3.9331e-07 5.0550e-07 2.9020e-07 2.3440e-07 3.7305e-07
3.8043e+01 1.0315e-07 2.3557e-07 2.5716e-07 -1.1022e-07 -3.6564e-07 3.8189e-07 -2.6938e-07 8.0915e-08 2.8127e-07 -2.3609e-07 2.2985e-07 3.2950e-07 3.0738e-07 -3.8071e-07 4.8931e-07 -2.8050e-07 -2.2656e-07 3.6057e-07
3.6603e+01 -1.0370e-07 -2.3683e-07 2.5854e-07 1.1080e-07 3.6760e-07 3.8394e-07 2.7030e-07 -8.1172e-08 2.8223e-07 2.2849e-07 -2.2249e-07 3.1892e-07 -2.9750e-07 3.6849e-07 4.7359e-07 2.7102e-07 2.1891e-07 3.4839e-07
3.5264e+01 1.0405e-07 2.3760e-07 2.5939e-07 -1.1117e-07 -3.6880e-07 3.8519e-07 -2.7110e-07 8.1368e-08 2.8304e-07 -2.2118e-07 2.1538e-07 3.0872e-07 2.8798e-07 -3.5670e-07 4.5844e-07 -2.6188e-07 -2.1150e-07 3.3662e-07
3.4016e+01 -1.0443e-07 -2.3853e-07 2.6039e-07 1.1157e-07 3.7023e-07 3.8668e-07 2.7097e-07 -8.1333e-08 2.8291e-07 2.1416e-07 -2.0860e-07 2.9896e-07 -2.7885e-07 3.4545e-07 4.4395e-07 2.5306e-07 2.0441e-07 3.2531e-07
3.2851e+01 1.0443e-07 2.3844e-07 2.6031e-07 -1.1159e-07 -3.7010e-07 3.8656e-07 -2.7187e-07 8.1508e-08 2.8383e-07 -2.0747e-07 2.0205e-07 2.8960e-07 2.7016e-07 -3.3460e-07 4.3005e-07 -2.4473e-07 -1.9760e-07 3.1455e-07
3.1759e+01 -1.0495e-07 -2.3983e-07 2.6178e-07 1.1210e-07 3.7224e-07 3.8875e-07 2.7009e-07 -8.1069e-08 2.8199e-07 2.0107e-07 -1.9596e-07 2.8077e-07 -2.6182e-07 3.2447e-07 4.1693e-07 2.3661e-07 1.9120e-07 3.0421e-07
3.0735e+01 1.0432e-07 2.3799e-07 2.5985e-07 -1.1149e-07 -3.6942e-07 3.8588e-07 -2.7294e-07 8.1652e-08 2.8489e-07 -1.9505e-07 1.8991e-07 2.7223e-07 2.5403e-07 -3.1446e-07 4.0425e-07 -2.2928e-07 -1.8498e-07 2.9459e-07
2.9772e+01 -1.0564e-07 -2.4174e-07 2.6381e-07 1.1278e-07 3.7519e-07 3.9177e-07 2.6696e-07 -8.0259e-08 2.7877e-07 1.8921e-07 -1.8463e-07 2.6436e-07 -2.4637e-07 3.0564e-07 3.9257e-07 2.2164e-07 1.7934e-07 2.8511e-07
2.8865e+01 1.0340e-07 2.3537e-07 2.5708e-07 -1.1060e-07 -3.6540e-07 3.8177e-07 -2.7635e-07 8.2281e-08 2.8834e-07 -1.8387e-07 1.7879e-07 2.5647e-07 2.3955e-07 -2.9606e-07 3.8084e-07 -2.1561e-07 -1.7354e-07 2.7677e-07
2.8008e+01 -1.0719e-07 -2.4612e-07 2.6845e-07 1.1427e-07 3.8192e-07 3.9865e-07 2.5929e-07 -7.8410e-08 2.7089e-07 1.7845e-07 -1.7467e-07 2.4971e-07 -2.3231e-07 2.8902e-07 3.7080e-07 2.0786e-07 1.6883e-07 2.6779e-07
2.7198e+01 1.0089e-07 2.2830e-07 2.4960e-07 -1.0815e-07 -3.5453e-07 3.7066e-07 -2.8605e-07 8.4290e-08 2.9821e-07 -1.7390e-07 1.6839e-07 2.4207e-07 2.2672e-07 -2.7894e-07 3.5946e-07 -2.0391e-07 -1.6308e-07 2.6110e-07
2.6431e+01 -1.1084e-07 -2.5655e-07 2.7947e-07 1.1780e-07 3.9795e-07 4.1502e-07 2.4192e-07 -7.4387e-08 2.5310e-07 1.6862e-07 -1.6626e-07 2.3680e-07 -2.1933e-07 2.7485e-07 3.5163e-07 1.9470e-07 1.5973e-07 2.5184e-07
2.5704e+01 9.5152e-08 2.1210e-07 2.3246e-07 -1.0256e-07 -3.2962e-07 3.4521e-07 -3.0950e-07 8.9352e-08 3.2214e-07 -1.6511e-07 1.5820e-07 2.2867e-07 2.1560e-07 -2.6233e-07 3.3956e-07 -1.9461e-07 -1.5327e-07 2.4772e-07
2.5013e+01 -1.1893e-07 -2.7957e-07 3.0381e-07 1.2562e-07 4.3332e-07 4.5116e-07 2.0501e-07 -6.6007e-08 2.1538e-07 1.5945e-07 -1.5984e-07 2.2577e-07 -2.0698e-07 2.6372e-07 3.3525e-07 1.8124e-07 1.5222e-07 2.3668e-07
2.4356e+01 8.3175e-08 1.7822e-07 1.9668e-07 -9.0908e-08 -2.7755e-07 2.9206e-07 -3.5998e-07 1.0043e-07 3.7373e-07 -1.5757e-07 1.4738e-07 2.1576e-07 2.0644e-07 -2.4500e-07 3.2038e-07 -1.8859e-07 -1.4358e-07 2.3703e-07
2.3730e+01 -1.3541e-07 -3.2641e-07 3.5338e-07 1.4159e-07 5.0531e-07 5.2477e-07 1.3142e-07 -4.9458e-08 1.4042e-07 1.5061e-07 -1.5625e-07 2.1702e-07 -1.9461e-07 2.5683e-07 3.2223e-07 1.6597e-07 1.4669e-07 2.2150e-07
2.3133e+01 5.9927e-08 1.1240e-07 1.2738e-07 -6.8317e-08 -1.7637e-07 1.8914e-07 -4.5957e-07 1.2244e-07 4.7560e-07 -1.5149e-07 1.3461e-07 2.0266e-07 1.9978e-07 -2.2507e-07 3.0094e-07 -1.8746e-07 -1.3323e-07 2.2998e-07
2.2563e+01 -1.6667e-07 -4.1516e-07 4.4737e-07 1.7189e-07 6.4173e-07 6.6435e-07 -6.5683e-09 -1.8570e-08 1.9697e-08 1.4160e-07 -1.5692e-07 2.1136e-07 -1.8125e-07 2.5619e-07 3.1382e-07 1.4657e-07 1.4387e-07 2.0539e-07
2.2019e+01 1.7503e-08 -7.8001e-09 1.9163e-08 -2.7115e-08 8.3761e-09 2.8379e-08 -6.4277e-07 1.6306e-07 6.6314e-07 -1.4725e-07 1.1791e-07 1.8863e-07 1.9651e-07 -1.9965e-07 2.8014e-07 -1.9381e-07 -1.2110e-07 2.2853e-07
2.1497e+01 -2.2242e-07 -5.7338e-07 6.1501e-07 2.2597e-07 8.8490e-07 9.1330e-07 -2.5124e-07 3.6068e-08 2.5382e-07 1.3177e-07 -1.6410e-07 2.1046e-07 -1.6551e-07 2.6500e-07 3.1243e-07 1.1960e-07 1.4495e-07 1.8792e-07
2.0998e+01 -5.5839e-08 -2.1568e-07 2.2279e-07 4.4095e-08 3.2789e-07 3.3084e-07 -9.6084e-07 2.3372e-07 9.8886e-07 -1.4546e-07 9.4360e-08 1.7338e-07 1.9810e-07 -1.6459e-07 2.5755e-07 -2.1156e-07 -1.0554e-07 2.3642e-07
2.0519e+01 -3.1674e-07 -8.4096e-07 8.9863e-07 3.1747e-07 1.2962e-06 1.3345e-06 -6.6390e-07 1.2811e-07 6.7615e-07 1.2019e-07 -1.8110e-07 2.1735e-07 -1.4544e-07 2.8796e-07 3.2261e-07 8.0120e-08 1.5168e-07 1.7154e-07
2.0060e+01 -1.7676e-07 -5.5848e-07 5.8578e-07 1.6148e-07 8.5478e-07 8.6990e-07 -1.4864e-06 3.5058e-07 1.5272e-06 -1.4706e-07 5.9902e-08 1.5879e-07 2.0662e-07 -1.1404e-07 2.3600e-07 -2.4634e-07 -8.4290e-08 2.6036e-07
1.9619e+01 -4.6917e-07 -1.2733e-06 1.3570e-06 4.6536e-07 1.9607e-06 2.0152e-06 -1.3297e-06 2.7650e-07 1.3582e-06 1.0562e-07 -2.1254e-07 2.3733e-07 -1.1841e-07 3.3170e-07 3.5220e-07 2.1326e-08 1.6656e-07 1.6792e-07
1.9194e+01 -3.6796e-07 -1.1006e-06 1.1605e-06 3.4707e-07 1.6880e-06 1.7233e-06 -2.3184e-06 5.3568e-07 2.3795e-06 -1.5336e-07 9.0195e-09 1.5362e-07 2.2498e-07 -4.0103e-08 2.2852e-07 -3.0588e-07 -5.4311e-08 3.1066e-07
1.8786e+01 -7.0586e-07 -1.9447e-06 2.0688e-06 6.9502e-07 2.9926e-06 3.0722e-06 -2.3627e-06 5.0665e-07 2.4164e-06 8.6424e-08 -2.6465e-07 2.7841e-07 -8.0892e-08 4.0509e-07 4.1309e-07 -6.5841e-08 1.9296e-07 2.0388e-07
1.8393e+01 -6.5933e-07 -1.9268e-06 2.0365e-06 6.2987e-07 2.9579e-06 3.0242e-06 -3.5872e-06 8.1802e-07 3.6793e-06 -1.6609e-07 -6.5522e-08 1.7854e-07 2.5703e-07 6.7571e-08 2.6576e-07 -4.0037e-07 -1.1618e-08 4.0053e-07
1.8014e+01 -1.0607e-06 -2.9511e-06 3.1360e-06 1.0394e-06 4.5395e-06 4.6570e-06 -3.9106e-06 8.5145e-07 4.0022e-06 6.0530e-08 -3.4554e-07 3.5080e-07 -2.8381e-08 5.1971e-07 5.2048e-07 -1.9309e-07 2.3528e-07 3.0437e-07
1.7648e+01 -1.0891e-06 -3.1453e-06 3.3285e-06 1.0470e-06 4.8308e-06 4.9430e-06 -5.4593e-06 1.2347e-06 5.5972e-06 -1.8750e-07 -1.7294e-07 2.5508e-07 3.0773e-07 2.2218e-07 3.7955e-07 -5.4286e-07 4.8849e-08 5.4505e-07
1.7295e+01 -1.5765e-06 -4.4139e-06 4.6870e-06 1.5399e-06 6.7879e-06 6.9604e-06 -6.1598e-06 1.3524e-06 6.3066e-06 2.5321e-08 -4.6542e-07 4.6611e-07 4.4790e-08 6.9016e-07 6.9162e-07 -3.7517e-07 2.9908e-07 4.7979e-07
1.6954e+01 -1.7047e-06 -4.8911e-06 5.1797e-06 1.6445e-06 7.5141e-06 7.6920e-06 -8.1418e-06 1.8318e-06 8.3453e-06 -2.2041e-07 -3.2470e-07 3.9244e-07 3.8325e-07 4.4011e-07 5.8359e-07 -7.4964e-07 1.3337e-07 7.6141e-07
1.6625e+01 -2.3058e-06 -6.4822e-06 6.8801e-06 2.2476e-06 9.9668e-06 1.0217e-05 -9.3395e-06 2.0605e-06 9.5641e-06 -2.2396e-08 -6.3690e-07 6.3729e-07 1.4557e-07 9.3446e-07 9.4573e-07 -6.3018e-07 3.9122e-07 7.4174e-07
1.6306e+01 -2.5641e-06 -7.3281e-06 7.7637e-06 2.4785e-06 1.1260e-05 1.1529e-05 -1.1887e-05 2.6655e-06 1.2182e-05 -2.6826e-07 -5.3471e-07 5.9823e-07 4.9116e-07 7.4129e-07 8.8924e-07 -1.0405e-06 2.4958e-07 1.0700e-06
1.5998e+01 -3.3119e-06 -9.3354e-06 9.9054e-06 3.2240e-06 1.4352e-05 1.4710e-05 -1.3725e-05 3.0372e-06 1.4057e-05 -8.6456e-08 -8.7514e-07 8.7940e-07 2.8230e-07 1.2743e-06 1.3052e-06 -9.7991e-07 5.1997e-07 1.1093e-06
1.5699e+01 -3.7361e-06 -1.0652e-05 1.1288e-05 3.6160e-06 1.6368e-05 1.6763e-05 -1.6995e-05 3.8026e-06 1.7415e-05 -3.3516e-07 -8.1958e-07 8.8547e-07 6.4045e-07 1.1494e-06 1.3158e-06 -1.4392e-06 4.0655e-07 1.4955e-06
1.5410e+01 -4.6695e-06 -1.3185e-05 1.3988e-05 4.5414e-06 2.0270e-05 2.0772e-05 -1.9643e-05 4.3549e-06 2.0120e-05 -1.7138e-07 -1.1981e-06 1.2103e-06 4.6484e-07 1.7353e-06 1.7965e-06 -1.4501e-06 6.9512e-07 1.6081e-06
1.5129e+01 -5.3016e-06 -1.5091e-05 1.5995e-05 5.1352e-06 2.3192e-05 2.3753e-05 -2.3818e-05 5.3216e-06 2.4405e-05 -4.2593e-07 -1.1987e-06 1.2721e-06 8.4169e-07 1.6923e-06 1.8901e-06 -1.9732e-06 6.1490e-07 2.0668e-06
1.4857e+01 -6.4655e-06 -1.8279e-05 1.9388e-05 6.2843e-06 2.8098e-05 2.8792e-05 -2.7472e-05 6.0981e-06 2.8141e-05 -2.8240e-07 -1.6265e-06 1.6509e-06 7.0461e-07 2.3472e-06 2.4507e-06 -2.0705e-06 9.2803e-07 2.2690e-06
1.4593e+01 -7.3534e-06 -2.0910e-05 2.2165e-05 7.1265e-06 3.2135e-05 3.2916e-05 -3.2761e-05 7.3126e-06 3.3567e-05 -5.4613e-07 -1.6945e-06 1.7803e-06 1.1070e-06 2.4020e-06 2.6448e-06 -2.6747e-06 8.8686e-07 2.8179e-06
1.4336e+01 -8.7991e-06 -2.4896e-05 2.6406e-05 8.5490e-06 3.8270e-05 3.9213e-05 -3.7644e-05 8.3631e-06 3.8562e-05 -4.2551e-07 -2.1843e-06 2.2254e-06 1.0147e-06 3.1441e-06 3.3038e-06 -2.8753e-06 1.2317e-06 3.1281e-06
1.4087e+01 -9.9974e-06 -2.8407e-05 3.0115e-05 9.6925e-06 4.3659e-05 4.4722e-05 -4.4285e-05 9.8783e-06 4.5373e-05 -7.0209e-07 -2.3323e-06 2.4357e-06 1.4504e-06 3.3147e-06 3.6181e-06 -3.5797e-06 1.2363e-06 3.7872e-06
1.3845e+01 -1.1783e-05 -3.3357e-05 3.5377e-05 1.1444e-05 5.1274e-05 5.2536e-05 -5.0649e-05 1.1259e-05 5.1885e-05 -6.0746e-07 -2.8984e-06 2.9614e-06 1.4098e-06 4.1646e-06 4.3968e-06 -3.9032e-06 1.6209e-06 4.2264e-06
1.3609e+01 -1.3352e-05 -3.7921e-05 4.0203e-05 1.2948e-05 5.8282e-05 5.9703e-05 -5.8907e-05 1.3134e-05 6.0354e-05 -9.0093e-07 -3.1407e-06 3.2674e-06 1.8872e-06 4.4713e-06 4.8532e-06 -4.7292e-06 1.6789e-06 5.0184e-06
1.3380e+01 -1.5541e-05 -4.4016e-05 4.6679e-05 1.5092e-05 6.7657e-05 6.9320e-05 -6.7031e-05 1.4906e-05 6.8669e-05 -8.3579e-07 -3.7989e-06 3.8898e-06 1.9064e-06 5.4516e-06 5.7753e-06 -5.1971e-06 2.1119e-06 5.6098e-06
1.3157e+01 -1.7549e-05 -4.9824e-05 5.2824e-05 1.7022e-05 7.6577e-05 7.8446e-05 -7.7202e-05 1.7207e-05 7.9097e-05 -1.1505e-06 -4.1513e-06 4.3078e-06 2.4349e-06 5.9170e-06 6.3984e-06 -6.1683e-06 2.2319e-06 6.5597e-06
1.2939e+01 -2.0213e-05 -5.7265e-05 6.0727e-05 1.9626e-05 8.8020e-05 9.0182e-05 -8.7394e-05 1.9440e-05 8.9530e-05 -1.1188e-06 -4.9189e-06 5.0445e-06 2.5226e-06 7.0525e-06 7.4901e-06 -6.8044e-06 2.7230e-06 7.3291e-06
1.2727e+01 -2.2734e-05 -6.4527e-05 6.8414e-05 2.2053e-05 9.9175e-05 1.0160e-04 -9.9801e-05 2.2238e-05 1.0225e-04 -1.4596e-06 -5.3990e-06 5.5928e-06 3.1123e-06 7.7016e-06 8.3067e-06 -7.9467e-06 2.9143e-06 8.4642e-06
1.2521e+01 -2.5949e-05 -7.3532e-05 7.7977e-05 2.5193e-05 1.1302e-04 1.1580e-04 -1.1240e-04 2.5007e-05 1.1515e-04 -1.4657e-06 -6.2948e-06 6.4632e-06 3.2784e-06 9.0194e-06 9.5967e-06 -8.7773e-06 3.4739e-06 9.4398e-06
1.2320e+01 -2.9064e-05 -8.2476e-05 8.7447e-05 2.8196e-05 1.2676e-04 1.2986e-04 -1.2739e-04 2.8381e-05 1.3051e-04 -1.8376e-06 -6.9216e-06 7.1613e-06 3.9401e-06 9.8794e-06 1.0636e-05 -1.0119e-05 3.7468e-06 1.0790e-05
1.2123e+01 -3.2914e-05 -9.3284e-05 9.8921e-05 3.1952e-05 1.4338e-04 1.4690e-04 -1.4276e-04 3.1767e-05 1.4625e-04 -1.8862e-06 -7.9659e-06 8.1862e-06 4.1952e-06 1.1408e-05 1.2155e-05 -1.1172e-05 4.3862e-06 1.2002e-05
1.1932e+01 -3.6709e-05 -1.0416e-04 1.1044e-04 3.5615e-05 1.6009e-04 1.6400e-04 -1.6071e-04 3.5800e-05 1.6465e-04 -2.2947e-06 -8.7600e-06 9.0556e-06 4.9407e-06 1.2509e-05 1.3449e-05 -1.2742e-05 4.7519e-06 1.3600e-05
1.1745e+01 -4.1285e-05 -1.1702e-04 1.2409e-04 4.0075e-05 1.7987e-04 1.8428e-04 -1.7924e-04 3.9890e-05 1.8362e-04 -2.3909e-06 -9.9748e-06 1.0257e-05 5.2963e-06 1.4280e-05 1.5231e-05 -1.4049e-05 5.4831e-06 1.5081e-05
1.1562e+01 -4.5852e-05 -1.3009e-04 1.3793e-04 4.4489e-05 1.9994e-04 2.0483e-04 -2.0057e-04 4.4673e-05 2.0548e-04 -2.8419e-06 -1.0958e-05 1.1321e-05 6.1382e-06 1.5653e-05 1.6813e-05 -1.5881e-05 5.9534e-06 1.6960e-05
1.1383e+01 -5.1249e-05 -1.4528e-04 1.5405e-04 4.9745e-05 2.2330e-04 2.2877e-04 -2.2267e-04 4.9561e-05 2.2812e-04 -2.9914e-06 -1.2367e-05 1.2723e-05 6.6065e-06 1.7700e-05 1.8893e-05 -1.7474e-05 6.7893e-06 1.8747e-05
1.1209e+01 -5.6688e-05 -1.6082e-04 1.7052e-04 5.5005e-05 2.4717e-04 2.5322e-04 -2.4780e-04 5.5190e-05 2.5387e-04 -3.4909e-06 -1.3563e-05 1.4005e-05 7.5580e-06 1.9378e-05 2.0800e-05 -1.9602e-05 7.3771e-06 2.0944e-05
1.1039e+01 -6.3009e-05 -1.7863e-04 1.8942e-04 6.1158e-05 2.7456e-04 2.8129e-04 -2.7393e-04 6.0973e-05 2.8063e-04 -3.6996e-06 -1.5190e-05 1.5634e-05 8.1522e-06 2.1737e-05 2.3215e-05 -2.1516e-05 8.3312e-06 2.3072e-05
1.0872e+01 -6.9425e-05 -1.9694e-04 2.0881e-04 6.7366e-05 3.0269e-04 3.1009e-04 -3.0332e-04 6.7551e-05 3.1075e-04 -4.2541e-06 -1.6624e-05 1.7160e-05 9.2273e-06 2.3756e-05 2.5485e-05 -2.3975e-05 9.0500e-06 2.5626e-05
1.0709e+01 -7.6777e-05 -2.1767e-04 2.3082e-04 7.4519e-05 3.3457e-04 3.4277e-04 -3.3394e-04 7.4334e-05 3.4211e-04 -4.5282e-06 -1.8496e-05 1.9042e-05 9.9613e-06 2.6463e-05 2.8276e-05 -2.6246e-05 1.0137e-05 2.8136e-05
1.0549e+01 -8.4280e-05 -2.3906e-04 2.5348e-04 8.1782e-05 3.6744e-04 3.7643e-04 -3.6807e-04 8.1967e-05 3.7708e-04 -5.1447e-06 -2.0194e-05 2.0839e-05 1.1175e-05 2.8861e-05 3.0949e-05 -2.9076e-05 1.1001e-05 3.1087e-05
1.0393e+01 -9.2776e-05 -2.6304e-04 2.7892e-04 9.0045e-05 4.0430e-04 4.1421e-04 -4.0367e-04 8.9861e-05 4.1355e-04 -5.4908e-06 -2.2337e-05 2.3002e-05 1.2063e-05 3.1956e-05 3.4157e-05 -3.1744e-05 1.2235e-05 3.4020e-05
1.0240e+01 -1.0148e-04 -2.8784e-04 3.0521e-04 9.8476e-05 4.4241e-04 4.5324e-04 -4.4305e-04 9.8660e-05 4.5390e-04 -6.1763e-06 -2.4328e-05 2.5100e-05 1.3430e-05 3.4772e-05 3.7276e-05 -3.4983e-05 1.3260e-05 3.7412e-05
1.0090e+01 -1.1124e-04 -3.1540e-04 3.3445e-04 1.0796e-04 4.8478e-04 4.9666e-04 -4.8415e-04 1.0778e-04 4.9600e-04 -6.6014e-06 -2.6772e-05 2.7573e-05 1.4488e-05 3.8297e-05 4.0945e-05 -3.8087e-05 1.4657e-05 4.0810e-05
9.9432e+00 -1.2127e-04 -3.4396e-04 3.6471e-04 1.1768e-04 5.2867e-04 5.4160e-04 -5.2930e-04 1.1786e-04 5.4226e-04 -7.3633e-06 -2.9083e-05 3.0001e-05 1.6025e-05 4.1572e-05 4.4554e-05 -4.1779e-05 1.5858e-05 4.4687e-05
9.7994e+00 -1.3241e-04 -3.7545e-04 3.9812e-04 1.2851e-04 5.7708e-04 5.9121e-04 -5.7644e-04 1.2833e-04 5.9055e-04 -7.8747e-06 -3.1857e-05 3.2815e-05 1.7269e-05 4.5567e-05 4.8730e-05 -4.5362e-05 1.7435e-05 4.8597e-05
9.6583e+00 -1.4389e-04 -4.0812e-04 4.3274e-04 1.3964e-04 6.2728e-04 6.4263e-04 -6.2791e-04 1.3982e-04 6.4329e-04 -8.7207e-06 -3.4519e-05 3.5604e-05 1.8992e-05 4.9345e-05 5.2874e-05 -4.9549e-05 1.8828e-05 5.3006e-05
9.5201e+00 -1.5655e-04 -4.4390e-04 4.7070e-04 1.5194e-04 6.8229e-04 6.9900e-04 -6.8165e-04 1.5175e-04 6.9834e-04 -9.3259e-06 -3.7654e-05 3.8791e-05 2.0439e-05 5.3857e-05 5.7604e-05 -5.3655e-05 2.0602e-05 5.7474e-05
9.3845e+00 -1.6961e-04 -4.8105e-04 5.1007e-04 1.6459e-04 7.3937e-04 7.5747e-04 -7.4001e-04 1.6478e-04 7.5813e-04 -1.0264e-05 -4.0698e-05 4.1973e-05 2.2366e-05 5.8182e-05 6.2333e-05 -5.8382e-05 2.2204e-05 6.2462e-05
9.2514e+00 -1.8392e-04 -5.2150e-04 5.5298e-04 1.7849e-04 8.0156e-04 8.2120e-04 -8.0093e-04 1.7831e-04 8.2054e-04 -1.0971e-05 -4.4226e-05 4.5567e-05 2.4032e-05 6.3254e-05 6.7666e-05 -6.3056e-05 2.4192e-05 6.7537e-05
9.1209e+00 -1.9869e-04 -5.6352e-04 5.9752e-04 1.9282e-04 8.6613e-04 8.8733e-04 -8.6677e-04 1.9300e-04 8.8799e-04 -1.2009e-05 -4.7685e-05 4.9174e-05 2.6181e-05 6.8173e-05 7.3027e-05 -6.8370e-05 2.6021e-05 7.3154e-05
8.9927e+00 -2.1478e-04 -6.0903e-04 6.4580e-04 2.0845e-04 9.3610e-04 9.5902e-04 -9.3546e-04 2.0826e-04 9.5836e-04 -1.2826e-05 -5.1640e-05 5.3209e-05 2.8084e-05 7.3855e-05 7.9014e-05 -7.3659e-05 2.8242e-05 7.8888e-05
8.8669e+00 -2.3141e-04 -6.5630e-04 6.9591e-04 2.2457e-04 1.0087e-03 1.0334e-03 -1.0094e-03 2.2475e-04 1.0341e-03 -1.3973e-05 -5.5546e-05 5.7277e-05 3.0473e-05 7.9414e-05 8.5060e-05 -7.9608e-05 3.0316e-05 8.5185e-05
8.7434e+00 -2.4943e-04 -7.0728e-04 7.4997e-04 2.4207e-04 1.0871e-03 1.1137e-03 -1.0865e-03 2.4189e-04 1.1131e-03 -1.4908e-05 -5.9961e-05 6.1786e-05 3.2632e-05 8.5753e-05 9.1752e-05 -8.5561e-05 3.2788e-05 9.1628e-05
8.6220e+00 -2.6805e-04 -7.6022e-04 8.0609e-04 2.6013e-04 1.1685e-03 1.1971e-03 -1.1691e-03 2.6032e-04 1.1977e-03 -1.6173e-05 -6.4350e-05 6.6351e-05 3.5281e-05 9.2003e-05 9.8536e-05 -9.2194e-05 3.5126e-05 9.8659e-05
8.5028e+00 -2.8814e-04 -8.1707e-04 8.6639e-04 2.7964e-04 1.2558e-03 1.2866e-03 -1.2552e-03 2.7946e-04 1.2859e-03 -1.7235e-05 -6.9260e-05 7.1372e-05 3.7715e-05 9.9050e-05 1.0599e-04 -9.8860e-05 3.7868e-05 1.0586e-04
8.3857e+00 -3.0891e-04 -8.7609e-04 9.2895e-04 2.9978e-04 1.3466e-03 1.3795e-03 -1.3472e-03 2.9997e-04 1.3802e-03 -1.8626e-05 -7.4166e-05 7.6469e-05 4.0642e-05 1.0604e-04 1.1356e-04 -1.0623e-04 4.0489e-05 1.1368e-04
8.2705e+00 -3.3122e-04 -9.3923e-04 9.9592e-04 3.2145e-04 1.4436e-03 1.4790e-03 -1.4430e-03 3.2126e-04 1.4783e-03 -1.9823e-05 -7.9607e-05 8.2038e-05 4.3370e-05 1.1385e-04 1.2183e-04 -1.1366e-04 4.3521e-05 1.2171e-04
8.1573e+00 -3.5429e-04 -1.0048e-03 1.0654e-03 3.4382e-04 1.5443e-03 1.5821e-03 -1.5450e-03 3.4400e-04 1.5828e-03 -2.1350e-05 -8.5067e-05 8.7706e-05 4.6595e-05 1.2163e-04 1.3025e-04 -1.2181e-04 4.6445e-05 1.3037e-04
8.0460e+00 -3.7897e-04 -1.0746e-03 1.1395e-03 3.6779e-04 1.6517e-03 1.6922e-03 -1.6511e-03 3.6760e-04 1.6915e-03 -2.2692e-05 -9.1076e-05 9.3861e-05 4.9637e-05 1.3025e-04 1.3938e-04 -1.3006e-04 4.9787e-05 1.3926e-04
7.9365e+00 -4.0449e-04 -1.1471e-03 1.2163e-03 3.9253e-04 1.7631e-03 1.8063e-03 -1.7638e-03 3.9272e-04 1.8070e-03 -2.4364e-05 -9.7127e-05 1.0014e-04 5.3182e-05 1.3887e-04 1.4871e-04 -1.3906e-04 5.3033e-05 1.4883e-04
7.8288e+00 -4.3169e-04 -1.2242e-03 1.2980e-03 4.1895e-04 1.8816e-03 1.9276e-03 -1.8809e-03 4.1877e-04 1.9270e-03 -2.5860e-05 -1.0374e-04 1.0692e-04 5.6558e-05 1.4836e-04 1.5877e-04 -1.4817e-04 5.6706e-05 1.5865e-04
7.7229e+00 -4.5982e-04 -1.3040e-03 1.3827e-03 4.4623e-04 2.0043e-03 2.0534e-03 -2.0050e-03 4.4642e-04 2.0541e-03 -2.7687e-05 -1.1042e-04 1.1384e-04 6.0443e-05 1.5788e-04 1.6906e-04 -1.5806e-04 6.0296e-05 1.6917e-04
7.6186e+00 -4.8972e-04 -1.3887e-03 1.4725e-03 4.7526e-04 2.1345e-03 2.1867e-03 -2.1338e-03 4.7508e-04 2.1861e-03 -2.9347e-05 -1.1768e-04 1.2128e-04 6.4174e-05 1.6828e-04 1.8011e-04 -1.6810e-04 6.4320e-05 1.7999e-04
7.5160e+00 -5.2061e-04 -1.4764e-03 1.5655e-03 5.0523e-04 2.2693e-03 2.3249e-03 -2.2699e-03 5.0542e-04 2.3255e-03 -3.1337e-05 -1.2502e-04 1.2889e-04 6.8420e-05 1.7876e-04 1.9141e-04 -1.7894e-04 6.8275e-05 1.9153e-04
7.4149e+00 -5.5336e-04 -1.5692e-03 1.6639e-03 5.3703e-04 2.4119e-03 2.4709e-03 -2.4112e-03 5.3684e-04 2.4702e-03 -3.3170e-05 -1.3297e-04 1.3704e-04 7.2528e-05 1.9014e-04 2.0351e-04 -1.8997e-04 7.2672e-05 2.0339e-04
7.3154e+00 -5.8718e-04 -1.6652e-03 1.7657e-03 5.6984e-04 2.5595e-03 2.6221e-03 -2.5601e-03 5.7002e-04 2.6228e-03 -3.5335e-05 -1.4102e-04 1.4538e-04 7.7155e-05 2.0163e-04 2.1589e-04 -2.0181e-04 7.7012e-05 2.1601e-04
7.2175e+00 -6.2294e-04 -1.7665e-03 1.8731e-03 6.0456e-04 2.7152e-03 2.7817e-03 -2.7145e-03 6.0437e-04 2.7810e-03 -3.7351e-05 -1.4968e-04 1.5427e-04 8.1662e-05 2.1405e-04 2.2909e-04 -2.1387e-04 8.1804e-05 2.2898e-04
7.1210e+00 -6.5987e-04 -1.8714e-03 1.9843e-03 6.4038e-04 2.8763e-03 2.9467e-03 -2.8770e-03 6.4056e-04 2.9474e-03 -3.9700e-05 -1.5848e-04 1.6338e-04 8.6694e-05 2.2660e-04 2.4262e-04 -2.2678e-04 8.6552e-05 2.4273e-04
7.0259e+00 -6.9881e-04 -1.9817e-03 2.1013e-03 6.7819e-04 3.0459e-03 3.1205e-03 -3.0452e-03 6.7800e-04 3.1198e-03 -4.1909e-05 -1.6791e-04 1.7306e-04 9.1620e-05 2.4011e-04 2.5699e-04 -2.3993e-04 9.1761e-05 2.5688e-04
6.9322e+00 -7.3901e-04 -2.0958e-03 2.2223e-03 7.1718e-04 3.2212e-03 3.3001e-03 -3.2219e-03 7.1737e-04 3.3008e-03 -4.4452e-05 -1.7749e-04 1.8297e-04 9.7079e-05 2.5379e-04 2.7172e-04 -2.5396e-04 9.6938e-05 2.7183e-04
6.8399e+00 -7.8131e-04 -2.2156e-03 2.3493e-03 7.5824e-04 3.4054e-03 3.4888e-03 -3.4048e-03 7.5806e-04 3.4881e-03 -4.6865e-05 -1.8772e-04 1.9348e-04 1.0245e-04 2.6844e-04 2.8732e-04 -2.6827e-04 1.0259e-04 2.8721e-04
6.7489e+00 -8.2494e-04 -2.3395e-03 2.4806e-03 8.0057e-04 3.5958e-03 3.6838e-03 -3.5965e-03 8.0076e-04 3.6845e-03 -4.9613e-05 -1.9813e-04 2.0425e-04 1.0835e-04 2.8331e-04 3.0332e-04 -2.8348e-04 1.0822e-04 3.0343e-04
6.6592e+00 -8.7076e-04 -2.4693e-03 2.6183e-03 8.4506e-04 3.7954e-03 3.8883e-03 -3.7947e-03 8.4487e-04 3.8876e-03 -5.2239e-05 -2.0921e-04 2.1563e-04 1.1419e-04 2.9917e-04 3.2022e-04 -2.9900e-04 1.1433e-04 3.2011e-04
6.5708e+00 -9.1801e-04 -2.6034e-03 2.7605e-03 8.9089e-04 4.0015e-03 4.0994e-03 -4.0021e-03 8.9108e-04 4.1001e-03 -5.5202e-05 -2.2049e-04 2.2730e-04 1.2057e-04 3.1528e-04 3.3755e-04 -3.1545e-04 1.2043e-04 3.3766e-04
6.4836e+00 -9.6753e-04 -2.7437e-03 2.9093e-03 9.3897e-04 4.2172e-03 4.3204e-03 -4.2165e-03 9.3878e-04 4.3197e-03 -5.8052e-05 -2.3246e-04 2.3960e-04 1.2689e-04 3.3241e-04 3.5580e-04 -3.3224e-04 1.2703e-04 3.5569e-04
6.3975e+00 -1.0186e-03 -2.8886e-03 3.0629e-03 9.8849e-04 4.4398e-03 4.5485e-03 -4.4404e-03 9.8867e-04 4.5492e-03 -6.1241e-05 -2.4465e-04 2.5220e-04 1.3376e-04 3.4982e-04 3.7452e-04 -3.4999e-04 1.3363e-04 3.7463e-04
6.3127e+00 -1.0720e-03 -3.0399e-03 3.2234e-03 1.0403e-03 4.6724e-03 4.7868e-03 -4.6717e-03 1.0401e-03 4.7861e-03 -6.4326e-05 -2.5754e-04 2.6546e-04 1.4060e-04 3.6828e-04 3.9421e-04 -3.6811e-04 1.4073e-04 3.9410e-04
6.2290e+00 -1.1270e-03 -3.1960e-03 3.3889e-03 1.0937e-03 4.9123e-03 5.0326e-03 -4.9130e-03 1.0939e-03 5.0333e-03 -6.7752e-05 -2.7069e-04 2.7904e-04 1.4799e-04 3.8706e-04 4.1439e-04 -3.8723e-04 1.4786e-04 4.1450e-04
6.1464e+00 -1.1844e-03 -3.3588e-03 3.5615e-03 1.1495e-03 5.1626e-03 5.2890e-03 -5.1619e-03 1.1493e-03 5.2883e-03 -7.1082e-05 -2.8456e-04 2.9330e-04 1.5536e-04 4.0691e-04 4.3556e-04 -4.0674e-04 1.5549e-04 4.3545e-04
6.0649e+00 -1.2436e-03 -3.5267e-03 3.7395e-03 1.2069e-03 5.4206e-03 5.5533e-03 -5.4212e-03 1.2070e-03 5.5540e-03 -7.4755e-05 -2.9870e-04 3.0792e-04 1.6329e-04 4.2712e-04 4.5727e-04 -4.2728e-04 1.6316e-04 4.5738e-04
5.9845e+00 -1.3053e-03 -3.7015e-03 3.9249e-03 1.2667e-03 5.6893e-03 5.8286e-03 -5.6886e-03 1.2666e-03 5.8279e-03 -7.8341e-05 -3.1359e-04 3.2323e-04 1.7122e-04 4.4842e-04 4.8000e-04 -4.4826e-04 1.7135e-04 4.7989e-04
5.9051e+00 -1.3688e-03 -3.8817e-03 4.1159e-03 1.3283e-03 5.9662e-03 6.1123e-03 -5.9669e-03 1.3285e-03 6.1130e-03 -8.2273e-05 -3.2878e-04 3.3891e-04 1.7972e-04 4.7012e-04 5.0330e-04 -4.7028e-04 1.7959e-04 5.0341e-04
5.8267e+00 -1.4349e-03 -4.0690e-03 4.3146e-03 1.3925e-03 6.2542e-03 6.4073e-03 -6.2535e-03 1.3923e-03 6.4066e-03 -8.6126e-05 -3.4472e-04 3.5532e-04 1.8823e-04 4.9294e-04 5.2765e-04 -4.9277e-04 1.8836e-04 5.2755e-04
5.7493e+00 -1.5029e-03 -4.2620e-03 4.5192e-03 1.4585e-03 6.5507e-03 6.7111e-03 -6.5514e-03 1.4587e-03 6.7118e-03 -9.0327e-05 -3.6099e-04 3.7212e-04 1.9732e-04 5.1619e-04 5.5261e-04 -5.1635e-04 1.9719e-04 5.5272e-04
5.6729e+00 -1.5736e-03 -4.4624e-03 4.7317e-03 1.5271e-03 6.8588e-03 7.0268e-03 -6.8581e-03 1.5269e-03 7.0260e-03 -9.4458e-05 -3.7804e-04 3.8966e-04 2.0643e-04 5.4058e-04 5.7866e-04 -5.4042e-04 2.0656e-04 5.7855e-04
5.5974e+00 -1.6463e-03 -4.6687e-03 4.9504e-03 1.5977e-03 7.1758e-03 7.3515e-03 -7.1765e-03 1.5979e-03 7.3522e-03 -9.8940e-05 -3.9544e-04 4.0763e-04 2.1614e-04 5.6545e-04 6.0535e-04 -5.6561e-04 2.1601e-04 6.0545e-04
5.5229e+00 -1.7218e-03 -4.8827e-03 5.1774e-03 1.6710e-03 7.5048e-03 7.6885e-03 -7.5041e-03 1.6708e-03 7.6878e-03 -1.0336e-04 -4.1364e-04 4.2636e-04 2.2588e-04 5.9149e-04 6.3315e-04 -5.9133e-04 2.2601e-04 6.3305e-04
5.4492e+00 -1.7994e-03 -5.1028e-03 5.4107e-03 1.7462e-03 7.8430e-03 8.0351e-03 -7.8437e-03 1.7464e-03 8.0358e-03 -1.0813e-04 -4.3222e-04 4.4554e-04 2.3623e-04 6.1803e-04 6.6164e-04 -6.1819e-04 2.3610e-04 6.6174e-04
5.3765e+00 -1.8798e-03 -5.3309e-03 5.6526e-03 1.8243e-03 8.1937e-03 8.3943e-03 -8.1930e-03 1.8242e-03 8.3936e-03 -1.1285e-04 -4.5161e-04 4.6550e-04 2.4663e-04 6.4578e-04 6.9127e-04 -6.4562e-04 2.4676e-04 6.9117e-04
5.3046e+00 -1.9625e-03 -5.5654e-03 5.9012e-03 1.9045e-03 8.5541e-03 8.7635e-03 -8.5548e-03 1.9047e-03 8.7642e-03 -1.1793e-04 -4.7140e-04 4.8593e-04 2.5764e-04 6.7407e-04 7.2162e-04 -6.7423e-04 2.5751e-04 7.2173e-04
5.2336e+00 -2.0481e-03 -5.8081e-03 6.1587e-03 1.9877e-03 8.9272e-03 9.1458e-03 -8.9265e-03 1.9875e-03 9.1451e-03 -1.2296e-04 -4.9204e-04 5.0717e-04 2.6871e-04 7.0359e-04 7.5315e-04 -7.0343e-04 2.6884e-04 7.5305e-04
5.1634e+00 -2.1360e-03 -6.0575e-03 6.4231e-03 2.0729e-03 9.3105e-03 9.5385e-03 -9.3112e-03 2.0731e-03 9.5392e-03 -1.2835e-04 -5.1309e-04 5.2890e-04 2.8041e-04 7.3368e-04 7.8544e-04 -7.3384e-04 2.8028e-04 7.8554e-04
5.0940e+00 -2.2270e-03 -6.3154e-03 6.6966e-03 2.1613e-03 9.7069e-03 9.9446e-03 -9.7062e-03 2.1611e-03 9.9439e-03 -1.3371e-04 -5.3501e-04 5.5146e-04 2.9219e-04 7.6503e-04 8.1893e-04 -7.6487e-04 2.9232e-04 8.1883e-04
5.0254e+00 -2.3204e-03 -6.5802e-03 6.9774e-03 2.2518e-03 1.0114e-02 1.0362e-02 -1.0115e-02 2.2520e-03 1.0362e-02 -1.3942e-04 -5.5737e-04 5.7455e-04 3.0460e-04 7.9700e-04 8.5322e-04 -7.9716e-04 3.0447e-04 8.5332e-04
4.9576e+00 -2.4169e-03 -6.8539e-03 7.2675e-03 2.3455e-03 1.0535e-02 1.0792e-02 -1.0534e-02 2.3453e-03 1.0792e-02 -1.4511e-04 -5.8062e-04 5.9848e-04 3.1711e-04 8.3025e-04 8.8875e-04 -8.3009e-04 3.1724e-04 8.8865e-04
4.8906e+00 -2.5159e-03 -7.1346e-03 7.5652e-03 2.4416e-03 1.0966e-02 1.1235e-02 -1.0967e-02 2.4418e-03 1.1235e-02 -1.5117e-04 -6.0434e-04 6.2295e-04 3.3026e-04 8.6415e-04 9.2511e-04 -8.6431e-04 3.3013e-04 9.2521e-04
4.8243e+00 -2.6181e-03 -7.4245e-03 7.8726e-03 2.5408e-03 1.1412e-02 1.1691e-02 -1.1411e-02 2.5406e-03 1.1690e-02 -1.5720e-04 -6.2896e-04 6.4830e-04 3.4352e-04 8.9937e-04 9.6274e-04 -8.9921e-04 3.4365e-04 9.6264e-04
4.7588e+00 -2.7229e-03 -7.7218e-03 8.1878e-03 2.6425e-03 1.1868e-02 1.2159e-02 -1.1869e-02 2.6427e-03 1.2160e-02 -1.6360e-04 -6.5407e-04 6.7422e-04 3.5743e-04 9.3527e-04 1.0012e-03 -9.3543e-04 3.5730e-04 1.0013e-03
4.6940e+00 -2.8311e-03 -8.0284e-03 8.5129e-03 2.7475e-03 1.2340e-02 1.2642e-02 -1.2339e-02 2.7473e-03 1.2641e-02 -1.6999e-04 -6.8011e-04 7.0103e-04 3.7147e-04 9.7252e-04 1.0410e-03 -9.7236e-04 3.7159e-04 1.0409e-03
4.6299e+00 -2.9418e-03 -8.3427e-03 8.8462e-03 2.8550e-03 1.2823e-02 1.3137e-02 -1.2824e-02 2.8552e-03 1.3138e-02 -1.7675e-04 -7.0667e-04 7.2844e-04 3.8616e-04 1.0105e-03 1.0818e-03 -1.0106e-03 3.8604e-04 1.0819e-03
4.5665e+00 -3.0561e-03 -8.6666e-03 9.1897e-03 2.9659e-03 1.3321e-02 1.3647e-02 -1.3320e-02 2.9657e-03 1.3646e-02 -1.8351e-04 -7.3417e-04 7.5676e-04 4.0101e-04 1.0498e-03 1.1238e-03 -1.0497e-03 4.0113e-04 1.1237e-03
4.5038e+00 -3.1731e-03 -8.9985e-03 9.5415e-03 3.0794e-03 1.3831e-02 1.4169e-02 -1.3832e-02 3.0796e-03 1.4170e-02 -1.9064e-04 -7.6222e-04 7.8570e-04 4.1651e-04 1.0899e-03 1.1668e-03 -1.0901e-03 4.1639e-04 1.1669e-03
4.4418e+00 -3.2936e-03 -9.3402e-03 9.9039e-03 3.1964e-03 1.4356e-02 1.4708e-02 -1.4355e-02 3.1962e-03 1.4707e-02 -1.9778e-04 -7.9123e-04 8.1558e-04 4.3218e-04 1.1314e-03 1.2111e-03 -1.1313e-03 4.3230e-04 1.2110e-03
4.3804e+00 -3.4170e-03 -9.6901e-03 1.0275e-02 3.3161e-03 1.4894e-02 1.5259e-02 -1.4895e-02 3.3163e-03 1.5259e-02 -2.0529e-04 -8.2081e-04 8.4609e-04 4.4852e-04 1.1737e-03 1.2565e-03 -1.1739e-03 4.4839e-04 1.2566e-03
4.3197e+00 -3.5440e-03 -1.0050e-02 1.0657e-02 3.4394e-03 1.5447e-02 1.5826e-02 -1.5447e-02 3.4392e-03 1.5825e-02 -2.1282e-04 -8.5137e-04 8.7757e-04 4.6504e-04 1.2174e-03 1.3032e-03 -1.2173e-03 4.6516e-04 1.3031e-03
4.2596e+00 -3.6739e-03 -1.0419e-02 1.1047e-02 3.5654e-03 1.6014e-02 1.6406e-02 -1.6015e-02 3.5656e-03 1.6407e-02 -2.2072e-04 -8.8253e-04 9.0971e-04 4.8224e-04 1.2619e-03 1.3510e-03 -1.2621e-03 4.8211e-04 1.3511e-03
4.2001e+00 -3.8076e-03 -1.0798e-02 1.1449e-02 3.6952e-03 1.6596e-02 1.7003e-02 -1.6595e-02 3.6949e-03 1.7002e-02 -2.2865e-04 -9.1469e-04 9.4283e-04 4.9963e-04 1.3079e-03 1.4001e-03 -1.3078e-03 4.9975e-04 1.4000e-03
4.1412e+00 -3.9442e-03 -1.1185e-02 1.1860e-02 3.8277e-03 1.7192e-02 1.7613e-02 -1.7193e-02 3.8279e-03 1.7614e-02 -2.3695e-04 -9.4746e-04 9.7664e-04 5.1771e-04 1.3548e-03 1.4503e-03 -1.3550e-03 5.1759e-04 1.4504e-03
4.0830e+00 -4.0847e-03 -1.1584e-02 1.2283e-02 3.9641e-03 1.7804e-02 1.8240e-02 -1.7803e-02 3.9639e-03 1.8239e-02 -2.4530e-04 -9.8126e-04 1.0115e-03 5.3600e-04 1.4031e-03 1.5020e-03 -1.4030e-03 5.3612e-04 1.5019e-03
4.0253e+00 -4.2283e-03 -1.1991e-02 1.2714e-02 4.1034e-03 1.8430e-02 1.8881e-02 -1.8431e-02 4.1036e-03 1.8882e-02 -2.5401e-04 -1.0157e-03 1.0470e-03 5.5499e-04 1.4524e-03 1.5548e-03 -1.4525e-03 5.5486e-04 1.5549e-03
3.9683e+00 -4.3758e-03 -1.2409e-02 1.3158e-02 4.2466e-03 1.9073e-02 1.9540e-02 -1.9072e-02 4.2464e-03 1.9539e-02 -2.6278e-04 -1.0512e-03 1.0835e-03 5.7420e-04 1.5031e-03 1.6091e-03 -1.5030e-03 5.7432e-04 1.6090e-03
3.9118e+00 -4.5264e-03 -1.2836e-02 1.3611e-02 4.3927e-03 1.9730e-02 2.0213e-02 -1.9730e-02 4.3930e-03 2.0214e-02 -2.7192e-04 -1.0873e-03 1.1208e-03 5.9411e-04 1.5548e-03 1.6644e-03 -1.5549e-03 5.9399e-04 1.6645e-03
3.8559e+00 -4.6811e-03 -1.3275e-02 1.4076e-02 4.5429e-03 2.0404e-02 2.0903e-02 -2.0403e-02 4.5427e-03 2.0902e-02 -2.8112e-04 -1.1245e-03 1.1591e-03 6.1427e-04 1.6080e-03 1.7213e-03 -1.6078e-03 6.1439e-04 1.7212e-03
3.8005e+00 -4.8390e-03 -1.3723e-02 1.4551e-02 4.6961e-03 2.1092e-02 2.1609e-02 -2.1093e-02 4.6963e-03 2.1609e-02 -2.9069e-04 -1.1624e-03 1.1982e-03 6.3514e-04 1.6622e-03 1.7794e-03 -1.6623e-03 6.3502e-04 1.7795e-03
3.7457e+00 -5.0010e-03 -1.4182e-02 1.5038e-02 4.8534e-03 2.1798e-02 2.2332e-02 -2.1797e-02 4.8532e-03 2.2331e-02 -3.0034e-04 -1.2014e-03 1.2384e-03 6.5626e-04 1.7179e-03 1.8390e-03 -1.7177e-03 6.5638e-04 1.8389e-03
3.6914e+00 -5.1664e-03 -1.4651e-02 1.5535e-02 5.0138e-03 2.2519e-02 2.3070e-02 -2.2520e-02 5.0140e-03 2.3071e-02 -3.1036e-04 -1.2411e-03 1.2793e-03 6.7810e-04 1.7746e-03 1.8998e-03 -1.7748e-03 6.7798e-04 1.8999e-03
3.6376e+00 -5.3359e-03 -1.5132e-02 1.6045e-02 5.1784e-03 2.3258e-02 2.3827e-02 -2.3257e-02 5.1781e-03 2.3826e-02 -3.2045e-04 -1.2818e-03 1.3213e-03 7.0021e-04 1.8329e-03 1.9621e-03 -1.8328e-03 7.0033e-04 1.9620e-03
3.5844e+00 -5.5088e-03 -1.5622e-02 1.6565e-02 5.3462e-03 2.4012e-02 2.4600e-02 -2.4013e-02 5.3464e-03 2.4601e-02 -3.3092e-04 -1.3233e-03 1.3641e-03 7.2304e-04 1.8923e-03 2.0257e-03 -1.8924e-03 7.2292e-04 2.0258e-03
3.5317e+00 -5.6860e-03 -1.6125e-02 1.7098e-02 5.5182e-03 2.4784e-02 2.5391e-02 -2.4783e-02 5.5179e-03 2.5390e-02 -3.4149e-04 -1.3659e-03 1.4080e-03 7.4617e-04 1.9532e-03 2.0909e-03 -1.9530e-03 7.4629e-04 2.0908e-03
3.4795e+00 -5.8667e-03 -1.6637e-02 1.7641e-02 5.6935e-03 2.5572e-02 2.6198e-02 -2.5573e-02 5.6937e-03 2.6199e-02 -3.5242e-04 -1.4093e-03 1.4527e-03 7.7001e-04 2.0152e-03 2.1573e-03 -2.0153e-03 7.6989e-04 2.1574e-03
3.4278e+00 -6.0518e-03 -1.7162e-02 1.8198e-02 5.8731e-03 2.6378e-02 2.7024e-02 -2.6377e-02 5.8729e-03 2.7023e-02 -3.6345e-04 -1.4538e-03 1.4985e-03 7.9417e-04 2.0788e-03 2.2254e-03 -2.0787e-03 7.9428e-04 2.2253e-03
3.3766e+00 -6.2403e-03 -1.7697e-02 1.8765e-02 6.0560e-03 2.7200e-02 2.7866e-02 -2.7201e-02 6.0563e-03 2.7867e-02 -3.7486e-04 -1.4990e-03 1.5452e-03 8.1904e-04 2.1435e-03 2.2947e-03 -2.1437e-03 8.1892e-04 2.2948e-03
3.3259e+00 -6.4333e-03 -1.8244e-02 1.9345e-02 6.2434e-03 2.8041e-02 2.8728e-02 -2.8040e-02 6.2432e-03 2.8727e-02 -3.8638e-04 -1.5455e-03 1.5930e-03 8.4425e-04 2.2099e-03 2.3657e-03 -2.2097e-03 8.4436e-04 2.3656e-03
3.2757e+00 -6.6300e-03 -1.8802e-02 1.9936e-02 6.4341e-03 2.8898e-02 2.9606e-02 -2.8899e-02 6.4344e-03 2.9607e-02 -3.9826e-04 -1.5926e-03 1.6417e-03 8.7017e-04 2.2774e-03 2.4379e-03 -2.2775e-03 8.7006e-04 2.4381e-03
3.2259e+00 -6.8311e-03 -1.9372e-02 2.0541e-02 6.6294e-03 2.9775e-02 3.0504e-02 -2.9774e-02 6.6292e-03 3.0503e-02 -4.1027e-04 -1.6410e-03 1.6915e-03 8.9645e-04 2.3465e-03 2.5119e-03 -2.3464e-03 8.9656e-04 2.5118e-03
3.1766e+00 -7.0359e-03 -1.9953e-02 2.1157e-02 6.8281e-03 3.0668e-02 3.1419e-02 -3.0669e-02 6.8283e-03 3.1420e-02 -4.2264e-04 -1.6901e-03 1.7422e-03 9.2344e-04 2.4168e-03 2.5872e-03 -2.4170e-03 9.2333e-04 2.5873e-03
3.1278e+00 -7.2452e-03 -2.0546e-02 2.1786e-02 7.0314e-03 3.1580e-02 3.2353e-02 -3.1579e-02 7.0311e-03 3.2352e-02 -4.3515e-04 -1.7405e-03 1.7941e-03 9.5080e-04 2.4888e-03 2.6642e-03 -2.4886e-03 9.5092e-04 2.6641e-03
3.0795e+00 -7.4583e-03 -2.1151e-02 2.2427e-02 7.2380e-03 3.2509e-02 3.3305e-02 -3.2510e-02 7.2383e-03 3.3306e-02 -4.4801e-04 -1.7916e-03 1.8468e-03 9.7888e-04 2.5619e-03 2.7425e-03 -2.5621e-03 9.7877e-04 2.7427e-03
3.0316e+00 -7.6760e-03 -2.1768e-02 2.3082e-02 7.4495e-03 3.3458e-02 3.4277e-02 -3.3457e-02 7.4491e-03 3.4276e-02 -4.6102e-04 -1.8440e-03 1.9007e-03 1.0073e-03 2.6368e-03 2.8226e-03 -2.6366e-03 1.0075e-03 2.8225e-03
2.9841e+00 -7.8975e-03 -2.2396e-02 2.3748e-02 7.6642e-03 3.4423e-02 3.5266e-02 -3.4425e-02 7.6646e-03 3.5268e-02 -4.7439e-04 -1.8971e-03 1.9555e-03 1.0365e-03 2.7128e-03 2.9041e-03 -2.7129e-03 1.0364e-03 2.9042e-03
2.9371e+00 -8.1237e-03 -2.3038e-02 2.4428e-02 7.8840e-03 3.5409e-02 3.6276e-02 -3.5408e-02 7.8836e-03 3.6275e-02 -4.8792e-04 -1.9515e-03 2.0116e-03 1.0661e-03 2.7905e-03 2.9873e-03 -2.7904e-03 1.0662e-03 2.9871e-03
2.8905e+00 -8.3538e-03 -2.3690e-02 2.5120e-02 8.1069e-03 3.6412e-02 3.7304e-02 -3.6413e-02 8.1073e-03 3.7305e-02 -5.0178e-04 -2.0067e-03 2.0685e-03 1.0964e-03 2.8695e-03 3.0718e-03 -2.8697e-03 1.0963e-03 3.0719e-03
2.8443e+00 -8.5885e-03 -2.4356e-02 2.5826e-02 8.3351e-03 3.7435e-02 3.8352e-02 -3.7434e-02 8.3347e-03 3.8350e-02 -5.1584e-04 -2.0632e-03 2.1267e-03 1.1271e-03 2.9502e-03 3.1582e-03 -2.9500e-03 1.1272e-03 3.1581e-03
2.7986e+00 -8.8272e-03 -2.5033e-02 2.6543e-02 8.5663e-03 3.8475e-02 3.9418e-02 -3.8477e-02 8.5668e-03 3.9419e-02 -5.3021e-04 -2.1204e-03 2.1857e-03 1.1585e-03 3.0321e-03 3.2459e-03 -3.0323e-03 1.1584e-03 3.2460e-03
2.7533e+00 -9.0706e-03 -2.5723e-02 2.7275e-02 8.8030e-03 3.9536e-02 4.0504e-02 -3.9535e-02 8.8025e-03 4.0503e-02 -5.4480e-04 -2.1790e-03 2.2461e-03 1.1904e-03 3.1158e-03 3.3355e-03 -3.1156e-03 1.1905e-03 3.3353e-03
2.7085e+00 -9.3179e-03 -2.6424e-02 2.8019e-02 9.0425e-03 4.0614e-02 4.1609e-02 -4.0616e-02 9.0430e-03 4.1611e-02 -5.5969e-04 -2.2383e-03 2.3072e-03 1.2229e-03 3.2007e-03 3.4263e-03 -3.2008e-03 1.2228e-03 3.4265e-03
2.6640e+00 -9.5700e-03 -2.7139e-02 2.8777e-02 9.2879e-03 4.1713e-02 4.2735e-02 -4.1712e-02 9.2872e-03 4.2733e-02 -5.7481e-04 -2.2990e-03 2.3698e-03 1.2559e-03 3.2874e-03 3.5191e-03 -3.2872e-03 1.2560e-03 3.5190e-03
2.6199e+00 -9.8262e-03 -2.7866e-02 2.9547e-02 9.5355e-03 4.2830e-02 4.3878e-02 -4.2832e-02 9.5363e-03 4.3881e-02 -5.9020e-04 -2.3604e-03 2.4331e-03 1.2896e-03 3.3752e-03 3.6132e-03 -3.3754e-03 1.2895e-03 3.6134e-03
2.5763e+00 -1.0087e-02 -2.8605e-02 3.0332e-02 9.7899e-03 4.3967e-02 4.5044e-02 -4.3965e-02 9.7889e-03 4.5041e-02 -6.0587e-04 -2.4232e-03 2.4978e-03 1.3238e-03 3.4650e-03 3.7093e-03 -3.4648e-03 1.3239e-03 3.7091e-03
2.5331e+00 -1.0352e-02 -2.9357e-02 3.1129e-02 1.0045e-02 4.5122e-02 4.6226e-02 -4.5124e-02 1.0047e-02 4.6229e-02 -6.2178e-04 -2.4867e-03 2.5633e-03 1.3586e-03 3.5558e-03 3.8065e-03 -3.5561e-03 1.3585e-03 3.8067e-03
2.4902e+00 -1.0622e-02 -3.0122e-02 3.1940e-02 1.0309e-02 4.6298e-02 4.7431e-02 -4.6295e-02 1.0308e-02 4.7428e-02 -6.3800e-04 -2.5517e-03 2.6302e-03 1.3940e-03 3.6487e-03 3.9059e-03 -3.6484e-03 1.3941e-03 3.9057e-03
2.4478e+00 -1.0896e-02 -3.0898e-02 3.2763e-02 1.0572e-02 4.7491e-02 4.8653e-02 -4.7494e-02 1.0574e-02 4.8657e-02 -6.5440e-04 -2.6172e-03 2.6978e-03 1.4299e-03 3.7425e-03 4.0063e-03 -3.7428e-03 1.4298e-03 4.0066e-03
2.4057e+00 -1.1174e-02 -3.1688e-02 3.3601e-02 1.0847e-02 4.8705e-02 4.9899e-02 -4.8701e-02 1.0844e-02 4.9894e-02 -6.7121e-04 -2.6844e-03 2.7671e-03 1.4666e-03 3.8385e-03 4.1091e-03 -3.8382e-03 1.4666e-03 4.1088e-03
2.3641e+00 -1.1457e-02 -3.2490e-02 3.4450e-02 1.1112e-02 4.9937e-02 5.1158e-02 -4.9943e-02 1.1119e-02 5.1165e-02 -6.8807e-04 -2.7519e-03 2.8366e-03 1.5034e-03 3.9351e-03 4.2125e-03 -3.9356e-03 1.5035e-03 4.2130e-03
2.3228e+00 -1.1744e-02 -3.3305e-02 3.5315e-02 1.1413e-02 5.1191e-02 5.2448e-02 -5.1182e-02 1.1397e-02 5.2435e-02 -7.0554e-04 -2.8216e-03 2.9085e-03 1.5416e-03 4.0346e-03 4.3191e-03 -4.0340e-03 1.5414e-03 4.3185e-03
2.2819e+00 -1.2036e-02 -3.4132e-02 3.6191e-02 1.1530e-02 5.1911e-02 5.3176e-02 -5.2474e-02 1.1681e-02 5.3759e-02 -7.2267e-04 -2.8906e-03 2.9796e-03 1.5790e-03 4.1335e-03 4.4248e-03 -4.1344e-03 1.5795e-03 4.4258e-03
2.2414e+00 -1.2332e-02 -3.4970e-02 3.7080e-02 1.0285e-02 3.6342e-02 3.7770e-02 -5.3563e-02 1.1947e-02 5.4880e-02 -7.4445e-04 -2.9722e-03 3.0640e-03 1.6332e-03 4.2647e-03 4.5667e-03 -4.2361e-03 1.6186e-03 4.5348e-03
2.2013e+00 -1.2629e-02 -3.5807e-02 3.7969e-02 9.4546e-03 2.6819e-02 2.8437e-02 -5.4300e-02 1.2183e-02 5.5650e-02 -7.7419e-04 -3.0748e-03 3.1707e-03 1.7193e-03 4.4554e-03 4.7756e-03 -4.3412e-03 1.6587e-03 4.6473e-03
2.1615e+00 -1.2926e-02 -3.6636e-02 3.8849e-02 8.9832e-03 2.0351e-02 2.2245e-02 -5.4868e-02 1.2403e-02 5.6253e-02 -8.0849e-04 -3.1892e-03 3.2901e-03 1.8254e-03 4.6836e-03 5.0267e-03 -4.4499e-03 1.7012e-03 4.7640e-03
2.1221e+00 -1.3221e-02 -3.7450e-02 3.9715e-02 8.6253e-03 1.5157e-02 1.7440e-02 -5.5280e-02 1.2611e-02 5.6700e-02 -8.4764e-04 -3.3159e-03 3.4226e-03 1.9529e-03 4.9494e-03 5.3207e-03 -4.5639e-03 1.7456e-03 4.8863e-03
2.0831e+00 -1.3513e-02 -3.8246e-02 4.0563e-02 8.3581e-03 1.0694e-02 1.3573e-02 -5.5586e-02 1.2809e-02 5.7043e-02 -8.9096e-04 -3.4527e-03 3.5658e-03 2.1011e-03 5.2509e-03 5.6556e-03 -4.6829e-03 1.7932e-03 5.0145e-03
2.0445e+00 -1.3802e-02 -3.9020e-02 4.1389e-02 8.1348e-03 6.7233e-03 1.0554e-02 -5.5783e-02 1.3000e-02 5.7278e-02 -9.3913e-04 -3.6010e-03 3.7214e-03 2.2737e-03 5.5924e-03 6.0369e-03 -4.8088e-03 1.8436e-03 5.1501e-03
2.0062e+00 -1.4087e-02 -3.9770e-02 4.2192e-02 7.9576e-03 3.0897e-03 8.5363e-03 -5.5899e-02 1.3185e-02 5.7433e-02 -9.9214e-04 -3.7599e-03 3.8886e-03 2.4726e-03 5.9756e-03 6.4670e-03 -4.9412e-03 1.8983e-03 5.2933e-03
1.9683e+00 -1.4367e-02 -4.0493e-02 4.2966e-02 7.8049e-03 -2.8765e-04 7.8102e-03 -5.5927e-02 1.3364e-02 5.7502e-02 -1.0508e-03 -3.9312e-03 4.0692e-03 2.7033e-03 6.4070e-03 6.9539e-03 -5.0822e-03 1.9568e-03 5.4459e-03
1.9308e+00 -1.4642e-02 -4.1189e-02 4.3714e-02 7.6819e-03 -3.4830e-03 8.4346e-03 -5.5887e-02 1.3539e-02 5.7504e-02 -1.1156e-03 -4.1148e-03 4.2634e-03 2.9701e-03 6.8907e-03 7.5036e-03 -5.2316e-03 2.0209e-03 5.6083e-03
1.8936e+00 -1.4910e-02 -4.1853e-02 4.4430e-02 7.5752e-03 -6.5339e-03 1.0004e-02 -5.5773e-02 1.3709e-02 5.7433e-02 -1.1874e-03 -4.3128e-03 4.4733e-03 3.2808e-03 7.4358e-03 8.1274e-03 -5.3915e-03 2.0903e-03 5.7825e-03
1.8568e+00 -1.5172e-02 -4.2487e-02 4.5115e-02 7.4909e-03 -9.4863e-03 1.2087e-02 -5.5598e-02 1.3875e-02 5.7303e-02 -1.2674e-03 -4.5255e-03 4.6997e-03 3.6433e-03 8.0492e-03 8.8354e-03 -5.5621e-03 2.1669e-03 5.9693e-03
1.8203e+00 -1.5428e-02 -4.3089e-02 4.5768e-02 7.4188e-03 -1.2361e-02 1.4417e-02 -5.5357e-02 1.4038e-02 5.7109e-02 -1.3568e-03 -4.7557e-03 4.9454e-03 4.0696e-03 8.7436e-03 9.6443e-03 -5.7459e-03 2.2509e-03 6.1711e-03
1.7842e+00 -1.5676e-02 -4.3659e-02 4.6388e-02 7.3658e-03 -1.5192e-02 1.6884e-02 -5.5061e-02 1.4198e-02 5.6862e-02 -1.4574e-03 -5.0043e-03 5.2122e-03 4.5731e-03 9.5299e-03 1.0570e-02 -5.9433e-03 2.3445e-03 6.3890e-03
1.7485e+00 -1.5917e-02 -4.4194e-02 4.6973e-02 7.3238e-03 -1.7993e-02 1.9427e-02 -5.4703e-02 1.4356e-02 5.6555e-02 -1.5710e-03 -5.2747e-03 5.5036e-03 5.1732e-03 1.0426e-02 1.1639e-02 -6.1574e-03 2.4486e-03 6.6264e-03
1.7131e+00 -1.6150e-02 -4.4697e-02 4.7525e-02 7.3004e-03 -2.0792e-02 2.2036e-02 -5.4293e-02 1.4511e-02 5.6199e-02 -1.7005e-03 -5.5687e-03 5.8225e-03 5.8931e-03 1.1449e-02 1.2876e-02 -6.3891e-03 2.5661e-03 6.8851e-03
1.6780e+00 -1.6374e-02 -4.5166e-02 4.8042e-02 7.2888e-03 -2.3599e-02 2.4699e-02 -5.3825e-02 1.4665e-02 5.5787e-02 -1.8489e-03 -5.8908e-03 6.1741e-03 6.7657e-03 1.2624e-02 1.4323e-02 -6.6421e-03 2.6986e-03 7.1694e-03
1.6434e+00 -1.6591e-02 -4.5601e-02 4.8526e-02 7.2984e-03 -2.6441e-02 2.7430e-02 -5.3306e-02 1.4816e-02 5.5326e-02 -2.0206e-03 -6.2439e-03 6.5627e-03 7.8328e-03 1.3977e-02 1.6023e-02 -6.9182e-03 2.8504e-03 7.4824e-03
1.6090e+00 -1.6798e-02 -4.6003e-02 4.8974e-02 7.3231e-03 -2.9329e-02 3.0229e-02 -5.2730e-02 1.4967e-02 5.4813e-02 -2.2209e-03 -6.6340e-03 6.9959e-03 9.1538e-03 1.5547e-02 1.8041e-02 -7.2223e-03 3.0245e-03 7.8300e-03
1.5750e+00 -1.6998e-02 -4.6372e-02 4.9389e-02 7.3750e-03 -3.2288e-02 3.3119e-02 -5.2103e-02 1.5116e-02 5.4252e-02 -2.4573e-03 -7.0658e-03 7.4809e-03 1.0807e-02 1.7371e-02 2.0458e-02 -7.5569e-03 3.2276e-03 8.2174e-03
1.5414e+00 -1.7187e-02 -4.6708e-02 4.9769e-02 7.4498e-03 -3.5331e-02 3.6108e-02 -5.1420e-02 1.5266e-02 5.3639e-02 -2.7387e-03 -7.5475e-03 8.0290e-03 1.2908e-02 1.9503e-02 2.3387e-02 -7.9288e-03 3.4657e-03 8.6531e-03
1.5081e+00 -1.7368e-02 -4.7012e-02 5.0118e-02 7.5640e-03 -3.8488e-02 3.9225e-02 -5.0684e-02 1.5416e-02 5.2977e-02 -3.0787e-03 -8.0862e-03 8.6525e-03 1.5613e-02 2.1997e-02 2.6975e-02 -8.3420e-03 3.7496e-03 9.1460e-03
1.4752e+00 -1.7540e-02 -4.7284e-02 5.0432e-02 7.7164e-03 -4.1777e-02 4.2483e-02 -4.9891e-02 1.5567e-02 5.2263e-02 -3.4943e-03 -8.6933e-03 9.3693e-03 1.9159e-02 2.4922e-02 3.1435e-02 -8.8052e-03 4.0911e-03 9.7092e-03
1.4426e+00 -1.7702e-02 -4.7526e-02 5.0716e-02 7.9318e-03 -4.5231e-02 4.5921e-02 -4.9041e-02 1.5720e-02 5.1499e-02 -4.0110e-03 -9.3788e-03 1.0201e-02 2.3889e-02 2.8332e-02 3.7059e-02 -9.3245e-03 4.5099e-03 1.0358e-02
1.4104e+00 -1.7855e-02 -4.7737e-02 5.0967e-02 8.2164e-03 -4.8879e-02 4.9564e-02 -4.8131e-02 1.5876e-02 5.0681e-02 -4.6635e-03 -1.0157e-02 1.1177e-02 3.0328e-02 3.2266e-02 4.4282e-02 -9.9102e-03 5.0305e-03 1.1114e-02
1.3785e+00 -1.7998e-02 -4.7920e-02 5.1189e-02 8.6115e-03 -5.2764e-02 5.3462e-02 -4.7160e-02 1.6036e-02 4.9812e-02 -5.5046e-03 -1.1040e-02 1.2336e-02 3.9280e-02 3.6658e-02 5.3728e-02 -1.0568e-02 5.6918e-03 1.2004e-02
1.3469e+00 -1.8131e-02 -4.8075e-02 5.1380e-02 9.1418e-03 -5.6927e-02 5.7657e-02 -4.6121e-02 1.6204e-02 4.8885e-02 -6.6102e-03 -1.2038e-02 1.3733e-02 5.2013e-02 4.1223e-02 6.6368e-02 -1.1306e-02 6.5479e-03 1.3065e-02
1.3157e+00 -1.8254e-02 -4.8203e-02 5.1544e-02 9.8861e-03 -6.1429e-02 6.2220e-02 -4.5015e-02 1.6382e-02 4.7903e-02 -8.0988e-03 -1.3144e-02 1.5438e-02 7.0497e-02 4.5059e-02 8.3667e-02 -1.2115e-02 7.6836e-03 1.4346e-02
1.2849e+00 -1.8367e-02 -4.8305e-02 5.1679e-02 1.0918e-02 -6.6326e-02 6.7218e-02 -4.3833e-02 1.6574e-02 4.6861e-02 -1.0147e-02 -1.4319e-02 1.7550e-02 9.7746e-02 4.5818e-02 1.0795e-01 -1.2965e-02 9.2234e-03 1.5911e-02
1.2544e+00 -1.8471e-02 -4.8384e-02 5.1789e-02 1.2410e-02 -7.1682e-02 7.2749e-02 -4.2571e-02 1.6786e-02 4.5761e-02 -1.3025e-02 -1.5421e-02 2.0186e-02 1.3772e-01 3.7553e-02 1.4274e-01 -1.3748e-02 1.1356e-02 1.7832e-02
1.2242e+00 -1.8564e-02 -4.8438e-02 5.1874e-02 1.4571e-02 -7.7531e-02 7.8889e-02 -4.1221e-02 1.7030e-02 4.4600e-02 -1.7090e-02 -1.6080e-02 2.3465e-02 1.9280e-01 6.3107e-03 1.9291e-01 -1.4198e-02 1.4323e-02 2.0168e-02
1.1944e+00 -1.8647e-02 -4.8472e-02 5.1935e-02 1.7796e-02 -8.3806e-02 8.5675e-02 -3.9780e-02 1.7317e-02 4.3385e-02 -2.2629e-02 -1.5410e-02 2.7378e-02 2.5113e-01 -7.4710e-02 2.6201e-01 -1.3685e-02 1.8313e-02 2.2862e-02
1.1649e+00 -1.8719e-02 -4.8485e-02 5.1973e-02 2.2498e-02 -9.0177e-02 9.2941e-02 -3.8241e-02 1.7671e-02 4.2126e-02 -2.9160e-02 -1.1842e-02 3.1473e-02 2.5783e-01 -2.2624e-01 3.4302e-01 -1.1122e-02 2.2955e-02 2.5507e-02
1.1358e+00 -1.8782e-02 -4.8480e-02 5.1991e-02 2.9023e-02 -9.5853e-02 1.0015e-01 -3.6615e-02 1.8117e-02 4.0852e-02 -3.4304e-02 -4.1136e-03 3.4550e-02 1.2886e-01 -3.8703e-01 4.0791e-01 -5.6752e-03 2.6566e-02 2.7165e-02
1.1071e+00 -1.8833e-02 -4.8458e-02 5.1989e-02 3.6925e-02 -9.9825e-02 1.0644e-01 -3.4922e-02 1.8686e-02 3.9607e-02 -3.4639e-02 6.1620e-03 3.5182e-02 -1.0652e-01 -4.0770e-01 4.2139e-01 1.4681e-03 2.6802e-02 2.6842e-02
1.0786e+00 -1.8874e-02 -4.8421e-02 5.1969e-02 4.5184e-02 -1.0152e-01 1.1112e-01 -3.3203e-02 1.9385e-02 3.8448e-02 -2.9604e-02 1.4658e-02 3.3034e-02 -2.7242e-01 -2.5799e-01 3.7520e-01 7.3087e-03 2.3362e-02 2.4478e-02
1.0505e+00 -1.8903e-02 -4.8369e-02 5.1932e-02 5.2553e-02 -1.0142e-01 1.1423e-01 -3.1490e-02 2.0212e-02 3.7419e-02 -2.2379e-02 1.8757e-02 2.9200e-02 -2.8539e-01 -8.2317e-02 2.9703e-01 1.0107e-02 1.8479e-02 2.1062e-02
1.0228e+00 -1.8920e-02 -4.8307e-02 5.1880e-02 5.8950e-02 -1.0012e-01 1.1619e-01 -2.9814e-02 2.1137e-02 3.6546e-02 -1.6025e-02 1.9339e-02 2.5116e-02 -2.2011e-01 1.9808e-02 2.2100e-01 1.0520e-02 1.4233e-02 1.7699e-02
9.9544e-01 -1.8925e-02 -4.8233e-02 5.1813e-02 6.4663e-02 -9.8888e-02 1.1815e-01 -2.8178e-02 2.2163e-02 3.5849e-02 -1.1412e-02 1.8246e-02 2.1521e-02 -1.5232e-01 5.6279e-02 1.6238e-01 9.8208e-03 1.1192e-02 1.4890e-02
9.6840e-01 -1.8917e-02 -4.8151e-02 5.1734e-02 5.5512e-02 -9.5659e-02 1.1060e-01 -2.6596e-02 2.3161e-02 3.5268e-02 -8.2723e-03 1.6826e-02 1.8750e-02 -1.0196e-01 5.0567e-02 1.1381e-01 8.9186e-03 9.1561e-03 1.2782e-02
9.4172e-01 -1.8896e-02 -4.8060e-02 5.1642e-02 3.6154e-02 -8.9161e-02 9.6212e-02 -2.5111e-02 2.3898e-02 3.4666e-02 -6.1367e-03 1.5730e-02 1.6885e-02 -7.1441e-02 3.5425e-02 7.9741e-02 8.2343e-03 7.7900e-03 1.1335e-02
9.1538e-01 -1.8862e-02 -4.7965e-02 5.1541e-02 1.8396e-02 -7.9231e-02 8.1339e-02 -2.3778e-02 2.4325e-02 3.4016e-02 -4.6081e-03 1.4964e-02 1.5658e-02 -5.2508e-02 2.4615e-02 5.7991e-02 7.7650e-03 6.8203e-03 1.0335e-02
8.8940e-01 -1.8818e-02 -4.7864e-02 5.1430e-02 5.4533e-03 -6.8248e-02 6.8465e-02 -2.2628e-02 2.4504e-02 3.3354e-02 -3.4801e-03 1.4423e-02 1.4837e-02 -4.0207e-02 1.7989e-02 4.4048e-02 7.4382e-03 6.1049e-03 9.6227e-03
8.6377e-01 -1.8763e-02 -4.7760e-02 5.1313e-02 -3.3278e-03 -5.8097e-02 5.8192e-02 -2.1658e-02 2.4516e-02 3.2713e-02 -2.6148e-03 1.4013e-02 1.4254e-02 -3.1954e-02 1.3965e-02 3.4872e-02 7.1940e-03 5.5532e-03 9.0880e-03
8.3849e-01 -1.8699e-02 -4.7652e-02 5.1190e-02 -9.3294e-03 -4.9382e-02 5.0256e-02 -2.0844e-02 2.4417e-02 3.2104e-02 -1.9375e-03 1.3691e-02 1.3827e-02 -2.6252e-02 1.1401e-02 2.8621e-02 7.0036e-03 5.1147e-03 8.6724e-03
8.1356e-01 -1.8628e-02 -4.7542e-02 5.1061e-02 -1.3613e-02 -4.2080e-02 4.4227e-02 -2.0163e-02 2.4245e-02 3.1533e-02 -1.3911e-03 1.3424e-02 1.3496e-02 -2.2179e-02 9.6950e-03 2.4206e-02 6.8462e-03 4.7537e-03 8.3348e-03
7.8898e-01 -1.8550e-02 -4.7429e-02 5.0928e-02 -1.6887e-02 -3.5927e-02 3.9698e-02 -1.9587e-02 2.4018e-02 3.0993e-02 -9.4633e-04 1.3200e-02 1.3234e-02 -1.9185e-02 8.4837e-03 2.0977e-02 6.7128e-03 4.4499e-03 8.0538e-03
7.6476e-01 -1.8467e-02 -4.7316e-02 5.0792e-02 -1.9538e-02 -3.0739e-02 3.6423e-02 -1.9106e-02 2.3754e-02 3.0484e-02 -5.7759e-04 1.3006e-02 1.3019e-02 -1.6929e-02 7.6218e-03 1.8565e-02 6.5965e-03 4.1885e-03 7.8139e-03
7.4090e-01 -1.8379e-02 -4.7200e-02 5.0652e-02 -2.2375e-02 -2.9291e-02 3.6860e-02 -1.8680e-02 2.3454e-02 2.9984e-02 -2.6426e-04 1.2829e-02 1.2831e-02 -1.6087e-02 8.1276e-03 1.8023e-02 6.4856e-03 3.9538e-03 7.5958e-03
7.1739e-01 -1.8287e-02 -4.7085e-02 5.0512e-02 -2.5321e-02 -2.9060e-02 3.8544e-02 -1.8269e-02 2.3118e-02 2.9465e-02 1.8820e-05 1.2646e-02 1.2646e-02 -1.5559e-02 8.9840e-03 1.7966e-02 6.3643e-03 3.7301e-03 7.3768e-03
6.9424e-01 -1.8193e-02 -4.6969e-02 5.0369e-02 -2.8216e-02 -2.9101e-02 4.0534e-02 -1.7865e-02 2.2746e-02 2.8923e-02 2.7005e-04 1.2463e-02 1.2466e-02 -1.5029e-02 9.7999e-03 1.7942e-02 6.2343e-03 3.5181e-03 7.1585e-03
6.7144e-01 -1.8097e-02 -4.6854e-02 5.0228e-02 -3.1042e-02 -2.9384e-02 4.2744e-02 -1.7466e-02 2.2341e-02 2.8357e-02 4.9676e-04 1.2279e-02 1.2289e-02 -1.4484e-02 1.0572e-02 1.7932e-02 6.0945e-03 3.3158e-03 6.9381e-03
6.4901e-01 -1.8000e-02 -4.6739e-02 5.0086e-02 -3.3774e-02 -2.9874e-02 4.5090e-02 -1.7067e-02 2.1904e-02 2.7768e-02 6.9631e-04 1.2098e-02 1.2118e-02 -1.3928e-02 1.1284e-02 1.7926e-02 5.9478e-03 3.1249e-03 6.7187e-03
6.2693e-01 -1.7903e-02 -4.6627e-02 4.9946e-02 -3.6395e-02 -3.0545e-02 4.7514e-02 -1.6667e-02 2.1439e-02 2.7156e-02 8.7521e-04 1.1920e-02 1.1952e-02 -1.3358e-02 1.1938e-02 1.7915e-02 5.7935e-03 2.9439e-03 6.4985e-03
6.0521e-01 -1.7806e-02 -4.6516e-02 4.9808e-02 -3.8887e-02 -3.1365e-02 4.9959e-02 -1.6264e-02 2.0949e-02 2.6521e-02 1.0312e-03 1.1749e-02 1.1794e-02 -1.2786e-02 1.2525e-02 1.7898e-02 5.6345e-03 2.7738e-03 6.2802e-03
5.8386e-01 -1.7711e-02 -4.6408e-02 4.9673e-02 -4.1237e-02 -3.2307e-02 5.2385e-02 -1.5856e-02 2.0436e-02 2.5866e-02 1.1703e-03 1.1583e-02 1.1642e-02 -1.2212e-02 1.3049e-02 1.7872e-02 5.4702e-03 2.6134e-03 6.0625e-03
5.6287e-01 -1.7617e-02 -4.6302e-02 4.9540e-02 -4.3436e-02 -3.3340e-02 5.4757e-02 -1.5443e-02 1.9902e-02 2.5191e-02 1.2903e-03 1.1427e-02 1.1499e-02 -1.1649e-02 1.3507e-02 1.7836e-02 5.3033e-03 2.4634e-03 5.8475e-03
5.4225e-01 -1.7524e-02 -4.6199e-02 4.9411e-02 -4.5483e-02 -3.4441e-02 5.7052e-02 -1.5024e-02 1.9352e-02 2.4499e-02 1.3970e-03 1.1277e-02 1.1363e-02 -1.1097e-02 1.3907e-02 1.7792e-02 5.1333e-03 2.3225e-03 5.6342e-03
5.2199e-01 -1.7434e-02 -4.6099e-02 4.9286e-02 -4.7377e-02 -3.5581e-02 5.9250e-02 -1.4598e-02 1.8787e-02 2.3792e-02 1.4883e-03 1.1138e-02 1.1237e-02 -1.0569e-02 1.4250e-02 1.7741e-02 4.9624e-03 2.1910e-03 5.4246e-03
5.0210e-01 -1.7347e-02 -4.6003e-02 4.9165e-02 -4.9124e-02 -3.6741e-02 6.1344e-02 -1.4166e-02 1.8211e-02 2.3073e-02 1.5693e-03 1.1006e-02 1.1117e-02 -1.0062e-02 1.4543e-02 1.7684e-02 4.7903e-03 2.0677e-03 5.2175e-03
4.8257e-01 -1.7263e-02 -4.5910e-02 4.9048e-02 -5.0730e-02 -3.7900e-02 6.3324e-02 -1.3729e-02 1.7626e-02 2.2342e-02 1.6377e-03 1.0886e-02 1.1008e-02 -9.5876e-03 1.4789e-02 1.7625e-02 4.6186e-03 1.9528e-03 5.0145e-03
4.6341e-01 -1.7182e-02 -4.5821e-02 4.8936e-02 -5.2209e-02 -3.9043e-02 6.5193e-02 -1.3287e-02 1.7035e-02 2.1604e-02 1.6986e-03 1.0773e-02 1.0906e-02 -9.1406e-03 1.4998e-02 1.7564e-02 4.4472e-03 1.8450e-03 4.8147e-03
4.4463e-01 -1.7104e-02 -4.5735e-02 4.8829e-02 -5.3571e-02 -4.0156e-02 6.6951e-02 -1.2841e-02 1.6438e-02 2.0859e-02 1.7494e-03 1.0671e-02 1.0813e-02 -8.7298e-03 1.5171e-02 1.7503e-02 4.2774e-03 1.7445e-03 4.6194e-03
4.2621e-01 -1.7029e-02 -4.5654e-02 4.8727e-02 -5.4834e-02 -4.1229e-02 6.8605e-02 -1.2391e-02 1.5840e-02 2.0110e-02 1.7947e-03 1.0576e-02 1.0728e-02 -8.3493e-03 1.5317e-02 1.7445e-02 4.1087e-03 1.6500e-03 4.4277e-03
4.0817e-01 -1.6958e-02 -4.5576e-02 4.8629e-02 -5.6014e-02 -4.2253e-02 7.0163e-02 -1.1939e-02 1.5239e-02 1.9359e-02 1.8317e-03 1.0493e-02 1.0651e-02 -8.0063e-03 1.5438e-02 1.7391e-02 3.9424e-03 1.5617e-03 4.2405e-03
3.9050e-01 -1.6891e-02 -4.5503e-02 4.8537e-02 -5.7133e-02 -4.3224e-02 7.1642e-02 -1.1486e-02 1.4640e-02 1.8608e-02 1.8647e-03 1.0416e-02 1.0582e-02 -7.6938e-03 1.5542e-02 1.7342e-02 3.7780e-03 1.4783e-03 4.0570e-03
3.7321e-01 -1.6827e-02 -4.5433e-02 4.8449e-02 -5.8216e-02 -4.4139e-02 7.3057e-02 -1.1033e-02 1.4041e-02 1.7857e-02 1.8908e-03 1.0350e-02 1.0521e-02 -7.4187e-03 1.5629e-02 1.7300e-02 3.6165e-03 1.4001e-03 3.8780e-03
3.5629e-01 -1.6767e-02 -4.5368e-02 4.8367e-02 -5.9304e-02 -4.4998e-02 7.4443e-02 -1.0580e-02 1.3445e-02 1.7109e-02 1.9139e-03 1.0291e-02 1.0468e-02 -7.1740e-03 1.5707e-02 1.7267e-02 3.4573e-03 1.3259e-03 3.7028e-03
3.3975e-01 -1.6710e-02 -4.5306e-02 4.8290e-02 -6.0469e-02 -4.5805e-02 7.5859e-02 -1.0130e-02 1.2851e-02 1.6363e-02 1.9308e-03 1.0243e-02 1.0423e-02 -6.9674e-03 1.5775e-02 1.7245e-02 3.3012e-03 1.2559e-03 3.5320e-03
3.2359e-01 -1.6657e-02 -4.5249e-02 4.8218e-02 -6.1849e-02 -4.6554e-02 7.7412e-02 -9.6820e-03 1.2258e-02 1.5620e-02 1.9451e-03 1.0203e-02 1.0386e-02 -6.7943e-03 1.5842e-02 1.7238e-02 3.1478e-03 1.1891e-03 3.3649e-03
3.0781e-01 -1.6608e-02 -4.5195e-02 4.8149e-02 -6.3078e-02 -4.7214e-02 7.8791e-02 -9.2380e-03 1.1666e-02 1.4881e-02 1.9530e-03 1.0175e-02 1.0360e-02 -6.6670e-03 1.5908e-02 1.7248e-02 2.9976e-03 1.1255e-03 3.2019e-03
2.9241e-01 -1.6562e-02 -4.5145e-02 4.8087e-02 -6.3692e-02 -4.7804e-02 7.9636e-02 -8.7990e-03 1.1080e-02 1.4149e-02 1.9597e-03 1.0152e-02 1.0340e-02 -6.5615e-03 1.5974e-02 1.7269e-02 2.8502e-03 1.0643e-03 3.0424e-03
2.7739e-01 -1.6519e-02 -4.5098e-02 4.8028e-02 -6.4109e-02 -4.8306e-02 8.0271e-02 -8.3660e-03 1.0504e-02 1.3429e-02 1.9627e-03 1.0137e-02 1.0325e-02 -6.4803e-03 1.6038e-02 1.7298e-02 2.7061e-03 1.0057e-03 2.8869e-03
2.6276e-01 -1.6480e-02 -4.5055e-02 4.7975e-02 -6.4189e-02 -4.8747e-02 8.0601e-02 -7.9399e-03 9.9407e-03 1.2722e-02 1.9662e-03 1.0123e-02 1.0312e-02 -6.4083e-03 1.6101e-02 1.7329e-02 2.5649e-03 9.4899e-04 2.7348e-03
2.4851e-01 -1.6444e-02 -4.5015e-02 4.7925e-02 -6.4078e-02 -4.9137e-02 8.0749e-02 -7.5214e-03 9.3924e-03 1.2033e-02 1.9675e-03 1.0113e-02 1.0303e-02 -6.3451e-03 1.6157e-02 1.7358e-02 2.4271e-03 8.9457e-04 2.5867e-03
2.3465e-01 -1.6411e-02 -4.4979e-02 4.7879e-02 -6.3964e-02 -4.9490e-02 8.0874e-02 -7.1113e-03 8.8599e-03 1.1361e-02 1.9705e-03 1.0102e-02 1.0292e-02 -6.2831e-03 1.6210e-02 1.7385e-02 2.2924e-03 8.4196e-04 2.4421e-03
2.2117e-01 -1.6381e-02 -4.4945e-02 4.7837e-02 -6.3855e-02 -4.9814e-02 8.0987e-02 -6.7098e-03 8.3432e-03 1.0707e-02 1.9714e-03 1.0093e-02 1.0284e-02 -6.2289e-03 1.6257e-02 1.7409e-02 2.1612e-03 7.9147e-04 2.3016e-03
2.0809e-01 -1.6353e-02 -4.4915e-02 4.7799e-02 -6.3754e-02 -5.0111e-02 8.1091e-02 -6.3174e-03 7.8422e-03 1.0070e-02 1.9741e-03 1.0083e-02 1.0275e-02 -6.1757e-03 1.6301e-02 1.7432e-02 2.0333e-03 7.4269e-04 2.1647e-03
1.9539e-01 -1.6328e-02 -4.4886e-02 4.7763e-02 -6.3659e-02 -5.0381e-02 8.1183e-02 -5.9346e-03 7.3568e-03 9.4521e-03 1.9746e-03 1.0076e-02 1.0268e-02 -6.1300e-03 1.6339e-02 1.7451e-02 1.9090e-03 6.9589e-04 2.0319e-03
1.8308e-01 -1.6305e-02 -4.4861e-02 4.7732e-02 -6.3572e-02 -5.0627e-02 8.1268e-02 -5.5617e-03 6.8870e-03 8.8523e-03 1.9770e-03 1.0068e-02 1.0260e-02 -6.0849e-03 1.6376e-02 1.7470e-02 1.7882e-03 6.5072e-04 1.9029e-03
1.7117e-01 -1.6284e-02 -4.4837e-02 4.7703e-02 -6.3491e-02 -5.0849e-02 8.1343e-02 -5.1989e-03 6.4328e-03 8.2710e-03 1.9772e-03 1.0063e-02 1.0255e-02 -6.0470e-03 1.6407e-02 1.7485e-02 1.6711e-03 6.0742e-04 1.7780e-03
1.5964e-01 -1.6265e-02 -4.4817e-02 4.7677e-02 -6.3417e-02 -5.1050e-02 8.1412e-02 -4.8467e-03 5.9941e-03 7.7084e-03 1.9795e-03 1.0056e-02 1.0248e-02 -6.0095e-03 1.6437e-02 1.7501e-02 1.5574e-03 5.6568e-04 1.6570e-03
1.4851e-01 -1.6248e-02 -4.4798e-02 4.7654e-02 -6.3349e-02 -5.1231e-02 8.1472e-02 -4.5052e-03 5.5709e-03 7.1646e-03 1.9793e-03 1.0051e-02 1.0244e-02 -5.9786e-03 1.6461e-02 1.7513e-02 1.4477e-03 5.2572e-04 1.5402e-03
1.3778e-01 -1.6234e-02 -4.4782e-02 4.7633e-02 -6.3289e-02 -5.1392e-02 8.1527e-02 -4.1747e-03 5.1631e-03 6.6397e-03 1.9814e-03 1.0045e-02 1.0239e-02 -5.9480e-03 1.6486e-02 1.7526e-02 1.3415e-03 4.8725e-04 1.4273e-03
1.2744e-01 -1.6220e-02 -4.4766e-02 4.7614e-02 -6.3233e-02 -5.1536e-02 8.1575e-02 -3.8555e-03 4.7707e-03 6.1339e-03 1.9810e-03 1.0042e-02 1.0236e-02 -5.9233e-03 1.6504e-02 1.7535e-02 1.2393e-03 4.5050e-04 1.3186e-03
1.1750e-01 -1.6208e-02 -4.4753e-02 4.7598e-02 -6.3185e-02 -5.1663e-02 8.1617e-02 -3.5477e-03 4.3937e-03 5.6472e-03 1.9830e-03 1.0037e-02 1.0231e-02 -5.8988e-03 1.6525e-02 1.7546e-02 1.1407e-03 4.1518e-04 1.2139e-03
1.0796e-01 -1.6198e-02 -4.4741e-02 4.7583e-02 -6.3140e-02 -5.1776e-02 8.1654e-02 -3.2516e-03 4.0320e-03 5.1798e-03 1.9823e-03 1.0035e-02 1.0229e-02 -5.8795e-03 1.6538e-02 1.7552e-02 1.0461e-03 3.8152e-04 1.1135e-03
9.8814e-02 -1.6188e-02 -4.4731e-02 4.7571e-02 -6.3102e-02 -5.1874e-02 8.1687e-02 -2.9672e-03 3.6857e-03 4.7317e-03 1.9842e-03 1.0031e-02 1.0225e-02 -5.8604e-03 1.6554e-02 1.7561e-02 9.5526e-04 3.4926e-04 1.0171e-03
9.0069e-02 -1.6180e-02 -4.4722e-02 4.7559e-02 -6.3068e-02 -5.1959e-02 8.1715e-02 -2.6948e-03 3.3547e-03 4.3031e-03 1.9833e-03 1.0030e-02 1.0224e-02 -5.8456e-03 1.6563e-02 1.7564e-02 8.6845e-04 3.1860e-04 9.2504e-04
8.1725e-02 -1.6173e-02 -4.4715e-02 4.7550e-02 -6.3039e-02 -5.2033e-02 8.1740e-02 -2.4345e-03 3.0391e-03 3.8939e-03 1.9852e-03 1.0026e-02 1.0221e-02 -5.8312e-03 1.6577e-02 1.7573e-02 7.8543e-04 2.8933e-04 8.3702e-04
7.3783e-02 -1.6167e-02 -4.4708e-02 4.7541e-02 -6.3013e-02 -5.2097e-02 8.1760e-02 -2.1864e-03 2.7387e-03 3.5044e-03 1.9840e-03 1.0026e-02 1.0220e-02 -5.8200e-03 1.6582e-02 1.7574e-02 7.0648e-04 2.6161e-04 7.5336e-04
6.6242e-02 -1.6162e-02 -4.4702e-02 4.7535e-02 -6.2992e-02 -5.2150e-02 8.1778e-02 -1.9506e-03 2.4537e-03 3.1345e-03 1.9860e-03 1.0023e-02 1.0218e-02 -5.8098e-03 1.6594e-02 1.7581e-02 6.3137e-04 2.3526e-04 6.7378e-04
5.9105e-02 -1.6158e-02 -4.4697e-02 4.7528e-02 -6.2973e-02 -5.2196e-02 8.1792e-02 -1.7271e-03 2.1840e-03 2.7844e-03 1.9846e-03 1.0023e-02 1.0218e-02 -5.8013e-03 1.6595e-02 1.7580e-02 5.6036e-04 2.1044e-04 5.9858e-04
5.2372e-02 -1.6154e-02 -4.4694e-02 4.7524e-02 -6.2958e-02 -5.2233e-02 8.1804e-02 -1.5162e-03 1.9296e-03 2.4540e-03 1.9866e-03 1.0020e-02 1.0215e-02 -5.7948e-03 1.6605e-02 1.7587e-02 4.9324e-04 1.8698e-04 5.2749e-04
4.6043e-02 -1.6151e-02 -4.4690e-02 4.7519e-02 -6.2945e-02 -5.2264e-02 8.1814e-02 -1.3178e-03 1.6905e-03 2.1435e-03 1.9849e-03 1.0021e-02 1.0216e-02 -5.7881e-03 1.6605e-02 1.7585e-02 4.3024e-04 1.6502e-04 4.6080e-04
4.0119e-02 -1.6149e-02 -4.4688e-02 4.7516e-02 -6.2935e-02 -5.2288e-02 8.1822e-02 -1.1320e-03 1.4668e-03 1.8528e-03 1.9871e-03 1.0018e-02 1.0214e-02 -5.7849e-03 1.6613e-02 1.7592e-02 3.7116e-04 1.4442e-04 3.9826e-04
3.4601e-02 -1.6147e-02 -4.4685e-02 4.7513e-02 -6.2925e-02 -5.2308e-02 8.1827e-02 -9.5881e-04 1.2585e-03 1.5821e-03 1.9850e-03 1.0020e-02 1.0215e-02 -5.7791e-03 1.6610e-02 1.7587e-02 3.1620e-04 1.2531e-04 3.4013e-04
2.9489e-02 -1.6145e-02 -4.4684e-02 4.7512e-02 -6.2912e-02 -5.2326e-02 8.1829e-02 -7.9836e-04 1.0655e-03 1.3314e-03 1.9875e-03 1.0017e-02 1.0212e-02 -5.7772e-03 1.6618e-02 1.7594e-02 2.6520e-04 1.0755e-04 2.8618e-04
2.4784e-02 -1.6144e-02 -4.4682e-02 4.7509e-02 -6.2901e-02 -5.2368e-02 8.1847e-02 -6.5060e-04 8.8793e-04 1.1008e-03 1.9850e-03 1.0019e-02 1.0214e-02 -5.7671e-03 1.6618e-02 1.7590e-02 2.1833e-04 9.1292e-05 2.3665e-04
2.0487e-02 -1.6143e-02 -4.4682e-02 4.7509e-02 -6.2958e-02 -5.2472e-02 8.1958e-02 -5.1545e-04 7.2571e-04 8.9013e-04 1.9879e-03 1.0016e-02 1.0212e-02 -5.7704e-03 1.6650e-02 1.7622e-02 1.7541e-04 7.6391e-05 1.9132e-04
1.6597e-02 -1.6142e-02 -4.4681e-02 4.7507e-02 -6.3306e-02 -5.2579e-02 8.2294e-02 -3.9285e-04 5.7846e-04 6.9925e-04 1.9848e-03 1.0019e-02 1.0214e-02 -5.8174e-03 1.6702e-02 1.7686e-02 1.3654e-04 6.2918e-05 1.5034e-04
1.3116e-02 -1.6142e-02 -4.4681e-02 4.7507e-02 -6.4262e-02 -5.2218e-02 8.2803e-02 -2.8323e-04 4.4538e-04 5.2781e-04 1.9883e-03 1.0016e-02 1.0211e-02 -6.0397e-03 1.6749e-02 1.7804e-02 1.0155e-04 5.0552e-05 1.1344e-04
1.0043e-02 -1.6141e-02 -4.4680e-02 4.7506e-02 -6.5736e-02 -5.0205e-02 8.2715e-02 -1.8840e-04 3.2560e-04 3.7618e-04 1.9845e-03 1.0019e-02 1.0214e-02 -6.5271e-03 1.6534e-02 1.7776e-02 7.0836e-05 3.9051e-05 8.0887e-05
7.3795e-03 -1.6141e-02 -4.4680e-02 4.7507e-02 -6.6415e-02 -4.4981e-02 8.0214e-02 -1.1172e-04 2.1976e-04 2.4652e-04 1.9889e-03 1.0015e-02 1.0210e-02 -7.2402e-03 1.5655e-02 1.7248e-02 4.4940e-05 2.8047e-05 5.2974e-05
5.1252e-03 -1.6141e-02 -4.4680e-02 4.7506e-02 -6.3576e-02 -3.5857e-02 7.2990e-02 -5.6453e-05 1.3121e-04 1.4284e-04 1.9837e-03 1.0020e-02 1.0214e-02 -7.7207e-03 1.3654e-02 1.5685e-02 2.4968e-05 1.7904e-05 3.0724e-05
3.2804e-03 -1.6141e-02 -4.4680e-02 4.7507e-02 -5.4516e-02 -2.4199e-02 5.9645e-02 -2.2868e-05 6.5024e-05 6.8928e-05 1.9902e-03 1.0014e-02 1.0210e-02 -7.3561e-03 1.0507e-02 1.2826e-02 1.1414e-05 9.4224e-06 1.4801e-05
1.8453e-03 -1.6141e-02 -4.4680e-02 4.7506e-02 -3.9006e-02 -1.3060e-02 4.1134e-02 -6.7528e-06 2.4059e-05 2.4989e-05 1.9818e-03 1.0022e-02 1.0216e-02 -5.7276e-03 6.7312e-03 8.8383e-03 3.9225e-06 3.6896e-06 5.3851e-06
8.2019e-04 -1.6141e-02 -4.4680e-02 4.7507e-02 -2.0665e-02 -5.1451e-03 2.1296e-02 -1.1960e-06 5.3329e-06 5.4653e-06 1.9937e-03 1.0010e-02 1.0207e-02 -3.2370e-03 3.2416e-03 4.5810e-03 8.0559e-07 8.4214e-07 1.1654e-06
2.0505e-04 -1.6141e-02 -4.4680e-02 4.7506e-02 -5.7436e-03 -1.1160e-03 5.8510e-03 -6.7220e-08 3.5751e-07 3.6377e-07 1.9719e-03 1.0031e-02 1.0223e-02 -9.3176e-04 8.4232e-04 1.2561e-03 5.5383e-08 6.2157e-08 8.3251e-08
0.0000e+00 -1.6141e-02 -4.4680e-02 4.7507e-02 0.0000e+00 0.0000e+00 0.0000e+00 0.0000e+00 0.0000e+00 0.0000e+00 2.0573e-03 9.9501e-03 1.0161e-02 0.0000e+00 0.0000e+00 0.0000e+00 0.0000e+00 0.0000e+00 0.0000e+00
