# {'yi': 5, 'slope': 1.3e-05, 'Ymax': 1000, 'Froude': 0.02, 'n_points': 200, 'variables': 'p_u_v', 'flow': 'DATA/G.txt', 'mapping': ['semi_infinite_PB', [0, 3.3840579710144927]], 'Re': 100000.0, 'alpha': 0.9, 'equation': 'LNS_CD', 'lc': 0.16739}
# eigv_re    eigv_im    eigv_re_adj    eigv_im_adj
3.7468e-01 -2.3942e+01 3.7467e-01 2.3942e+01
3.7467e-01 -4.2581e+00 3.7467e-01 4.2581e+00
3.7467e-01 -1.8178e+00 3.7466e-01 1.8178e+00
3.7466e-01 -1.0343e+00 3.7466e-01 1.0343e+00
3.7464e-01 -6.9470e-01 3.7464e-01 6.9470e-01
3.7463e-01 -5.1526e-01 3.7463e-01 5.1526e-01
3.7462e-01 -4.1042e-01 3.7461e-01 4.1043e-01
3.7463e-01 -3.4382e-01 3.7462e-01 3.4382e-01
5.2748e-01 -3.5281e-01 5.2734e-01 3.5274e-01
7.0219e-01 -6.0515e-02 7.0209e-01 6.0533e-02
6.8723e-01 -1.2057e-01 6.8718e-01 1.2058e-01
6.4936e-01 -1.6010e-01 6.4927e-01 1.6007e-01
5.6008e-01 -3.0711e-01 5.5999e-01 3.0708e-01
6.0129e-01 -2.3084e-01 6.0120e-01 2.3083e-01
5.0251e-01 -3.2364e-01 5.0241e-01 3.2366e-01
3.7469e-01 -2.9974e-01 3.7468e-01 2.9974e-01
4.7743e-01 -2.9978e-01 4.7736e-01 2.9977e-01
4.5598e-01 -2.7828e-01 4.5592e-01 2.7828e-01
3.7497e-01 -2.6971e-01 3.7496e-01 2.6972e-01
4.3736e-01 -2.5942e-01 4.3730e-01 2.5941e-01
3.7625e-01 -2.4910e-01 3.7624e-01 2.4913e-01
4.2113e-01 -2.4319e-01 4.2109e-01 2.4319e-01
3.7933e-01 -2.3322e-01 3.7412e-01 1.3638e-01
4.0679e-01 -2.2946e-01 3.7934e-01 2.3325e-01
3.8313e-01 -2.1874e-01 4.0675e-01 2.2945e-01
3.9377e-01 -2.1824e-01 3.7435e-01 1.4130e-01
3.7412e-01 -1.3638e-01 3.8314e-01 2.1876e-01
3.7435e-01 -1.4130e-01 3.9373e-01 2.1824e-01
3.8662e-01 -2.0851e-01 3.7469e-01 1.4989e-01
3.7469e-01 -1.4989e-01 3.8662e-01 2.0851e-01
3.7567e-01 -1.5590e-01 3.7567e-01 1.5590e-01
3.8359e-01 -2.0085e-01 3.8359e-01 2.0085e-01
3.8347e-01 -1.9416e-01 3.8348e-01 1.9416e-01
3.8000e-01 -1.8493e-01 3.8000e-01 1.8493e-01
3.7717e-01 -1.6512e-01 3.7717e-01 1.6512e-01
3.7960e-01 -1.7012e-01 3.8083e-01 1.7765e-01
3.8083e-01 -1.7765e-01 3.7960e-01 1.7012e-01
7.4699e-01 -1.5638e-02 7.4687e-01 1.5719e-02
7.8846e-01 -1.2639e-03 7.8840e-01 1.2324e-03
8.0087e-01 2.2851e-02 8.0086e-01 -2.2834e-02
8.4041e-01 -3.7933e-03 8.4028e-01 3.7807e-03
8.8334e-01 -5.7975e-03 8.8328e-01 5.7902e-03
9.2484e-01 -6.9138e-03 9.2475e-01 6.9096e-03
9.6528e-01 -7.3478e-03 9.6521e-01 7.3425e-03
1.0050e+00 -7.6165e-03 1.0049e+00 7.6144e-03
1.0438e+00 -7.7125e-03 1.0438e+00 7.7083e-03
1.0820e+00 -7.7300e-03 1.0819e+00 7.7286e-03
1.1192e+00 -7.7092e-03 1.1191e+00 7.7060e-03
1.1558e+00 -7.5931e-03 1.1557e+00 7.5918e-03
1.1913e+00 -7.5106e-03 1.1912e+00 7.5083e-03
1.2261e+00 -7.2999e-03 1.2260e+00 7.2986e-03
1.2593e+00 -7.2055e-03 1.2592e+00 7.2038e-03
1.2916e+00 -6.9264e-03 1.2916e+00 6.9250e-03
1.3216e+00 -6.8950e-03 1.3215e+00 6.8938e-03
1.3501e+00 -6.5291e-03 1.3501e+00 6.5275e-03
1.3752e+00 -6.7475e-03 1.3752e+00 6.7467e-03
1.3978e+00 -6.2233e-03 1.3977e+00 6.2197e-03
1.4159e+00 -8.9189e-03 1.4158e+00 8.9119e-03
1.4259e+00 -1.3337e-02 1.4259e+00 1.3321e-02
1.4261e+00 -1.1260e-02 1.4261e+00 1.1267e-02
1.4261e+00 -9.8933e-03 1.4261e+00 9.8868e-03
1.4261e+00 -8.9286e-03 1.4261e+00 8.9326e-03
1.4261e+00 -8.1197e-03 1.4261e+00 8.1157e-03
1.4262e+00 -7.4750e-03 1.4262e+00 7.4778e-03
1.4262e+00 -6.9013e-03 1.4262e+00 6.8986e-03
1.4262e+00 -6.4188e-03 1.4262e+00 6.4209e-03
1.4262e+00 -5.9779e-03 1.4262e+00 5.9758e-03
1.4262e+00 -5.5953e-03 1.4262e+00 5.5969e-03
1.4262e+00 -5.2404e-03 1.4262e+00 5.2388e-03
1.4262e+00 -4.9262e-03 1.4262e+00 4.9275e-03
1.4262e+00 -4.6319e-03 1.4262e+00 4.6307e-03
1.4262e+00 -4.3676e-03 1.4262e+00 4.3687e-03
1.4262e+00 -4.1186e-03 1.4262e+00 4.1175e-03
1.4262e+00 -3.8925e-03 1.4262e+00 3.8934e-03
1.4262e+00 -3.6784e-03 1.4262e+00 3.6776e-03
1.4262e+00 -3.4825e-03 1.4262e+00 3.4833e-03
1.4262e+00 -3.2964e-03 1.4262e+00 3.2957e-03
1.4262e+00 -3.1250e-03 1.4262e+00 3.1256e-03
1.4262e+00 -2.9618e-03 1.4262e+00 2.9611e-03
1.4262e+00 -2.8106e-03 1.4262e+00 2.8112e-03
1.4262e+00 -2.6664e-03 1.4262e+00 2.6658e-03
1.4262e+00 -2.5323e-03 1.4262e+00 2.5328e-03
1.4262e+00 -2.4041e-03 1.4262e+00 2.4036e-03
1.4262e+00 -2.2845e-03 1.4262e+00 2.2849e-03
1.4262e+00 -2.1701e-03 1.4262e+00 2.1697e-03
1.4262e+00 -2.0630e-03 1.4262e+00 2.0634e-03
1.4262e+00 -1.9605e-03 1.4262e+00 1.9601e-03
1.4262e+00 -1.8642e-03 1.4262e+00 1.8646e-03
1.4262e+00 -1.7720e-03 1.4262e+00 1.7717e-03
1.4262e+00 -1.6853e-03 1.4262e+00 1.6857e-03
1.4262e+00 -1.6022e-03 1.4262e+00 1.6019e-03
1.4262e+00 -1.5239e-03 1.4262e+00 1.5242e-03
1.4262e+00 -1.4489e-03 1.4262e+00 1.4486e-03
1.4262e+00 -1.3780e-03 1.4262e+00 1.3783e-03
1.4262e+00 -1.3101e-03 1.4262e+00 1.3098e-03
1.4262e+00 -1.2459e-03 1.4262e+00 1.2461e-03
1.4262e+00 -1.1843e-03 1.4262e+00 1.1841e-03
1.4262e+00 -1.1261e-03 1.4262e+00 1.1263e-03
1.4262e+00 -1.0702e-03 1.4262e+00 1.0700e-03
1.4262e+00 -1.0174e-03 1.4262e+00 1.0175e-03
1.4262e+00 -9.6662e-04 1.4262e+00 9.6643e-04
1.4262e+00 -9.1857e-04 1.4262e+00 9.1874e-04
1.4262e+00 -8.7247e-04 1.4262e+00 8.7230e-04
1.4262e+00 -8.2877e-04 1.4262e+00 8.2893e-04
1.4262e+00 -7.8687e-04 1.4262e+00 7.8671e-04
1.4262e+00 -7.4713e-04 1.4262e+00 7.4728e-04
1.4262e+00 -7.0903e-04 1.4262e+00 7.0888e-04
1.4262e+00 -6.7288e-04 1.4262e+00 6.7302e-04
1.4262e+00 -6.3824e-04 1.4262e+00 6.3811e-04
1.4262e+00 -6.0537e-04 1.4262e+00 6.0549e-04
1.4262e+00 -5.7386e-04 1.4262e+00 5.7375e-04
1.4262e+00 -5.4398e-04 1.4262e+00 5.4409e-04
1.4262e+00 -5.1534e-04 1.4262e+00 5.1524e-04
1.4262e+00 -4.8818e-04 1.4262e+00 4.8828e-04
1.4262e+00 -4.6217e-04 1.4262e+00 4.6207e-04
1.4262e+00 -4.3749e-04 1.4262e+00 4.3758e-04
1.4262e+00 -4.1387e-04 1.4262e+00 4.1378e-04
1.4262e+00 -3.9146e-04 1.4262e+00 3.9155e-04
1.4262e+00 -3.7004e-04 1.4262e+00 3.6996e-04
1.4262e+00 -3.4972e-04 1.4262e+00 3.4980e-04
1.4262e+00 -3.3030e-04 1.4262e+00 3.3022e-04
1.4262e+00 -3.1188e-04 1.4262e+00 3.1195e-04
1.4262e+00 -2.9430e-04 1.4262e+00 2.9423e-04
1.4262e+00 -2.7763e-04 1.4262e+00 2.7770e-04
1.4262e+00 -2.6173e-04 1.4262e+00 2.6166e-04
1.4262e+00 -2.4666e-04 1.4262e+00 2.4672e-04
1.4262e+00 -2.3230e-04 1.4262e+00 2.3224e-04
1.4262e+00 -2.1870e-04 1.4262e+00 2.1876e-04
1.4262e+00 -2.0575e-04 1.4262e+00 2.0570e-04
1.4262e+00 -1.9350e-04 1.4262e+00 1.9355e-04
1.4262e+00 -1.8184e-04 1.4262e+00 1.8179e-04
1.4262e+00 -1.7082e-04 1.4262e+00 1.7087e-04
1.4262e+00 -1.6034e-04 1.4262e+00 1.6030e-04
1.4262e+00 -1.5045e-04 1.4262e+00 1.5049e-04
1.4262e+00 -1.4106e-04 1.4262e+00 1.4102e-04
1.4262e+00 -1.3220e-04 1.4262e+00 1.3224e-04
1.4262e+00 -1.2380e-04 1.4262e+00 1.2376e-04
1.4262e+00 -1.1588e-04 1.4262e+00 1.1591e-04
1.4262e+00 -1.0838e-04 1.4262e+00 1.0835e-04
1.4262e+00 -1.0132e-04 1.4262e+00 1.0136e-04
1.4262e+00 -9.4654e-05 1.4262e+00 9.4624e-05
1.4262e+00 -8.8382e-05 1.4262e+00 8.8410e-05
1.4262e+00 -8.2464e-05 1.4262e+00 8.2438e-05
1.4262e+00 -7.6909e-05 1.4262e+00 7.6934e-05
1.4262e+00 -7.1676e-05 1.4262e+00 7.1652e-05
1.4262e+00 -6.6771e-05 1.4262e+00 6.6794e-05
1.4262e+00 -6.2160e-05 1.4262e+00 6.2139e-05
1.4262e+00 -5.7847e-05 1.4262e+00 5.7867e-05
1.4262e+00 -5.3801e-05 1.4262e+00 5.3782e-05
1.4262e+00 -5.0023e-05 1.4262e+00 5.0041e-05
1.4262e+00 -4.6488e-05 1.4262e+00 4.6471e-05
1.4262e+00 -4.3194e-05 1.4262e+00 4.3210e-05
1.4262e+00 -4.0120e-05 1.4262e+00 4.0105e-05
1.4262e+00 -3.7263e-05 1.4262e+00 3.7277e-05
1.4262e+00 -3.4604e-05 1.4262e+00 3.4591e-05
1.4262e+00 -3.2140e-05 1.4262e+00 3.2152e-05
1.4262e+00 -2.9853e-05 1.4262e+00 2.9842e-05
1.4262e+00 -2.7741e-05 1.4262e+00 2.7751e-05
1.4262e+00 -2.5788e-05 1.4262e+00 2.5778e-05
1.4262e+00 -2.3989e-05 1.4262e+00 2.3998e-05
1.4262e+00 -2.2333e-05 1.4262e+00 2.2325e-05
1.4262e+00 -2.0814e-05 1.4262e+00 2.0822e-05
1.4262e+00 -1.9421e-05 1.4262e+00 1.9414e-05
1.4262e+00 -1.8150e-05 1.4262e+00 1.8156e-05
1.4262e+00 -1.6989e-05 1.4262e+00 1.6983e-05
1.4262e+00 -1.5935e-05 1.4262e+00 1.5940e-05
1.4262e+00 -1.4978e-05 1.4262e+00 1.4973e-05
1.4262e+00 -1.4114e-05 1.4262e+00 1.4118e-05
1.4262e+00 -1.3335e-05 1.4262e+00 1.3331e-05
1.4262e+00 -1.2635e-05 1.4262e+00 1.2639e-05
1.4262e+00 -1.2009e-05 1.4262e+00 1.2006e-05
1.4262e+00 -1.1452e-05 1.4262e+00 1.1455e-05
1.4262e+00 -1.0957e-05 1.4262e+00 1.0955e-05
1.4262e+00 -1.0521e-05 1.4262e+00 1.0523e-05
1.4262e+00 -1.0137e-05 1.4262e+00 1.0135e-05
1.4262e+00 -9.8011e-06 1.4262e+00 9.8028e-06
1.4262e+00 -9.5094e-06 1.4262e+00 9.5079e-06
1.4262e+00 -9.2578e-06 1.4262e+00 9.2591e-06
1.4262e+00 -9.0419e-06 1.4262e+00 9.0408e-06
1.4262e+00 -8.8584e-06 1.4262e+00 8.8593e-06
1.4262e+00 -8.7034e-06 1.4262e+00 8.7027e-06
1.4262e+00 -8.5740e-06 1.4262e+00 8.5746e-06
1.4262e+00 -8.4669e-06 1.4262e+00 8.4664e-06
1.4262e+00 -8.3793e-06 1.4262e+00 8.3797e-06
1.4262e+00 -8.3087e-06 1.4262e+00 8.3084e-06
1.4262e+00 -8.2525e-06 1.4262e+00 8.2527e-06
1.4262e+00 -8.2086e-06 1.4262e+00 8.2085e-06
1.4262e+00 -8.1750e-06 1.4262e+00 8.1752e-06
1.4262e+00 -8.1499e-06 1.4262e+00 8.1499e-06
1.4262e+00 -8.1317e-06 1.4262e+00 8.1318e-06
1.4262e+00 -8.1190e-06 1.4262e+00 8.1190e-06
1.4262e+00 -8.1106e-06 1.4262e+00 8.1106e-06
1.4262e+00 -8.1053e-06 1.4262e+00 8.1053e-06
1.4262e+00 -8.1023e-06 1.4262e+00 8.1023e-06
1.4262e+00 -8.1008e-06 1.4262e+00 8.1008e-06
1.4262e+00 -8.1002e-06 1.4262e+00 8.1002e-06
